[0.044s] Invoking command in '/home/abdulrahman/me5250/src/ur5_ws/build/ur5_description': CMAKE_PREFIX_PATH=${CMAKE_PREFIX_PATH}:/opt/ros/jazzy DEBUGINFOD_URLS=https://debuginfod.ubuntu.com /usr/bin/cmake --build /home/abdulrahman/me5250/src/ur5_ws/build/ur5_description -- -j16 -l16
[0.592s] Invoked command in '/home/abdulrahman/me5250/src/ur5_ws/build/ur5_description' returned '0': CMAKE_PREFIX_PATH=${CMAKE_PREFIX_PATH}:/opt/ros/jazzy DEBUGINFOD_URLS=https://debuginfod.ubuntu.com /usr/bin/cmake --build /home/abdulrahman/me5250/src/ur5_ws/build/ur5_description -- -j16 -l16
[0.611s] Invoking command in '/home/abdulrahman/me5250/src/ur5_ws/build/ur5_description': CMAKE_PREFIX_PATH=${CMAKE_PREFIX_PATH}:/opt/ros/jazzy DEBUGINFOD_URLS=https://debuginfod.ubuntu.com /usr/bin/cmake --install /home/abdulrahman/me5250/src/ur5_ws/build/ur5_description
[0.626s] -- Install configuration: ""
[0.627s] -- Up-to-date: /home/abdulrahman/me5250/src/ur5_ws/install/ur5_description/share/ur5_description/launch
[0.627s] -- Up-to-date: /home/abdulrahman/me5250/src/ur5_ws/install/ur5_description/share/ur5_description/launch/rviz.launch.py
[0.627s] -- Up-to-date: /home/abdulrahman/me5250/src/ur5_ws/install/ur5_description/share/ur5_description/launch/gazebo.launch.py
[0.628s] -- Up-to-date: /home/abdulrahman/me5250/src/ur5_ws/install/ur5_description/share/ur5_description/urdf
[0.629s] -- Up-to-date: /home/abdulrahman/me5250/src/ur5_ws/install/ur5_description/share/ur5_description/urdf/initial_positions.yaml
[0.629s] -- Up-to-date: /home/abdulrahman/me5250/src/ur5_ws/install/ur5_description/share/ur5_description/urdf/ur5_robot.gazebo.xacro
[0.629s] -- Up-to-date: /home/abdulrahman/me5250/src/ur5_ws/install/ur5_description/share/ur5_description/urdf/ur5_robot.ros2_control.xacro
[0.629s] -- Up-to-date: /home/abdulrahman/me5250/src/ur5_ws/install/ur5_description/share/ur5_description/urdf/ur5_robot.urdf.xacro
[0.630s] -- Up-to-date: /home/abdulrahman/me5250/src/ur5_ws/install/ur5_description/share/ur5_description/config
[0.630s] -- Up-to-date: /home/abdulrahman/me5250/src/ur5_ws/install/ur5_description/share/ur5_description/config/view_config.rviz
[0.630s] -- Up-to-date: /home/abdulrahman/me5250/src/ur5_ws/install/ur5_description/share/ur5_description/config/ros2_gz_bridge.yaml
[0.630s] -- Up-to-date: /home/abdulrahman/me5250/src/ur5_ws/install/ur5_description/share/ur5_description/worlds
[0.630s] -- Up-to-date: /home/abdulrahman/me5250/src/ur5_ws/install/ur5_description/share/ur5_description/worlds/gazebo_world.sdf
[0.631s] -- Up-to-date: /home/abdulrahman/me5250/src/ur5_ws/install/ur5_description/share/ur5_description/meshes
[0.631s] -- Up-to-date: /home/abdulrahman/me5250/src/ur5_ws/install/ur5_description/share/ur5_description/meshes/visual
[0.631s] -- Up-to-date: /home/abdulrahman/me5250/src/ur5_ws/install/ur5_description/share/ur5_description/meshes/visual/rg2
[0.631s] -- Up-to-date: /home/abdulrahman/me5250/src/ur5_ws/install/ur5_description/share/ur5_description/meshes/visual/rg2/finger.dae
[0.631s] -- Up-to-date: /home/abdulrahman/me5250/src/ur5_ws/install/ur5_description/share/ur5_description/meshes/visual/rg2/finger_neutral.dae
[0.632s] -- Up-to-date: /home/abdulrahman/me5250/src/ur5_ws/install/ur5_description/share/ur5_description/meshes/visual/rg2/hand.dae
[0.632s] -- Up-to-date: /home/abdulrahman/me5250/src/ur5_ws/install/ur5_description/share/ur5_description/meshes/visual/ur5
[0.632s] -- Up-to-date: /home/abdulrahman/me5250/src/ur5_ws/install/ur5_description/share/ur5_description/meshes/visual/ur5/robotiq_85_finger_tip_link.dae
[0.632s] -- Up-to-date: /home/abdulrahman/me5250/src/ur5_ws/install/ur5_description/share/ur5_description/meshes/visual/ur5/robotiq_85_knuckle_link.dae
[0.632s] -- Up-to-date: /home/abdulrahman/me5250/src/ur5_ws/install/ur5_description/share/ur5_description/meshes/visual/ur5/robotiq_85_finger_link.dae
[0.632s] -- Up-to-date: /home/abdulrahman/me5250/src/ur5_ws/install/ur5_description/share/ur5_description/meshes/visual/ur5/base.dae
[0.633s] -- Up-to-date: /home/abdulrahman/me5250/src/ur5_ws/install/ur5_description/share/ur5_description/meshes/visual/ur5/forearm.dae
[0.633s] -- Up-to-date: /home/abdulrahman/me5250/src/ur5_ws/install/ur5_description/share/ur5_description/meshes/visual/ur5/robotiq_85_inner_knuckle_link.dae
[0.633s] -- Up-to-date: /home/abdulrahman/me5250/src/ur5_ws/install/ur5_description/share/ur5_description/meshes/visual/ur5/wrist3.dae
[0.633s] -- Up-to-date: /home/abdulrahman/me5250/src/ur5_ws/install/ur5_description/share/ur5_description/meshes/visual/ur5/shoulder.dae
[0.634s] -- Up-to-date: /home/abdulrahman/me5250/src/ur5_ws/install/ur5_description/share/ur5_description/meshes/visual/ur5/SuctionCup.stl
[0.634s] -- Up-to-date: /home/abdulrahman/me5250/src/ur5_ws/install/ur5_description/share/ur5_description/meshes/visual/ur5/robotiq_85_base_link.dae
[0.634s] -- Up-to-date: /home/abdulrahman/me5250/src/ur5_ws/install/ur5_description/share/ur5_description/meshes/visual/ur5/wrist1.dae
[0.634s] -- Up-to-date: /home/abdulrahman/me5250/src/ur5_ws/install/ur5_description/share/ur5_description/meshes/visual/ur5/wrist2.dae
[0.634s] -- Up-to-date: /home/abdulrahman/me5250/src/ur5_ws/install/ur5_description/share/ur5_description/meshes/visual/ur5/upperarm.dae
[0.634s] -- Up-to-date: /home/abdulrahman/me5250/src/ur5_ws/install/ur5_description/share/ur5_description/meshes/collision
[0.635s] -- Up-to-date: /home/abdulrahman/me5250/src/ur5_ws/install/ur5_description/share/ur5_description/meshes/collision/rg2
[0.635s] -- Up-to-date: /home/abdulrahman/me5250/src/ur5_ws/install/ur5_description/share/ur5_description/meshes/collision/rg2/finger.stl
[0.635s] -- Up-to-date: /home/abdulrahman/me5250/src/ur5_ws/install/ur5_description/share/ur5_description/meshes/collision/rg2/finger_neutral.stl
[0.635s] -- Up-to-date: /home/abdulrahman/me5250/src/ur5_ws/install/ur5_description/share/ur5_description/meshes/collision/rg2/hand.stl
[0.635s] -- Up-to-date: /home/abdulrahman/me5250/src/ur5_ws/install/ur5_description/share/ur5_description/meshes/collision/ur5
[0.635s] -- Up-to-date: /home/abdulrahman/me5250/src/ur5_ws/install/ur5_description/share/ur5_description/meshes/collision/ur5/shoulder.stl
[0.636s] -- Up-to-date: /home/abdulrahman/me5250/src/ur5_ws/install/ur5_description/share/ur5_description/meshes/collision/ur5/robotiq_85_finger_tip_link.stl
[0.636s] -- Up-to-date: /home/abdulrahman/me5250/src/ur5_ws/install/ur5_description/share/ur5_description/meshes/collision/ur5/wrist3.stl
[0.637s] -- Up-to-date: /home/abdulrahman/me5250/src/ur5_ws/install/ur5_description/share/ur5_description/meshes/collision/ur5/robotiq_85_knuckle_link.stl
[0.637s] -- Up-to-date: /home/abdulrahman/me5250/src/ur5_ws/install/ur5_description/share/ur5_description/meshes/collision/ur5/robotiq_85_finger_link.stl
[0.637s] -- Up-to-date: /home/abdulrahman/me5250/src/ur5_ws/install/ur5_description/share/ur5_description/meshes/collision/ur5/upperarm.stl
[0.637s] -- Up-to-date: /home/abdulrahman/me5250/src/ur5_ws/install/ur5_description/share/ur5_description/meshes/collision/ur5/robotiq_85_base_link.stl
[0.637s] -- Up-to-date: /home/abdulrahman/me5250/src/ur5_ws/install/ur5_description/share/ur5_description/meshes/collision/ur5/forearm.stl
[0.638s] -- Up-to-date: /home/abdulrahman/me5250/src/ur5_ws/install/ur5_description/share/ur5_description/meshes/collision/ur5/robotiq_85_inner_knuckle_link.stl
[0.638s] -- Up-to-date: /home/abdulrahman/me5250/src/ur5_ws/install/ur5_description/share/ur5_description/meshes/collision/ur5/wrist1.stl
[0.638s] -- Up-to-date: /home/abdulrahman/me5250/src/ur5_ws/install/ur5_description/share/ur5_description/meshes/collision/ur5/SuctionCup.stl
[0.638s] -- Up-to-date: /home/abdulrahman/me5250/src/ur5_ws/install/ur5_description/share/ur5_description/meshes/collision/ur5/wrist2.stl
[0.638s] -- Up-to-date: /home/abdulrahman/me5250/src/ur5_ws/install/ur5_description/share/ur5_description/meshes/collision/ur5/base.stl
[0.638s] -- Up-to-date: /home/abdulrahman/me5250/src/ur5_ws/install/ur5_description/share/ament_index/resource_index/package_run_dependencies/ur5_description
[0.640s] -- Up-to-date: /home/abdulrahman/me5250/src/ur5_ws/install/ur5_description/share/ament_index/resource_index/parent_prefix_path/ur5_description
[0.640s] -- Up-to-date: /home/abdulrahman/me5250/src/ur5_ws/install/ur5_description/share/ur5_description/environment/ament_prefix_path.sh
[0.640s] -- Up-to-date: /home/abdulrahman/me5250/src/ur5_ws/install/ur5_description/share/ur5_description/environment/ament_prefix_path.dsv
[0.640s] -- Up-to-date: /home/abdulrahman/me5250/src/ur5_ws/install/ur5_description/share/ur5_description/environment/path.sh
[0.640s] -- Up-to-date: /home/abdulrahman/me5250/src/ur5_ws/install/ur5_description/share/ur5_description/environment/path.dsv
[0.641s] -- Up-to-date: /home/abdulrahman/me5250/src/ur5_ws/install/ur5_description/share/ur5_description/local_setup.bash
[0.641s] -- Up-to-date: /home/abdulrahman/me5250/src/ur5_ws/install/ur5_description/share/ur5_description/local_setup.sh
[0.641s] -- Up-to-date: /home/abdulrahman/me5250/src/ur5_ws/install/ur5_description/share/ur5_description/local_setup.zsh
[0.641s] -- Up-to-date: /home/abdulrahman/me5250/src/ur5_ws/install/ur5_description/share/ur5_description/local_setup.dsv
[0.641s] -- Installing: /home/abdulrahman/me5250/src/ur5_ws/install/ur5_description/share/ur5_description/package.dsv
[0.641s] -- Up-to-date: /home/abdulrahman/me5250/src/ur5_ws/install/ur5_description/share/ament_index/resource_index/packages/ur5_description
[0.641s] -- Up-to-date: /home/abdulrahman/me5250/src/ur5_ws/install/ur5_description/share/ur5_description/cmake/ur5_descriptionConfig.cmake
[0.642s] -- Up-to-date: /home/abdulrahman/me5250/src/ur5_ws/install/ur5_description/share/ur5_description/cmake/ur5_descriptionConfig-version.cmake
[0.642s] -- Up-to-date: /home/abdulrahman/me5250/src/ur5_ws/install/ur5_description/share/ur5_description/package.xml
[0.649s] Invoked command in '/home/abdulrahman/me5250/src/ur5_ws/build/ur5_description' returned '0': CMAKE_PREFIX_PATH=${CMAKE_PREFIX_PATH}:/opt/ros/jazzy DEBUGINFOD_URLS=https://debuginfod.ubuntu.com /usr/bin/cmake --install /home/abdulrahman/me5250/src/ur5_ws/build/ur5_description
