[0.160s] DEBUG:colcon:Command line arguments: ['/usr/bin/colcon', 'build']
[0.160s] DEBUG:colcon:Parsed command line arguments: Namespace(log_base=None, log_level=None, verb_name='build', build_base='build', install_base='install', merge_install=False, symlink_install=False, test_result_base=None, continue_on_error=False, executor='parallel', parallel_workers=16, event_handlers=None, ignore_user_meta=False, metas=['./colcon.meta'], base_paths=['.'], packages_ignore=None, packages_ignore_regex=None, paths=None, packages_up_to=None, packages_up_to_regex=None, packages_above=None, packages_above_and_dependencies=None, packages_above_depth=None, packages_select_by_dep=None, packages_skip_by_dep=None, packages_skip_up_to=None, packages_select_build_failed=False, packages_skip_build_finished=False, packages_select_test_failures=False, packages_skip_test_passed=False, packages_select=None, packages_skip=None, packages_select_regex=None, packages_skip_regex=None, packages_start=None, packages_end=None, allow_overriding=[], cmake_args=None, cmake_target=None, cmake_target_skip_unavailable=False, cmake_clean_cache=False, cmake_clean_first=False, cmake_force_configure=False, ament_cmake_args=None, catkin_cmake_args=None, catkin_skip_building_tests=False, mixin_files=None, mixin=None, verb_parser=<colcon_mixin.mixin.mixin_argument.MixinArgumentDecorator object at 0x7ab0009d2cc0>, verb_extension=<colcon_core.verb.build.BuildVerb object at 0x7ab0009d29f0>, main=<bound method BuildVerb.main of <colcon_core.verb.build.BuildVerb object at 0x7ab0009d29f0>>, mixin_verb=('build',))
[0.202s] Level 1:colcon.colcon_core.package_discovery:discover_packages(colcon_meta) check parameters
[0.202s] Level 1:colcon.colcon_core.package_discovery:discover_packages(recursive) check parameters
[0.202s] Level 1:colcon.colcon_core.package_discovery:discover_packages(ignore) check parameters
[0.202s] Level 1:colcon.colcon_core.package_discovery:discover_packages(path) check parameters
[0.202s] Level 1:colcon.colcon_core.package_discovery:discover_packages(colcon_meta) discover
[0.203s] Level 1:colcon.colcon_core.package_discovery:discover_packages(recursive) discover
[0.203s] INFO:colcon.colcon_core.package_discovery:Crawling recursively for packages in '/home/abdulrahman/me5250/src/ur5_ws'
[0.203s] Level 1:colcon.colcon_core.package_identification:_identify(.) by extensions ['ignore', 'ignore_ament_install']
[0.203s] Level 1:colcon.colcon_core.package_identification:_identify(.) by extension 'ignore'
[0.204s] Level 1:colcon.colcon_core.package_identification:_identify(.) by extension 'ignore_ament_install'
[0.204s] Level 1:colcon.colcon_core.package_identification:_identify(.) by extensions ['colcon_pkg']
[0.204s] Level 1:colcon.colcon_core.package_identification:_identify(.) by extension 'colcon_pkg'
[0.204s] Level 1:colcon.colcon_core.package_identification:_identify(.) by extensions ['colcon_meta']
[0.204s] Level 1:colcon.colcon_core.package_identification:_identify(.) by extension 'colcon_meta'
[0.204s] Level 1:colcon.colcon_core.package_identification:_identify(.) by extensions ['ros']
[0.204s] Level 1:colcon.colcon_core.package_identification:_identify(.) by extension 'ros'
[0.233s] Level 1:colcon.colcon_core.package_identification:_identify(.) by extensions ['cmake', 'python']
[0.233s] Level 1:colcon.colcon_core.package_identification:_identify(.) by extension 'cmake'
[0.233s] Level 1:colcon.colcon_core.package_identification:_identify(.) by extension 'python'
[0.233s] Level 1:colcon.colcon_core.package_identification:_identify(.) by extensions ['python_setup_py']
[0.233s] Level 1:colcon.colcon_core.package_identification:_identify(.) by extension 'python_setup_py'
[0.233s] Level 1:colcon.colcon_core.package_identification:_identify(build) by extensions ['ignore', 'ignore_ament_install']
[0.234s] Level 1:colcon.colcon_core.package_identification:_identify(build) by extension 'ignore'
[0.234s] Level 1:colcon.colcon_core.package_identification:_identify(build) ignored
[0.234s] Level 1:colcon.colcon_core.package_identification:_identify(install) by extensions ['ignore', 'ignore_ament_install']
[0.234s] Level 1:colcon.colcon_core.package_identification:_identify(install) by extension 'ignore'
[0.234s] Level 1:colcon.colcon_core.package_identification:_identify(install) ignored
[0.234s] Level 1:colcon.colcon_core.package_identification:_identify(log) by extensions ['ignore', 'ignore_ament_install']
[0.234s] Level 1:colcon.colcon_core.package_identification:_identify(log) by extension 'ignore'
[0.234s] Level 1:colcon.colcon_core.package_identification:_identify(log) ignored
[0.234s] Level 1:colcon.colcon_core.package_identification:_identify(src) by extensions ['ignore', 'ignore_ament_install']
[0.234s] Level 1:colcon.colcon_core.package_identification:_identify(src) by extension 'ignore'
[0.234s] Level 1:colcon.colcon_core.package_identification:_identify(src) by extension 'ignore_ament_install'
[0.234s] Level 1:colcon.colcon_core.package_identification:_identify(src) by extensions ['colcon_pkg']
[0.234s] Level 1:colcon.colcon_core.package_identification:_identify(src) by extension 'colcon_pkg'
[0.235s] Level 1:colcon.colcon_core.package_identification:_identify(src) by extensions ['colcon_meta']
[0.235s] Level 1:colcon.colcon_core.package_identification:_identify(src) by extension 'colcon_meta'
[0.235s] Level 1:colcon.colcon_core.package_identification:_identify(src) by extensions ['ros']
[0.235s] Level 1:colcon.colcon_core.package_identification:_identify(src) by extension 'ros'
[0.235s] Level 1:colcon.colcon_core.package_identification:_identify(src) by extensions ['cmake', 'python']
[0.235s] Level 1:colcon.colcon_core.package_identification:_identify(src) by extension 'cmake'
[0.235s] Level 1:colcon.colcon_core.package_identification:_identify(src) by extension 'python'
[0.235s] Level 1:colcon.colcon_core.package_identification:_identify(src) by extensions ['python_setup_py']
[0.235s] Level 1:colcon.colcon_core.package_identification:_identify(src) by extension 'python_setup_py'
[0.235s] Level 1:colcon.colcon_core.package_identification:_identify(src/hello_moveit) by extensions ['ignore', 'ignore_ament_install']
[0.235s] Level 1:colcon.colcon_core.package_identification:_identify(src/hello_moveit) by extension 'ignore'
[0.235s] Level 1:colcon.colcon_core.package_identification:_identify(src/hello_moveit) by extension 'ignore_ament_install'
[0.235s] Level 1:colcon.colcon_core.package_identification:_identify(src/hello_moveit) by extensions ['colcon_pkg']
[0.235s] Level 1:colcon.colcon_core.package_identification:_identify(src/hello_moveit) by extension 'colcon_pkg'
[0.235s] Level 1:colcon.colcon_core.package_identification:_identify(src/hello_moveit) by extensions ['colcon_meta']
[0.235s] Level 1:colcon.colcon_core.package_identification:_identify(src/hello_moveit) by extension 'colcon_meta'
[0.235s] Level 1:colcon.colcon_core.package_identification:_identify(src/hello_moveit) by extensions ['ros']
[0.235s] Level 1:colcon.colcon_core.package_identification:_identify(src/hello_moveit) by extension 'ros'
[0.238s] DEBUG:colcon.colcon_core.package_identification:Package 'src/hello_moveit' with type 'ros.ament_cmake' and name 'hello_moveit'
[0.238s] Level 1:colcon.colcon_core.package_identification:_identify(src/ur5_controller) by extensions ['ignore', 'ignore_ament_install']
[0.238s] Level 1:colcon.colcon_core.package_identification:_identify(src/ur5_controller) by extension 'ignore'
[0.239s] Level 1:colcon.colcon_core.package_identification:_identify(src/ur5_controller) by extension 'ignore_ament_install'
[0.239s] Level 1:colcon.colcon_core.package_identification:_identify(src/ur5_controller) by extensions ['colcon_pkg']
[0.239s] Level 1:colcon.colcon_core.package_identification:_identify(src/ur5_controller) by extension 'colcon_pkg'
[0.239s] Level 1:colcon.colcon_core.package_identification:_identify(src/ur5_controller) by extensions ['colcon_meta']
[0.239s] Level 1:colcon.colcon_core.package_identification:_identify(src/ur5_controller) by extension 'colcon_meta'
[0.239s] Level 1:colcon.colcon_core.package_identification:_identify(src/ur5_controller) by extensions ['ros']
[0.239s] Level 1:colcon.colcon_core.package_identification:_identify(src/ur5_controller) by extension 'ros'
[0.239s] DEBUG:colcon.colcon_core.package_identification:Package 'src/ur5_controller' with type 'ros.ament_cmake' and name 'ur5_controller'
[0.239s] Level 1:colcon.colcon_core.package_identification:_identify(src/ur5_description) by extensions ['ignore', 'ignore_ament_install']
[0.240s] Level 1:colcon.colcon_core.package_identification:_identify(src/ur5_description) by extension 'ignore'
[0.240s] Level 1:colcon.colcon_core.package_identification:_identify(src/ur5_description) by extension 'ignore_ament_install'
[0.240s] Level 1:colcon.colcon_core.package_identification:_identify(src/ur5_description) by extensions ['colcon_pkg']
[0.240s] Level 1:colcon.colcon_core.package_identification:_identify(src/ur5_description) by extension 'colcon_pkg'
[0.240s] Level 1:colcon.colcon_core.package_identification:_identify(src/ur5_description) by extensions ['colcon_meta']
[0.240s] Level 1:colcon.colcon_core.package_identification:_identify(src/ur5_description) by extension 'colcon_meta'
[0.240s] Level 1:colcon.colcon_core.package_identification:_identify(src/ur5_description) by extensions ['ros']
[0.240s] Level 1:colcon.colcon_core.package_identification:_identify(src/ur5_description) by extension 'ros'
[0.240s] DEBUG:colcon.colcon_core.package_identification:Package 'src/ur5_description' with type 'ros.ament_cmake' and name 'ur5_description'
[0.240s] Level 1:colcon.colcon_core.package_identification:_identify(src/ur5_moveit) by extensions ['ignore', 'ignore_ament_install']
[0.240s] Level 1:colcon.colcon_core.package_identification:_identify(src/ur5_moveit) by extension 'ignore'
[0.240s] Level 1:colcon.colcon_core.package_identification:_identify(src/ur5_moveit) by extension 'ignore_ament_install'
[0.241s] Level 1:colcon.colcon_core.package_identification:_identify(src/ur5_moveit) by extensions ['colcon_pkg']
[0.241s] Level 1:colcon.colcon_core.package_identification:_identify(src/ur5_moveit) by extension 'colcon_pkg'
[0.241s] Level 1:colcon.colcon_core.package_identification:_identify(src/ur5_moveit) by extensions ['colcon_meta']
[0.241s] Level 1:colcon.colcon_core.package_identification:_identify(src/ur5_moveit) by extension 'colcon_meta'
[0.241s] Level 1:colcon.colcon_core.package_identification:_identify(src/ur5_moveit) by extensions ['ros']
[0.241s] Level 1:colcon.colcon_core.package_identification:_identify(src/ur5_moveit) by extension 'ros'
[0.241s] DEBUG:colcon.colcon_core.package_identification:Package 'src/ur5_moveit' with type 'ros.ament_python' and name 'ur5_moveit'
[0.242s] Level 1:colcon.colcon_core.package_identification:_identify(src/ur5_moveit_config) by extensions ['ignore', 'ignore_ament_install']
[0.242s] Level 1:colcon.colcon_core.package_identification:_identify(src/ur5_moveit_config) by extension 'ignore'
[0.242s] Level 1:colcon.colcon_core.package_identification:_identify(src/ur5_moveit_config) by extension 'ignore_ament_install'
[0.242s] Level 1:colcon.colcon_core.package_identification:_identify(src/ur5_moveit_config) by extensions ['colcon_pkg']
[0.242s] Level 1:colcon.colcon_core.package_identification:_identify(src/ur5_moveit_config) by extension 'colcon_pkg'
[0.242s] Level 1:colcon.colcon_core.package_identification:_identify(src/ur5_moveit_config) by extensions ['colcon_meta']
[0.242s] Level 1:colcon.colcon_core.package_identification:_identify(src/ur5_moveit_config) by extension 'colcon_meta'
[0.242s] Level 1:colcon.colcon_core.package_identification:_identify(src/ur5_moveit_config) by extensions ['ros']
[0.242s] Level 1:colcon.colcon_core.package_identification:_identify(src/ur5_moveit_config) by extension 'ros'
[0.243s] DEBUG:colcon.colcon_core.package_identification:Package 'src/ur5_moveit_config' with type 'ros.ament_cmake' and name 'ur5_moveit_config'
[0.243s] Level 1:colcon.colcon_core.package_discovery:discover_packages(recursive) using defaults
[0.243s] Level 1:colcon.colcon_core.package_discovery:discover_packages(ignore) discover
[0.243s] Level 1:colcon.colcon_core.package_discovery:discover_packages(ignore) using defaults
[0.243s] Level 1:colcon.colcon_core.package_discovery:discover_packages(path) discover
[0.243s] Level 1:colcon.colcon_core.package_discovery:discover_packages(path) using defaults
[0.266s] Level 1:colcon.colcon_core.package_discovery:discover_packages(prefix_path) check parameters
[0.266s] Level 1:colcon.colcon_core.package_discovery:discover_packages(prefix_path) discover
[0.269s] DEBUG:colcon.colcon_installed_package_information.package_discovery:Found 5 installed packages in /home/abdulrahman/me5250/src/ur5_ws/install
[0.270s] DEBUG:colcon.colcon_installed_package_information.package_discovery:Found 5 installed packages in /home/abdulrahman/ur5_ws/install
[0.271s] DEBUG:colcon.colcon_installed_package_information.package_discovery:Found 15 installed packages in /home/abdulrahman/me5250_ws/install
[0.272s] DEBUG:colcon.colcon_installed_package_information.package_discovery:Found 13 installed packages in /home/abdulrahman/me5250/install
[0.276s] DEBUG:colcon.colcon_installed_package_information.package_discovery:Found 653 installed packages in /opt/ros/jazzy
[0.278s] Level 1:colcon.colcon_core.package_discovery:discover_packages(prefix_path) using defaults
[0.393s] Level 5:colcon.colcon_core.verb:set package 'hello_moveit' build argument 'cmake_args' from command line to 'None'
[0.393s] Level 5:colcon.colcon_core.verb:set package 'hello_moveit' build argument 'cmake_target' from command line to 'None'
[0.393s] Level 5:colcon.colcon_core.verb:set package 'hello_moveit' build argument 'cmake_target_skip_unavailable' from command line to 'False'
[0.393s] Level 5:colcon.colcon_core.verb:set package 'hello_moveit' build argument 'cmake_clean_cache' from command line to 'False'
[0.393s] Level 5:colcon.colcon_core.verb:set package 'hello_moveit' build argument 'cmake_clean_first' from command line to 'False'
[0.393s] Level 5:colcon.colcon_core.verb:set package 'hello_moveit' build argument 'cmake_force_configure' from command line to 'False'
[0.393s] Level 5:colcon.colcon_core.verb:set package 'hello_moveit' build argument 'ament_cmake_args' from command line to 'None'
[0.393s] Level 5:colcon.colcon_core.verb:set package 'hello_moveit' build argument 'catkin_cmake_args' from command line to 'None'
[0.393s] Level 5:colcon.colcon_core.verb:set package 'hello_moveit' build argument 'catkin_skip_building_tests' from command line to 'False'
[0.394s] DEBUG:colcon.colcon_core.verb:Building package 'hello_moveit' with the following arguments: {'ament_cmake_args': None, 'build_base': '/home/abdulrahman/me5250/src/ur5_ws/build/hello_moveit', 'catkin_cmake_args': None, 'catkin_skip_building_tests': False, 'cmake_args': None, 'cmake_clean_cache': False, 'cmake_clean_first': False, 'cmake_force_configure': False, 'cmake_target': None, 'cmake_target_skip_unavailable': False, 'install_base': '/home/abdulrahman/me5250/src/ur5_ws/install/hello_moveit', 'merge_install': False, 'path': '/home/abdulrahman/me5250/src/ur5_ws/src/hello_moveit', 'symlink_install': False, 'test_result_base': None}
[0.394s] Level 5:colcon.colcon_core.verb:set package 'ur5_controller' build argument 'cmake_args' from command line to 'None'
[0.394s] Level 5:colcon.colcon_core.verb:set package 'ur5_controller' build argument 'cmake_target' from command line to 'None'
[0.394s] Level 5:colcon.colcon_core.verb:set package 'ur5_controller' build argument 'cmake_target_skip_unavailable' from command line to 'False'
[0.394s] Level 5:colcon.colcon_core.verb:set package 'ur5_controller' build argument 'cmake_clean_cache' from command line to 'False'
[0.394s] Level 5:colcon.colcon_core.verb:set package 'ur5_controller' build argument 'cmake_clean_first' from command line to 'False'
[0.394s] Level 5:colcon.colcon_core.verb:set package 'ur5_controller' build argument 'cmake_force_configure' from command line to 'False'
[0.394s] Level 5:colcon.colcon_core.verb:set package 'ur5_controller' build argument 'ament_cmake_args' from command line to 'None'
[0.394s] Level 5:colcon.colcon_core.verb:set package 'ur5_controller' build argument 'catkin_cmake_args' from command line to 'None'
[0.394s] Level 5:colcon.colcon_core.verb:set package 'ur5_controller' build argument 'catkin_skip_building_tests' from command line to 'False'
[0.394s] DEBUG:colcon.colcon_core.verb:Building package 'ur5_controller' with the following arguments: {'ament_cmake_args': None, 'build_base': '/home/abdulrahman/me5250/src/ur5_ws/build/ur5_controller', 'catkin_cmake_args': None, 'catkin_skip_building_tests': False, 'cmake_args': None, 'cmake_clean_cache': False, 'cmake_clean_first': False, 'cmake_force_configure': False, 'cmake_target': None, 'cmake_target_skip_unavailable': False, 'install_base': '/home/abdulrahman/me5250/src/ur5_ws/install/ur5_controller', 'merge_install': False, 'path': '/home/abdulrahman/me5250/src/ur5_ws/src/ur5_controller', 'symlink_install': False, 'test_result_base': None}
[0.395s] Level 5:colcon.colcon_core.verb:set package 'ur5_description' build argument 'cmake_args' from command line to 'None'
[0.395s] Level 5:colcon.colcon_core.verb:set package 'ur5_description' build argument 'cmake_target' from command line to 'None'
[0.395s] Level 5:colcon.colcon_core.verb:set package 'ur5_description' build argument 'cmake_target_skip_unavailable' from command line to 'False'
[0.395s] Level 5:colcon.colcon_core.verb:set package 'ur5_description' build argument 'cmake_clean_cache' from command line to 'False'
[0.395s] Level 5:colcon.colcon_core.verb:set package 'ur5_description' build argument 'cmake_clean_first' from command line to 'False'
[0.395s] Level 5:colcon.colcon_core.verb:set package 'ur5_description' build argument 'cmake_force_configure' from command line to 'False'
[0.395s] Level 5:colcon.colcon_core.verb:set package 'ur5_description' build argument 'ament_cmake_args' from command line to 'None'
[0.395s] Level 5:colcon.colcon_core.verb:set package 'ur5_description' build argument 'catkin_cmake_args' from command line to 'None'
[0.395s] Level 5:colcon.colcon_core.verb:set package 'ur5_description' build argument 'catkin_skip_building_tests' from command line to 'False'
[0.395s] DEBUG:colcon.colcon_core.verb:Building package 'ur5_description' with the following arguments: {'ament_cmake_args': None, 'build_base': '/home/abdulrahman/me5250/src/ur5_ws/build/ur5_description', 'catkin_cmake_args': None, 'catkin_skip_building_tests': False, 'cmake_args': None, 'cmake_clean_cache': False, 'cmake_clean_first': False, 'cmake_force_configure': False, 'cmake_target': None, 'cmake_target_skip_unavailable': False, 'install_base': '/home/abdulrahman/me5250/src/ur5_ws/install/ur5_description', 'merge_install': False, 'path': '/home/abdulrahman/me5250/src/ur5_ws/src/ur5_description', 'symlink_install': False, 'test_result_base': None}
[0.396s] Level 5:colcon.colcon_core.verb:set package 'ur5_moveit' build argument 'cmake_args' from command line to 'None'
[0.396s] Level 5:colcon.colcon_core.verb:set package 'ur5_moveit' build argument 'cmake_target' from command line to 'None'
[0.396s] Level 5:colcon.colcon_core.verb:set package 'ur5_moveit' build argument 'cmake_target_skip_unavailable' from command line to 'False'
[0.396s] Level 5:colcon.colcon_core.verb:set package 'ur5_moveit' build argument 'cmake_clean_cache' from command line to 'False'
[0.396s] Level 5:colcon.colcon_core.verb:set package 'ur5_moveit' build argument 'cmake_clean_first' from command line to 'False'
[0.396s] Level 5:colcon.colcon_core.verb:set package 'ur5_moveit' build argument 'cmake_force_configure' from command line to 'False'
[0.396s] Level 5:colcon.colcon_core.verb:set package 'ur5_moveit' build argument 'ament_cmake_args' from command line to 'None'
[0.396s] Level 5:colcon.colcon_core.verb:set package 'ur5_moveit' build argument 'catkin_cmake_args' from command line to 'None'
[0.396s] Level 5:colcon.colcon_core.verb:set package 'ur5_moveit' build argument 'catkin_skip_building_tests' from command line to 'False'
[0.396s] DEBUG:colcon.colcon_core.verb:Building package 'ur5_moveit' with the following arguments: {'ament_cmake_args': None, 'build_base': '/home/abdulrahman/me5250/src/ur5_ws/build/ur5_moveit', 'catkin_cmake_args': None, 'catkin_skip_building_tests': False, 'cmake_args': None, 'cmake_clean_cache': False, 'cmake_clean_first': False, 'cmake_force_configure': False, 'cmake_target': None, 'cmake_target_skip_unavailable': False, 'install_base': '/home/abdulrahman/me5250/src/ur5_ws/install/ur5_moveit', 'merge_install': False, 'path': '/home/abdulrahman/me5250/src/ur5_ws/src/ur5_moveit', 'symlink_install': False, 'test_result_base': None}
[0.397s] Level 5:colcon.colcon_core.verb:set package 'ur5_moveit_config' build argument 'cmake_args' from command line to 'None'
[0.397s] Level 5:colcon.colcon_core.verb:set package 'ur5_moveit_config' build argument 'cmake_target' from command line to 'None'
[0.397s] Level 5:colcon.colcon_core.verb:set package 'ur5_moveit_config' build argument 'cmake_target_skip_unavailable' from command line to 'False'
[0.397s] Level 5:colcon.colcon_core.verb:set package 'ur5_moveit_config' build argument 'cmake_clean_cache' from command line to 'False'
[0.397s] Level 5:colcon.colcon_core.verb:set package 'ur5_moveit_config' build argument 'cmake_clean_first' from command line to 'False'
[0.397s] Level 5:colcon.colcon_core.verb:set package 'ur5_moveit_config' build argument 'cmake_force_configure' from command line to 'False'
[0.397s] Level 5:colcon.colcon_core.verb:set package 'ur5_moveit_config' build argument 'ament_cmake_args' from command line to 'None'
[0.397s] Level 5:colcon.colcon_core.verb:set package 'ur5_moveit_config' build argument 'catkin_cmake_args' from command line to 'None'
[0.397s] Level 5:colcon.colcon_core.verb:set package 'ur5_moveit_config' build argument 'catkin_skip_building_tests' from command line to 'False'
[0.397s] DEBUG:colcon.colcon_core.verb:Building package 'ur5_moveit_config' with the following arguments: {'ament_cmake_args': None, 'build_base': '/home/abdulrahman/me5250/src/ur5_ws/build/ur5_moveit_config', 'catkin_cmake_args': None, 'catkin_skip_building_tests': False, 'cmake_args': None, 'cmake_clean_cache': False, 'cmake_clean_first': False, 'cmake_force_configure': False, 'cmake_target': None, 'cmake_target_skip_unavailable': False, 'install_base': '/home/abdulrahman/me5250/src/ur5_ws/install/ur5_moveit_config', 'merge_install': False, 'path': '/home/abdulrahman/me5250/src/ur5_ws/src/ur5_moveit_config', 'symlink_install': False, 'test_result_base': None}
[0.397s] INFO:colcon.colcon_core.executor:Executing jobs using 'parallel' executor
[0.399s] DEBUG:colcon.colcon_parallel_executor.executor.parallel:run_until_complete
[0.399s] INFO:colcon.colcon_ros.task.ament_cmake.build:Building ROS package in '/home/abdulrahman/me5250/src/ur5_ws/src/ur5_description' with build type 'ament_cmake'
[0.399s] INFO:colcon.colcon_cmake.task.cmake.build:Building CMake package in '/home/abdulrahman/me5250/src/ur5_ws/src/ur5_description'
[0.402s] INFO:colcon.colcon_core.plugin_system:Skipping extension 'colcon_core.shell.bat': Not used on non-Windows systems
[0.402s] INFO:colcon.colcon_core.shell:Skip shell extension 'powershell' for command environment: Not usable outside of PowerShell
[0.402s] DEBUG:colcon.colcon_core.shell:Skip shell extension 'dsv' for command environment
[0.415s] INFO:colcon.colcon_ros.task.ament_cmake.build:Building ROS package in '/home/abdulrahman/me5250/src/ur5_ws/src/hello_moveit' with build type 'ament_cmake'
[0.416s] INFO:colcon.colcon_cmake.task.cmake.build:Building CMake package in '/home/abdulrahman/me5250/src/ur5_ws/src/hello_moveit'
[0.416s] INFO:colcon.colcon_core.shell:Skip shell extension 'powershell' for command environment: Not usable outside of PowerShell
[0.416s] DEBUG:colcon.colcon_core.shell:Skip shell extension 'dsv' for command environment
[0.424s] INFO:colcon.colcon_ros.task.ament_cmake.build:Building ROS package in '/home/abdulrahman/me5250/src/ur5_ws/src/ur5_controller' with build type 'ament_cmake'
[0.425s] INFO:colcon.colcon_cmake.task.cmake.build:Building CMake package in '/home/abdulrahman/me5250/src/ur5_ws/src/ur5_controller'
[0.425s] INFO:colcon.colcon_core.shell:Skip shell extension 'powershell' for command environment: Not usable outside of PowerShell
[0.425s] DEBUG:colcon.colcon_core.shell:Skip shell extension 'dsv' for command environment
[0.433s] INFO:colcon.colcon_ros.task.ament_python.build:Building ROS package in '/home/abdulrahman/me5250/src/ur5_ws/src/ur5_moveit' with build type 'ament_python'
[0.433s] Level 1:colcon.colcon_core.shell:create_environment_hook('ur5_moveit', 'ament_prefix_path')
[0.433s] INFO:colcon.colcon_core.shell:Creating environment hook '/home/abdulrahman/me5250/src/ur5_ws/install/ur5_moveit/share/ur5_moveit/hook/ament_prefix_path.ps1'
[0.434s] INFO:colcon.colcon_core.shell:Creating environment descriptor '/home/abdulrahman/me5250/src/ur5_ws/install/ur5_moveit/share/ur5_moveit/hook/ament_prefix_path.dsv'
[0.434s] INFO:colcon.colcon_core.shell:Creating environment hook '/home/abdulrahman/me5250/src/ur5_ws/install/ur5_moveit/share/ur5_moveit/hook/ament_prefix_path.sh'
[0.435s] INFO:colcon.colcon_core.shell:Skip shell extension 'powershell' for command environment: Not usable outside of PowerShell
[0.435s] DEBUG:colcon.colcon_core.shell:Skip shell extension 'dsv' for command environment
[0.447s] DEBUG:colcon.colcon_core.event_handler.log_command:Invoking command in '/home/abdulrahman/me5250/src/ur5_ws/build/ur5_description': CMAKE_PREFIX_PATH=${CMAKE_PREFIX_PATH}:/home/abdulrahman/me5250/src/ur5_ws/install/ur5_moveit:/home/abdulrahman/me5250_ws/install/ur_gazebo_demo:/home/abdulrahman/me5250/install/ur_gazebo_demo:/home/abdulrahman/me5250/install/reactive_replanning:/opt/ros/jazzy DEBUGINFOD_URLS=https://debuginfod.ubuntu.com /usr/bin/cmake --build /home/abdulrahman/me5250/src/ur5_ws/build/ur5_description -- -j16 -l16
[0.452s] DEBUG:colcon.colcon_core.event_handler.log_command:Invoking command in '/home/abdulrahman/me5250/src/ur5_ws/build/hello_moveit': CMAKE_PREFIX_PATH=${CMAKE_PREFIX_PATH}:/home/abdulrahman/me5250/src/ur5_ws/install/ur5_moveit:/home/abdulrahman/me5250_ws/install/ur_gazebo_demo:/home/abdulrahman/me5250/install/ur_gazebo_demo:/home/abdulrahman/me5250/install/reactive_replanning:/opt/ros/jazzy DEBUGINFOD_URLS=https://debuginfod.ubuntu.com /usr/bin/cmake --build /home/abdulrahman/me5250/src/ur5_ws/build/hello_moveit -- -j16 -l16
[0.454s] DEBUG:colcon.colcon_core.event_handler.log_command:Invoking command in '/home/abdulrahman/me5250/src/ur5_ws/build/ur5_controller': CMAKE_PREFIX_PATH=${CMAKE_PREFIX_PATH}:/home/abdulrahman/me5250/src/ur5_ws/install/ur5_moveit:/home/abdulrahman/me5250_ws/install/ur_gazebo_demo:/home/abdulrahman/me5250/install/ur_gazebo_demo:/home/abdulrahman/me5250/install/reactive_replanning:/opt/ros/jazzy DEBUGINFOD_URLS=https://debuginfod.ubuntu.com /usr/bin/cmake --build /home/abdulrahman/me5250/src/ur5_ws/build/ur5_controller -- -j16 -l16
[0.780s] INFO:colcon.colcon_core.task.python.build:Building Python package in '/home/abdulrahman/me5250/src/ur5_ws/src/ur5_moveit'
[0.780s] INFO:colcon.colcon_core.shell:Skip shell extension 'powershell' for command environment: Not usable outside of PowerShell
[0.780s] DEBUG:colcon.colcon_core.shell:Skip shell extension 'dsv' for command environment
[0.794s] DEBUG:colcon.colcon_core.event_handler.log_command:Invoked command in '/home/abdulrahman/me5250/src/ur5_ws/build/ur5_description' returned '0': CMAKE_PREFIX_PATH=${CMAKE_PREFIX_PATH}:/home/abdulrahman/me5250/src/ur5_ws/install/ur5_moveit:/home/abdulrahman/me5250_ws/install/ur_gazebo_demo:/home/abdulrahman/me5250/install/ur_gazebo_demo:/home/abdulrahman/me5250/install/reactive_replanning:/opt/ros/jazzy DEBUGINFOD_URLS=https://debuginfod.ubuntu.com /usr/bin/cmake --build /home/abdulrahman/me5250/src/ur5_ws/build/ur5_description -- -j16 -l16
[0.806s] DEBUG:colcon.colcon_core.event_handler.log_command:Invoking command in '/home/abdulrahman/me5250/src/ur5_ws/build/ur5_description': CMAKE_PREFIX_PATH=${CMAKE_PREFIX_PATH}:/home/abdulrahman/me5250/src/ur5_ws/install/ur5_moveit:/home/abdulrahman/me5250_ws/install/ur_gazebo_demo:/home/abdulrahman/me5250/install/ur_gazebo_demo:/home/abdulrahman/me5250/install/reactive_replanning:/opt/ros/jazzy DEBUGINFOD_URLS=https://debuginfod.ubuntu.com /usr/bin/cmake --install /home/abdulrahman/me5250/src/ur5_ws/build/ur5_description
[0.807s] DEBUG:colcon.colcon_core.event_handler.log_command:Invoked command in '/home/abdulrahman/me5250/src/ur5_ws/build/hello_moveit' returned '0': CMAKE_PREFIX_PATH=${CMAKE_PREFIX_PATH}:/home/abdulrahman/me5250/src/ur5_ws/install/ur5_moveit:/home/abdulrahman/me5250_ws/install/ur_gazebo_demo:/home/abdulrahman/me5250/install/ur_gazebo_demo:/home/abdulrahman/me5250/install/reactive_replanning:/opt/ros/jazzy DEBUGINFOD_URLS=https://debuginfod.ubuntu.com /usr/bin/cmake --build /home/abdulrahman/me5250/src/ur5_ws/build/hello_moveit -- -j16 -l16
[0.808s] DEBUG:colcon.colcon_core.event_handler.log_command:Invoking command in '/home/abdulrahman/me5250/src/ur5_ws/build/hello_moveit': CMAKE_PREFIX_PATH=${CMAKE_PREFIX_PATH}:/home/abdulrahman/me5250/src/ur5_ws/install/ur5_moveit:/home/abdulrahman/me5250_ws/install/ur_gazebo_demo:/home/abdulrahman/me5250/install/ur_gazebo_demo:/home/abdulrahman/me5250/install/reactive_replanning:/opt/ros/jazzy DEBUGINFOD_URLS=https://debuginfod.ubuntu.com /usr/bin/cmake --install /home/abdulrahman/me5250/src/ur5_ws/build/hello_moveit
[0.809s] DEBUG:colcon.colcon_core.event_handler.log_command:Invoked command in '/home/abdulrahman/me5250/src/ur5_ws/build/ur5_controller' returned '0': CMAKE_PREFIX_PATH=${CMAKE_PREFIX_PATH}:/home/abdulrahman/me5250/src/ur5_ws/install/ur5_moveit:/home/abdulrahman/me5250_ws/install/ur_gazebo_demo:/home/abdulrahman/me5250/install/ur_gazebo_demo:/home/abdulrahman/me5250/install/reactive_replanning:/opt/ros/jazzy DEBUGINFOD_URLS=https://debuginfod.ubuntu.com /usr/bin/cmake --build /home/abdulrahman/me5250/src/ur5_ws/build/ur5_controller -- -j16 -l16
[0.810s] DEBUG:colcon.colcon_core.event_handler.log_command:Invoking command in '/home/abdulrahman/me5250/src/ur5_ws/build/ur5_controller': CMAKE_PREFIX_PATH=${CMAKE_PREFIX_PATH}:/home/abdulrahman/me5250/src/ur5_ws/install/ur5_moveit:/home/abdulrahman/me5250_ws/install/ur_gazebo_demo:/home/abdulrahman/me5250/install/ur_gazebo_demo:/home/abdulrahman/me5250/install/reactive_replanning:/opt/ros/jazzy DEBUGINFOD_URLS=https://debuginfod.ubuntu.com /usr/bin/cmake --install /home/abdulrahman/me5250/src/ur5_ws/build/ur5_controller
[0.816s] Level 1:colcon.colcon_core.environment:create_environment_scripts_only(ur5_description)
[0.821s] DEBUG:colcon.colcon_core.event_handler.log_command:Invoked command in '/home/abdulrahman/me5250/src/ur5_ws/build/ur5_description' returned '0': CMAKE_PREFIX_PATH=${CMAKE_PREFIX_PATH}:/home/abdulrahman/me5250/src/ur5_ws/install/ur5_moveit:/home/abdulrahman/me5250_ws/install/ur_gazebo_demo:/home/abdulrahman/me5250/install/ur_gazebo_demo:/home/abdulrahman/me5250/install/reactive_replanning:/opt/ros/jazzy DEBUGINFOD_URLS=https://debuginfod.ubuntu.com /usr/bin/cmake --install /home/abdulrahman/me5250/src/ur5_ws/build/ur5_description
[0.824s] Level 1:colcon.colcon_core.environment:checking '/home/abdulrahman/me5250/src/ur5_ws/install/ur5_description' for CMake module files
[0.824s] Level 1:colcon.colcon_core.environment:checking '/home/abdulrahman/me5250/src/ur5_ws/install/ur5_description' for CMake config files
[0.824s] Level 1:colcon.colcon_core.shell:create_environment_hook('ur5_description', 'cmake_prefix_path')
[0.825s] INFO:colcon.colcon_core.shell:Creating environment hook '/home/abdulrahman/me5250/src/ur5_ws/install/ur5_description/share/ur5_description/hook/cmake_prefix_path.ps1'
[0.825s] INFO:colcon.colcon_core.shell:Creating environment descriptor '/home/abdulrahman/me5250/src/ur5_ws/install/ur5_description/share/ur5_description/hook/cmake_prefix_path.dsv'
[0.825s] INFO:colcon.colcon_core.shell:Creating environment hook '/home/abdulrahman/me5250/src/ur5_ws/install/ur5_description/share/ur5_description/hook/cmake_prefix_path.sh'
[0.826s] Level 1:colcon.colcon_core.environment:checking '/home/abdulrahman/me5250/src/ur5_ws/install/ur5_description/bin'
[0.826s] Level 1:colcon.colcon_core.environment:checking '/home/abdulrahman/me5250/src/ur5_ws/install/ur5_description/lib/pkgconfig/ur5_description.pc'
[0.826s] Level 1:colcon.colcon_core.environment:checking '/home/abdulrahman/me5250/src/ur5_ws/install/ur5_description/lib/python3.12/site-packages'
[0.826s] Level 1:colcon.colcon_core.environment:checking '/home/abdulrahman/me5250/src/ur5_ws/install/ur5_description/bin'
[0.826s] INFO:colcon.colcon_core.shell:Creating package script '/home/abdulrahman/me5250/src/ur5_ws/install/ur5_description/share/ur5_description/package.ps1'
[0.827s] INFO:colcon.colcon_core.shell:Creating package descriptor '/home/abdulrahman/me5250/src/ur5_ws/install/ur5_description/share/ur5_description/package.dsv'
[0.828s] INFO:colcon.colcon_core.shell:Creating package script '/home/abdulrahman/me5250/src/ur5_ws/install/ur5_description/share/ur5_description/package.sh'
[0.828s] INFO:colcon.colcon_core.shell:Creating package script '/home/abdulrahman/me5250/src/ur5_ws/install/ur5_description/share/ur5_description/package.bash'
[0.829s] INFO:colcon.colcon_core.shell:Creating package script '/home/abdulrahman/me5250/src/ur5_ws/install/ur5_description/share/ur5_description/package.zsh'
[0.829s] Level 1:colcon.colcon_core.environment:create_file_with_runtime_dependencies(/home/abdulrahman/me5250/src/ur5_ws/install/ur5_description/share/colcon-core/packages/ur5_description)
[0.829s] Level 1:colcon.colcon_core.environment:create_environment_scripts_only(ur5_description)
[0.829s] Level 1:colcon.colcon_core.environment:checking '/home/abdulrahman/me5250/src/ur5_ws/install/ur5_description' for CMake module files
[0.830s] Level 1:colcon.colcon_core.environment:checking '/home/abdulrahman/me5250/src/ur5_ws/install/ur5_description' for CMake config files
[0.830s] Level 1:colcon.colcon_core.shell:create_environment_hook('ur5_description', 'cmake_prefix_path')
[0.830s] INFO:colcon.colcon_core.shell:Creating environment hook '/home/abdulrahman/me5250/src/ur5_ws/install/ur5_description/share/ur5_description/hook/cmake_prefix_path.ps1'
[0.831s] INFO:colcon.colcon_core.shell:Creating environment descriptor '/home/abdulrahman/me5250/src/ur5_ws/install/ur5_description/share/ur5_description/hook/cmake_prefix_path.dsv'
[0.831s] INFO:colcon.colcon_core.shell:Creating environment hook '/home/abdulrahman/me5250/src/ur5_ws/install/ur5_description/share/ur5_description/hook/cmake_prefix_path.sh'
[0.831s] Level 1:colcon.colcon_core.environment:checking '/home/abdulrahman/me5250/src/ur5_ws/install/ur5_description/bin'
[0.831s] Level 1:colcon.colcon_core.environment:checking '/home/abdulrahman/me5250/src/ur5_ws/install/ur5_description/lib/pkgconfig/ur5_description.pc'
[0.832s] Level 1:colcon.colcon_core.environment:checking '/home/abdulrahman/me5250/src/ur5_ws/install/ur5_description/lib/python3.12/site-packages'
[0.832s] Level 1:colcon.colcon_core.environment:checking '/home/abdulrahman/me5250/src/ur5_ws/install/ur5_description/bin'
[0.832s] INFO:colcon.colcon_core.shell:Creating package script '/home/abdulrahman/me5250/src/ur5_ws/install/ur5_description/share/ur5_description/package.ps1'
[0.832s] INFO:colcon.colcon_core.shell:Creating package descriptor '/home/abdulrahman/me5250/src/ur5_ws/install/ur5_description/share/ur5_description/package.dsv'
[0.833s] INFO:colcon.colcon_core.shell:Creating package script '/home/abdulrahman/me5250/src/ur5_ws/install/ur5_description/share/ur5_description/package.sh'
[0.833s] INFO:colcon.colcon_core.shell:Creating package script '/home/abdulrahman/me5250/src/ur5_ws/install/ur5_description/share/ur5_description/package.bash'
[0.833s] INFO:colcon.colcon_core.shell:Creating package script '/home/abdulrahman/me5250/src/ur5_ws/install/ur5_description/share/ur5_description/package.zsh'
[0.834s] Level 1:colcon.colcon_core.environment:create_file_with_runtime_dependencies(/home/abdulrahman/me5250/src/ur5_ws/install/ur5_description/share/colcon-core/packages/ur5_description)
[0.834s] INFO:colcon.colcon_ros.task.ament_cmake.build:Building ROS package in '/home/abdulrahman/me5250/src/ur5_ws/src/ur5_moveit_config' with build type 'ament_cmake'
[0.834s] INFO:colcon.colcon_cmake.task.cmake.build:Building CMake package in '/home/abdulrahman/me5250/src/ur5_ws/src/ur5_moveit_config'
[0.835s] INFO:colcon.colcon_core.shell:Skip shell extension 'powershell' for command environment: Not usable outside of PowerShell
[0.835s] DEBUG:colcon.colcon_core.shell:Skip shell extension 'dsv' for command environment
[0.842s] Level 1:colcon.colcon_core.environment:create_environment_scripts_only(hello_moveit)
[0.843s] Level 1:colcon.colcon_core.environment:checking '/home/abdulrahman/me5250/src/ur5_ws/install/hello_moveit' for CMake module files
[0.843s] DEBUG:colcon.colcon_core.event_handler.log_command:Invoked command in '/home/abdulrahman/me5250/src/ur5_ws/build/hello_moveit' returned '0': CMAKE_PREFIX_PATH=${CMAKE_PREFIX_PATH}:/home/abdulrahman/me5250/src/ur5_ws/install/ur5_moveit:/home/abdulrahman/me5250_ws/install/ur_gazebo_demo:/home/abdulrahman/me5250/install/ur_gazebo_demo:/home/abdulrahman/me5250/install/reactive_replanning:/opt/ros/jazzy DEBUGINFOD_URLS=https://debuginfod.ubuntu.com /usr/bin/cmake --install /home/abdulrahman/me5250/src/ur5_ws/build/hello_moveit
[0.843s] Level 1:colcon.colcon_core.environment:checking '/home/abdulrahman/me5250/src/ur5_ws/install/hello_moveit' for CMake config files
[0.844s] Level 1:colcon.colcon_core.shell:create_environment_hook('hello_moveit', 'cmake_prefix_path')
[0.844s] INFO:colcon.colcon_core.shell:Creating environment hook '/home/abdulrahman/me5250/src/ur5_ws/install/hello_moveit/share/hello_moveit/hook/cmake_prefix_path.ps1'
[0.844s] INFO:colcon.colcon_core.shell:Creating environment descriptor '/home/abdulrahman/me5250/src/ur5_ws/install/hello_moveit/share/hello_moveit/hook/cmake_prefix_path.dsv'
[0.844s] INFO:colcon.colcon_core.shell:Creating environment hook '/home/abdulrahman/me5250/src/ur5_ws/install/hello_moveit/share/hello_moveit/hook/cmake_prefix_path.sh'
[0.845s] Level 1:colcon.colcon_core.environment:checking '/home/abdulrahman/me5250/src/ur5_ws/install/hello_moveit/lib'
[0.845s] Level 1:colcon.colcon_core.environment:checking '/home/abdulrahman/me5250/src/ur5_ws/install/hello_moveit/bin'
[0.845s] Level 1:colcon.colcon_core.environment:checking '/home/abdulrahman/me5250/src/ur5_ws/install/hello_moveit/lib/pkgconfig/hello_moveit.pc'
[0.845s] Level 1:colcon.colcon_core.environment:checking '/home/abdulrahman/me5250/src/ur5_ws/install/hello_moveit/lib/python3.12/site-packages'
[0.845s] Level 1:colcon.colcon_core.environment:checking '/home/abdulrahman/me5250/src/ur5_ws/install/hello_moveit/bin'
[0.846s] INFO:colcon.colcon_core.shell:Creating package script '/home/abdulrahman/me5250/src/ur5_ws/install/hello_moveit/share/hello_moveit/package.ps1'
[0.846s] INFO:colcon.colcon_core.shell:Creating package descriptor '/home/abdulrahman/me5250/src/ur5_ws/install/hello_moveit/share/hello_moveit/package.dsv'
[0.846s] INFO:colcon.colcon_core.shell:Creating package script '/home/abdulrahman/me5250/src/ur5_ws/install/hello_moveit/share/hello_moveit/package.sh'
[0.847s] INFO:colcon.colcon_core.shell:Creating package script '/home/abdulrahman/me5250/src/ur5_ws/install/hello_moveit/share/hello_moveit/package.bash'
[0.847s] INFO:colcon.colcon_core.shell:Creating package script '/home/abdulrahman/me5250/src/ur5_ws/install/hello_moveit/share/hello_moveit/package.zsh'
[0.847s] Level 1:colcon.colcon_core.environment:create_file_with_runtime_dependencies(/home/abdulrahman/me5250/src/ur5_ws/install/hello_moveit/share/colcon-core/packages/hello_moveit)
[0.848s] Level 1:colcon.colcon_core.environment:create_environment_scripts_only(hello_moveit)
[0.848s] Level 1:colcon.colcon_core.environment:checking '/home/abdulrahman/me5250/src/ur5_ws/install/hello_moveit' for CMake module files
[0.848s] Level 1:colcon.colcon_core.environment:checking '/home/abdulrahman/me5250/src/ur5_ws/install/hello_moveit' for CMake config files
[0.848s] Level 1:colcon.colcon_core.shell:create_environment_hook('hello_moveit', 'cmake_prefix_path')
[0.848s] INFO:colcon.colcon_core.shell:Creating environment hook '/home/abdulrahman/me5250/src/ur5_ws/install/hello_moveit/share/hello_moveit/hook/cmake_prefix_path.ps1'
[0.849s] INFO:colcon.colcon_core.shell:Creating environment descriptor '/home/abdulrahman/me5250/src/ur5_ws/install/hello_moveit/share/hello_moveit/hook/cmake_prefix_path.dsv'
[0.849s] INFO:colcon.colcon_core.shell:Creating environment hook '/home/abdulrahman/me5250/src/ur5_ws/install/hello_moveit/share/hello_moveit/hook/cmake_prefix_path.sh'
[0.850s] Level 1:colcon.colcon_core.environment:checking '/home/abdulrahman/me5250/src/ur5_ws/install/hello_moveit/lib'
[0.850s] Level 1:colcon.colcon_core.environment:checking '/home/abdulrahman/me5250/src/ur5_ws/install/hello_moveit/bin'
[0.850s] Level 1:colcon.colcon_core.environment:checking '/home/abdulrahman/me5250/src/ur5_ws/install/hello_moveit/lib/pkgconfig/hello_moveit.pc'
[0.850s] Level 1:colcon.colcon_core.environment:checking '/home/abdulrahman/me5250/src/ur5_ws/install/hello_moveit/lib/python3.12/site-packages'
[0.850s] Level 1:colcon.colcon_core.environment:checking '/home/abdulrahman/me5250/src/ur5_ws/install/hello_moveit/bin'
[0.850s] INFO:colcon.colcon_core.shell:Creating package script '/home/abdulrahman/me5250/src/ur5_ws/install/hello_moveit/share/hello_moveit/package.ps1'
[0.851s] INFO:colcon.colcon_core.shell:Creating package descriptor '/home/abdulrahman/me5250/src/ur5_ws/install/hello_moveit/share/hello_moveit/package.dsv'
[0.851s] INFO:colcon.colcon_core.shell:Creating package script '/home/abdulrahman/me5250/src/ur5_ws/install/hello_moveit/share/hello_moveit/package.sh'
[0.852s] INFO:colcon.colcon_core.shell:Creating package script '/home/abdulrahman/me5250/src/ur5_ws/install/hello_moveit/share/hello_moveit/package.bash'
[0.852s] INFO:colcon.colcon_core.shell:Creating package script '/home/abdulrahman/me5250/src/ur5_ws/install/hello_moveit/share/hello_moveit/package.zsh'
[0.852s] Level 1:colcon.colcon_core.environment:create_file_with_runtime_dependencies(/home/abdulrahman/me5250/src/ur5_ws/install/hello_moveit/share/colcon-core/packages/hello_moveit)
[0.852s] Level 1:colcon.colcon_core.environment:create_environment_scripts_only(ur5_controller)
[0.852s] Level 1:colcon.colcon_core.environment:checking '/home/abdulrahman/me5250/src/ur5_ws/install/ur5_controller' for CMake module files
[0.854s] Level 1:colcon.colcon_core.environment:checking '/home/abdulrahman/me5250/src/ur5_ws/install/ur5_controller' for CMake config files
[0.854s] DEBUG:colcon.colcon_core.event_handler.log_command:Invoked command in '/home/abdulrahman/me5250/src/ur5_ws/build/ur5_controller' returned '0': CMAKE_PREFIX_PATH=${CMAKE_PREFIX_PATH}:/home/abdulrahman/me5250/src/ur5_ws/install/ur5_moveit:/home/abdulrahman/me5250_ws/install/ur_gazebo_demo:/home/abdulrahman/me5250/install/ur_gazebo_demo:/home/abdulrahman/me5250/install/reactive_replanning:/opt/ros/jazzy DEBUGINFOD_URLS=https://debuginfod.ubuntu.com /usr/bin/cmake --install /home/abdulrahman/me5250/src/ur5_ws/build/ur5_controller
[0.854s] Level 1:colcon.colcon_core.shell:create_environment_hook('ur5_controller', 'cmake_prefix_path')
[0.854s] INFO:colcon.colcon_core.shell:Creating environment hook '/home/abdulrahman/me5250/src/ur5_ws/install/ur5_controller/share/ur5_controller/hook/cmake_prefix_path.ps1'
[0.854s] INFO:colcon.colcon_core.shell:Creating environment descriptor '/home/abdulrahman/me5250/src/ur5_ws/install/ur5_controller/share/ur5_controller/hook/cmake_prefix_path.dsv'
[0.855s] INFO:colcon.colcon_core.shell:Creating environment hook '/home/abdulrahman/me5250/src/ur5_ws/install/ur5_controller/share/ur5_controller/hook/cmake_prefix_path.sh'
[0.855s] Level 1:colcon.colcon_core.environment:checking '/home/abdulrahman/me5250/src/ur5_ws/install/ur5_controller/bin'
[0.855s] Level 1:colcon.colcon_core.environment:checking '/home/abdulrahman/me5250/src/ur5_ws/install/ur5_controller/lib/pkgconfig/ur5_controller.pc'
[0.855s] Level 1:colcon.colcon_core.environment:checking '/home/abdulrahman/me5250/src/ur5_ws/install/ur5_controller/lib/python3.12/site-packages'
[0.856s] Level 1:colcon.colcon_core.environment:checking '/home/abdulrahman/me5250/src/ur5_ws/install/ur5_controller/bin'
[0.856s] INFO:colcon.colcon_core.shell:Creating package script '/home/abdulrahman/me5250/src/ur5_ws/install/ur5_controller/share/ur5_controller/package.ps1'
[0.856s] INFO:colcon.colcon_core.shell:Creating package descriptor '/home/abdulrahman/me5250/src/ur5_ws/install/ur5_controller/share/ur5_controller/package.dsv'
[0.857s] INFO:colcon.colcon_core.shell:Creating package script '/home/abdulrahman/me5250/src/ur5_ws/install/ur5_controller/share/ur5_controller/package.sh'
[0.857s] INFO:colcon.colcon_core.shell:Creating package script '/home/abdulrahman/me5250/src/ur5_ws/install/ur5_controller/share/ur5_controller/package.bash'
[0.857s] INFO:colcon.colcon_core.shell:Creating package script '/home/abdulrahman/me5250/src/ur5_ws/install/ur5_controller/share/ur5_controller/package.zsh'
[0.858s] Level 1:colcon.colcon_core.environment:create_file_with_runtime_dependencies(/home/abdulrahman/me5250/src/ur5_ws/install/ur5_controller/share/colcon-core/packages/ur5_controller)
[0.858s] Level 1:colcon.colcon_core.environment:create_environment_scripts_only(ur5_controller)
[0.858s] Level 1:colcon.colcon_core.environment:checking '/home/abdulrahman/me5250/src/ur5_ws/install/ur5_controller' for CMake module files
[0.859s] Level 1:colcon.colcon_core.environment:checking '/home/abdulrahman/me5250/src/ur5_ws/install/ur5_controller' for CMake config files
[0.859s] Level 1:colcon.colcon_core.shell:create_environment_hook('ur5_controller', 'cmake_prefix_path')
[0.859s] INFO:colcon.colcon_core.shell:Creating environment hook '/home/abdulrahman/me5250/src/ur5_ws/install/ur5_controller/share/ur5_controller/hook/cmake_prefix_path.ps1'
[0.859s] INFO:colcon.colcon_core.shell:Creating environment descriptor '/home/abdulrahman/me5250/src/ur5_ws/install/ur5_controller/share/ur5_controller/hook/cmake_prefix_path.dsv'
[0.859s] INFO:colcon.colcon_core.shell:Creating environment hook '/home/abdulrahman/me5250/src/ur5_ws/install/ur5_controller/share/ur5_controller/hook/cmake_prefix_path.sh'
[0.860s] Level 1:colcon.colcon_core.environment:checking '/home/abdulrahman/me5250/src/ur5_ws/install/ur5_controller/bin'
[0.860s] Level 1:colcon.colcon_core.environment:checking '/home/abdulrahman/me5250/src/ur5_ws/install/ur5_controller/lib/pkgconfig/ur5_controller.pc'
[0.860s] Level 1:colcon.colcon_core.environment:checking '/home/abdulrahman/me5250/src/ur5_ws/install/ur5_controller/lib/python3.12/site-packages'
[0.860s] Level 1:colcon.colcon_core.environment:checking '/home/abdulrahman/me5250/src/ur5_ws/install/ur5_controller/bin'
[0.861s] INFO:colcon.colcon_core.shell:Creating package script '/home/abdulrahman/me5250/src/ur5_ws/install/ur5_controller/share/ur5_controller/package.ps1'
[0.861s] INFO:colcon.colcon_core.shell:Creating package descriptor '/home/abdulrahman/me5250/src/ur5_ws/install/ur5_controller/share/ur5_controller/package.dsv'
[0.861s] INFO:colcon.colcon_core.shell:Creating package script '/home/abdulrahman/me5250/src/ur5_ws/install/ur5_controller/share/ur5_controller/package.sh'
[0.862s] INFO:colcon.colcon_core.shell:Creating package script '/home/abdulrahman/me5250/src/ur5_ws/install/ur5_controller/share/ur5_controller/package.bash'
[0.862s] INFO:colcon.colcon_core.shell:Creating package script '/home/abdulrahman/me5250/src/ur5_ws/install/ur5_controller/share/ur5_controller/package.zsh'
[0.862s] Level 1:colcon.colcon_core.environment:create_file_with_runtime_dependencies(/home/abdulrahman/me5250/src/ur5_ws/install/ur5_controller/share/colcon-core/packages/ur5_controller)
[0.866s] DEBUG:colcon.colcon_core.event_handler.log_command:Invoking command in '/home/abdulrahman/me5250/src/ur5_ws/build/ur5_moveit_config': CMAKE_PREFIX_PATH=/home/abdulrahman/me5250/src/ur5_ws/install/ur5_description:/home/abdulrahman/me5250/src/ur5_ws/install/ur5_moveit_config:/home/abdulrahman/me5250/src/ur5_ws/install/ur5_controller:/home/abdulrahman/me5250/src/ur5_ws/install/hello_moveit:/home/abdulrahman/ur5_ws/install/ur5_moveit_config:/home/abdulrahman/ur5_ws/install/ur5_moveit:/home/abdulrahman/ur5_ws/install/ur5_description:/home/abdulrahman/ur5_ws/install/ur5_controller:/home/abdulrahman/ur5_ws/install/hello_moveit:/home/abdulrahman/me5250_ws/install/ur_robotiq_moveit_config:/home/abdulrahman/me5250_ws/install/ur_robotiq_description:/home/abdulrahman/me5250_ws/install/ur_robotiq_bringup:/home/abdulrahman/me5250_ws/install/ur_interfaces:/home/abdulrahman/me5250_ws/install/ur_gazebo:/home/abdulrahman/me5250_ws/install/ur10e_robotiq_moveit_config:/home/abdulrahman/me5250_ws/install/ur10e_robotiq_cell:/home/abdulrahman/me5250_ws/install/ur_description:/home/abdulrahman/me5250_ws/install/robotiq_hardware_tests:/home/abdulrahman/me5250_ws/install/robotiq_driver:/home/abdulrahman/me5250_ws/install/serial:/home/abdulrahman/me5250_ws/install/robotiq_description:/home/abdulrahman/me5250_ws/install/robotiq_controllers:/home/abdulrahman/me5250_ws/install/robotiq_2f_85_gripper_visualization:/home/abdulrahman/me5250/install/ur_robotiq_moveit_config:/home/abdulrahman/me5250/install/ur_robotiq_description:/home/abdulrahman/me5250/install/ur_interfaces:/home/abdulrahman/me5250/install/ur_gazebo:/home/abdulrahman/me5250/install/ur_description:/home/abdulrahman/me5250/install/robotiq_hardware_tests:/home/abdulrahman/me5250/install/robotiq_driver:/home/abdulrahman/me5250/install/serial:/home/abdulrahman/me5250/install/robotiq_description:/home/abdulrahman/me5250/install/robotiq_controllers:/home/abdulrahman/me5250/install/robotiq_2f_85_gripper_visualization:/opt/ros/jazzy/opt/gz_sim_vendor:/opt/ros/jazzy/opt/gz_sensors_vendor:/opt/ros/jazzy/opt/gz_physics_vendor:/opt/ros/jazzy/opt/sdformat_vendor:/opt/ros/jazzy/opt/gz_gui_vendor:/opt/ros/jazzy/opt/gz_transport_vendor:/opt/ros/jazzy/opt/gz_rendering_vendor:/opt/ros/jazzy/opt/gz_plugin_vendor:/opt/ros/jazzy/opt/gz_fuel_tools_vendor:/opt/ros/jazzy/opt/gz_msgs_vendor:/opt/ros/jazzy/opt/gz_common_vendor:/opt/ros/jazzy/opt/gz_math_vendor:/opt/ros/jazzy/opt/gz_utils_vendor:/opt/ros/jazzy/opt/gz_tools_vendor:/opt/ros/jazzy/opt/gz_ogre_next_vendor:/opt/ros/jazzy/opt/gz_dartsim_vendor:/opt/ros/jazzy/opt/gz_cmake_vendor:/home/abdulrahman/me5250/src/ur5_ws/install/ur5_moveit:/home/abdulrahman/me5250_ws/install/ur_gazebo_demo:/home/abdulrahman/me5250/install/ur_gazebo_demo:/home/abdulrahman/me5250/install/reactive_replanning:/opt/ros/jazzy DEBUGINFOD_URLS=https://debuginfod.ubuntu.com /usr/bin/cmake --build /home/abdulrahman/me5250/src/ur5_ws/build/ur5_moveit_config -- -j16 -l16
[0.908s] DEBUG:colcon.colcon_core.event_handler.log_command:Invoked command in '/home/abdulrahman/me5250/src/ur5_ws/build/ur5_moveit_config' returned '0': CMAKE_PREFIX_PATH=/home/abdulrahman/me5250/src/ur5_ws/install/ur5_description:/home/abdulrahman/me5250/src/ur5_ws/install/ur5_moveit_config:/home/abdulrahman/me5250/src/ur5_ws/install/ur5_controller:/home/abdulrahman/me5250/src/ur5_ws/install/hello_moveit:/home/abdulrahman/ur5_ws/install/ur5_moveit_config:/home/abdulrahman/ur5_ws/install/ur5_moveit:/home/abdulrahman/ur5_ws/install/ur5_description:/home/abdulrahman/ur5_ws/install/ur5_controller:/home/abdulrahman/ur5_ws/install/hello_moveit:/home/abdulrahman/me5250_ws/install/ur_robotiq_moveit_config:/home/abdulrahman/me5250_ws/install/ur_robotiq_description:/home/abdulrahman/me5250_ws/install/ur_robotiq_bringup:/home/abdulrahman/me5250_ws/install/ur_interfaces:/home/abdulrahman/me5250_ws/install/ur_gazebo:/home/abdulrahman/me5250_ws/install/ur10e_robotiq_moveit_config:/home/abdulrahman/me5250_ws/install/ur10e_robotiq_cell:/home/abdulrahman/me5250_ws/install/ur_description:/home/abdulrahman/me5250_ws/install/robotiq_hardware_tests:/home/abdulrahman/me5250_ws/install/robotiq_driver:/home/abdulrahman/me5250_ws/install/serial:/home/abdulrahman/me5250_ws/install/robotiq_description:/home/abdulrahman/me5250_ws/install/robotiq_controllers:/home/abdulrahman/me5250_ws/install/robotiq_2f_85_gripper_visualization:/home/abdulrahman/me5250/install/ur_robotiq_moveit_config:/home/abdulrahman/me5250/install/ur_robotiq_description:/home/abdulrahman/me5250/install/ur_interfaces:/home/abdulrahman/me5250/install/ur_gazebo:/home/abdulrahman/me5250/install/ur_description:/home/abdulrahman/me5250/install/robotiq_hardware_tests:/home/abdulrahman/me5250/install/robotiq_driver:/home/abdulrahman/me5250/install/serial:/home/abdulrahman/me5250/install/robotiq_description:/home/abdulrahman/me5250/install/robotiq_controllers:/home/abdulrahman/me5250/install/robotiq_2f_85_gripper_visualization:/opt/ros/jazzy/opt/gz_sim_vendor:/opt/ros/jazzy/opt/gz_sensors_vendor:/opt/ros/jazzy/opt/gz_physics_vendor:/opt/ros/jazzy/opt/sdformat_vendor:/opt/ros/jazzy/opt/gz_gui_vendor:/opt/ros/jazzy/opt/gz_transport_vendor:/opt/ros/jazzy/opt/gz_rendering_vendor:/opt/ros/jazzy/opt/gz_plugin_vendor:/opt/ros/jazzy/opt/gz_fuel_tools_vendor:/opt/ros/jazzy/opt/gz_msgs_vendor:/opt/ros/jazzy/opt/gz_common_vendor:/opt/ros/jazzy/opt/gz_math_vendor:/opt/ros/jazzy/opt/gz_utils_vendor:/opt/ros/jazzy/opt/gz_tools_vendor:/opt/ros/jazzy/opt/gz_ogre_next_vendor:/opt/ros/jazzy/opt/gz_dartsim_vendor:/opt/ros/jazzy/opt/gz_cmake_vendor:/home/abdulrahman/me5250/src/ur5_ws/install/ur5_moveit:/home/abdulrahman/me5250_ws/install/ur_gazebo_demo:/home/abdulrahman/me5250/install/ur_gazebo_demo:/home/abdulrahman/me5250/install/reactive_replanning:/opt/ros/jazzy DEBUGINFOD_URLS=https://debuginfod.ubuntu.com /usr/bin/cmake --build /home/abdulrahman/me5250/src/ur5_ws/build/ur5_moveit_config -- -j16 -l16
[0.909s] DEBUG:colcon.colcon_core.event_handler.log_command:Invoking command in '/home/abdulrahman/me5250/src/ur5_ws/build/ur5_moveit_config': CMAKE_PREFIX_PATH=/home/abdulrahman/me5250/src/ur5_ws/install/ur5_description:/home/abdulrahman/me5250/src/ur5_ws/install/ur5_moveit_config:/home/abdulrahman/me5250/src/ur5_ws/install/ur5_controller:/home/abdulrahman/me5250/src/ur5_ws/install/hello_moveit:/home/abdulrahman/ur5_ws/install/ur5_moveit_config:/home/abdulrahman/ur5_ws/install/ur5_moveit:/home/abdulrahman/ur5_ws/install/ur5_description:/home/abdulrahman/ur5_ws/install/ur5_controller:/home/abdulrahman/ur5_ws/install/hello_moveit:/home/abdulrahman/me5250_ws/install/ur_robotiq_moveit_config:/home/abdulrahman/me5250_ws/install/ur_robotiq_description:/home/abdulrahman/me5250_ws/install/ur_robotiq_bringup:/home/abdulrahman/me5250_ws/install/ur_interfaces:/home/abdulrahman/me5250_ws/install/ur_gazebo:/home/abdulrahman/me5250_ws/install/ur10e_robotiq_moveit_config:/home/abdulrahman/me5250_ws/install/ur10e_robotiq_cell:/home/abdulrahman/me5250_ws/install/ur_description:/home/abdulrahman/me5250_ws/install/robotiq_hardware_tests:/home/abdulrahman/me5250_ws/install/robotiq_driver:/home/abdulrahman/me5250_ws/install/serial:/home/abdulrahman/me5250_ws/install/robotiq_description:/home/abdulrahman/me5250_ws/install/robotiq_controllers:/home/abdulrahman/me5250_ws/install/robotiq_2f_85_gripper_visualization:/home/abdulrahman/me5250/install/ur_robotiq_moveit_config:/home/abdulrahman/me5250/install/ur_robotiq_description:/home/abdulrahman/me5250/install/ur_interfaces:/home/abdulrahman/me5250/install/ur_gazebo:/home/abdulrahman/me5250/install/ur_description:/home/abdulrahman/me5250/install/robotiq_hardware_tests:/home/abdulrahman/me5250/install/robotiq_driver:/home/abdulrahman/me5250/install/serial:/home/abdulrahman/me5250/install/robotiq_description:/home/abdulrahman/me5250/install/robotiq_controllers:/home/abdulrahman/me5250/install/robotiq_2f_85_gripper_visualization:/opt/ros/jazzy/opt/gz_sim_vendor:/opt/ros/jazzy/opt/gz_sensors_vendor:/opt/ros/jazzy/opt/gz_physics_vendor:/opt/ros/jazzy/opt/sdformat_vendor:/opt/ros/jazzy/opt/gz_gui_vendor:/opt/ros/jazzy/opt/gz_transport_vendor:/opt/ros/jazzy/opt/gz_rendering_vendor:/opt/ros/jazzy/opt/gz_plugin_vendor:/opt/ros/jazzy/opt/gz_fuel_tools_vendor:/opt/ros/jazzy/opt/gz_msgs_vendor:/opt/ros/jazzy/opt/gz_common_vendor:/opt/ros/jazzy/opt/gz_math_vendor:/opt/ros/jazzy/opt/gz_utils_vendor:/opt/ros/jazzy/opt/gz_tools_vendor:/opt/ros/jazzy/opt/gz_ogre_next_vendor:/opt/ros/jazzy/opt/gz_dartsim_vendor:/opt/ros/jazzy/opt/gz_cmake_vendor:/home/abdulrahman/me5250/src/ur5_ws/install/ur5_moveit:/home/abdulrahman/me5250_ws/install/ur_gazebo_demo:/home/abdulrahman/me5250/install/ur_gazebo_demo:/home/abdulrahman/me5250/install/reactive_replanning:/opt/ros/jazzy DEBUGINFOD_URLS=https://debuginfod.ubuntu.com /usr/bin/cmake --install /home/abdulrahman/me5250/src/ur5_ws/build/ur5_moveit_config
[0.921s] Level 1:colcon.colcon_core.environment:create_environment_scripts_only(ur5_moveit_config)
[0.922s] Level 1:colcon.colcon_core.environment:checking '/home/abdulrahman/me5250/src/ur5_ws/install/ur5_moveit_config' for CMake module files
[0.922s] DEBUG:colcon.colcon_core.event_handler.log_command:Invoked command in '/home/abdulrahman/me5250/src/ur5_ws/build/ur5_moveit_config' returned '0': CMAKE_PREFIX_PATH=/home/abdulrahman/me5250/src/ur5_ws/install/ur5_description:/home/abdulrahman/me5250/src/ur5_ws/install/ur5_moveit_config:/home/abdulrahman/me5250/src/ur5_ws/install/ur5_controller:/home/abdulrahman/me5250/src/ur5_ws/install/hello_moveit:/home/abdulrahman/ur5_ws/install/ur5_moveit_config:/home/abdulrahman/ur5_ws/install/ur5_moveit:/home/abdulrahman/ur5_ws/install/ur5_description:/home/abdulrahman/ur5_ws/install/ur5_controller:/home/abdulrahman/ur5_ws/install/hello_moveit:/home/abdulrahman/me5250_ws/install/ur_robotiq_moveit_config:/home/abdulrahman/me5250_ws/install/ur_robotiq_description:/home/abdulrahman/me5250_ws/install/ur_robotiq_bringup:/home/abdulrahman/me5250_ws/install/ur_interfaces:/home/abdulrahman/me5250_ws/install/ur_gazebo:/home/abdulrahman/me5250_ws/install/ur10e_robotiq_moveit_config:/home/abdulrahman/me5250_ws/install/ur10e_robotiq_cell:/home/abdulrahman/me5250_ws/install/ur_description:/home/abdulrahman/me5250_ws/install/robotiq_hardware_tests:/home/abdulrahman/me5250_ws/install/robotiq_driver:/home/abdulrahman/me5250_ws/install/serial:/home/abdulrahman/me5250_ws/install/robotiq_description:/home/abdulrahman/me5250_ws/install/robotiq_controllers:/home/abdulrahman/me5250_ws/install/robotiq_2f_85_gripper_visualization:/home/abdulrahman/me5250/install/ur_robotiq_moveit_config:/home/abdulrahman/me5250/install/ur_robotiq_description:/home/abdulrahman/me5250/install/ur_interfaces:/home/abdulrahman/me5250/install/ur_gazebo:/home/abdulrahman/me5250/install/ur_description:/home/abdulrahman/me5250/install/robotiq_hardware_tests:/home/abdulrahman/me5250/install/robotiq_driver:/home/abdulrahman/me5250/install/serial:/home/abdulrahman/me5250/install/robotiq_description:/home/abdulrahman/me5250/install/robotiq_controllers:/home/abdulrahman/me5250/install/robotiq_2f_85_gripper_visualization:/opt/ros/jazzy/opt/gz_sim_vendor:/opt/ros/jazzy/opt/gz_sensors_vendor:/opt/ros/jazzy/opt/gz_physics_vendor:/opt/ros/jazzy/opt/sdformat_vendor:/opt/ros/jazzy/opt/gz_gui_vendor:/opt/ros/jazzy/opt/gz_transport_vendor:/opt/ros/jazzy/opt/gz_rendering_vendor:/opt/ros/jazzy/opt/gz_plugin_vendor:/opt/ros/jazzy/opt/gz_fuel_tools_vendor:/opt/ros/jazzy/opt/gz_msgs_vendor:/opt/ros/jazzy/opt/gz_common_vendor:/opt/ros/jazzy/opt/gz_math_vendor:/opt/ros/jazzy/opt/gz_utils_vendor:/opt/ros/jazzy/opt/gz_tools_vendor:/opt/ros/jazzy/opt/gz_ogre_next_vendor:/opt/ros/jazzy/opt/gz_dartsim_vendor:/opt/ros/jazzy/opt/gz_cmake_vendor:/home/abdulrahman/me5250/src/ur5_ws/install/ur5_moveit:/home/abdulrahman/me5250_ws/install/ur_gazebo_demo:/home/abdulrahman/me5250/install/ur_gazebo_demo:/home/abdulrahman/me5250/install/reactive_replanning:/opt/ros/jazzy DEBUGINFOD_URLS=https://debuginfod.ubuntu.com /usr/bin/cmake --install /home/abdulrahman/me5250/src/ur5_ws/build/ur5_moveit_config
[0.923s] Level 1:colcon.colcon_core.environment:checking '/home/abdulrahman/me5250/src/ur5_ws/install/ur5_moveit_config' for CMake config files
[0.923s] Level 1:colcon.colcon_core.shell:create_environment_hook('ur5_moveit_config', 'cmake_prefix_path')
[0.923s] INFO:colcon.colcon_core.shell:Creating environment hook '/home/abdulrahman/me5250/src/ur5_ws/install/ur5_moveit_config/share/ur5_moveit_config/hook/cmake_prefix_path.ps1'
[0.923s] INFO:colcon.colcon_core.shell:Creating environment descriptor '/home/abdulrahman/me5250/src/ur5_ws/install/ur5_moveit_config/share/ur5_moveit_config/hook/cmake_prefix_path.dsv'
[0.924s] INFO:colcon.colcon_core.shell:Creating environment hook '/home/abdulrahman/me5250/src/ur5_ws/install/ur5_moveit_config/share/ur5_moveit_config/hook/cmake_prefix_path.sh'
[0.924s] Level 1:colcon.colcon_core.environment:checking '/home/abdulrahman/me5250/src/ur5_ws/install/ur5_moveit_config/bin'
[0.924s] Level 1:colcon.colcon_core.environment:checking '/home/abdulrahman/me5250/src/ur5_ws/install/ur5_moveit_config/lib/pkgconfig/ur5_moveit_config.pc'
[0.925s] Level 1:colcon.colcon_core.environment:checking '/home/abdulrahman/me5250/src/ur5_ws/install/ur5_moveit_config/lib/python3.12/site-packages'
[0.925s] Level 1:colcon.colcon_core.environment:checking '/home/abdulrahman/me5250/src/ur5_ws/install/ur5_moveit_config/bin'
[0.925s] INFO:colcon.colcon_core.shell:Creating package script '/home/abdulrahman/me5250/src/ur5_ws/install/ur5_moveit_config/share/ur5_moveit_config/package.ps1'
[0.926s] INFO:colcon.colcon_core.shell:Creating package descriptor '/home/abdulrahman/me5250/src/ur5_ws/install/ur5_moveit_config/share/ur5_moveit_config/package.dsv'
[0.926s] INFO:colcon.colcon_core.shell:Creating package script '/home/abdulrahman/me5250/src/ur5_ws/install/ur5_moveit_config/share/ur5_moveit_config/package.sh'
[0.926s] INFO:colcon.colcon_core.shell:Creating package script '/home/abdulrahman/me5250/src/ur5_ws/install/ur5_moveit_config/share/ur5_moveit_config/package.bash'
[0.927s] INFO:colcon.colcon_core.shell:Creating package script '/home/abdulrahman/me5250/src/ur5_ws/install/ur5_moveit_config/share/ur5_moveit_config/package.zsh'
[0.927s] Level 1:colcon.colcon_core.environment:create_file_with_runtime_dependencies(/home/abdulrahman/me5250/src/ur5_ws/install/ur5_moveit_config/share/colcon-core/packages/ur5_moveit_config)
[0.927s] Level 1:colcon.colcon_core.environment:create_environment_scripts_only(ur5_moveit_config)
[0.927s] Level 1:colcon.colcon_core.environment:checking '/home/abdulrahman/me5250/src/ur5_ws/install/ur5_moveit_config' for CMake module files
[0.928s] Level 1:colcon.colcon_core.environment:checking '/home/abdulrahman/me5250/src/ur5_ws/install/ur5_moveit_config' for CMake config files
[0.928s] Level 1:colcon.colcon_core.shell:create_environment_hook('ur5_moveit_config', 'cmake_prefix_path')
[0.928s] INFO:colcon.colcon_core.shell:Creating environment hook '/home/abdulrahman/me5250/src/ur5_ws/install/ur5_moveit_config/share/ur5_moveit_config/hook/cmake_prefix_path.ps1'
[0.929s] INFO:colcon.colcon_core.shell:Creating environment descriptor '/home/abdulrahman/me5250/src/ur5_ws/install/ur5_moveit_config/share/ur5_moveit_config/hook/cmake_prefix_path.dsv'
[0.929s] INFO:colcon.colcon_core.shell:Creating environment hook '/home/abdulrahman/me5250/src/ur5_ws/install/ur5_moveit_config/share/ur5_moveit_config/hook/cmake_prefix_path.sh'
[0.930s] Level 1:colcon.colcon_core.environment:checking '/home/abdulrahman/me5250/src/ur5_ws/install/ur5_moveit_config/bin'
[0.930s] Level 1:colcon.colcon_core.environment:checking '/home/abdulrahman/me5250/src/ur5_ws/install/ur5_moveit_config/lib/pkgconfig/ur5_moveit_config.pc'
[0.930s] Level 1:colcon.colcon_core.environment:checking '/home/abdulrahman/me5250/src/ur5_ws/install/ur5_moveit_config/lib/python3.12/site-packages'
[0.930s] Level 1:colcon.colcon_core.environment:checking '/home/abdulrahman/me5250/src/ur5_ws/install/ur5_moveit_config/bin'
[0.930s] INFO:colcon.colcon_core.shell:Creating package script '/home/abdulrahman/me5250/src/ur5_ws/install/ur5_moveit_config/share/ur5_moveit_config/package.ps1'
[0.931s] INFO:colcon.colcon_core.shell:Creating package descriptor '/home/abdulrahman/me5250/src/ur5_ws/install/ur5_moveit_config/share/ur5_moveit_config/package.dsv'
[0.931s] INFO:colcon.colcon_core.shell:Creating package script '/home/abdulrahman/me5250/src/ur5_ws/install/ur5_moveit_config/share/ur5_moveit_config/package.sh'
[0.932s] INFO:colcon.colcon_core.shell:Creating package script '/home/abdulrahman/me5250/src/ur5_ws/install/ur5_moveit_config/share/ur5_moveit_config/package.bash'
[0.932s] INFO:colcon.colcon_core.shell:Creating package script '/home/abdulrahman/me5250/src/ur5_ws/install/ur5_moveit_config/share/ur5_moveit_config/package.zsh'
[0.932s] Level 1:colcon.colcon_core.environment:create_file_with_runtime_dependencies(/home/abdulrahman/me5250/src/ur5_ws/install/ur5_moveit_config/share/colcon-core/packages/ur5_moveit_config)
[1.673s] DEBUG:colcon.colcon_core.event_handler.log_command:Invoking command in '/home/abdulrahman/me5250/src/ur5_ws/src/ur5_moveit': DEBUGINFOD_URLS=https://debuginfod.ubuntu.com PYTHONPATH=/home/abdulrahman/me5250/src/ur5_ws/build/ur5_moveit/prefix_override:/usr/lib/python3/dist-packages/colcon_core/task/python/colcon_distutils_commands:/home/abdulrahman/me5250/src/ur5_ws/install/ur5_moveit/lib/python3.12/site-packages:${PYTHONPATH} /usr/bin/python3 -W ignore:setup.py install is deprecated -W ignore:easy_install command is deprecated setup.py egg_info --egg-base ../../build/ur5_moveit build --build-base /home/abdulrahman/me5250/src/ur5_ws/build/ur5_moveit/build install --record /home/abdulrahman/me5250/src/ur5_ws/build/ur5_moveit/install.log --single-version-externally-managed install_data
[2.482s] Level 1:colcon.colcon_core.environment:checking '/home/abdulrahman/me5250/src/ur5_ws/install/ur5_moveit' for CMake module files
[2.483s] DEBUG:colcon.colcon_core.event_handler.log_command:Invoked command in '/home/abdulrahman/me5250/src/ur5_ws/src/ur5_moveit' returned '0': DEBUGINFOD_URLS=https://debuginfod.ubuntu.com PYTHONPATH=/home/abdulrahman/me5250/src/ur5_ws/build/ur5_moveit/prefix_override:/usr/lib/python3/dist-packages/colcon_core/task/python/colcon_distutils_commands:/home/abdulrahman/me5250/src/ur5_ws/install/ur5_moveit/lib/python3.12/site-packages:${PYTHONPATH} /usr/bin/python3 -W ignore:setup.py install is deprecated -W ignore:easy_install command is deprecated setup.py egg_info --egg-base ../../build/ur5_moveit build --build-base /home/abdulrahman/me5250/src/ur5_ws/build/ur5_moveit/build install --record /home/abdulrahman/me5250/src/ur5_ws/build/ur5_moveit/install.log --single-version-externally-managed install_data
[2.483s] Level 1:colcon.colcon_core.environment:checking '/home/abdulrahman/me5250/src/ur5_ws/install/ur5_moveit' for CMake config files
[2.484s] Level 1:colcon.colcon_core.environment:checking '/home/abdulrahman/me5250/src/ur5_ws/install/ur5_moveit/lib'
[2.485s] Level 1:colcon.colcon_core.environment:checking '/home/abdulrahman/me5250/src/ur5_ws/install/ur5_moveit/bin'
[2.485s] Level 1:colcon.colcon_core.environment:checking '/home/abdulrahman/me5250/src/ur5_ws/install/ur5_moveit/lib/pkgconfig/ur5_moveit.pc'
[2.485s] Level 1:colcon.colcon_core.environment:checking '/home/abdulrahman/me5250/src/ur5_ws/install/ur5_moveit/lib/python3.12/site-packages'
[2.485s] Level 1:colcon.colcon_core.shell:create_environment_hook('ur5_moveit', 'pythonpath')
[2.486s] INFO:colcon.colcon_core.shell:Creating environment hook '/home/abdulrahman/me5250/src/ur5_ws/install/ur5_moveit/share/ur5_moveit/hook/pythonpath.ps1'
[2.486s] INFO:colcon.colcon_core.shell:Creating environment descriptor '/home/abdulrahman/me5250/src/ur5_ws/install/ur5_moveit/share/ur5_moveit/hook/pythonpath.dsv'
[2.487s] INFO:colcon.colcon_core.shell:Creating environment hook '/home/abdulrahman/me5250/src/ur5_ws/install/ur5_moveit/share/ur5_moveit/hook/pythonpath.sh'
[2.488s] Level 1:colcon.colcon_core.environment:checking '/home/abdulrahman/me5250/src/ur5_ws/install/ur5_moveit/bin'
[2.488s] Level 1:colcon.colcon_core.environment:create_environment_scripts_only(ur5_moveit)
[2.489s] INFO:colcon.colcon_core.shell:Creating package script '/home/abdulrahman/me5250/src/ur5_ws/install/ur5_moveit/share/ur5_moveit/package.ps1'
[2.490s] INFO:colcon.colcon_core.shell:Creating package descriptor '/home/abdulrahman/me5250/src/ur5_ws/install/ur5_moveit/share/ur5_moveit/package.dsv'
[2.490s] INFO:colcon.colcon_core.shell:Creating package script '/home/abdulrahman/me5250/src/ur5_ws/install/ur5_moveit/share/ur5_moveit/package.sh'
[2.491s] INFO:colcon.colcon_core.shell:Creating package script '/home/abdulrahman/me5250/src/ur5_ws/install/ur5_moveit/share/ur5_moveit/package.bash'
[2.492s] INFO:colcon.colcon_core.shell:Creating package script '/home/abdulrahman/me5250/src/ur5_ws/install/ur5_moveit/share/ur5_moveit/package.zsh'
[2.492s] Level 1:colcon.colcon_core.environment:create_file_with_runtime_dependencies(/home/abdulrahman/me5250/src/ur5_ws/install/ur5_moveit/share/colcon-core/packages/ur5_moveit)
[2.493s] DEBUG:colcon.colcon_parallel_executor.executor.parallel:closing loop
[2.493s] DEBUG:colcon.colcon_parallel_executor.executor.parallel:loop closed
[2.493s] DEBUG:colcon.colcon_parallel_executor.executor.parallel:run_until_complete finished with '0'
[2.494s] DEBUG:colcon.colcon_core.event_reactor:joining thread
[2.504s] INFO:colcon.colcon_core.plugin_system:Skipping extension 'colcon_notification.desktop_notification.terminal_notifier': Not used on non-Darwin systems
[2.504s] INFO:colcon.colcon_core.plugin_system:Skipping extension 'colcon_notification.desktop_notification.win32': Not used on non-Windows systems
[2.504s] INFO:colcon.colcon_notification.desktop_notification:Sending desktop notification using 'notify2'
[2.528s] DEBUG:colcon.colcon_core.event_reactor:joined thread
[2.528s] INFO:colcon.colcon_core.shell:Creating prefix script '/home/abdulrahman/me5250/src/ur5_ws/install/local_setup.ps1'
[2.530s] INFO:colcon.colcon_core.shell:Creating prefix util module '/home/abdulrahman/me5250/src/ur5_ws/install/_local_setup_util_ps1.py'
[2.533s] INFO:colcon.colcon_core.shell:Creating prefix chain script '/home/abdulrahman/me5250/src/ur5_ws/install/setup.ps1'
[2.537s] INFO:colcon.colcon_core.shell:Creating prefix script '/home/abdulrahman/me5250/src/ur5_ws/install/local_setup.sh'
[2.538s] INFO:colcon.colcon_core.shell:Creating prefix util module '/home/abdulrahman/me5250/src/ur5_ws/install/_local_setup_util_sh.py'
[2.539s] INFO:colcon.colcon_core.shell:Creating prefix chain script '/home/abdulrahman/me5250/src/ur5_ws/install/setup.sh'
[2.543s] INFO:colcon.colcon_core.shell:Creating prefix script '/home/abdulrahman/me5250/src/ur5_ws/install/local_setup.bash'
[2.544s] INFO:colcon.colcon_core.shell:Creating prefix chain script '/home/abdulrahman/me5250/src/ur5_ws/install/setup.bash'
[2.548s] INFO:colcon.colcon_core.shell:Creating prefix script '/home/abdulrahman/me5250/src/ur5_ws/install/local_setup.zsh'
[2.549s] INFO:colcon.colcon_core.shell:Creating prefix chain script '/home/abdulrahman/me5250/src/ur5_ws/install/setup.zsh'
