[0.232s] DEBUG:colcon:Command line arguments: ['/usr/bin/colcon', 'build']
[0.232s] DEBUG:colcon:Parsed command line arguments: Namespace(log_base=None, log_level=None, verb_name='build', build_base='build', install_base='install', merge_install=False, symlink_install=False, test_result_base=None, continue_on_error=False, executor='parallel', parallel_workers=16, event_handlers=None, ignore_user_meta=False, metas=['./colcon.meta'], base_paths=['.'], packages_ignore=None, packages_ignore_regex=None, paths=None, packages_up_to=None, packages_up_to_regex=None, packages_above=None, packages_above_and_dependencies=None, packages_above_depth=None, packages_select_by_dep=None, packages_skip_by_dep=None, packages_skip_up_to=None, packages_select_build_failed=False, packages_skip_build_finished=False, packages_select_test_failures=False, packages_skip_test_passed=False, packages_select=None, packages_skip=None, packages_select_regex=None, packages_skip_regex=None, packages_start=None, packages_end=None, allow_overriding=[], cmake_args=None, cmake_target=None, cmake_target_skip_unavailable=False, cmake_clean_cache=False, cmake_clean_first=False, cmake_force_configure=False, ament_cmake_args=None, catkin_cmake_args=None, catkin_skip_building_tests=False, mixin_files=None, mixin=None, verb_parser=<colcon_mixin.mixin.mixin_argument.MixinArgumentDecorator object at 0x769c69fd2db0>, verb_extension=<colcon_core.verb.build.BuildVerb object at 0x769c69fd2a80>, main=<bound method BuildVerb.main of <colcon_core.verb.build.BuildVerb object at 0x769c69fd2a80>>, mixin_verb=('build',))
[0.303s] Level 1:colcon.colcon_core.package_discovery:discover_packages(colcon_meta) check parameters
[0.303s] Level 1:colcon.colcon_core.package_discovery:discover_packages(recursive) check parameters
[0.303s] Level 1:colcon.colcon_core.package_discovery:discover_packages(ignore) check parameters
[0.303s] Level 1:colcon.colcon_core.package_discovery:discover_packages(path) check parameters
[0.304s] Level 1:colcon.colcon_core.package_discovery:discover_packages(colcon_meta) discover
[0.307s] Level 1:colcon.colcon_core.package_discovery:discover_packages(recursive) discover
[0.307s] INFO:colcon.colcon_core.package_discovery:Crawling recursively for packages in '/home/abdulrahman/me5250/src/ur5_ws'
[0.308s] Level 1:colcon.colcon_core.package_identification:_identify(.) by extensions ['ignore', 'ignore_ament_install']
[0.308s] Level 1:colcon.colcon_core.package_identification:_identify(.) by extension 'ignore'
[0.308s] Level 1:colcon.colcon_core.package_identification:_identify(.) by extension 'ignore_ament_install'
[0.309s] Level 1:colcon.colcon_core.package_identification:_identify(.) by extensions ['colcon_pkg']
[0.309s] Level 1:colcon.colcon_core.package_identification:_identify(.) by extension 'colcon_pkg'
[0.309s] Level 1:colcon.colcon_core.package_identification:_identify(.) by extensions ['colcon_meta']
[0.309s] Level 1:colcon.colcon_core.package_identification:_identify(.) by extension 'colcon_meta'
[0.309s] Level 1:colcon.colcon_core.package_identification:_identify(.) by extensions ['ros']
[0.309s] Level 1:colcon.colcon_core.package_identification:_identify(.) by extension 'ros'
[0.364s] Level 1:colcon.colcon_core.package_identification:_identify(.) by extensions ['cmake', 'python']
[0.364s] Level 1:colcon.colcon_core.package_identification:_identify(.) by extension 'cmake'
[0.364s] Level 1:colcon.colcon_core.package_identification:_identify(.) by extension 'python'
[0.364s] Level 1:colcon.colcon_core.package_identification:_identify(.) by extensions ['python_setup_py']
[0.364s] Level 1:colcon.colcon_core.package_identification:_identify(.) by extension 'python_setup_py'
[0.365s] Level 1:colcon.colcon_core.package_identification:_identify(build) by extensions ['ignore', 'ignore_ament_install']
[0.365s] Level 1:colcon.colcon_core.package_identification:_identify(build) by extension 'ignore'
[0.365s] Level 1:colcon.colcon_core.package_identification:_identify(build) ignored
[0.365s] Level 1:colcon.colcon_core.package_identification:_identify(install) by extensions ['ignore', 'ignore_ament_install']
[0.365s] Level 1:colcon.colcon_core.package_identification:_identify(install) by extension 'ignore'
[0.365s] Level 1:colcon.colcon_core.package_identification:_identify(install) ignored
[0.366s] Level 1:colcon.colcon_core.package_identification:_identify(log) by extensions ['ignore', 'ignore_ament_install']
[0.366s] Level 1:colcon.colcon_core.package_identification:_identify(log) by extension 'ignore'
[0.366s] Level 1:colcon.colcon_core.package_identification:_identify(log) ignored
[0.366s] Level 1:colcon.colcon_core.package_identification:_identify(src) by extensions ['ignore', 'ignore_ament_install']
[0.366s] Level 1:colcon.colcon_core.package_identification:_identify(src) by extension 'ignore'
[0.366s] Level 1:colcon.colcon_core.package_identification:_identify(src) by extension 'ignore_ament_install'
[0.366s] Level 1:colcon.colcon_core.package_identification:_identify(src) by extensions ['colcon_pkg']
[0.366s] Level 1:colcon.colcon_core.package_identification:_identify(src) by extension 'colcon_pkg'
[0.367s] Level 1:colcon.colcon_core.package_identification:_identify(src) by extensions ['colcon_meta']
[0.367s] Level 1:colcon.colcon_core.package_identification:_identify(src) by extension 'colcon_meta'
[0.367s] Level 1:colcon.colcon_core.package_identification:_identify(src) by extensions ['ros']
[0.367s] Level 1:colcon.colcon_core.package_identification:_identify(src) by extension 'ros'
[0.367s] Level 1:colcon.colcon_core.package_identification:_identify(src) by extensions ['cmake', 'python']
[0.367s] Level 1:colcon.colcon_core.package_identification:_identify(src) by extension 'cmake'
[0.367s] Level 1:colcon.colcon_core.package_identification:_identify(src) by extension 'python'
[0.367s] Level 1:colcon.colcon_core.package_identification:_identify(src) by extensions ['python_setup_py']
[0.367s] Level 1:colcon.colcon_core.package_identification:_identify(src) by extension 'python_setup_py'
[0.367s] Level 1:colcon.colcon_core.package_identification:_identify(src/hello_moveit) by extensions ['ignore', 'ignore_ament_install']
[0.367s] Level 1:colcon.colcon_core.package_identification:_identify(src/hello_moveit) by extension 'ignore'
[0.368s] Level 1:colcon.colcon_core.package_identification:_identify(src/hello_moveit) by extension 'ignore_ament_install'
[0.368s] Level 1:colcon.colcon_core.package_identification:_identify(src/hello_moveit) by extensions ['colcon_pkg']
[0.368s] Level 1:colcon.colcon_core.package_identification:_identify(src/hello_moveit) by extension 'colcon_pkg'
[0.368s] Level 1:colcon.colcon_core.package_identification:_identify(src/hello_moveit) by extensions ['colcon_meta']
[0.368s] Level 1:colcon.colcon_core.package_identification:_identify(src/hello_moveit) by extension 'colcon_meta'
[0.368s] Level 1:colcon.colcon_core.package_identification:_identify(src/hello_moveit) by extensions ['ros']
[0.368s] Level 1:colcon.colcon_core.package_identification:_identify(src/hello_moveit) by extension 'ros'
[0.375s] DEBUG:colcon.colcon_core.package_identification:Package 'src/hello_moveit' with type 'ros.ament_cmake' and name 'hello_moveit'
[0.375s] Level 1:colcon.colcon_core.package_identification:_identify(src/ur5_controller) by extensions ['ignore', 'ignore_ament_install']
[0.375s] Level 1:colcon.colcon_core.package_identification:_identify(src/ur5_controller) by extension 'ignore'
[0.376s] Level 1:colcon.colcon_core.package_identification:_identify(src/ur5_controller) by extension 'ignore_ament_install'
[0.376s] Level 1:colcon.colcon_core.package_identification:_identify(src/ur5_controller) by extensions ['colcon_pkg']
[0.376s] Level 1:colcon.colcon_core.package_identification:_identify(src/ur5_controller) by extension 'colcon_pkg'
[0.376s] Level 1:colcon.colcon_core.package_identification:_identify(src/ur5_controller) by extensions ['colcon_meta']
[0.376s] Level 1:colcon.colcon_core.package_identification:_identify(src/ur5_controller) by extension 'colcon_meta'
[0.376s] Level 1:colcon.colcon_core.package_identification:_identify(src/ur5_controller) by extensions ['ros']
[0.376s] Level 1:colcon.colcon_core.package_identification:_identify(src/ur5_controller) by extension 'ros'
[0.377s] DEBUG:colcon.colcon_core.package_identification:Package 'src/ur5_controller' with type 'ros.ament_cmake' and name 'ur5_controller'
[0.377s] Level 1:colcon.colcon_core.package_identification:_identify(src/ur5_description) by extensions ['ignore', 'ignore_ament_install']
[0.378s] Level 1:colcon.colcon_core.package_identification:_identify(src/ur5_description) by extension 'ignore'
[0.378s] Level 1:colcon.colcon_core.package_identification:_identify(src/ur5_description) by extension 'ignore_ament_install'
[0.378s] Level 1:colcon.colcon_core.package_identification:_identify(src/ur5_description) by extensions ['colcon_pkg']
[0.378s] Level 1:colcon.colcon_core.package_identification:_identify(src/ur5_description) by extension 'colcon_pkg'
[0.378s] Level 1:colcon.colcon_core.package_identification:_identify(src/ur5_description) by extensions ['colcon_meta']
[0.378s] Level 1:colcon.colcon_core.package_identification:_identify(src/ur5_description) by extension 'colcon_meta'
[0.378s] Level 1:colcon.colcon_core.package_identification:_identify(src/ur5_description) by extensions ['ros']
[0.378s] Level 1:colcon.colcon_core.package_identification:_identify(src/ur5_description) by extension 'ros'
[0.379s] DEBUG:colcon.colcon_core.package_identification:Package 'src/ur5_description' with type 'ros.ament_cmake' and name 'ur5_description'
[0.379s] Level 1:colcon.colcon_core.package_identification:_identify(src/ur5_moveit) by extensions ['ignore', 'ignore_ament_install']
[0.379s] Level 1:colcon.colcon_core.package_identification:_identify(src/ur5_moveit) by extension 'ignore'
[0.380s] Level 1:colcon.colcon_core.package_identification:_identify(src/ur5_moveit) by extension 'ignore_ament_install'
[0.380s] Level 1:colcon.colcon_core.package_identification:_identify(src/ur5_moveit) by extensions ['colcon_pkg']
[0.380s] Level 1:colcon.colcon_core.package_identification:_identify(src/ur5_moveit) by extension 'colcon_pkg'
[0.380s] Level 1:colcon.colcon_core.package_identification:_identify(src/ur5_moveit) by extensions ['colcon_meta']
[0.380s] Level 1:colcon.colcon_core.package_identification:_identify(src/ur5_moveit) by extension 'colcon_meta'
[0.380s] Level 1:colcon.colcon_core.package_identification:_identify(src/ur5_moveit) by extensions ['ros']
[0.380s] Level 1:colcon.colcon_core.package_identification:_identify(src/ur5_moveit) by extension 'ros'
[0.382s] DEBUG:colcon.colcon_core.package_identification:Package 'src/ur5_moveit' with type 'ros.ament_python' and name 'ur5_moveit'
[0.382s] Level 1:colcon.colcon_core.package_identification:_identify(src/ur5_moveit_config) by extensions ['ignore', 'ignore_ament_install']
[0.382s] Level 1:colcon.colcon_core.package_identification:_identify(src/ur5_moveit_config) by extension 'ignore'
[0.382s] Level 1:colcon.colcon_core.package_identification:_identify(src/ur5_moveit_config) by extension 'ignore_ament_install'
[0.382s] Level 1:colcon.colcon_core.package_identification:_identify(src/ur5_moveit_config) by extensions ['colcon_pkg']
[0.382s] Level 1:colcon.colcon_core.package_identification:_identify(src/ur5_moveit_config) by extension 'colcon_pkg'
[0.382s] Level 1:colcon.colcon_core.package_identification:_identify(src/ur5_moveit_config) by extensions ['colcon_meta']
[0.382s] Level 1:colcon.colcon_core.package_identification:_identify(src/ur5_moveit_config) by extension 'colcon_meta'
[0.382s] Level 1:colcon.colcon_core.package_identification:_identify(src/ur5_moveit_config) by extensions ['ros']
[0.383s] Level 1:colcon.colcon_core.package_identification:_identify(src/ur5_moveit_config) by extension 'ros'
[0.384s] DEBUG:colcon.colcon_core.package_identification:Package 'src/ur5_moveit_config' with type 'ros.ament_cmake' and name 'ur5_moveit_config'
[0.384s] Level 1:colcon.colcon_core.package_discovery:discover_packages(recursive) using defaults
[0.384s] Level 1:colcon.colcon_core.package_discovery:discover_packages(ignore) discover
[0.384s] Level 1:colcon.colcon_core.package_discovery:discover_packages(ignore) using defaults
[0.384s] Level 1:colcon.colcon_core.package_discovery:discover_packages(path) discover
[0.384s] Level 1:colcon.colcon_core.package_discovery:discover_packages(path) using defaults
[0.420s] Level 1:colcon.colcon_core.package_discovery:discover_packages(prefix_path) check parameters
[0.420s] Level 1:colcon.colcon_core.package_discovery:discover_packages(prefix_path) discover
[0.425s] DEBUG:colcon.colcon_installed_package_information.package_discovery:Found 5 installed packages in /home/abdulrahman/me5250/src/ur5_ws/install
[0.426s] DEBUG:colcon.colcon_installed_package_information.package_discovery:Found 5 installed packages in /home/abdulrahman/ur5_ws/install
[0.427s] DEBUG:colcon.colcon_installed_package_information.package_discovery:Found 15 installed packages in /home/abdulrahman/me5250_ws/install
[0.428s] DEBUG:colcon.colcon_installed_package_information.package_discovery:Found 13 installed packages in /home/abdulrahman/me5250/install
[0.434s] DEBUG:colcon.colcon_installed_package_information.package_discovery:Found 653 installed packages in /opt/ros/jazzy
[0.436s] Level 1:colcon.colcon_core.package_discovery:discover_packages(prefix_path) using defaults
[0.602s] Level 5:colcon.colcon_core.verb:set package 'hello_moveit' build argument 'cmake_args' from command line to 'None'
[0.602s] Level 5:colcon.colcon_core.verb:set package 'hello_moveit' build argument 'cmake_target' from command line to 'None'
[0.602s] Level 5:colcon.colcon_core.verb:set package 'hello_moveit' build argument 'cmake_target_skip_unavailable' from command line to 'False'
[0.602s] Level 5:colcon.colcon_core.verb:set package 'hello_moveit' build argument 'cmake_clean_cache' from command line to 'False'
[0.602s] Level 5:colcon.colcon_core.verb:set package 'hello_moveit' build argument 'cmake_clean_first' from command line to 'False'
[0.602s] Level 5:colcon.colcon_core.verb:set package 'hello_moveit' build argument 'cmake_force_configure' from command line to 'False'
[0.602s] Level 5:colcon.colcon_core.verb:set package 'hello_moveit' build argument 'ament_cmake_args' from command line to 'None'
[0.602s] Level 5:colcon.colcon_core.verb:set package 'hello_moveit' build argument 'catkin_cmake_args' from command line to 'None'
[0.602s] Level 5:colcon.colcon_core.verb:set package 'hello_moveit' build argument 'catkin_skip_building_tests' from command line to 'False'
[0.602s] DEBUG:colcon.colcon_core.verb:Building package 'hello_moveit' with the following arguments: {'ament_cmake_args': None, 'build_base': '/home/abdulrahman/me5250/src/ur5_ws/build/hello_moveit', 'catkin_cmake_args': None, 'catkin_skip_building_tests': False, 'cmake_args': None, 'cmake_clean_cache': False, 'cmake_clean_first': False, 'cmake_force_configure': False, 'cmake_target': None, 'cmake_target_skip_unavailable': False, 'install_base': '/home/abdulrahman/me5250/src/ur5_ws/install/hello_moveit', 'merge_install': False, 'path': '/home/abdulrahman/me5250/src/ur5_ws/src/hello_moveit', 'symlink_install': False, 'test_result_base': None}
[0.603s] Level 5:colcon.colcon_core.verb:set package 'ur5_controller' build argument 'cmake_args' from command line to 'None'
[0.603s] Level 5:colcon.colcon_core.verb:set package 'ur5_controller' build argument 'cmake_target' from command line to 'None'
[0.603s] Level 5:colcon.colcon_core.verb:set package 'ur5_controller' build argument 'cmake_target_skip_unavailable' from command line to 'False'
[0.604s] Level 5:colcon.colcon_core.verb:set package 'ur5_controller' build argument 'cmake_clean_cache' from command line to 'False'
[0.604s] Level 5:colcon.colcon_core.verb:set package 'ur5_controller' build argument 'cmake_clean_first' from command line to 'False'
[0.604s] Level 5:colcon.colcon_core.verb:set package 'ur5_controller' build argument 'cmake_force_configure' from command line to 'False'
[0.604s] Level 5:colcon.colcon_core.verb:set package 'ur5_controller' build argument 'ament_cmake_args' from command line to 'None'
[0.604s] Level 5:colcon.colcon_core.verb:set package 'ur5_controller' build argument 'catkin_cmake_args' from command line to 'None'
[0.604s] Level 5:colcon.colcon_core.verb:set package 'ur5_controller' build argument 'catkin_skip_building_tests' from command line to 'False'
[0.604s] DEBUG:colcon.colcon_core.verb:Building package 'ur5_controller' with the following arguments: {'ament_cmake_args': None, 'build_base': '/home/abdulrahman/me5250/src/ur5_ws/build/ur5_controller', 'catkin_cmake_args': None, 'catkin_skip_building_tests': False, 'cmake_args': None, 'cmake_clean_cache': False, 'cmake_clean_first': False, 'cmake_force_configure': False, 'cmake_target': None, 'cmake_target_skip_unavailable': False, 'install_base': '/home/abdulrahman/me5250/src/ur5_ws/install/ur5_controller', 'merge_install': False, 'path': '/home/abdulrahman/me5250/src/ur5_ws/src/ur5_controller', 'symlink_install': False, 'test_result_base': None}
[0.605s] Level 5:colcon.colcon_core.verb:set package 'ur5_description' build argument 'cmake_args' from command line to 'None'
[0.605s] Level 5:colcon.colcon_core.verb:set package 'ur5_description' build argument 'cmake_target' from command line to 'None'
[0.605s] Level 5:colcon.colcon_core.verb:set package 'ur5_description' build argument 'cmake_target_skip_unavailable' from command line to 'False'
[0.605s] Level 5:colcon.colcon_core.verb:set package 'ur5_description' build argument 'cmake_clean_cache' from command line to 'False'
[0.605s] Level 5:colcon.colcon_core.verb:set package 'ur5_description' build argument 'cmake_clean_first' from command line to 'False'
[0.605s] Level 5:colcon.colcon_core.verb:set package 'ur5_description' build argument 'cmake_force_configure' from command line to 'False'
[0.605s] Level 5:colcon.colcon_core.verb:set package 'ur5_description' build argument 'ament_cmake_args' from command line to 'None'
[0.606s] Level 5:colcon.colcon_core.verb:set package 'ur5_description' build argument 'catkin_cmake_args' from command line to 'None'
[0.606s] Level 5:colcon.colcon_core.verb:set package 'ur5_description' build argument 'catkin_skip_building_tests' from command line to 'False'
[0.606s] DEBUG:colcon.colcon_core.verb:Building package 'ur5_description' with the following arguments: {'ament_cmake_args': None, 'build_base': '/home/abdulrahman/me5250/src/ur5_ws/build/ur5_description', 'catkin_cmake_args': None, 'catkin_skip_building_tests': False, 'cmake_args': None, 'cmake_clean_cache': False, 'cmake_clean_first': False, 'cmake_force_configure': False, 'cmake_target': None, 'cmake_target_skip_unavailable': False, 'install_base': '/home/abdulrahman/me5250/src/ur5_ws/install/ur5_description', 'merge_install': False, 'path': '/home/abdulrahman/me5250/src/ur5_ws/src/ur5_description', 'symlink_install': False, 'test_result_base': None}
[0.607s] Level 5:colcon.colcon_core.verb:set package 'ur5_moveit' build argument 'cmake_args' from command line to 'None'
[0.607s] Level 5:colcon.colcon_core.verb:set package 'ur5_moveit' build argument 'cmake_target' from command line to 'None'
[0.607s] Level 5:colcon.colcon_core.verb:set package 'ur5_moveit' build argument 'cmake_target_skip_unavailable' from command line to 'False'
[0.607s] Level 5:colcon.colcon_core.verb:set package 'ur5_moveit' build argument 'cmake_clean_cache' from command line to 'False'
[0.607s] Level 5:colcon.colcon_core.verb:set package 'ur5_moveit' build argument 'cmake_clean_first' from command line to 'False'
[0.607s] Level 5:colcon.colcon_core.verb:set package 'ur5_moveit' build argument 'cmake_force_configure' from command line to 'False'
[0.607s] Level 5:colcon.colcon_core.verb:set package 'ur5_moveit' build argument 'ament_cmake_args' from command line to 'None'
[0.607s] Level 5:colcon.colcon_core.verb:set package 'ur5_moveit' build argument 'catkin_cmake_args' from command line to 'None'
[0.607s] Level 5:colcon.colcon_core.verb:set package 'ur5_moveit' build argument 'catkin_skip_building_tests' from command line to 'False'
[0.607s] DEBUG:colcon.colcon_core.verb:Building package 'ur5_moveit' with the following arguments: {'ament_cmake_args': None, 'build_base': '/home/abdulrahman/me5250/src/ur5_ws/build/ur5_moveit', 'catkin_cmake_args': None, 'catkin_skip_building_tests': False, 'cmake_args': None, 'cmake_clean_cache': False, 'cmake_clean_first': False, 'cmake_force_configure': False, 'cmake_target': None, 'cmake_target_skip_unavailable': False, 'install_base': '/home/abdulrahman/me5250/src/ur5_ws/install/ur5_moveit', 'merge_install': False, 'path': '/home/abdulrahman/me5250/src/ur5_ws/src/ur5_moveit', 'symlink_install': False, 'test_result_base': None}
[0.608s] Level 5:colcon.colcon_core.verb:set package 'ur5_moveit_config' build argument 'cmake_args' from command line to 'None'
[0.608s] Level 5:colcon.colcon_core.verb:set package 'ur5_moveit_config' build argument 'cmake_target' from command line to 'None'
[0.608s] Level 5:colcon.colcon_core.verb:set package 'ur5_moveit_config' build argument 'cmake_target_skip_unavailable' from command line to 'False'
[0.608s] Level 5:colcon.colcon_core.verb:set package 'ur5_moveit_config' build argument 'cmake_clean_cache' from command line to 'False'
[0.608s] Level 5:colcon.colcon_core.verb:set package 'ur5_moveit_config' build argument 'cmake_clean_first' from command line to 'False'
[0.608s] Level 5:colcon.colcon_core.verb:set package 'ur5_moveit_config' build argument 'cmake_force_configure' from command line to 'False'
[0.608s] Level 5:colcon.colcon_core.verb:set package 'ur5_moveit_config' build argument 'ament_cmake_args' from command line to 'None'
[0.608s] Level 5:colcon.colcon_core.verb:set package 'ur5_moveit_config' build argument 'catkin_cmake_args' from command line to 'None'
[0.608s] Level 5:colcon.colcon_core.verb:set package 'ur5_moveit_config' build argument 'catkin_skip_building_tests' from command line to 'False'
[0.608s] DEBUG:colcon.colcon_core.verb:Building package 'ur5_moveit_config' with the following arguments: {'ament_cmake_args': None, 'build_base': '/home/abdulrahman/me5250/src/ur5_ws/build/ur5_moveit_config', 'catkin_cmake_args': None, 'catkin_skip_building_tests': False, 'cmake_args': None, 'cmake_clean_cache': False, 'cmake_clean_first': False, 'cmake_force_configure': False, 'cmake_target': None, 'cmake_target_skip_unavailable': False, 'install_base': '/home/abdulrahman/me5250/src/ur5_ws/install/ur5_moveit_config', 'merge_install': False, 'path': '/home/abdulrahman/me5250/src/ur5_ws/src/ur5_moveit_config', 'symlink_install': False, 'test_result_base': None}
[0.608s] INFO:colcon.colcon_core.executor:Executing jobs using 'parallel' executor
[0.610s] DEBUG:colcon.colcon_parallel_executor.executor.parallel:run_until_complete
[0.611s] INFO:colcon.colcon_ros.task.ament_cmake.build:Building ROS package in '/home/abdulrahman/me5250/src/ur5_ws/src/ur5_description' with build type 'ament_cmake'
[0.611s] INFO:colcon.colcon_cmake.task.cmake.build:Building CMake package in '/home/abdulrahman/me5250/src/ur5_ws/src/ur5_description'
[0.614s] INFO:colcon.colcon_core.plugin_system:Skipping extension 'colcon_core.shell.bat': Not used on non-Windows systems
[0.615s] INFO:colcon.colcon_core.shell:Skip shell extension 'powershell' for command environment: Not usable outside of PowerShell
[0.615s] DEBUG:colcon.colcon_core.shell:Skip shell extension 'dsv' for command environment
[0.629s] INFO:colcon.colcon_ros.task.ament_cmake.build:Building ROS package in '/home/abdulrahman/me5250/src/ur5_ws/src/hello_moveit' with build type 'ament_cmake'
[0.630s] INFO:colcon.colcon_cmake.task.cmake.build:Building CMake package in '/home/abdulrahman/me5250/src/ur5_ws/src/hello_moveit'
[0.630s] INFO:colcon.colcon_core.shell:Skip shell extension 'powershell' for command environment: Not usable outside of PowerShell
[0.630s] DEBUG:colcon.colcon_core.shell:Skip shell extension 'dsv' for command environment
[0.646s] INFO:colcon.colcon_ros.task.ament_cmake.build:Building ROS package in '/home/abdulrahman/me5250/src/ur5_ws/src/ur5_controller' with build type 'ament_cmake'
[0.646s] INFO:colcon.colcon_cmake.task.cmake.build:Building CMake package in '/home/abdulrahman/me5250/src/ur5_ws/src/ur5_controller'
[0.646s] INFO:colcon.colcon_core.shell:Skip shell extension 'powershell' for command environment: Not usable outside of PowerShell
[0.646s] DEBUG:colcon.colcon_core.shell:Skip shell extension 'dsv' for command environment
[0.662s] INFO:colcon.colcon_ros.task.ament_python.build:Building ROS package in '/home/abdulrahman/me5250/src/ur5_ws/src/ur5_moveit' with build type 'ament_python'
[0.662s] Level 1:colcon.colcon_core.shell:create_environment_hook('ur5_moveit', 'ament_prefix_path')
[0.663s] INFO:colcon.colcon_core.shell:Creating environment hook '/home/abdulrahman/me5250/src/ur5_ws/install/ur5_moveit/share/ur5_moveit/hook/ament_prefix_path.ps1'
[0.664s] INFO:colcon.colcon_core.shell:Creating environment descriptor '/home/abdulrahman/me5250/src/ur5_ws/install/ur5_moveit/share/ur5_moveit/hook/ament_prefix_path.dsv'
[0.665s] INFO:colcon.colcon_core.shell:Creating environment hook '/home/abdulrahman/me5250/src/ur5_ws/install/ur5_moveit/share/ur5_moveit/hook/ament_prefix_path.sh'
[0.667s] INFO:colcon.colcon_core.shell:Skip shell extension 'powershell' for command environment: Not usable outside of PowerShell
[0.667s] DEBUG:colcon.colcon_core.shell:Skip shell extension 'dsv' for command environment
[0.689s] DEBUG:colcon.colcon_core.event_handler.log_command:Invoking command in '/home/abdulrahman/me5250/src/ur5_ws/build/ur5_description': CMAKE_PREFIX_PATH=${CMAKE_PREFIX_PATH}:/home/abdulrahman/me5250/src/ur5_ws/install/ur5_moveit:/home/abdulrahman/me5250_ws/install/ur_gazebo_demo:/home/abdulrahman/me5250/install/ur_gazebo_demo:/home/abdulrahman/me5250/install/reactive_replanning:/opt/ros/jazzy DEBUGINFOD_URLS=https://debuginfod.ubuntu.com /usr/bin/cmake --build /home/abdulrahman/me5250/src/ur5_ws/build/ur5_description -- -j16 -l16
[0.697s] DEBUG:colcon.colcon_core.event_handler.log_command:Invoking command in '/home/abdulrahman/me5250/src/ur5_ws/build/hello_moveit': CMAKE_PREFIX_PATH=${CMAKE_PREFIX_PATH}:/home/abdulrahman/me5250/src/ur5_ws/install/ur5_moveit:/home/abdulrahman/me5250_ws/install/ur_gazebo_demo:/home/abdulrahman/me5250/install/ur_gazebo_demo:/home/abdulrahman/me5250/install/reactive_replanning:/opt/ros/jazzy DEBUGINFOD_URLS=https://debuginfod.ubuntu.com /usr/bin/cmake --build /home/abdulrahman/me5250/src/ur5_ws/build/hello_moveit -- -j16 -l16
[0.701s] DEBUG:colcon.colcon_core.event_handler.log_command:Invoking command in '/home/abdulrahman/me5250/src/ur5_ws/build/ur5_controller': CMAKE_PREFIX_PATH=${CMAKE_PREFIX_PATH}:/home/abdulrahman/me5250/src/ur5_ws/install/ur5_moveit:/home/abdulrahman/me5250_ws/install/ur_gazebo_demo:/home/abdulrahman/me5250/install/ur_gazebo_demo:/home/abdulrahman/me5250/install/reactive_replanning:/opt/ros/jazzy DEBUGINFOD_URLS=https://debuginfod.ubuntu.com /usr/bin/cmake --build /home/abdulrahman/me5250/src/ur5_ws/build/ur5_controller -- -j16 -l16
[1.228s] INFO:colcon.colcon_core.task.python.build:Building Python package in '/home/abdulrahman/me5250/src/ur5_ws/src/ur5_moveit'
[1.229s] INFO:colcon.colcon_core.shell:Skip shell extension 'powershell' for command environment: Not usable outside of PowerShell
[1.229s] DEBUG:colcon.colcon_core.shell:Skip shell extension 'dsv' for command environment
[1.246s] DEBUG:colcon.colcon_core.event_handler.log_command:Invoked command in '/home/abdulrahman/me5250/src/ur5_ws/build/ur5_description' returned '0': CMAKE_PREFIX_PATH=${CMAKE_PREFIX_PATH}:/home/abdulrahman/me5250/src/ur5_ws/install/ur5_moveit:/home/abdulrahman/me5250_ws/install/ur_gazebo_demo:/home/abdulrahman/me5250/install/ur_gazebo_demo:/home/abdulrahman/me5250/install/reactive_replanning:/opt/ros/jazzy DEBUGINFOD_URLS=https://debuginfod.ubuntu.com /usr/bin/cmake --build /home/abdulrahman/me5250/src/ur5_ws/build/ur5_description -- -j16 -l16
[1.265s] DEBUG:colcon.colcon_core.event_handler.log_command:Invoking command in '/home/abdulrahman/me5250/src/ur5_ws/build/ur5_description': CMAKE_PREFIX_PATH=${CMAKE_PREFIX_PATH}:/home/abdulrahman/me5250/src/ur5_ws/install/ur5_moveit:/home/abdulrahman/me5250_ws/install/ur_gazebo_demo:/home/abdulrahman/me5250/install/ur_gazebo_demo:/home/abdulrahman/me5250/install/reactive_replanning:/opt/ros/jazzy DEBUGINFOD_URLS=https://debuginfod.ubuntu.com /usr/bin/cmake --install /home/abdulrahman/me5250/src/ur5_ws/build/ur5_description
[1.267s] DEBUG:colcon.colcon_core.event_handler.log_command:Invoked command in '/home/abdulrahman/me5250/src/ur5_ws/build/ur5_controller' returned '0': CMAKE_PREFIX_PATH=${CMAKE_PREFIX_PATH}:/home/abdulrahman/me5250/src/ur5_ws/install/ur5_moveit:/home/abdulrahman/me5250_ws/install/ur_gazebo_demo:/home/abdulrahman/me5250/install/ur_gazebo_demo:/home/abdulrahman/me5250/install/reactive_replanning:/opt/ros/jazzy DEBUGINFOD_URLS=https://debuginfod.ubuntu.com /usr/bin/cmake --build /home/abdulrahman/me5250/src/ur5_ws/build/ur5_controller -- -j16 -l16
[1.269s] DEBUG:colcon.colcon_core.event_handler.log_command:Invoking command in '/home/abdulrahman/me5250/src/ur5_ws/build/ur5_controller': CMAKE_PREFIX_PATH=${CMAKE_PREFIX_PATH}:/home/abdulrahman/me5250/src/ur5_ws/install/ur5_moveit:/home/abdulrahman/me5250_ws/install/ur_gazebo_demo:/home/abdulrahman/me5250/install/ur_gazebo_demo:/home/abdulrahman/me5250/install/reactive_replanning:/opt/ros/jazzy DEBUGINFOD_URLS=https://debuginfod.ubuntu.com /usr/bin/cmake --install /home/abdulrahman/me5250/src/ur5_ws/build/ur5_controller
[1.270s] DEBUG:colcon.colcon_core.event_handler.log_command:Invoked command in '/home/abdulrahman/me5250/src/ur5_ws/build/hello_moveit' returned '0': CMAKE_PREFIX_PATH=${CMAKE_PREFIX_PATH}:/home/abdulrahman/me5250/src/ur5_ws/install/ur5_moveit:/home/abdulrahman/me5250_ws/install/ur_gazebo_demo:/home/abdulrahman/me5250/install/ur_gazebo_demo:/home/abdulrahman/me5250/install/reactive_replanning:/opt/ros/jazzy DEBUGINFOD_URLS=https://debuginfod.ubuntu.com /usr/bin/cmake --build /home/abdulrahman/me5250/src/ur5_ws/build/hello_moveit -- -j16 -l16
[1.272s] DEBUG:colcon.colcon_core.event_handler.log_command:Invoking command in '/home/abdulrahman/me5250/src/ur5_ws/build/hello_moveit': CMAKE_PREFIX_PATH=${CMAKE_PREFIX_PATH}:/home/abdulrahman/me5250/src/ur5_ws/install/ur5_moveit:/home/abdulrahman/me5250_ws/install/ur_gazebo_demo:/home/abdulrahman/me5250/install/ur_gazebo_demo:/home/abdulrahman/me5250/install/reactive_replanning:/opt/ros/jazzy DEBUGINFOD_URLS=https://debuginfod.ubuntu.com /usr/bin/cmake --install /home/abdulrahman/me5250/src/ur5_ws/build/hello_moveit
[1.295s] Level 1:colcon.colcon_core.environment:create_environment_scripts_only(ur5_description)
[1.296s] DEBUG:colcon.colcon_core.event_handler.log_command:Invoked command in '/home/abdulrahman/me5250/src/ur5_ws/build/ur5_description' returned '0': CMAKE_PREFIX_PATH=${CMAKE_PREFIX_PATH}:/home/abdulrahman/me5250/src/ur5_ws/install/ur5_moveit:/home/abdulrahman/me5250_ws/install/ur_gazebo_demo:/home/abdulrahman/me5250/install/ur_gazebo_demo:/home/abdulrahman/me5250/install/reactive_replanning:/opt/ros/jazzy DEBUGINFOD_URLS=https://debuginfod.ubuntu.com /usr/bin/cmake --install /home/abdulrahman/me5250/src/ur5_ws/build/ur5_description
[1.301s] Level 1:colcon.colcon_core.environment:checking '/home/abdulrahman/me5250/src/ur5_ws/install/ur5_description' for CMake module files
[1.303s] Level 1:colcon.colcon_core.environment:checking '/home/abdulrahman/me5250/src/ur5_ws/install/ur5_description' for CMake config files
[1.303s] Level 1:colcon.colcon_core.shell:create_environment_hook('ur5_description', 'cmake_prefix_path')
[1.304s] INFO:colcon.colcon_core.shell:Creating environment hook '/home/abdulrahman/me5250/src/ur5_ws/install/ur5_description/share/ur5_description/hook/cmake_prefix_path.ps1'
[1.305s] INFO:colcon.colcon_core.shell:Creating environment descriptor '/home/abdulrahman/me5250/src/ur5_ws/install/ur5_description/share/ur5_description/hook/cmake_prefix_path.dsv'
[1.305s] INFO:colcon.colcon_core.shell:Creating environment hook '/home/abdulrahman/me5250/src/ur5_ws/install/ur5_description/share/ur5_description/hook/cmake_prefix_path.sh'
[1.307s] Level 1:colcon.colcon_core.environment:checking '/home/abdulrahman/me5250/src/ur5_ws/install/ur5_description/bin'
[1.307s] Level 1:colcon.colcon_core.environment:checking '/home/abdulrahman/me5250/src/ur5_ws/install/ur5_description/lib/pkgconfig/ur5_description.pc'
[1.308s] Level 1:colcon.colcon_core.environment:checking '/home/abdulrahman/me5250/src/ur5_ws/install/ur5_description/lib/python3.12/site-packages'
[1.309s] Level 1:colcon.colcon_core.environment:checking '/home/abdulrahman/me5250/src/ur5_ws/install/ur5_description/bin'
[1.309s] INFO:colcon.colcon_core.shell:Creating package script '/home/abdulrahman/me5250/src/ur5_ws/install/ur5_description/share/ur5_description/package.ps1'
[1.311s] INFO:colcon.colcon_core.shell:Creating package descriptor '/home/abdulrahman/me5250/src/ur5_ws/install/ur5_description/share/ur5_description/package.dsv'
[1.313s] INFO:colcon.colcon_core.shell:Creating package script '/home/abdulrahman/me5250/src/ur5_ws/install/ur5_description/share/ur5_description/package.sh'
[1.314s] INFO:colcon.colcon_core.shell:Creating package script '/home/abdulrahman/me5250/src/ur5_ws/install/ur5_description/share/ur5_description/package.bash'
[1.315s] INFO:colcon.colcon_core.shell:Creating package script '/home/abdulrahman/me5250/src/ur5_ws/install/ur5_description/share/ur5_description/package.zsh'
[1.317s] Level 1:colcon.colcon_core.environment:create_file_with_runtime_dependencies(/home/abdulrahman/me5250/src/ur5_ws/install/ur5_description/share/colcon-core/packages/ur5_description)
[1.318s] Level 1:colcon.colcon_core.environment:create_environment_scripts_only(ur5_description)
[1.319s] Level 1:colcon.colcon_core.environment:checking '/home/abdulrahman/me5250/src/ur5_ws/install/ur5_description' for CMake module files
[1.320s] Level 1:colcon.colcon_core.environment:checking '/home/abdulrahman/me5250/src/ur5_ws/install/ur5_description' for CMake config files
[1.321s] Level 1:colcon.colcon_core.shell:create_environment_hook('ur5_description', 'cmake_prefix_path')
[1.322s] INFO:colcon.colcon_core.shell:Creating environment hook '/home/abdulrahman/me5250/src/ur5_ws/install/ur5_description/share/ur5_description/hook/cmake_prefix_path.ps1'
[1.323s] INFO:colcon.colcon_core.shell:Creating environment descriptor '/home/abdulrahman/me5250/src/ur5_ws/install/ur5_description/share/ur5_description/hook/cmake_prefix_path.dsv'
[1.323s] INFO:colcon.colcon_core.shell:Creating environment hook '/home/abdulrahman/me5250/src/ur5_ws/install/ur5_description/share/ur5_description/hook/cmake_prefix_path.sh'
[1.324s] Level 1:colcon.colcon_core.environment:checking '/home/abdulrahman/me5250/src/ur5_ws/install/ur5_description/bin'
[1.324s] Level 1:colcon.colcon_core.environment:checking '/home/abdulrahman/me5250/src/ur5_ws/install/ur5_description/lib/pkgconfig/ur5_description.pc'
[1.325s] Level 1:colcon.colcon_core.environment:checking '/home/abdulrahman/me5250/src/ur5_ws/install/ur5_description/lib/python3.12/site-packages'
[1.326s] Level 1:colcon.colcon_core.environment:checking '/home/abdulrahman/me5250/src/ur5_ws/install/ur5_description/bin'
[1.326s] INFO:colcon.colcon_core.shell:Creating package script '/home/abdulrahman/me5250/src/ur5_ws/install/ur5_description/share/ur5_description/package.ps1'
[1.328s] INFO:colcon.colcon_core.shell:Creating package descriptor '/home/abdulrahman/me5250/src/ur5_ws/install/ur5_description/share/ur5_description/package.dsv'
[1.329s] INFO:colcon.colcon_core.shell:Creating package script '/home/abdulrahman/me5250/src/ur5_ws/install/ur5_description/share/ur5_description/package.sh'
[1.329s] INFO:colcon.colcon_core.shell:Creating package script '/home/abdulrahman/me5250/src/ur5_ws/install/ur5_description/share/ur5_description/package.bash'
[1.330s] INFO:colcon.colcon_core.shell:Creating package script '/home/abdulrahman/me5250/src/ur5_ws/install/ur5_description/share/ur5_description/package.zsh'
[1.330s] Level 1:colcon.colcon_core.environment:create_file_with_runtime_dependencies(/home/abdulrahman/me5250/src/ur5_ws/install/ur5_description/share/colcon-core/packages/ur5_description)
[1.331s] Level 1:colcon.colcon_core.environment:create_environment_scripts_only(ur5_controller)
[1.331s] Level 1:colcon.colcon_core.environment:checking '/home/abdulrahman/me5250/src/ur5_ws/install/ur5_controller' for CMake module files
[1.333s] Level 1:colcon.colcon_core.environment:checking '/home/abdulrahman/me5250/src/ur5_ws/install/ur5_controller' for CMake config files
[1.334s] DEBUG:colcon.colcon_core.event_handler.log_command:Invoked command in '/home/abdulrahman/me5250/src/ur5_ws/build/ur5_controller' returned '0': CMAKE_PREFIX_PATH=${CMAKE_PREFIX_PATH}:/home/abdulrahman/me5250/src/ur5_ws/install/ur5_moveit:/home/abdulrahman/me5250_ws/install/ur_gazebo_demo:/home/abdulrahman/me5250/install/ur_gazebo_demo:/home/abdulrahman/me5250/install/reactive_replanning:/opt/ros/jazzy DEBUGINFOD_URLS=https://debuginfod.ubuntu.com /usr/bin/cmake --install /home/abdulrahman/me5250/src/ur5_ws/build/ur5_controller
[1.334s] Level 1:colcon.colcon_core.shell:create_environment_hook('ur5_controller', 'cmake_prefix_path')
[1.334s] INFO:colcon.colcon_core.shell:Creating environment hook '/home/abdulrahman/me5250/src/ur5_ws/install/ur5_controller/share/ur5_controller/hook/cmake_prefix_path.ps1'
[1.335s] INFO:colcon.colcon_core.shell:Creating environment descriptor '/home/abdulrahman/me5250/src/ur5_ws/install/ur5_controller/share/ur5_controller/hook/cmake_prefix_path.dsv'
[1.336s] INFO:colcon.colcon_core.shell:Creating environment hook '/home/abdulrahman/me5250/src/ur5_ws/install/ur5_controller/share/ur5_controller/hook/cmake_prefix_path.sh'
[1.337s] Level 1:colcon.colcon_core.environment:checking '/home/abdulrahman/me5250/src/ur5_ws/install/ur5_controller/bin'
[1.337s] Level 1:colcon.colcon_core.environment:checking '/home/abdulrahman/me5250/src/ur5_ws/install/ur5_controller/lib/pkgconfig/ur5_controller.pc'
[1.337s] Level 1:colcon.colcon_core.environment:checking '/home/abdulrahman/me5250/src/ur5_ws/install/ur5_controller/lib/python3.12/site-packages'
[1.338s] Level 1:colcon.colcon_core.environment:checking '/home/abdulrahman/me5250/src/ur5_ws/install/ur5_controller/bin'
[1.339s] INFO:colcon.colcon_core.shell:Creating package script '/home/abdulrahman/me5250/src/ur5_ws/install/ur5_controller/share/ur5_controller/package.ps1'
[1.339s] INFO:colcon.colcon_core.shell:Creating package descriptor '/home/abdulrahman/me5250/src/ur5_ws/install/ur5_controller/share/ur5_controller/package.dsv'
[1.340s] INFO:colcon.colcon_core.shell:Creating package script '/home/abdulrahman/me5250/src/ur5_ws/install/ur5_controller/share/ur5_controller/package.sh'
[1.341s] INFO:colcon.colcon_core.shell:Creating package script '/home/abdulrahman/me5250/src/ur5_ws/install/ur5_controller/share/ur5_controller/package.bash'
[1.341s] INFO:colcon.colcon_core.shell:Creating package script '/home/abdulrahman/me5250/src/ur5_ws/install/ur5_controller/share/ur5_controller/package.zsh'
[1.342s] Level 1:colcon.colcon_core.environment:create_file_with_runtime_dependencies(/home/abdulrahman/me5250/src/ur5_ws/install/ur5_controller/share/colcon-core/packages/ur5_controller)
[1.343s] Level 1:colcon.colcon_core.environment:create_environment_scripts_only(ur5_controller)
[1.343s] Level 1:colcon.colcon_core.environment:checking '/home/abdulrahman/me5250/src/ur5_ws/install/ur5_controller' for CMake module files
[1.344s] Level 1:colcon.colcon_core.environment:checking '/home/abdulrahman/me5250/src/ur5_ws/install/ur5_controller' for CMake config files
[1.344s] Level 1:colcon.colcon_core.shell:create_environment_hook('ur5_controller', 'cmake_prefix_path')
[1.344s] INFO:colcon.colcon_core.shell:Creating environment hook '/home/abdulrahman/me5250/src/ur5_ws/install/ur5_controller/share/ur5_controller/hook/cmake_prefix_path.ps1'
[1.345s] INFO:colcon.colcon_core.shell:Creating environment descriptor '/home/abdulrahman/me5250/src/ur5_ws/install/ur5_controller/share/ur5_controller/hook/cmake_prefix_path.dsv'
[1.345s] INFO:colcon.colcon_core.shell:Creating environment hook '/home/abdulrahman/me5250/src/ur5_ws/install/ur5_controller/share/ur5_controller/hook/cmake_prefix_path.sh'
[1.346s] Level 1:colcon.colcon_core.environment:checking '/home/abdulrahman/me5250/src/ur5_ws/install/ur5_controller/bin'
[1.347s] Level 1:colcon.colcon_core.environment:checking '/home/abdulrahman/me5250/src/ur5_ws/install/ur5_controller/lib/pkgconfig/ur5_controller.pc'
[1.347s] Level 1:colcon.colcon_core.environment:checking '/home/abdulrahman/me5250/src/ur5_ws/install/ur5_controller/lib/python3.12/site-packages'
[1.348s] Level 1:colcon.colcon_core.environment:checking '/home/abdulrahman/me5250/src/ur5_ws/install/ur5_controller/bin'
[1.348s] INFO:colcon.colcon_core.shell:Creating package script '/home/abdulrahman/me5250/src/ur5_ws/install/ur5_controller/share/ur5_controller/package.ps1'
[1.349s] INFO:colcon.colcon_core.shell:Creating package descriptor '/home/abdulrahman/me5250/src/ur5_ws/install/ur5_controller/share/ur5_controller/package.dsv'
[1.350s] INFO:colcon.colcon_core.shell:Creating package script '/home/abdulrahman/me5250/src/ur5_ws/install/ur5_controller/share/ur5_controller/package.sh'
[1.350s] INFO:colcon.colcon_core.shell:Creating package script '/home/abdulrahman/me5250/src/ur5_ws/install/ur5_controller/share/ur5_controller/package.bash'
[1.351s] INFO:colcon.colcon_core.shell:Creating package script '/home/abdulrahman/me5250/src/ur5_ws/install/ur5_controller/share/ur5_controller/package.zsh'
[1.351s] Level 1:colcon.colcon_core.environment:create_file_with_runtime_dependencies(/home/abdulrahman/me5250/src/ur5_ws/install/ur5_controller/share/colcon-core/packages/ur5_controller)
[1.352s] INFO:colcon.colcon_ros.task.ament_cmake.build:Building ROS package in '/home/abdulrahman/me5250/src/ur5_ws/src/ur5_moveit_config' with build type 'ament_cmake'
[1.352s] INFO:colcon.colcon_cmake.task.cmake.build:Building CMake package in '/home/abdulrahman/me5250/src/ur5_ws/src/ur5_moveit_config'
[1.352s] INFO:colcon.colcon_core.shell:Skip shell extension 'powershell' for command environment: Not usable outside of PowerShell
[1.353s] DEBUG:colcon.colcon_core.shell:Skip shell extension 'dsv' for command environment
[1.370s] Level 1:colcon.colcon_core.environment:create_environment_scripts_only(hello_moveit)
[1.370s] Level 1:colcon.colcon_core.environment:checking '/home/abdulrahman/me5250/src/ur5_ws/install/hello_moveit' for CMake module files
[1.371s] DEBUG:colcon.colcon_core.event_handler.log_command:Invoked command in '/home/abdulrahman/me5250/src/ur5_ws/build/hello_moveit' returned '0': CMAKE_PREFIX_PATH=${CMAKE_PREFIX_PATH}:/home/abdulrahman/me5250/src/ur5_ws/install/ur5_moveit:/home/abdulrahman/me5250_ws/install/ur_gazebo_demo:/home/abdulrahman/me5250/install/ur_gazebo_demo:/home/abdulrahman/me5250/install/reactive_replanning:/opt/ros/jazzy DEBUGINFOD_URLS=https://debuginfod.ubuntu.com /usr/bin/cmake --install /home/abdulrahman/me5250/src/ur5_ws/build/hello_moveit
[1.372s] Level 1:colcon.colcon_core.environment:checking '/home/abdulrahman/me5250/src/ur5_ws/install/hello_moveit' for CMake config files
[1.372s] Level 1:colcon.colcon_core.shell:create_environment_hook('hello_moveit', 'cmake_prefix_path')
[1.372s] INFO:colcon.colcon_core.shell:Creating environment hook '/home/abdulrahman/me5250/src/ur5_ws/install/hello_moveit/share/hello_moveit/hook/cmake_prefix_path.ps1'
[1.373s] INFO:colcon.colcon_core.shell:Creating environment descriptor '/home/abdulrahman/me5250/src/ur5_ws/install/hello_moveit/share/hello_moveit/hook/cmake_prefix_path.dsv'
[1.374s] INFO:colcon.colcon_core.shell:Creating environment hook '/home/abdulrahman/me5250/src/ur5_ws/install/hello_moveit/share/hello_moveit/hook/cmake_prefix_path.sh'
[1.375s] Level 1:colcon.colcon_core.environment:checking '/home/abdulrahman/me5250/src/ur5_ws/install/hello_moveit/lib'
[1.375s] Level 1:colcon.colcon_core.environment:checking '/home/abdulrahman/me5250/src/ur5_ws/install/hello_moveit/bin'
[1.375s] Level 1:colcon.colcon_core.environment:checking '/home/abdulrahman/me5250/src/ur5_ws/install/hello_moveit/lib/pkgconfig/hello_moveit.pc'
[1.376s] Level 1:colcon.colcon_core.environment:checking '/home/abdulrahman/me5250/src/ur5_ws/install/hello_moveit/lib/python3.12/site-packages'
[1.376s] Level 1:colcon.colcon_core.environment:checking '/home/abdulrahman/me5250/src/ur5_ws/install/hello_moveit/bin'
[1.377s] INFO:colcon.colcon_core.shell:Creating package script '/home/abdulrahman/me5250/src/ur5_ws/install/hello_moveit/share/hello_moveit/package.ps1'
[1.378s] INFO:colcon.colcon_core.shell:Creating package descriptor '/home/abdulrahman/me5250/src/ur5_ws/install/hello_moveit/share/hello_moveit/package.dsv'
[1.379s] INFO:colcon.colcon_core.shell:Creating package script '/home/abdulrahman/me5250/src/ur5_ws/install/hello_moveit/share/hello_moveit/package.sh'
[1.380s] INFO:colcon.colcon_core.shell:Creating package script '/home/abdulrahman/me5250/src/ur5_ws/install/hello_moveit/share/hello_moveit/package.bash'
[1.380s] INFO:colcon.colcon_core.shell:Creating package script '/home/abdulrahman/me5250/src/ur5_ws/install/hello_moveit/share/hello_moveit/package.zsh'
[1.381s] Level 1:colcon.colcon_core.environment:create_file_with_runtime_dependencies(/home/abdulrahman/me5250/src/ur5_ws/install/hello_moveit/share/colcon-core/packages/hello_moveit)
[1.382s] Level 1:colcon.colcon_core.environment:create_environment_scripts_only(hello_moveit)
[1.383s] Level 1:colcon.colcon_core.environment:checking '/home/abdulrahman/me5250/src/ur5_ws/install/hello_moveit' for CMake module files
[1.384s] Level 1:colcon.colcon_core.environment:checking '/home/abdulrahman/me5250/src/ur5_ws/install/hello_moveit' for CMake config files
[1.384s] Level 1:colcon.colcon_core.shell:create_environment_hook('hello_moveit', 'cmake_prefix_path')
[1.385s] INFO:colcon.colcon_core.shell:Creating environment hook '/home/abdulrahman/me5250/src/ur5_ws/install/hello_moveit/share/hello_moveit/hook/cmake_prefix_path.ps1'
[1.385s] INFO:colcon.colcon_core.shell:Creating environment descriptor '/home/abdulrahman/me5250/src/ur5_ws/install/hello_moveit/share/hello_moveit/hook/cmake_prefix_path.dsv'
[1.386s] INFO:colcon.colcon_core.shell:Creating environment hook '/home/abdulrahman/me5250/src/ur5_ws/install/hello_moveit/share/hello_moveit/hook/cmake_prefix_path.sh'
[1.387s] Level 1:colcon.colcon_core.environment:checking '/home/abdulrahman/me5250/src/ur5_ws/install/hello_moveit/lib'
[1.387s] Level 1:colcon.colcon_core.environment:checking '/home/abdulrahman/me5250/src/ur5_ws/install/hello_moveit/bin'
[1.387s] Level 1:colcon.colcon_core.environment:checking '/home/abdulrahman/me5250/src/ur5_ws/install/hello_moveit/lib/pkgconfig/hello_moveit.pc'
[1.387s] Level 1:colcon.colcon_core.environment:checking '/home/abdulrahman/me5250/src/ur5_ws/install/hello_moveit/lib/python3.12/site-packages'
[1.388s] Level 1:colcon.colcon_core.environment:checking '/home/abdulrahman/me5250/src/ur5_ws/install/hello_moveit/bin'
[1.388s] INFO:colcon.colcon_core.shell:Creating package script '/home/abdulrahman/me5250/src/ur5_ws/install/hello_moveit/share/hello_moveit/package.ps1'
[1.389s] INFO:colcon.colcon_core.shell:Creating package descriptor '/home/abdulrahman/me5250/src/ur5_ws/install/hello_moveit/share/hello_moveit/package.dsv'
[1.390s] INFO:colcon.colcon_core.shell:Creating package script '/home/abdulrahman/me5250/src/ur5_ws/install/hello_moveit/share/hello_moveit/package.sh'
[1.390s] INFO:colcon.colcon_core.shell:Creating package script '/home/abdulrahman/me5250/src/ur5_ws/install/hello_moveit/share/hello_moveit/package.bash'
[1.391s] INFO:colcon.colcon_core.shell:Creating package script '/home/abdulrahman/me5250/src/ur5_ws/install/hello_moveit/share/hello_moveit/package.zsh'
[1.392s] Level 1:colcon.colcon_core.environment:create_file_with_runtime_dependencies(/home/abdulrahman/me5250/src/ur5_ws/install/hello_moveit/share/colcon-core/packages/hello_moveit)
[1.398s] DEBUG:colcon.colcon_core.event_handler.log_command:Invoking command in '/home/abdulrahman/me5250/src/ur5_ws/build/ur5_moveit_config': CMAKE_PREFIX_PATH=/home/abdulrahman/me5250/src/ur5_ws/install/ur5_description:/home/abdulrahman/me5250/src/ur5_ws/install/ur5_moveit_config:/home/abdulrahman/me5250/src/ur5_ws/install/ur5_controller:/home/abdulrahman/me5250/src/ur5_ws/install/hello_moveit:/home/abdulrahman/ur5_ws/install/ur5_moveit_config:/home/abdulrahman/ur5_ws/install/ur5_moveit:/home/abdulrahman/ur5_ws/install/ur5_description:/home/abdulrahman/ur5_ws/install/ur5_controller:/home/abdulrahman/ur5_ws/install/hello_moveit:/home/abdulrahman/me5250_ws/install/ur_robotiq_moveit_config:/home/abdulrahman/me5250_ws/install/ur_robotiq_description:/home/abdulrahman/me5250_ws/install/ur_robotiq_bringup:/home/abdulrahman/me5250_ws/install/ur_interfaces:/home/abdulrahman/me5250_ws/install/ur_gazebo:/home/abdulrahman/me5250_ws/install/ur10e_robotiq_moveit_config:/home/abdulrahman/me5250_ws/install/ur10e_robotiq_cell:/home/abdulrahman/me5250_ws/install/ur_description:/home/abdulrahman/me5250_ws/install/robotiq_hardware_tests:/home/abdulrahman/me5250_ws/install/robotiq_driver:/home/abdulrahman/me5250_ws/install/serial:/home/abdulrahman/me5250_ws/install/robotiq_description:/home/abdulrahman/me5250_ws/install/robotiq_controllers:/home/abdulrahman/me5250_ws/install/robotiq_2f_85_gripper_visualization:/home/abdulrahman/me5250/install/ur_robotiq_moveit_config:/home/abdulrahman/me5250/install/ur_robotiq_description:/home/abdulrahman/me5250/install/ur_interfaces:/home/abdulrahman/me5250/install/ur_gazebo:/home/abdulrahman/me5250/install/ur_description:/home/abdulrahman/me5250/install/robotiq_hardware_tests:/home/abdulrahman/me5250/install/robotiq_driver:/home/abdulrahman/me5250/install/serial:/home/abdulrahman/me5250/install/robotiq_description:/home/abdulrahman/me5250/install/robotiq_controllers:/home/abdulrahman/me5250/install/robotiq_2f_85_gripper_visualization:/opt/ros/jazzy/opt/gz_sim_vendor:/opt/ros/jazzy/opt/gz_sensors_vendor:/opt/ros/jazzy/opt/gz_physics_vendor:/opt/ros/jazzy/opt/sdformat_vendor:/opt/ros/jazzy/opt/gz_gui_vendor:/opt/ros/jazzy/opt/gz_transport_vendor:/opt/ros/jazzy/opt/gz_rendering_vendor:/opt/ros/jazzy/opt/gz_plugin_vendor:/opt/ros/jazzy/opt/gz_fuel_tools_vendor:/opt/ros/jazzy/opt/gz_msgs_vendor:/opt/ros/jazzy/opt/gz_common_vendor:/opt/ros/jazzy/opt/gz_math_vendor:/opt/ros/jazzy/opt/gz_utils_vendor:/opt/ros/jazzy/opt/gz_tools_vendor:/opt/ros/jazzy/opt/gz_ogre_next_vendor:/opt/ros/jazzy/opt/gz_dartsim_vendor:/opt/ros/jazzy/opt/gz_cmake_vendor:/home/abdulrahman/me5250/src/ur5_ws/install/ur5_moveit:/home/abdulrahman/me5250_ws/install/ur_gazebo_demo:/home/abdulrahman/me5250/install/ur_gazebo_demo:/home/abdulrahman/me5250/install/reactive_replanning:/opt/ros/jazzy DEBUGINFOD_URLS=https://debuginfod.ubuntu.com /usr/bin/cmake --build /home/abdulrahman/me5250/src/ur5_ws/build/ur5_moveit_config -- -j16 -l16
[1.481s] DEBUG:colcon.colcon_core.event_handler.log_command:Invoked command in '/home/abdulrahman/me5250/src/ur5_ws/build/ur5_moveit_config' returned '0': CMAKE_PREFIX_PATH=/home/abdulrahman/me5250/src/ur5_ws/install/ur5_description:/home/abdulrahman/me5250/src/ur5_ws/install/ur5_moveit_config:/home/abdulrahman/me5250/src/ur5_ws/install/ur5_controller:/home/abdulrahman/me5250/src/ur5_ws/install/hello_moveit:/home/abdulrahman/ur5_ws/install/ur5_moveit_config:/home/abdulrahman/ur5_ws/install/ur5_moveit:/home/abdulrahman/ur5_ws/install/ur5_description:/home/abdulrahman/ur5_ws/install/ur5_controller:/home/abdulrahman/ur5_ws/install/hello_moveit:/home/abdulrahman/me5250_ws/install/ur_robotiq_moveit_config:/home/abdulrahman/me5250_ws/install/ur_robotiq_description:/home/abdulrahman/me5250_ws/install/ur_robotiq_bringup:/home/abdulrahman/me5250_ws/install/ur_interfaces:/home/abdulrahman/me5250_ws/install/ur_gazebo:/home/abdulrahman/me5250_ws/install/ur10e_robotiq_moveit_config:/home/abdulrahman/me5250_ws/install/ur10e_robotiq_cell:/home/abdulrahman/me5250_ws/install/ur_description:/home/abdulrahman/me5250_ws/install/robotiq_hardware_tests:/home/abdulrahman/me5250_ws/install/robotiq_driver:/home/abdulrahman/me5250_ws/install/serial:/home/abdulrahman/me5250_ws/install/robotiq_description:/home/abdulrahman/me5250_ws/install/robotiq_controllers:/home/abdulrahman/me5250_ws/install/robotiq_2f_85_gripper_visualization:/home/abdulrahman/me5250/install/ur_robotiq_moveit_config:/home/abdulrahman/me5250/install/ur_robotiq_description:/home/abdulrahman/me5250/install/ur_interfaces:/home/abdulrahman/me5250/install/ur_gazebo:/home/abdulrahman/me5250/install/ur_description:/home/abdulrahman/me5250/install/robotiq_hardware_tests:/home/abdulrahman/me5250/install/robotiq_driver:/home/abdulrahman/me5250/install/serial:/home/abdulrahman/me5250/install/robotiq_description:/home/abdulrahman/me5250/install/robotiq_controllers:/home/abdulrahman/me5250/install/robotiq_2f_85_gripper_visualization:/opt/ros/jazzy/opt/gz_sim_vendor:/opt/ros/jazzy/opt/gz_sensors_vendor:/opt/ros/jazzy/opt/gz_physics_vendor:/opt/ros/jazzy/opt/sdformat_vendor:/opt/ros/jazzy/opt/gz_gui_vendor:/opt/ros/jazzy/opt/gz_transport_vendor:/opt/ros/jazzy/opt/gz_rendering_vendor:/opt/ros/jazzy/opt/gz_plugin_vendor:/opt/ros/jazzy/opt/gz_fuel_tools_vendor:/opt/ros/jazzy/opt/gz_msgs_vendor:/opt/ros/jazzy/opt/gz_common_vendor:/opt/ros/jazzy/opt/gz_math_vendor:/opt/ros/jazzy/opt/gz_utils_vendor:/opt/ros/jazzy/opt/gz_tools_vendor:/opt/ros/jazzy/opt/gz_ogre_next_vendor:/opt/ros/jazzy/opt/gz_dartsim_vendor:/opt/ros/jazzy/opt/gz_cmake_vendor:/home/abdulrahman/me5250/src/ur5_ws/install/ur5_moveit:/home/abdulrahman/me5250_ws/install/ur_gazebo_demo:/home/abdulrahman/me5250/install/ur_gazebo_demo:/home/abdulrahman/me5250/install/reactive_replanning:/opt/ros/jazzy DEBUGINFOD_URLS=https://debuginfod.ubuntu.com /usr/bin/cmake --build /home/abdulrahman/me5250/src/ur5_ws/build/ur5_moveit_config -- -j16 -l16
[1.484s] DEBUG:colcon.colcon_core.event_handler.log_command:Invoking command in '/home/abdulrahman/me5250/src/ur5_ws/build/ur5_moveit_config': CMAKE_PREFIX_PATH=/home/abdulrahman/me5250/src/ur5_ws/install/ur5_description:/home/abdulrahman/me5250/src/ur5_ws/install/ur5_moveit_config:/home/abdulrahman/me5250/src/ur5_ws/install/ur5_controller:/home/abdulrahman/me5250/src/ur5_ws/install/hello_moveit:/home/abdulrahman/ur5_ws/install/ur5_moveit_config:/home/abdulrahman/ur5_ws/install/ur5_moveit:/home/abdulrahman/ur5_ws/install/ur5_description:/home/abdulrahman/ur5_ws/install/ur5_controller:/home/abdulrahman/ur5_ws/install/hello_moveit:/home/abdulrahman/me5250_ws/install/ur_robotiq_moveit_config:/home/abdulrahman/me5250_ws/install/ur_robotiq_description:/home/abdulrahman/me5250_ws/install/ur_robotiq_bringup:/home/abdulrahman/me5250_ws/install/ur_interfaces:/home/abdulrahman/me5250_ws/install/ur_gazebo:/home/abdulrahman/me5250_ws/install/ur10e_robotiq_moveit_config:/home/abdulrahman/me5250_ws/install/ur10e_robotiq_cell:/home/abdulrahman/me5250_ws/install/ur_description:/home/abdulrahman/me5250_ws/install/robotiq_hardware_tests:/home/abdulrahman/me5250_ws/install/robotiq_driver:/home/abdulrahman/me5250_ws/install/serial:/home/abdulrahman/me5250_ws/install/robotiq_description:/home/abdulrahman/me5250_ws/install/robotiq_controllers:/home/abdulrahman/me5250_ws/install/robotiq_2f_85_gripper_visualization:/home/abdulrahman/me5250/install/ur_robotiq_moveit_config:/home/abdulrahman/me5250/install/ur_robotiq_description:/home/abdulrahman/me5250/install/ur_interfaces:/home/abdulrahman/me5250/install/ur_gazebo:/home/abdulrahman/me5250/install/ur_description:/home/abdulrahman/me5250/install/robotiq_hardware_tests:/home/abdulrahman/me5250/install/robotiq_driver:/home/abdulrahman/me5250/install/serial:/home/abdulrahman/me5250/install/robotiq_description:/home/abdulrahman/me5250/install/robotiq_controllers:/home/abdulrahman/me5250/install/robotiq_2f_85_gripper_visualization:/opt/ros/jazzy/opt/gz_sim_vendor:/opt/ros/jazzy/opt/gz_sensors_vendor:/opt/ros/jazzy/opt/gz_physics_vendor:/opt/ros/jazzy/opt/sdformat_vendor:/opt/ros/jazzy/opt/gz_gui_vendor:/opt/ros/jazzy/opt/gz_transport_vendor:/opt/ros/jazzy/opt/gz_rendering_vendor:/opt/ros/jazzy/opt/gz_plugin_vendor:/opt/ros/jazzy/opt/gz_fuel_tools_vendor:/opt/ros/jazzy/opt/gz_msgs_vendor:/opt/ros/jazzy/opt/gz_common_vendor:/opt/ros/jazzy/opt/gz_math_vendor:/opt/ros/jazzy/opt/gz_utils_vendor:/opt/ros/jazzy/opt/gz_tools_vendor:/opt/ros/jazzy/opt/gz_ogre_next_vendor:/opt/ros/jazzy/opt/gz_dartsim_vendor:/opt/ros/jazzy/opt/gz_cmake_vendor:/home/abdulrahman/me5250/src/ur5_ws/install/ur5_moveit:/home/abdulrahman/me5250_ws/install/ur_gazebo_demo:/home/abdulrahman/me5250/install/ur_gazebo_demo:/home/abdulrahman/me5250/install/reactive_replanning:/opt/ros/jazzy DEBUGINFOD_URLS=https://debuginfod.ubuntu.com /usr/bin/cmake --install /home/abdulrahman/me5250/src/ur5_ws/build/ur5_moveit_config
[1.510s] Level 1:colcon.colcon_core.environment:create_environment_scripts_only(ur5_moveit_config)
[1.511s] Level 1:colcon.colcon_core.environment:checking '/home/abdulrahman/me5250/src/ur5_ws/install/ur5_moveit_config' for CMake module files
[1.512s] DEBUG:colcon.colcon_core.event_handler.log_command:Invoked command in '/home/abdulrahman/me5250/src/ur5_ws/build/ur5_moveit_config' returned '0': CMAKE_PREFIX_PATH=/home/abdulrahman/me5250/src/ur5_ws/install/ur5_description:/home/abdulrahman/me5250/src/ur5_ws/install/ur5_moveit_config:/home/abdulrahman/me5250/src/ur5_ws/install/ur5_controller:/home/abdulrahman/me5250/src/ur5_ws/install/hello_moveit:/home/abdulrahman/ur5_ws/install/ur5_moveit_config:/home/abdulrahman/ur5_ws/install/ur5_moveit:/home/abdulrahman/ur5_ws/install/ur5_description:/home/abdulrahman/ur5_ws/install/ur5_controller:/home/abdulrahman/ur5_ws/install/hello_moveit:/home/abdulrahman/me5250_ws/install/ur_robotiq_moveit_config:/home/abdulrahman/me5250_ws/install/ur_robotiq_description:/home/abdulrahman/me5250_ws/install/ur_robotiq_bringup:/home/abdulrahman/me5250_ws/install/ur_interfaces:/home/abdulrahman/me5250_ws/install/ur_gazebo:/home/abdulrahman/me5250_ws/install/ur10e_robotiq_moveit_config:/home/abdulrahman/me5250_ws/install/ur10e_robotiq_cell:/home/abdulrahman/me5250_ws/install/ur_description:/home/abdulrahman/me5250_ws/install/robotiq_hardware_tests:/home/abdulrahman/me5250_ws/install/robotiq_driver:/home/abdulrahman/me5250_ws/install/serial:/home/abdulrahman/me5250_ws/install/robotiq_description:/home/abdulrahman/me5250_ws/install/robotiq_controllers:/home/abdulrahman/me5250_ws/install/robotiq_2f_85_gripper_visualization:/home/abdulrahman/me5250/install/ur_robotiq_moveit_config:/home/abdulrahman/me5250/install/ur_robotiq_description:/home/abdulrahman/me5250/install/ur_interfaces:/home/abdulrahman/me5250/install/ur_gazebo:/home/abdulrahman/me5250/install/ur_description:/home/abdulrahman/me5250/install/robotiq_hardware_tests:/home/abdulrahman/me5250/install/robotiq_driver:/home/abdulrahman/me5250/install/serial:/home/abdulrahman/me5250/install/robotiq_description:/home/abdulrahman/me5250/install/robotiq_controllers:/home/abdulrahman/me5250/install/robotiq_2f_85_gripper_visualization:/opt/ros/jazzy/opt/gz_sim_vendor:/opt/ros/jazzy/opt/gz_sensors_vendor:/opt/ros/jazzy/opt/gz_physics_vendor:/opt/ros/jazzy/opt/sdformat_vendor:/opt/ros/jazzy/opt/gz_gui_vendor:/opt/ros/jazzy/opt/gz_transport_vendor:/opt/ros/jazzy/opt/gz_rendering_vendor:/opt/ros/jazzy/opt/gz_plugin_vendor:/opt/ros/jazzy/opt/gz_fuel_tools_vendor:/opt/ros/jazzy/opt/gz_msgs_vendor:/opt/ros/jazzy/opt/gz_common_vendor:/opt/ros/jazzy/opt/gz_math_vendor:/opt/ros/jazzy/opt/gz_utils_vendor:/opt/ros/jazzy/opt/gz_tools_vendor:/opt/ros/jazzy/opt/gz_ogre_next_vendor:/opt/ros/jazzy/opt/gz_dartsim_vendor:/opt/ros/jazzy/opt/gz_cmake_vendor:/home/abdulrahman/me5250/src/ur5_ws/install/ur5_moveit:/home/abdulrahman/me5250_ws/install/ur_gazebo_demo:/home/abdulrahman/me5250/install/ur_gazebo_demo:/home/abdulrahman/me5250/install/reactive_replanning:/opt/ros/jazzy DEBUGINFOD_URLS=https://debuginfod.ubuntu.com /usr/bin/cmake --install /home/abdulrahman/me5250/src/ur5_ws/build/ur5_moveit_config
[1.513s] Level 1:colcon.colcon_core.environment:checking '/home/abdulrahman/me5250/src/ur5_ws/install/ur5_moveit_config' for CMake config files
[1.513s] Level 1:colcon.colcon_core.shell:create_environment_hook('ur5_moveit_config', 'cmake_prefix_path')
[1.514s] INFO:colcon.colcon_core.shell:Creating environment hook '/home/abdulrahman/me5250/src/ur5_ws/install/ur5_moveit_config/share/ur5_moveit_config/hook/cmake_prefix_path.ps1'
[1.515s] INFO:colcon.colcon_core.shell:Creating environment descriptor '/home/abdulrahman/me5250/src/ur5_ws/install/ur5_moveit_config/share/ur5_moveit_config/hook/cmake_prefix_path.dsv'
[1.515s] INFO:colcon.colcon_core.shell:Creating environment hook '/home/abdulrahman/me5250/src/ur5_ws/install/ur5_moveit_config/share/ur5_moveit_config/hook/cmake_prefix_path.sh'
[1.517s] Level 1:colcon.colcon_core.environment:checking '/home/abdulrahman/me5250/src/ur5_ws/install/ur5_moveit_config/bin'
[1.517s] Level 1:colcon.colcon_core.environment:checking '/home/abdulrahman/me5250/src/ur5_ws/install/ur5_moveit_config/lib/pkgconfig/ur5_moveit_config.pc'
[1.517s] Level 1:colcon.colcon_core.environment:checking '/home/abdulrahman/me5250/src/ur5_ws/install/ur5_moveit_config/lib/python3.12/site-packages'
[1.518s] Level 1:colcon.colcon_core.environment:checking '/home/abdulrahman/me5250/src/ur5_ws/install/ur5_moveit_config/bin'
[1.519s] INFO:colcon.colcon_core.shell:Creating package script '/home/abdulrahman/me5250/src/ur5_ws/install/ur5_moveit_config/share/ur5_moveit_config/package.ps1'
[1.519s] INFO:colcon.colcon_core.shell:Creating package descriptor '/home/abdulrahman/me5250/src/ur5_ws/install/ur5_moveit_config/share/ur5_moveit_config/package.dsv'
[1.520s] INFO:colcon.colcon_core.shell:Creating package script '/home/abdulrahman/me5250/src/ur5_ws/install/ur5_moveit_config/share/ur5_moveit_config/package.sh'
[1.521s] INFO:colcon.colcon_core.shell:Creating package script '/home/abdulrahman/me5250/src/ur5_ws/install/ur5_moveit_config/share/ur5_moveit_config/package.bash'
[1.521s] INFO:colcon.colcon_core.shell:Creating package script '/home/abdulrahman/me5250/src/ur5_ws/install/ur5_moveit_config/share/ur5_moveit_config/package.zsh'
[1.522s] Level 1:colcon.colcon_core.environment:create_file_with_runtime_dependencies(/home/abdulrahman/me5250/src/ur5_ws/install/ur5_moveit_config/share/colcon-core/packages/ur5_moveit_config)
[1.523s] Level 1:colcon.colcon_core.environment:create_environment_scripts_only(ur5_moveit_config)
[1.523s] Level 1:colcon.colcon_core.environment:checking '/home/abdulrahman/me5250/src/ur5_ws/install/ur5_moveit_config' for CMake module files
[1.524s] Level 1:colcon.colcon_core.environment:checking '/home/abdulrahman/me5250/src/ur5_ws/install/ur5_moveit_config' for CMake config files
[1.525s] Level 1:colcon.colcon_core.shell:create_environment_hook('ur5_moveit_config', 'cmake_prefix_path')
[1.525s] INFO:colcon.colcon_core.shell:Creating environment hook '/home/abdulrahman/me5250/src/ur5_ws/install/ur5_moveit_config/share/ur5_moveit_config/hook/cmake_prefix_path.ps1'
[1.526s] INFO:colcon.colcon_core.shell:Creating environment descriptor '/home/abdulrahman/me5250/src/ur5_ws/install/ur5_moveit_config/share/ur5_moveit_config/hook/cmake_prefix_path.dsv'
[1.527s] INFO:colcon.colcon_core.shell:Creating environment hook '/home/abdulrahman/me5250/src/ur5_ws/install/ur5_moveit_config/share/ur5_moveit_config/hook/cmake_prefix_path.sh'
[1.528s] Level 1:colcon.colcon_core.environment:checking '/home/abdulrahman/me5250/src/ur5_ws/install/ur5_moveit_config/bin'
[1.528s] Level 1:colcon.colcon_core.environment:checking '/home/abdulrahman/me5250/src/ur5_ws/install/ur5_moveit_config/lib/pkgconfig/ur5_moveit_config.pc'
[1.528s] Level 1:colcon.colcon_core.environment:checking '/home/abdulrahman/me5250/src/ur5_ws/install/ur5_moveit_config/lib/python3.12/site-packages'
[1.529s] Level 1:colcon.colcon_core.environment:checking '/home/abdulrahman/me5250/src/ur5_ws/install/ur5_moveit_config/bin'
[1.530s] INFO:colcon.colcon_core.shell:Creating package script '/home/abdulrahman/me5250/src/ur5_ws/install/ur5_moveit_config/share/ur5_moveit_config/package.ps1'
[1.531s] INFO:colcon.colcon_core.shell:Creating package descriptor '/home/abdulrahman/me5250/src/ur5_ws/install/ur5_moveit_config/share/ur5_moveit_config/package.dsv'
[1.532s] INFO:colcon.colcon_core.shell:Creating package script '/home/abdulrahman/me5250/src/ur5_ws/install/ur5_moveit_config/share/ur5_moveit_config/package.sh'
[1.533s] INFO:colcon.colcon_core.shell:Creating package script '/home/abdulrahman/me5250/src/ur5_ws/install/ur5_moveit_config/share/ur5_moveit_config/package.bash'
[1.534s] INFO:colcon.colcon_core.shell:Creating package script '/home/abdulrahman/me5250/src/ur5_ws/install/ur5_moveit_config/share/ur5_moveit_config/package.zsh'
[1.534s] Level 1:colcon.colcon_core.environment:create_file_with_runtime_dependencies(/home/abdulrahman/me5250/src/ur5_ws/install/ur5_moveit_config/share/colcon-core/packages/ur5_moveit_config)
[2.779s] DEBUG:colcon.colcon_core.event_handler.log_command:Invoking command in '/home/abdulrahman/me5250/src/ur5_ws/src/ur5_moveit': DEBUGINFOD_URLS=https://debuginfod.ubuntu.com PYTHONPATH=/home/abdulrahman/me5250/src/ur5_ws/build/ur5_moveit/prefix_override:/usr/lib/python3/dist-packages/colcon_core/task/python/colcon_distutils_commands:/home/abdulrahman/me5250/src/ur5_ws/install/ur5_moveit/lib/python3.12/site-packages:${PYTHONPATH} /usr/bin/python3 -W ignore:setup.py install is deprecated -W ignore:easy_install command is deprecated setup.py egg_info --egg-base ../../build/ur5_moveit build --build-base /home/abdulrahman/me5250/src/ur5_ws/build/ur5_moveit/build install --record /home/abdulrahman/me5250/src/ur5_ws/build/ur5_moveit/install.log --single-version-externally-managed install_data
[4.227s] Level 1:colcon.colcon_core.environment:checking '/home/abdulrahman/me5250/src/ur5_ws/install/ur5_moveit' for CMake module files
[4.228s] DEBUG:colcon.colcon_core.event_handler.log_command:Invoked command in '/home/abdulrahman/me5250/src/ur5_ws/src/ur5_moveit' returned '0': DEBUGINFOD_URLS=https://debuginfod.ubuntu.com PYTHONPATH=/home/abdulrahman/me5250/src/ur5_ws/build/ur5_moveit/prefix_override:/usr/lib/python3/dist-packages/colcon_core/task/python/colcon_distutils_commands:/home/abdulrahman/me5250/src/ur5_ws/install/ur5_moveit/lib/python3.12/site-packages:${PYTHONPATH} /usr/bin/python3 -W ignore:setup.py install is deprecated -W ignore:easy_install command is deprecated setup.py egg_info --egg-base ../../build/ur5_moveit build --build-base /home/abdulrahman/me5250/src/ur5_ws/build/ur5_moveit/build install --record /home/abdulrahman/me5250/src/ur5_ws/build/ur5_moveit/install.log --single-version-externally-managed install_data
[4.228s] Level 1:colcon.colcon_core.environment:checking '/home/abdulrahman/me5250/src/ur5_ws/install/ur5_moveit' for CMake config files
[4.229s] Level 1:colcon.colcon_core.environment:checking '/home/abdulrahman/me5250/src/ur5_ws/install/ur5_moveit/lib'
[4.229s] Level 1:colcon.colcon_core.environment:checking '/home/abdulrahman/me5250/src/ur5_ws/install/ur5_moveit/bin'
[4.230s] Level 1:colcon.colcon_core.environment:checking '/home/abdulrahman/me5250/src/ur5_ws/install/ur5_moveit/lib/pkgconfig/ur5_moveit.pc'
[4.230s] Level 1:colcon.colcon_core.environment:checking '/home/abdulrahman/me5250/src/ur5_ws/install/ur5_moveit/lib/python3.12/site-packages'
[4.230s] Level 1:colcon.colcon_core.shell:create_environment_hook('ur5_moveit', 'pythonpath')
[4.230s] INFO:colcon.colcon_core.shell:Creating environment hook '/home/abdulrahman/me5250/src/ur5_ws/install/ur5_moveit/share/ur5_moveit/hook/pythonpath.ps1'
[4.231s] INFO:colcon.colcon_core.shell:Creating environment descriptor '/home/abdulrahman/me5250/src/ur5_ws/install/ur5_moveit/share/ur5_moveit/hook/pythonpath.dsv'
[4.232s] INFO:colcon.colcon_core.shell:Creating environment hook '/home/abdulrahman/me5250/src/ur5_ws/install/ur5_moveit/share/ur5_moveit/hook/pythonpath.sh'
[4.233s] Level 1:colcon.colcon_core.environment:checking '/home/abdulrahman/me5250/src/ur5_ws/install/ur5_moveit/bin'
[4.233s] Level 1:colcon.colcon_core.environment:create_environment_scripts_only(ur5_moveit)
[4.233s] INFO:colcon.colcon_core.shell:Creating package script '/home/abdulrahman/me5250/src/ur5_ws/install/ur5_moveit/share/ur5_moveit/package.ps1'
[4.234s] INFO:colcon.colcon_core.shell:Creating package descriptor '/home/abdulrahman/me5250/src/ur5_ws/install/ur5_moveit/share/ur5_moveit/package.dsv'
[4.235s] INFO:colcon.colcon_core.shell:Creating package script '/home/abdulrahman/me5250/src/ur5_ws/install/ur5_moveit/share/ur5_moveit/package.sh'
[4.235s] INFO:colcon.colcon_core.shell:Creating package script '/home/abdulrahman/me5250/src/ur5_ws/install/ur5_moveit/share/ur5_moveit/package.bash'
[4.236s] INFO:colcon.colcon_core.shell:Creating package script '/home/abdulrahman/me5250/src/ur5_ws/install/ur5_moveit/share/ur5_moveit/package.zsh'
[4.236s] Level 1:colcon.colcon_core.environment:create_file_with_runtime_dependencies(/home/abdulrahman/me5250/src/ur5_ws/install/ur5_moveit/share/colcon-core/packages/ur5_moveit)
[4.237s] DEBUG:colcon.colcon_parallel_executor.executor.parallel:closing loop
[4.237s] DEBUG:colcon.colcon_parallel_executor.executor.parallel:loop closed
[4.237s] DEBUG:colcon.colcon_parallel_executor.executor.parallel:run_until_complete finished with '0'
[4.237s] DEBUG:colcon.colcon_core.event_reactor:joining thread
[4.248s] INFO:colcon.colcon_core.plugin_system:Skipping extension 'colcon_notification.desktop_notification.terminal_notifier': Not used on non-Darwin systems
[4.248s] INFO:colcon.colcon_core.plugin_system:Skipping extension 'colcon_notification.desktop_notification.win32': Not used on non-Windows systems
[4.249s] INFO:colcon.colcon_notification.desktop_notification:Sending desktop notification using 'notify2'
[4.274s] DEBUG:colcon.colcon_core.event_reactor:joined thread
[4.275s] INFO:colcon.colcon_core.shell:Creating prefix script '/home/abdulrahman/me5250/src/ur5_ws/install/local_setup.ps1'
[4.277s] INFO:colcon.colcon_core.shell:Creating prefix util module '/home/abdulrahman/me5250/src/ur5_ws/install/_local_setup_util_ps1.py'
[4.279s] INFO:colcon.colcon_core.shell:Creating prefix chain script '/home/abdulrahman/me5250/src/ur5_ws/install/setup.ps1'
[4.282s] INFO:colcon.colcon_core.shell:Creating prefix script '/home/abdulrahman/me5250/src/ur5_ws/install/local_setup.sh'
[4.283s] INFO:colcon.colcon_core.shell:Creating prefix util module '/home/abdulrahman/me5250/src/ur5_ws/install/_local_setup_util_sh.py'
[4.284s] INFO:colcon.colcon_core.shell:Creating prefix chain script '/home/abdulrahman/me5250/src/ur5_ws/install/setup.sh'
[4.288s] INFO:colcon.colcon_core.shell:Creating prefix script '/home/abdulrahman/me5250/src/ur5_ws/install/local_setup.bash'
[4.288s] INFO:colcon.colcon_core.shell:Creating prefix chain script '/home/abdulrahman/me5250/src/ur5_ws/install/setup.bash'
[4.292s] INFO:colcon.colcon_core.shell:Creating prefix script '/home/abdulrahman/me5250/src/ur5_ws/install/local_setup.zsh'
[4.293s] INFO:colcon.colcon_core.shell:Creating prefix chain script '/home/abdulrahman/me5250/src/ur5_ws/install/setup.zsh'
