[0.023s] Invoking command in '/home/abdulrahman/me5250/src/ur5_ws/build/hello_moveit': CMAKE_PREFIX_PATH=${CMAKE_PREFIX_PATH}:/home/abdulrahman/me5250_ws/install/ur_gazebo_demo:/home/abdulrahman/me5250/install/ur_gazebo_demo:/home/abdulrahman/me5250/install/reactive_replanning:/home/abdulrahman/me5250/install/mujoco_ur_bridge:/home/abdulrahman/me5250/install/bin_picking_demo:/opt/ros/jazzy DEBUGINFOD_URLS=https://debuginfod.ubuntu.com /usr/bin/cmake /home/abdulrahman/me5250/src/ur5_ws/src/hello_moveit -DCMAKE_INSTALL_PREFIX=/home/abdulrahman/me5250/src/ur5_ws/install/hello_moveit
[0.068s] -- The C compiler identification is GNU 11.5.0
[0.117s] -- The CXX compiler identification is GNU 11.5.0
[0.132s] -- Detecting C compiler ABI info
[0.210s] -- Detecting C compiler ABI info - done
[0.220s] -- Check for working C compiler: /usr/bin/cc - skipped
[0.220s] -- Detecting C compile features
[0.220s] -- Detecting C compile features - done
[0.229s] -- Detecting CXX compiler ABI info
[0.326s] -- Detecting CXX compiler ABI info - done
[0.336s] -- Check for working CXX compiler: /usr/bin/c++ - skipped
[0.337s] -- Detecting CXX compile features
[0.337s] -- Detecting CXX compile features - done
[0.344s] -- Found ament_cmake: 2.5.4 (/opt/ros/jazzy/share/ament_cmake/cmake)
[0.551s] -- Found Python3: /usr/bin/python3 (found version "3.12.3") found components: Interpreter 
[0.762s] -- Found moveit_ros_planning_interface: 2.12.3 (/opt/ros/jazzy/share/moveit_ros_planning_interface/cmake)
[0.932s] -- Found Boost: /usr/lib/x86_64-linux-gnu/cmake/Boost-1.83.0/BoostConfig.cmake (found version "1.83.0") found components: date_time filesystem program_options system thread 
[1.041s] -- Found rosidl_generator_c: 4.6.6 (/opt/ros/jazzy/share/rosidl_generator_c/cmake)
[1.071s] -- Found rosidl_generator_cpp: 4.6.6 (/opt/ros/jazzy/share/rosidl_generator_cpp/cmake)
[1.104s] -- Using all available rosidl_typesupport_c: rosidl_typesupport_fastrtps_c;rosidl_typesupport_introspection_c
[1.138s] -- Using all available rosidl_typesupport_cpp: rosidl_typesupport_fastrtps_cpp;rosidl_typesupport_introspection_cpp
[1.558s] -- Found Boost: /usr/lib/x86_64-linux-gnu/cmake/Boost-1.83.0/BoostConfig.cmake (found version "1.83.0") found components: chrono date_time filesystem iostreams program_options regex serialization system thread 
[1.694s] -- Found parameter_traits: 0.5.0 (/opt/ros/jazzy/share/parameter_traits/cmake)
[1.791s] -- Found rmw_implementation_cmake: 7.3.2 (/opt/ros/jazzy/share/rmw_implementation_cmake/cmake)
[1.800s] -- Found rmw_fastrtps_cpp: 8.4.3 (/opt/ros/jazzy/share/rmw_fastrtps_cpp/cmake)
[1.911s] -- Found OpenSSL: /usr/lib/x86_64-linux-gnu/libcrypto.so (found version "3.0.13")  
[1.931s] -- Found FastRTPS: /opt/ros/jazzy/include (Required is at least version "2.13") 
[1.959s] -- Using RMW implementation 'rmw_fastrtps_cpp' as default
[2.109s] -- Found rclcpp_lifecycle: 28.1.13 (/opt/ros/jazzy/share/rclcpp_lifecycle/cmake)
[2.166s] -- Found Boost: /usr/lib/x86_64-linux-gnu/cmake/Boost-1.83.0/BoostConfig.cmake (found version "1.83.0") found components: filesystem 
[2.274s] -- Found Eigen3: TRUE (found version "3.4.0") 
[2.274s] -- Ensuring Eigen3 include directory is part of orocos-kdl CMake target
[2.537s] -- Found Boost: /usr/lib/x86_64-linux-gnu/cmake/Boost-1.83.0/BoostConfig.cmake (found version "1.83.0") found components: system filesystem date_time program_options thread chrono 
[2.607s] -- Found Boost: /usr/lib/x86_64-linux-gnu/cmake/Boost-1.83.0/BoostConfig.cmake (found version "1.83.0") found components: thread system filesystem regex date_time program_options 
[2.651s] -- Found Boost: /usr/lib/x86_64-linux-gnu/cmake/Boost-1.83.0/BoostConfig.cmake (found version "1.83.0") found components: system filesystem date_time program_options thread 
[2.707s] -- Found ament_lint_auto: 0.17.3 (/opt/ros/jazzy/share/ament_lint_auto/cmake)
[2.839s] -- Added test 'cppcheck' to perform static code analysis on C / C++ code
[2.839s] -- Configured cppcheck include dirs: $<BUILD_INTERFACE:/home/abdulrahman/me5250/src/ur5_ws/src/hello_moveit/include>
[2.839s] -- Configured cppcheck exclude dirs and/or files: 
[2.840s] -- Added test 'lint_cmake' to check CMake code style
[2.842s] -- Added test 'uncrustify' to check C / C++ code style
[2.842s] -- Configured uncrustify additional arguments: 
[2.843s] -- Added test 'xmllint' to check XML markup files
[2.845s] -- Configuring done (2.8s)
[2.874s] -- Generating done (0.0s)
[2.880s] -- Build files have been written to: /home/abdulrahman/me5250/src/ur5_ws/build/hello_moveit
[2.896s] Invoked command in '/home/abdulrahman/me5250/src/ur5_ws/build/hello_moveit' returned '0': CMAKE_PREFIX_PATH=${CMAKE_PREFIX_PATH}:/home/abdulrahman/me5250_ws/install/ur_gazebo_demo:/home/abdulrahman/me5250/install/ur_gazebo_demo:/home/abdulrahman/me5250/install/reactive_replanning:/home/abdulrahman/me5250/install/mujoco_ur_bridge:/home/abdulrahman/me5250/install/bin_picking_demo:/opt/ros/jazzy DEBUGINFOD_URLS=https://debuginfod.ubuntu.com /usr/bin/cmake /home/abdulrahman/me5250/src/ur5_ws/src/hello_moveit -DCMAKE_INSTALL_PREFIX=/home/abdulrahman/me5250/src/ur5_ws/install/hello_moveit
[2.897s] Invoking command in '/home/abdulrahman/me5250/src/ur5_ws/build/hello_moveit': CMAKE_PREFIX_PATH=${CMAKE_PREFIX_PATH}:/home/abdulrahman/me5250_ws/install/ur_gazebo_demo:/home/abdulrahman/me5250/install/ur_gazebo_demo:/home/abdulrahman/me5250/install/reactive_replanning:/home/abdulrahman/me5250/install/mujoco_ur_bridge:/home/abdulrahman/me5250/install/bin_picking_demo:/opt/ros/jazzy DEBUGINFOD_URLS=https://debuginfod.ubuntu.com /usr/bin/cmake --build /home/abdulrahman/me5250/src/ur5_ws/build/hello_moveit -- -j16 -l16
[2.944s] [ 50%] [32mBuilding CXX object CMakeFiles/hello_moveit.dir/src/hello_moveit.cpp.o[0m
[10.217s] [100%] [32m[1mLinking CXX executable hello_moveit[0m
[10.508s] [100%] Built target hello_moveit
[10.521s] Invoked command in '/home/abdulrahman/me5250/src/ur5_ws/build/hello_moveit' returned '0': CMAKE_PREFIX_PATH=${CMAKE_PREFIX_PATH}:/home/abdulrahman/me5250_ws/install/ur_gazebo_demo:/home/abdulrahman/me5250/install/ur_gazebo_demo:/home/abdulrahman/me5250/install/reactive_replanning:/home/abdulrahman/me5250/install/mujoco_ur_bridge:/home/abdulrahman/me5250/install/bin_picking_demo:/opt/ros/jazzy DEBUGINFOD_URLS=https://debuginfod.ubuntu.com /usr/bin/cmake --build /home/abdulrahman/me5250/src/ur5_ws/build/hello_moveit -- -j16 -l16
[10.523s] Invoking command in '/home/abdulrahman/me5250/src/ur5_ws/build/hello_moveit': CMAKE_PREFIX_PATH=${CMAKE_PREFIX_PATH}:/home/abdulrahman/me5250_ws/install/ur_gazebo_demo:/home/abdulrahman/me5250/install/ur_gazebo_demo:/home/abdulrahman/me5250/install/reactive_replanning:/home/abdulrahman/me5250/install/mujoco_ur_bridge:/home/abdulrahman/me5250/install/bin_picking_demo:/opt/ros/jazzy DEBUGINFOD_URLS=https://debuginfod.ubuntu.com /usr/bin/cmake --install /home/abdulrahman/me5250/src/ur5_ws/build/hello_moveit
[10.529s] -- Install configuration: ""
[10.529s] -- Installing: /home/abdulrahman/me5250/src/ur5_ws/install/hello_moveit/lib/hello_moveit/hello_moveit
[10.530s] -- Set non-toolchain portion of runtime path of "/home/abdulrahman/me5250/src/ur5_ws/install/hello_moveit/lib/hello_moveit/hello_moveit" to ""
[10.530s] -- Installing: /home/abdulrahman/me5250/src/ur5_ws/install/hello_moveit/share/ament_index/resource_index/package_run_dependencies/hello_moveit
[10.530s] -- Installing: /home/abdulrahman/me5250/src/ur5_ws/install/hello_moveit/share/ament_index/resource_index/parent_prefix_path/hello_moveit
[10.530s] -- Installing: /home/abdulrahman/me5250/src/ur5_ws/install/hello_moveit/share/hello_moveit/environment/ament_prefix_path.sh
[10.530s] -- Installing: /home/abdulrahman/me5250/src/ur5_ws/install/hello_moveit/share/hello_moveit/environment/ament_prefix_path.dsv
[10.530s] -- Installing: /home/abdulrahman/me5250/src/ur5_ws/install/hello_moveit/share/hello_moveit/environment/path.sh
[10.530s] -- Installing: /home/abdulrahman/me5250/src/ur5_ws/install/hello_moveit/share/hello_moveit/environment/path.dsv
[10.530s] -- Installing: /home/abdulrahman/me5250/src/ur5_ws/install/hello_moveit/share/hello_moveit/local_setup.bash
[10.530s] -- Installing: /home/abdulrahman/me5250/src/ur5_ws/install/hello_moveit/share/hello_moveit/local_setup.sh
[10.531s] -- Installing: /home/abdulrahman/me5250/src/ur5_ws/install/hello_moveit/share/hello_moveit/local_setup.zsh
[10.531s] -- Installing: /home/abdulrahman/me5250/src/ur5_ws/install/hello_moveit/share/hello_moveit/local_setup.dsv
[10.531s] -- Installing: /home/abdulrahman/me5250/src/ur5_ws/install/hello_moveit/share/hello_moveit/package.dsv
[10.531s] -- Installing: /home/abdulrahman/me5250/src/ur5_ws/install/hello_moveit/share/ament_index/resource_index/packages/hello_moveit
[10.531s] -- Installing: /home/abdulrahman/me5250/src/ur5_ws/install/hello_moveit/share/hello_moveit/cmake/hello_moveitConfig.cmake
[10.531s] -- Installing: /home/abdulrahman/me5250/src/ur5_ws/install/hello_moveit/share/hello_moveit/cmake/hello_moveitConfig-version.cmake
[10.531s] -- Installing: /home/abdulrahman/me5250/src/ur5_ws/install/hello_moveit/share/hello_moveit/package.xml
[10.532s] Invoked command in '/home/abdulrahman/me5250/src/ur5_ws/build/hello_moveit' returned '0': CMAKE_PREFIX_PATH=${CMAKE_PREFIX_PATH}:/home/abdulrahman/me5250_ws/install/ur_gazebo_demo:/home/abdulrahman/me5250/install/ur_gazebo_demo:/home/abdulrahman/me5250/install/reactive_replanning:/home/abdulrahman/me5250/install/mujoco_ur_bridge:/home/abdulrahman/me5250/install/bin_picking_demo:/opt/ros/jazzy DEBUGINFOD_URLS=https://debuginfod.ubuntu.com /usr/bin/cmake --install /home/abdulrahman/me5250/src/ur5_ws/build/hello_moveit
