-- Install configuration: ""
-- Up-to-date: /home/abdulrahman/me5250/src/ur5_ws/install/ur5_description/share/ur5_description/launch
-- Up-to-date: /home/abdulrahman/me5250/src/ur5_ws/install/ur5_description/share/ur5_description/launch/rviz.launch.py
-- Up-to-date: /home/abdulrahman/me5250/src/ur5_ws/install/ur5_description/share/ur5_description/launch/gazebo.launch.py
-- Up-to-date: /home/abdulrahman/me5250/src/ur5_ws/install/ur5_description/share/ur5_description/urdf
-- Up-to-date: /home/abdulrahman/me5250/src/ur5_ws/install/ur5_description/share/ur5_description/urdf/initial_positions.yaml
-- Up-to-date: /home/abdulrahman/me5250/src/ur5_ws/install/ur5_description/share/ur5_description/urdf/ur5_robot.gazebo.xacro
-- Up-to-date: /home/abdulrahman/me5250/src/ur5_ws/install/ur5_description/share/ur5_description/urdf/ur5_robot.ros2_control.xacro
-- Up-to-date: /home/abdulrahman/me5250/src/ur5_ws/install/ur5_description/share/ur5_description/urdf/ur5_robot.urdf.xacro
-- Up-to-date: /home/abdulrahman/me5250/src/ur5_ws/install/ur5_description/share/ur5_description/config
-- Up-to-date: /home/abdulrahman/me5250/src/ur5_ws/install/ur5_description/share/ur5_description/config/view_config.rviz
-- Up-to-date: /home/abdulrahman/me5250/src/ur5_ws/install/ur5_description/share/ur5_description/config/ros2_gz_bridge.yaml
-- Up-to-date: /home/abdulrahman/me5250/src/ur5_ws/install/ur5_description/share/ur5_description/worlds
-- Up-to-date: /home/abdulrahman/me5250/src/ur5_ws/install/ur5_description/share/ur5_description/worlds/gazebo_world.sdf
-- Up-to-date: /home/abdulrahman/me5250/src/ur5_ws/install/ur5_description/share/ur5_description/meshes
-- Up-to-date: /home/abdulrahman/me5250/src/ur5_ws/install/ur5_description/share/ur5_description/meshes/visual
-- Up-to-date: /home/abdulrahman/me5250/src/ur5_ws/install/ur5_description/share/ur5_description/meshes/visual/rg2
-- Up-to-date: /home/abdulrahman/me5250/src/ur5_ws/install/ur5_description/share/ur5_description/meshes/visual/rg2/finger.dae
-- Up-to-date: /home/abdulrahman/me5250/src/ur5_ws/install/ur5_description/share/ur5_description/meshes/visual/rg2/finger_neutral.dae
-- Up-to-date: /home/abdulrahman/me5250/src/ur5_ws/install/ur5_description/share/ur5_description/meshes/visual/rg2/hand.dae
-- Up-to-date: /home/abdulrahman/me5250/src/ur5_ws/install/ur5_description/share/ur5_description/meshes/visual/ur5
-- Up-to-date: /home/abdulrahman/me5250/src/ur5_ws/install/ur5_description/share/ur5_description/meshes/visual/ur5/robotiq_85_finger_tip_link.dae
-- Up-to-date: /home/abdulrahman/me5250/src/ur5_ws/install/ur5_description/share/ur5_description/meshes/visual/ur5/robotiq_85_knuckle_link.dae
-- Up-to-date: /home/abdulrahman/me5250/src/ur5_ws/install/ur5_description/share/ur5_description/meshes/visual/ur5/robotiq_85_finger_link.dae
-- Up-to-date: /home/abdulrahman/me5250/src/ur5_ws/install/ur5_description/share/ur5_description/meshes/visual/ur5/base.dae
-- Up-to-date: /home/abdulrahman/me5250/src/ur5_ws/install/ur5_description/share/ur5_description/meshes/visual/ur5/forearm.dae
-- Up-to-date: /home/abdulrahman/me5250/src/ur5_ws/install/ur5_description/share/ur5_description/meshes/visual/ur5/robotiq_85_inner_knuckle_link.dae
-- Up-to-date: /home/abdulrahman/me5250/src/ur5_ws/install/ur5_description/share/ur5_description/meshes/visual/ur5/wrist3.dae
-- Up-to-date: /home/abdulrahman/me5250/src/ur5_ws/install/ur5_description/share/ur5_description/meshes/visual/ur5/shoulder.dae
-- Up-to-date: /home/abdulrahman/me5250/src/ur5_ws/install/ur5_description/share/ur5_description/meshes/visual/ur5/SuctionCup.stl
-- Up-to-date: /home/abdulrahman/me5250/src/ur5_ws/install/ur5_description/share/ur5_description/meshes/visual/ur5/robotiq_85_base_link.dae
-- Up-to-date: /home/abdulrahman/me5250/src/ur5_ws/install/ur5_description/share/ur5_description/meshes/visual/ur5/wrist1.dae
-- Up-to-date: /home/abdulrahman/me5250/src/ur5_ws/install/ur5_description/share/ur5_description/meshes/visual/ur5/wrist2.dae
-- Up-to-date: /home/abdulrahman/me5250/src/ur5_ws/install/ur5_description/share/ur5_description/meshes/visual/ur5/upperarm.dae
-- Up-to-date: /home/abdulrahman/me5250/src/ur5_ws/install/ur5_description/share/ur5_description/meshes/collision
-- Up-to-date: /home/abdulrahman/me5250/src/ur5_ws/install/ur5_description/share/ur5_description/meshes/collision/rg2
-- Up-to-date: /home/abdulrahman/me5250/src/ur5_ws/install/ur5_description/share/ur5_description/meshes/collision/rg2/finger.stl
-- Up-to-date: /home/abdulrahman/me5250/src/ur5_ws/install/ur5_description/share/ur5_description/meshes/collision/rg2/finger_neutral.stl
-- Up-to-date: /home/abdulrahman/me5250/src/ur5_ws/install/ur5_description/share/ur5_description/meshes/collision/rg2/hand.stl
-- Up-to-date: /home/abdulrahman/me5250/src/ur5_ws/install/ur5_description/share/ur5_description/meshes/collision/ur5
-- Up-to-date: /home/abdulrahman/me5250/src/ur5_ws/install/ur5_description/share/ur5_description/meshes/collision/ur5/shoulder.stl
-- Up-to-date: /home/abdulrahman/me5250/src/ur5_ws/install/ur5_description/share/ur5_description/meshes/collision/ur5/robotiq_85_finger_tip_link.stl
-- Up-to-date: /home/abdulrahman/me5250/src/ur5_ws/install/ur5_description/share/ur5_description/meshes/collision/ur5/wrist3.stl
-- Up-to-date: /home/abdulrahman/me5250/src/ur5_ws/install/ur5_description/share/ur5_description/meshes/collision/ur5/robotiq_85_knuckle_link.stl
-- Up-to-date: /home/abdulrahman/me5250/src/ur5_ws/install/ur5_description/share/ur5_description/meshes/collision/ur5/robotiq_85_finger_link.stl
-- Up-to-date: /home/abdulrahman/me5250/src/ur5_ws/install/ur5_description/share/ur5_description/meshes/collision/ur5/upperarm.stl
-- Up-to-date: /home/abdulrahman/me5250/src/ur5_ws/install/ur5_description/share/ur5_description/meshes/collision/ur5/robotiq_85_base_link.stl
-- Up-to-date: /home/abdulrahman/me5250/src/ur5_ws/install/ur5_description/share/ur5_description/meshes/collision/ur5/forearm.stl
-- Up-to-date: /home/abdulrahman/me5250/src/ur5_ws/install/ur5_description/share/ur5_description/meshes/collision/ur5/robotiq_85_inner_knuckle_link.stl
-- Up-to-date: /home/abdulrahman/me5250/src/ur5_ws/install/ur5_description/share/ur5_description/meshes/collision/ur5/wrist1.stl
-- Up-to-date: /home/abdulrahman/me5250/src/ur5_ws/install/ur5_description/share/ur5_description/meshes/collision/ur5/SuctionCup.stl
-- Up-to-date: /home/abdulrahman/me5250/src/ur5_ws/install/ur5_description/share/ur5_description/meshes/collision/ur5/wrist2.stl
-- Up-to-date: /home/abdulrahman/me5250/src/ur5_ws/install/ur5_description/share/ur5_description/meshes/collision/ur5/base.stl
-- Up-to-date: /home/abdulrahman/me5250/src/ur5_ws/install/ur5_description/share/ament_index/resource_index/package_run_dependencies/ur5_description
-- Up-to-date: /home/abdulrahman/me5250/src/ur5_ws/install/ur5_description/share/ament_index/resource_index/parent_prefix_path/ur5_description
-- Up-to-date: /home/abdulrahman/me5250/src/ur5_ws/install/ur5_description/share/ur5_description/environment/ament_prefix_path.sh
-- Up-to-date: /home/abdulrahman/me5250/src/ur5_ws/install/ur5_description/share/ur5_description/environment/ament_prefix_path.dsv
-- Up-to-date: /home/abdulrahman/me5250/src/ur5_ws/install/ur5_description/share/ur5_description/environment/path.sh
-- Up-to-date: /home/abdulrahman/me5250/src/ur5_ws/install/ur5_description/share/ur5_description/environment/path.dsv
-- Up-to-date: /home/abdulrahman/me5250/src/ur5_ws/install/ur5_description/share/ur5_description/local_setup.bash
-- Up-to-date: /home/abdulrahman/me5250/src/ur5_ws/install/ur5_description/share/ur5_description/local_setup.sh
-- Up-to-date: /home/abdulrahman/me5250/src/ur5_ws/install/ur5_description/share/ur5_description/local_setup.zsh
-- Up-to-date: /home/abdulrahman/me5250/src/ur5_ws/install/ur5_description/share/ur5_description/local_setup.dsv
-- Up-to-date: /home/abdulrahman/me5250/src/ur5_ws/install/ur5_description/share/ur5_description/package.dsv
-- Up-to-date: /home/abdulrahman/me5250/src/ur5_ws/install/ur5_description/share/ament_index/resource_index/packages/ur5_description
-- Up-to-date: /home/abdulrahman/me5250/src/ur5_ws/install/ur5_description/share/ur5_description/cmake/ur5_descriptionConfig.cmake
-- Up-to-date: /home/abdulrahman/me5250/src/ur5_ws/install/ur5_description/share/ur5_description/cmake/ur5_descriptionConfig-version.cmake
-- Up-to-date: /home/abdulrahman/me5250/src/ur5_ws/install/ur5_description/share/ur5_description/package.xml
