[0.081s] DEBUG:colcon:Command line arguments: ['/usr/bin/colcon', 'build']
[0.081s] DEBUG:colcon:Parsed command line arguments: Namespace(log_base=None, log_level=None, verb_name='build', build_base='build', install_base='install', merge_install=False, symlink_install=False, test_result_base=None, continue_on_error=False, executor='parallel', parallel_workers=16, event_handlers=None, ignore_user_meta=False, metas=['./colcon.meta'], base_paths=['.'], packages_ignore=None, packages_ignore_regex=None, paths=None, packages_up_to=None, packages_up_to_regex=None, packages_above=None, packages_above_and_dependencies=None, packages_above_depth=None, packages_select_by_dep=None, packages_skip_by_dep=None, packages_skip_up_to=None, packages_select_build_failed=False, packages_skip_build_finished=False, packages_select_test_failures=False, packages_skip_test_passed=False, packages_select=None, packages_skip=None, packages_select_regex=None, packages_skip_regex=None, packages_start=None, packages_end=None, allow_overriding=[], cmake_args=None, cmake_target=None, cmake_target_skip_unavailable=False, cmake_clean_cache=False, cmake_clean_first=False, cmake_force_configure=False, ament_cmake_args=None, catkin_cmake_args=None, catkin_skip_building_tests=False, mixin_files=None, mixin=None, verb_parser=<colcon_mixin.mixin.mixin_argument.MixinArgumentDecorator object at 0x786cec7cf0e0>, verb_extension=<colcon_core.verb.build.BuildVerb object at 0x786cecdf0ce0>, main=<bound method BuildVerb.main of <colcon_core.verb.build.BuildVerb object at 0x786cecdf0ce0>>, mixin_verb=('build',))
[0.107s] Level 1:colcon.colcon_core.package_discovery:discover_packages(colcon_meta) check parameters
[0.108s] Level 1:colcon.colcon_core.package_discovery:discover_packages(recursive) check parameters
[0.108s] Level 1:colcon.colcon_core.package_discovery:discover_packages(ignore) check parameters
[0.108s] Level 1:colcon.colcon_core.package_discovery:discover_packages(path) check parameters
[0.108s] Level 1:colcon.colcon_core.package_discovery:discover_packages(colcon_meta) discover
[0.108s] Level 1:colcon.colcon_core.package_discovery:discover_packages(recursive) discover
[0.108s] INFO:colcon.colcon_core.package_discovery:Crawling recursively for packages in '/home/abdulrahman/me5250/src/ur5_ws'
[0.108s] Level 1:colcon.colcon_core.package_identification:_identify(.) by extensions ['ignore', 'ignore_ament_install']
[0.108s] Level 1:colcon.colcon_core.package_identification:_identify(.) by extension 'ignore'
[0.108s] Level 1:colcon.colcon_core.package_identification:_identify(.) by extension 'ignore_ament_install'
[0.108s] Level 1:colcon.colcon_core.package_identification:_identify(.) by extensions ['colcon_pkg']
[0.108s] Level 1:colcon.colcon_core.package_identification:_identify(.) by extension 'colcon_pkg'
[0.108s] Level 1:colcon.colcon_core.package_identification:_identify(.) by extensions ['colcon_meta']
[0.108s] Level 1:colcon.colcon_core.package_identification:_identify(.) by extension 'colcon_meta'
[0.108s] Level 1:colcon.colcon_core.package_identification:_identify(.) by extensions ['ros']
[0.108s] Level 1:colcon.colcon_core.package_identification:_identify(.) by extension 'ros'
[0.126s] Level 1:colcon.colcon_core.package_identification:_identify(.) by extensions ['cmake', 'python']
[0.126s] Level 1:colcon.colcon_core.package_identification:_identify(.) by extension 'cmake'
[0.126s] Level 1:colcon.colcon_core.package_identification:_identify(.) by extension 'python'
[0.126s] Level 1:colcon.colcon_core.package_identification:_identify(.) by extensions ['python_setup_py']
[0.127s] Level 1:colcon.colcon_core.package_identification:_identify(.) by extension 'python_setup_py'
[0.127s] Level 1:colcon.colcon_core.package_identification:_identify(build) by extensions ['ignore', 'ignore_ament_install']
[0.127s] Level 1:colcon.colcon_core.package_identification:_identify(build) by extension 'ignore'
[0.127s] Level 1:colcon.colcon_core.package_identification:_identify(build) ignored
[0.127s] Level 1:colcon.colcon_core.package_identification:_identify(install) by extensions ['ignore', 'ignore_ament_install']
[0.127s] Level 1:colcon.colcon_core.package_identification:_identify(install) by extension 'ignore'
[0.127s] Level 1:colcon.colcon_core.package_identification:_identify(install) ignored
[0.127s] Level 1:colcon.colcon_core.package_identification:_identify(log) by extensions ['ignore', 'ignore_ament_install']
[0.127s] Level 1:colcon.colcon_core.package_identification:_identify(log) by extension 'ignore'
[0.127s] Level 1:colcon.colcon_core.package_identification:_identify(log) ignored
[0.127s] Level 1:colcon.colcon_core.package_identification:_identify(src) by extensions ['ignore', 'ignore_ament_install']
[0.127s] Level 1:colcon.colcon_core.package_identification:_identify(src) by extension 'ignore'
[0.127s] Level 1:colcon.colcon_core.package_identification:_identify(src) by extension 'ignore_ament_install'
[0.127s] Level 1:colcon.colcon_core.package_identification:_identify(src) by extensions ['colcon_pkg']
[0.127s] Level 1:colcon.colcon_core.package_identification:_identify(src) by extension 'colcon_pkg'
[0.127s] Level 1:colcon.colcon_core.package_identification:_identify(src) by extensions ['colcon_meta']
[0.127s] Level 1:colcon.colcon_core.package_identification:_identify(src) by extension 'colcon_meta'
[0.127s] Level 1:colcon.colcon_core.package_identification:_identify(src) by extensions ['ros']
[0.127s] Level 1:colcon.colcon_core.package_identification:_identify(src) by extension 'ros'
[0.127s] Level 1:colcon.colcon_core.package_identification:_identify(src) by extensions ['cmake', 'python']
[0.127s] Level 1:colcon.colcon_core.package_identification:_identify(src) by extension 'cmake'
[0.127s] Level 1:colcon.colcon_core.package_identification:_identify(src) by extension 'python'
[0.127s] Level 1:colcon.colcon_core.package_identification:_identify(src) by extensions ['python_setup_py']
[0.127s] Level 1:colcon.colcon_core.package_identification:_identify(src) by extension 'python_setup_py'
[0.127s] Level 1:colcon.colcon_core.package_identification:_identify(src/hello_moveit) by extensions ['ignore', 'ignore_ament_install']
[0.128s] Level 1:colcon.colcon_core.package_identification:_identify(src/hello_moveit) by extension 'ignore'
[0.128s] Level 1:colcon.colcon_core.package_identification:_identify(src/hello_moveit) by extension 'ignore_ament_install'
[0.128s] Level 1:colcon.colcon_core.package_identification:_identify(src/hello_moveit) by extensions ['colcon_pkg']
[0.128s] Level 1:colcon.colcon_core.package_identification:_identify(src/hello_moveit) by extension 'colcon_pkg'
[0.128s] Level 1:colcon.colcon_core.package_identification:_identify(src/hello_moveit) by extensions ['colcon_meta']
[0.128s] Level 1:colcon.colcon_core.package_identification:_identify(src/hello_moveit) by extension 'colcon_meta'
[0.128s] Level 1:colcon.colcon_core.package_identification:_identify(src/hello_moveit) by extensions ['ros']
[0.128s] Level 1:colcon.colcon_core.package_identification:_identify(src/hello_moveit) by extension 'ros'
[0.129s] DEBUG:colcon.colcon_core.package_identification:Package 'src/hello_moveit' with type 'ros.ament_cmake' and name 'hello_moveit'
[0.129s] Level 1:colcon.colcon_core.package_identification:_identify(src/ur5_controller) by extensions ['ignore', 'ignore_ament_install']
[0.129s] Level 1:colcon.colcon_core.package_identification:_identify(src/ur5_controller) by extension 'ignore'
[0.130s] Level 1:colcon.colcon_core.package_identification:_identify(src/ur5_controller) by extension 'ignore_ament_install'
[0.130s] Level 1:colcon.colcon_core.package_identification:_identify(src/ur5_controller) by extensions ['colcon_pkg']
[0.130s] Level 1:colcon.colcon_core.package_identification:_identify(src/ur5_controller) by extension 'colcon_pkg'
[0.130s] Level 1:colcon.colcon_core.package_identification:_identify(src/ur5_controller) by extensions ['colcon_meta']
[0.130s] Level 1:colcon.colcon_core.package_identification:_identify(src/ur5_controller) by extension 'colcon_meta'
[0.130s] Level 1:colcon.colcon_core.package_identification:_identify(src/ur5_controller) by extensions ['ros']
[0.130s] Level 1:colcon.colcon_core.package_identification:_identify(src/ur5_controller) by extension 'ros'
[0.130s] DEBUG:colcon.colcon_core.package_identification:Package 'src/ur5_controller' with type 'ros.ament_cmake' and name 'ur5_controller'
[0.130s] Level 1:colcon.colcon_core.package_identification:_identify(src/ur5_description) by extensions ['ignore', 'ignore_ament_install']
[0.130s] Level 1:colcon.colcon_core.package_identification:_identify(src/ur5_description) by extension 'ignore'
[0.130s] Level 1:colcon.colcon_core.package_identification:_identify(src/ur5_description) by extension 'ignore_ament_install'
[0.130s] Level 1:colcon.colcon_core.package_identification:_identify(src/ur5_description) by extensions ['colcon_pkg']
[0.130s] Level 1:colcon.colcon_core.package_identification:_identify(src/ur5_description) by extension 'colcon_pkg'
[0.130s] Level 1:colcon.colcon_core.package_identification:_identify(src/ur5_description) by extensions ['colcon_meta']
[0.130s] Level 1:colcon.colcon_core.package_identification:_identify(src/ur5_description) by extension 'colcon_meta'
[0.130s] Level 1:colcon.colcon_core.package_identification:_identify(src/ur5_description) by extensions ['ros']
[0.130s] Level 1:colcon.colcon_core.package_identification:_identify(src/ur5_description) by extension 'ros'
[0.131s] DEBUG:colcon.colcon_core.package_identification:Package 'src/ur5_description' with type 'ros.ament_cmake' and name 'ur5_description'
[0.131s] Level 1:colcon.colcon_core.package_identification:_identify(src/ur5_moveit) by extensions ['ignore', 'ignore_ament_install']
[0.131s] Level 1:colcon.colcon_core.package_identification:_identify(src/ur5_moveit) by extension 'ignore'
[0.131s] Level 1:colcon.colcon_core.package_identification:_identify(src/ur5_moveit) by extension 'ignore_ament_install'
[0.131s] Level 1:colcon.colcon_core.package_identification:_identify(src/ur5_moveit) by extensions ['colcon_pkg']
[0.131s] Level 1:colcon.colcon_core.package_identification:_identify(src/ur5_moveit) by extension 'colcon_pkg'
[0.131s] Level 1:colcon.colcon_core.package_identification:_identify(src/ur5_moveit) by extensions ['colcon_meta']
[0.131s] Level 1:colcon.colcon_core.package_identification:_identify(src/ur5_moveit) by extension 'colcon_meta'
[0.131s] Level 1:colcon.colcon_core.package_identification:_identify(src/ur5_moveit) by extensions ['ros']
[0.131s] Level 1:colcon.colcon_core.package_identification:_identify(src/ur5_moveit) by extension 'ros'
[0.131s] DEBUG:colcon.colcon_core.package_identification:Package 'src/ur5_moveit' with type 'ros.ament_python' and name 'ur5_moveit'
[0.131s] Level 1:colcon.colcon_core.package_identification:_identify(src/ur5_moveit_config) by extensions ['ignore', 'ignore_ament_install']
[0.132s] Level 1:colcon.colcon_core.package_identification:_identify(src/ur5_moveit_config) by extension 'ignore'
[0.132s] Level 1:colcon.colcon_core.package_identification:_identify(src/ur5_moveit_config) by extension 'ignore_ament_install'
[0.132s] Level 1:colcon.colcon_core.package_identification:_identify(src/ur5_moveit_config) by extensions ['colcon_pkg']
[0.132s] Level 1:colcon.colcon_core.package_identification:_identify(src/ur5_moveit_config) by extension 'colcon_pkg'
[0.132s] Level 1:colcon.colcon_core.package_identification:_identify(src/ur5_moveit_config) by extensions ['colcon_meta']
[0.132s] Level 1:colcon.colcon_core.package_identification:_identify(src/ur5_moveit_config) by extension 'colcon_meta'
[0.132s] Level 1:colcon.colcon_core.package_identification:_identify(src/ur5_moveit_config) by extensions ['ros']
[0.132s] Level 1:colcon.colcon_core.package_identification:_identify(src/ur5_moveit_config) by extension 'ros'
[0.132s] DEBUG:colcon.colcon_core.package_identification:Package 'src/ur5_moveit_config' with type 'ros.ament_cmake' and name 'ur5_moveit_config'
[0.132s] Level 1:colcon.colcon_core.package_discovery:discover_packages(recursive) using defaults
[0.132s] Level 1:colcon.colcon_core.package_discovery:discover_packages(ignore) discover
[0.132s] Level 1:colcon.colcon_core.package_discovery:discover_packages(ignore) using defaults
[0.132s] Level 1:colcon.colcon_core.package_discovery:discover_packages(path) discover
[0.132s] Level 1:colcon.colcon_core.package_discovery:discover_packages(path) using defaults
[0.146s] Level 1:colcon.colcon_core.package_discovery:discover_packages(prefix_path) check parameters
[0.146s] Level 1:colcon.colcon_core.package_discovery:discover_packages(prefix_path) discover
[0.147s] WARNING:colcon.colcon_ros.prefix_path.ament:The path '/home/abdulrahman/me5250/install/mujoco_ur_bridge' in the environment variable AMENT_PREFIX_PATH doesn't exist
[0.147s] WARNING:colcon.colcon_ros.prefix_path.ament:The path '/home/abdulrahman/me5250/install/bin_picking_demo' in the environment variable AMENT_PREFIX_PATH doesn't exist
[0.148s] DEBUG:colcon.colcon_installed_package_information.package_discovery:Found 5 installed packages in /home/abdulrahman/me5250/src/ur5_ws/install
[0.148s] DEBUG:colcon.colcon_installed_package_information.package_discovery:Found 5 installed packages in /home/abdulrahman/ur5_ws/install
[0.149s] DEBUG:colcon.colcon_installed_package_information.package_discovery:Found 15 installed packages in /home/abdulrahman/me5250_ws/install
[0.149s] DEBUG:colcon.colcon_installed_package_information.package_discovery:Found 13 installed packages in /home/abdulrahman/me5250/install
[0.152s] DEBUG:colcon.colcon_installed_package_information.package_discovery:Found 653 installed packages in /opt/ros/jazzy
[0.153s] Level 1:colcon.colcon_core.package_discovery:discover_packages(prefix_path) using defaults
[0.219s] Level 5:colcon.colcon_core.verb:set package 'hello_moveit' build argument 'cmake_args' from command line to 'None'
[0.219s] Level 5:colcon.colcon_core.verb:set package 'hello_moveit' build argument 'cmake_target' from command line to 'None'
[0.219s] Level 5:colcon.colcon_core.verb:set package 'hello_moveit' build argument 'cmake_target_skip_unavailable' from command line to 'False'
[0.219s] Level 5:colcon.colcon_core.verb:set package 'hello_moveit' build argument 'cmake_clean_cache' from command line to 'False'
[0.219s] Level 5:colcon.colcon_core.verb:set package 'hello_moveit' build argument 'cmake_clean_first' from command line to 'False'
[0.219s] Level 5:colcon.colcon_core.verb:set package 'hello_moveit' build argument 'cmake_force_configure' from command line to 'False'
[0.219s] Level 5:colcon.colcon_core.verb:set package 'hello_moveit' build argument 'ament_cmake_args' from command line to 'None'
[0.219s] Level 5:colcon.colcon_core.verb:set package 'hello_moveit' build argument 'catkin_cmake_args' from command line to 'None'
[0.219s] Level 5:colcon.colcon_core.verb:set package 'hello_moveit' build argument 'catkin_skip_building_tests' from command line to 'False'
[0.219s] DEBUG:colcon.colcon_core.verb:Building package 'hello_moveit' with the following arguments: {'ament_cmake_args': None, 'build_base': '/home/abdulrahman/me5250/src/ur5_ws/build/hello_moveit', 'catkin_cmake_args': None, 'catkin_skip_building_tests': False, 'cmake_args': None, 'cmake_clean_cache': False, 'cmake_clean_first': False, 'cmake_force_configure': False, 'cmake_target': None, 'cmake_target_skip_unavailable': False, 'install_base': '/home/abdulrahman/me5250/src/ur5_ws/install/hello_moveit', 'merge_install': False, 'path': '/home/abdulrahman/me5250/src/ur5_ws/src/hello_moveit', 'symlink_install': False, 'test_result_base': None}
[0.219s] Level 5:colcon.colcon_core.verb:set package 'ur5_controller' build argument 'cmake_args' from command line to 'None'
[0.219s] Level 5:colcon.colcon_core.verb:set package 'ur5_controller' build argument 'cmake_target' from command line to 'None'
[0.219s] Level 5:colcon.colcon_core.verb:set package 'ur5_controller' build argument 'cmake_target_skip_unavailable' from command line to 'False'
[0.219s] Level 5:colcon.colcon_core.verb:set package 'ur5_controller' build argument 'cmake_clean_cache' from command line to 'False'
[0.219s] Level 5:colcon.colcon_core.verb:set package 'ur5_controller' build argument 'cmake_clean_first' from command line to 'False'
[0.219s] Level 5:colcon.colcon_core.verb:set package 'ur5_controller' build argument 'cmake_force_configure' from command line to 'False'
[0.219s] Level 5:colcon.colcon_core.verb:set package 'ur5_controller' build argument 'ament_cmake_args' from command line to 'None'
[0.219s] Level 5:colcon.colcon_core.verb:set package 'ur5_controller' build argument 'catkin_cmake_args' from command line to 'None'
[0.219s] Level 5:colcon.colcon_core.verb:set package 'ur5_controller' build argument 'catkin_skip_building_tests' from command line to 'False'
[0.219s] DEBUG:colcon.colcon_core.verb:Building package 'ur5_controller' with the following arguments: {'ament_cmake_args': None, 'build_base': '/home/abdulrahman/me5250/src/ur5_ws/build/ur5_controller', 'catkin_cmake_args': None, 'catkin_skip_building_tests': False, 'cmake_args': None, 'cmake_clean_cache': False, 'cmake_clean_first': False, 'cmake_force_configure': False, 'cmake_target': None, 'cmake_target_skip_unavailable': False, 'install_base': '/home/abdulrahman/me5250/src/ur5_ws/install/ur5_controller', 'merge_install': False, 'path': '/home/abdulrahman/me5250/src/ur5_ws/src/ur5_controller', 'symlink_install': False, 'test_result_base': None}
[0.219s] Level 5:colcon.colcon_core.verb:set package 'ur5_description' build argument 'cmake_args' from command line to 'None'
[0.220s] Level 5:colcon.colcon_core.verb:set package 'ur5_description' build argument 'cmake_target' from command line to 'None'
[0.220s] Level 5:colcon.colcon_core.verb:set package 'ur5_description' build argument 'cmake_target_skip_unavailable' from command line to 'False'
[0.220s] Level 5:colcon.colcon_core.verb:set package 'ur5_description' build argument 'cmake_clean_cache' from command line to 'False'
[0.220s] Level 5:colcon.colcon_core.verb:set package 'ur5_description' build argument 'cmake_clean_first' from command line to 'False'
[0.220s] Level 5:colcon.colcon_core.verb:set package 'ur5_description' build argument 'cmake_force_configure' from command line to 'False'
[0.220s] Level 5:colcon.colcon_core.verb:set package 'ur5_description' build argument 'ament_cmake_args' from command line to 'None'
[0.220s] Level 5:colcon.colcon_core.verb:set package 'ur5_description' build argument 'catkin_cmake_args' from command line to 'None'
[0.220s] Level 5:colcon.colcon_core.verb:set package 'ur5_description' build argument 'catkin_skip_building_tests' from command line to 'False'
[0.220s] DEBUG:colcon.colcon_core.verb:Building package 'ur5_description' with the following arguments: {'ament_cmake_args': None, 'build_base': '/home/abdulrahman/me5250/src/ur5_ws/build/ur5_description', 'catkin_cmake_args': None, 'catkin_skip_building_tests': False, 'cmake_args': None, 'cmake_clean_cache': False, 'cmake_clean_first': False, 'cmake_force_configure': False, 'cmake_target': None, 'cmake_target_skip_unavailable': False, 'install_base': '/home/abdulrahman/me5250/src/ur5_ws/install/ur5_description', 'merge_install': False, 'path': '/home/abdulrahman/me5250/src/ur5_ws/src/ur5_description', 'symlink_install': False, 'test_result_base': None}
[0.220s] Level 5:colcon.colcon_core.verb:set package 'ur5_moveit' build argument 'cmake_args' from command line to 'None'
[0.220s] Level 5:colcon.colcon_core.verb:set package 'ur5_moveit' build argument 'cmake_target' from command line to 'None'
[0.220s] Level 5:colcon.colcon_core.verb:set package 'ur5_moveit' build argument 'cmake_target_skip_unavailable' from command line to 'False'
[0.220s] Level 5:colcon.colcon_core.verb:set package 'ur5_moveit' build argument 'cmake_clean_cache' from command line to 'False'
[0.220s] Level 5:colcon.colcon_core.verb:set package 'ur5_moveit' build argument 'cmake_clean_first' from command line to 'False'
[0.220s] Level 5:colcon.colcon_core.verb:set package 'ur5_moveit' build argument 'cmake_force_configure' from command line to 'False'
[0.220s] Level 5:colcon.colcon_core.verb:set package 'ur5_moveit' build argument 'ament_cmake_args' from command line to 'None'
[0.220s] Level 5:colcon.colcon_core.verb:set package 'ur5_moveit' build argument 'catkin_cmake_args' from command line to 'None'
[0.220s] Level 5:colcon.colcon_core.verb:set package 'ur5_moveit' build argument 'catkin_skip_building_tests' from command line to 'False'
[0.220s] DEBUG:colcon.colcon_core.verb:Building package 'ur5_moveit' with the following arguments: {'ament_cmake_args': None, 'build_base': '/home/abdulrahman/me5250/src/ur5_ws/build/ur5_moveit', 'catkin_cmake_args': None, 'catkin_skip_building_tests': False, 'cmake_args': None, 'cmake_clean_cache': False, 'cmake_clean_first': False, 'cmake_force_configure': False, 'cmake_target': None, 'cmake_target_skip_unavailable': False, 'install_base': '/home/abdulrahman/me5250/src/ur5_ws/install/ur5_moveit', 'merge_install': False, 'path': '/home/abdulrahman/me5250/src/ur5_ws/src/ur5_moveit', 'symlink_install': False, 'test_result_base': None}
[0.220s] Level 5:colcon.colcon_core.verb:set package 'ur5_moveit_config' build argument 'cmake_args' from command line to 'None'
[0.220s] Level 5:colcon.colcon_core.verb:set package 'ur5_moveit_config' build argument 'cmake_target' from command line to 'None'
[0.220s] Level 5:colcon.colcon_core.verb:set package 'ur5_moveit_config' build argument 'cmake_target_skip_unavailable' from command line to 'False'
[0.220s] Level 5:colcon.colcon_core.verb:set package 'ur5_moveit_config' build argument 'cmake_clean_cache' from command line to 'False'
[0.220s] Level 5:colcon.colcon_core.verb:set package 'ur5_moveit_config' build argument 'cmake_clean_first' from command line to 'False'
[0.220s] Level 5:colcon.colcon_core.verb:set package 'ur5_moveit_config' build argument 'cmake_force_configure' from command line to 'False'
[0.220s] Level 5:colcon.colcon_core.verb:set package 'ur5_moveit_config' build argument 'ament_cmake_args' from command line to 'None'
[0.220s] Level 5:colcon.colcon_core.verb:set package 'ur5_moveit_config' build argument 'catkin_cmake_args' from command line to 'None'
[0.220s] Level 5:colcon.colcon_core.verb:set package 'ur5_moveit_config' build argument 'catkin_skip_building_tests' from command line to 'False'
[0.220s] DEBUG:colcon.colcon_core.verb:Building package 'ur5_moveit_config' with the following arguments: {'ament_cmake_args': None, 'build_base': '/home/abdulrahman/me5250/src/ur5_ws/build/ur5_moveit_config', 'catkin_cmake_args': None, 'catkin_skip_building_tests': False, 'cmake_args': None, 'cmake_clean_cache': False, 'cmake_clean_first': False, 'cmake_force_configure': False, 'cmake_target': None, 'cmake_target_skip_unavailable': False, 'install_base': '/home/abdulrahman/me5250/src/ur5_ws/install/ur5_moveit_config', 'merge_install': False, 'path': '/home/abdulrahman/me5250/src/ur5_ws/src/ur5_moveit_config', 'symlink_install': False, 'test_result_base': None}
[0.220s] INFO:colcon.colcon_core.executor:Executing jobs using 'parallel' executor
[0.221s] DEBUG:colcon.colcon_parallel_executor.executor.parallel:run_until_complete
[0.221s] INFO:colcon.colcon_ros.task.ament_cmake.build:Building ROS package in '/home/abdulrahman/me5250/src/ur5_ws/src/ur5_description' with build type 'ament_cmake'
[0.221s] INFO:colcon.colcon_cmake.task.cmake.build:Building CMake package in '/home/abdulrahman/me5250/src/ur5_ws/src/ur5_description'
[0.223s] INFO:colcon.colcon_core.plugin_system:Skipping extension 'colcon_core.shell.bat': Not used on non-Windows systems
[0.223s] INFO:colcon.colcon_core.shell:Skip shell extension 'powershell' for command environment: Not usable outside of PowerShell
[0.223s] DEBUG:colcon.colcon_core.shell:Skip shell extension 'dsv' for command environment
[0.229s] INFO:colcon.colcon_ros.task.ament_cmake.build:Building ROS package in '/home/abdulrahman/me5250/src/ur5_ws/src/hello_moveit' with build type 'ament_cmake'
[0.229s] INFO:colcon.colcon_cmake.task.cmake.build:Building CMake package in '/home/abdulrahman/me5250/src/ur5_ws/src/hello_moveit'
[0.229s] INFO:colcon.colcon_core.shell:Skip shell extension 'powershell' for command environment: Not usable outside of PowerShell
[0.229s] DEBUG:colcon.colcon_core.shell:Skip shell extension 'dsv' for command environment
[0.234s] INFO:colcon.colcon_ros.task.ament_cmake.build:Building ROS package in '/home/abdulrahman/me5250/src/ur5_ws/src/ur5_controller' with build type 'ament_cmake'
[0.234s] INFO:colcon.colcon_cmake.task.cmake.build:Building CMake package in '/home/abdulrahman/me5250/src/ur5_ws/src/ur5_controller'
[0.234s] INFO:colcon.colcon_core.shell:Skip shell extension 'powershell' for command environment: Not usable outside of PowerShell
[0.234s] DEBUG:colcon.colcon_core.shell:Skip shell extension 'dsv' for command environment
[0.239s] INFO:colcon.colcon_ros.task.ament_python.build:Building ROS package in '/home/abdulrahman/me5250/src/ur5_ws/src/ur5_moveit' with build type 'ament_python'
[0.239s] Level 1:colcon.colcon_core.shell:create_environment_hook('ur5_moveit', 'ament_prefix_path')
[0.240s] INFO:colcon.colcon_core.shell:Creating environment hook '/home/abdulrahman/me5250/src/ur5_ws/install/ur5_moveit/share/ur5_moveit/hook/ament_prefix_path.ps1'
[0.240s] INFO:colcon.colcon_core.shell:Creating environment descriptor '/home/abdulrahman/me5250/src/ur5_ws/install/ur5_moveit/share/ur5_moveit/hook/ament_prefix_path.dsv'
[0.240s] INFO:colcon.colcon_core.shell:Creating environment hook '/home/abdulrahman/me5250/src/ur5_ws/install/ur5_moveit/share/ur5_moveit/hook/ament_prefix_path.sh'
[0.241s] INFO:colcon.colcon_core.shell:Skip shell extension 'powershell' for command environment: Not usable outside of PowerShell
[0.241s] DEBUG:colcon.colcon_core.shell:Skip shell extension 'dsv' for command environment
[0.273s] DEBUG:colcon.colcon_core.event_handler.log_command:Invoking command in '/home/abdulrahman/me5250/src/ur5_ws/build/ur5_description': CMAKE_PREFIX_PATH=${CMAKE_PREFIX_PATH}:/home/abdulrahman/me5250_ws/install/ur_gazebo_demo:/home/abdulrahman/me5250/install/ur_gazebo_demo:/home/abdulrahman/me5250/install/reactive_replanning:/home/abdulrahman/me5250/install/mujoco_ur_bridge:/home/abdulrahman/me5250/install/bin_picking_demo:/opt/ros/jazzy DEBUGINFOD_URLS=https://debuginfod.ubuntu.com /usr/bin/cmake --build /home/abdulrahman/me5250/src/ur5_ws/build/ur5_description -- -j16 -l16
[0.275s] DEBUG:colcon.colcon_core.event_handler.log_command:Invoking command in '/home/abdulrahman/me5250/src/ur5_ws/build/hello_moveit': CMAKE_PREFIX_PATH=${CMAKE_PREFIX_PATH}:/home/abdulrahman/me5250_ws/install/ur_gazebo_demo:/home/abdulrahman/me5250/install/ur_gazebo_demo:/home/abdulrahman/me5250/install/reactive_replanning:/home/abdulrahman/me5250/install/mujoco_ur_bridge:/home/abdulrahman/me5250/install/bin_picking_demo:/opt/ros/jazzy DEBUGINFOD_URLS=https://debuginfod.ubuntu.com /usr/bin/cmake --build /home/abdulrahman/me5250/src/ur5_ws/build/hello_moveit -- -j16 -l16
[0.276s] DEBUG:colcon.colcon_core.event_handler.log_command:Invoking command in '/home/abdulrahman/me5250/src/ur5_ws/build/ur5_controller': CMAKE_PREFIX_PATH=${CMAKE_PREFIX_PATH}:/home/abdulrahman/me5250_ws/install/ur_gazebo_demo:/home/abdulrahman/me5250/install/ur_gazebo_demo:/home/abdulrahman/me5250/install/reactive_replanning:/home/abdulrahman/me5250/install/mujoco_ur_bridge:/home/abdulrahman/me5250/install/bin_picking_demo:/opt/ros/jazzy DEBUGINFOD_URLS=https://debuginfod.ubuntu.com /usr/bin/cmake --build /home/abdulrahman/me5250/src/ur5_ws/build/ur5_controller -- -j16 -l16
[0.470s] INFO:colcon.colcon_core.task.python.build:Building Python package in '/home/abdulrahman/me5250/src/ur5_ws/src/ur5_moveit'
[0.470s] INFO:colcon.colcon_core.shell:Skip shell extension 'powershell' for command environment: Not usable outside of PowerShell
[0.470s] DEBUG:colcon.colcon_core.shell:Skip shell extension 'dsv' for command environment
[0.476s] DEBUG:colcon.colcon_core.event_handler.log_command:Invoked command in '/home/abdulrahman/me5250/src/ur5_ws/build/hello_moveit' returned '0': CMAKE_PREFIX_PATH=${CMAKE_PREFIX_PATH}:/home/abdulrahman/me5250_ws/install/ur_gazebo_demo:/home/abdulrahman/me5250/install/ur_gazebo_demo:/home/abdulrahman/me5250/install/reactive_replanning:/home/abdulrahman/me5250/install/mujoco_ur_bridge:/home/abdulrahman/me5250/install/bin_picking_demo:/opt/ros/jazzy DEBUGINFOD_URLS=https://debuginfod.ubuntu.com /usr/bin/cmake --build /home/abdulrahman/me5250/src/ur5_ws/build/hello_moveit -- -j16 -l16
[0.484s] DEBUG:colcon.colcon_core.event_handler.log_command:Invoking command in '/home/abdulrahman/me5250/src/ur5_ws/build/hello_moveit': CMAKE_PREFIX_PATH=${CMAKE_PREFIX_PATH}:/home/abdulrahman/me5250_ws/install/ur_gazebo_demo:/home/abdulrahman/me5250/install/ur_gazebo_demo:/home/abdulrahman/me5250/install/reactive_replanning:/home/abdulrahman/me5250/install/mujoco_ur_bridge:/home/abdulrahman/me5250/install/bin_picking_demo:/opt/ros/jazzy DEBUGINFOD_URLS=https://debuginfod.ubuntu.com /usr/bin/cmake --install /home/abdulrahman/me5250/src/ur5_ws/build/hello_moveit
[0.484s] DEBUG:colcon.colcon_core.event_handler.log_command:Invoked command in '/home/abdulrahman/me5250/src/ur5_ws/build/ur5_description' returned '0': CMAKE_PREFIX_PATH=${CMAKE_PREFIX_PATH}:/home/abdulrahman/me5250_ws/install/ur_gazebo_demo:/home/abdulrahman/me5250/install/ur_gazebo_demo:/home/abdulrahman/me5250/install/reactive_replanning:/home/abdulrahman/me5250/install/mujoco_ur_bridge:/home/abdulrahman/me5250/install/bin_picking_demo:/opt/ros/jazzy DEBUGINFOD_URLS=https://debuginfod.ubuntu.com /usr/bin/cmake --build /home/abdulrahman/me5250/src/ur5_ws/build/ur5_description -- -j16 -l16
[0.485s] DEBUG:colcon.colcon_core.event_handler.log_command:Invoking command in '/home/abdulrahman/me5250/src/ur5_ws/build/ur5_description': CMAKE_PREFIX_PATH=${CMAKE_PREFIX_PATH}:/home/abdulrahman/me5250_ws/install/ur_gazebo_demo:/home/abdulrahman/me5250/install/ur_gazebo_demo:/home/abdulrahman/me5250/install/reactive_replanning:/home/abdulrahman/me5250/install/mujoco_ur_bridge:/home/abdulrahman/me5250/install/bin_picking_demo:/opt/ros/jazzy DEBUGINFOD_URLS=https://debuginfod.ubuntu.com /usr/bin/cmake --install /home/abdulrahman/me5250/src/ur5_ws/build/ur5_description
[0.485s] DEBUG:colcon.colcon_core.event_handler.log_command:Invoked command in '/home/abdulrahman/me5250/src/ur5_ws/build/ur5_controller' returned '0': CMAKE_PREFIX_PATH=${CMAKE_PREFIX_PATH}:/home/abdulrahman/me5250_ws/install/ur_gazebo_demo:/home/abdulrahman/me5250/install/ur_gazebo_demo:/home/abdulrahman/me5250/install/reactive_replanning:/home/abdulrahman/me5250/install/mujoco_ur_bridge:/home/abdulrahman/me5250/install/bin_picking_demo:/opt/ros/jazzy DEBUGINFOD_URLS=https://debuginfod.ubuntu.com /usr/bin/cmake --build /home/abdulrahman/me5250/src/ur5_ws/build/ur5_controller -- -j16 -l16
[0.486s] DEBUG:colcon.colcon_core.event_handler.log_command:Invoking command in '/home/abdulrahman/me5250/src/ur5_ws/build/ur5_controller': CMAKE_PREFIX_PATH=${CMAKE_PREFIX_PATH}:/home/abdulrahman/me5250_ws/install/ur_gazebo_demo:/home/abdulrahman/me5250/install/ur_gazebo_demo:/home/abdulrahman/me5250/install/reactive_replanning:/home/abdulrahman/me5250/install/mujoco_ur_bridge:/home/abdulrahman/me5250/install/bin_picking_demo:/opt/ros/jazzy DEBUGINFOD_URLS=https://debuginfod.ubuntu.com /usr/bin/cmake --install /home/abdulrahman/me5250/src/ur5_ws/build/ur5_controller
[0.493s] Level 1:colcon.colcon_core.environment:create_environment_scripts_only(ur5_controller)
[0.501s] Level 1:colcon.colcon_core.environment:checking '/home/abdulrahman/me5250/src/ur5_ws/install/ur5_controller' for CMake module files
[0.502s] Level 1:colcon.colcon_core.environment:checking '/home/abdulrahman/me5250/src/ur5_ws/install/ur5_controller' for CMake config files
[0.503s] DEBUG:colcon.colcon_core.event_handler.log_command:Invoked command in '/home/abdulrahman/me5250/src/ur5_ws/build/ur5_controller' returned '0': CMAKE_PREFIX_PATH=${CMAKE_PREFIX_PATH}:/home/abdulrahman/me5250_ws/install/ur_gazebo_demo:/home/abdulrahman/me5250/install/ur_gazebo_demo:/home/abdulrahman/me5250/install/reactive_replanning:/home/abdulrahman/me5250/install/mujoco_ur_bridge:/home/abdulrahman/me5250/install/bin_picking_demo:/opt/ros/jazzy DEBUGINFOD_URLS=https://debuginfod.ubuntu.com /usr/bin/cmake --install /home/abdulrahman/me5250/src/ur5_ws/build/ur5_controller
[0.505s] Level 1:colcon.colcon_core.shell:create_environment_hook('ur5_controller', 'cmake_prefix_path')
[0.505s] INFO:colcon.colcon_core.shell:Creating environment hook '/home/abdulrahman/me5250/src/ur5_ws/install/ur5_controller/share/ur5_controller/hook/cmake_prefix_path.ps1'
[0.505s] INFO:colcon.colcon_core.shell:Creating environment descriptor '/home/abdulrahman/me5250/src/ur5_ws/install/ur5_controller/share/ur5_controller/hook/cmake_prefix_path.dsv'
[0.506s] INFO:colcon.colcon_core.shell:Creating environment hook '/home/abdulrahman/me5250/src/ur5_ws/install/ur5_controller/share/ur5_controller/hook/cmake_prefix_path.sh'
[0.506s] Level 1:colcon.colcon_core.environment:checking '/home/abdulrahman/me5250/src/ur5_ws/install/ur5_controller/bin'
[0.506s] Level 1:colcon.colcon_core.environment:checking '/home/abdulrahman/me5250/src/ur5_ws/install/ur5_controller/lib/pkgconfig/ur5_controller.pc'
[0.506s] Level 1:colcon.colcon_core.environment:checking '/home/abdulrahman/me5250/src/ur5_ws/install/ur5_controller/lib/python3.12/site-packages'
[0.506s] Level 1:colcon.colcon_core.environment:checking '/home/abdulrahman/me5250/src/ur5_ws/install/ur5_controller/bin'
[0.507s] INFO:colcon.colcon_core.shell:Creating package script '/home/abdulrahman/me5250/src/ur5_ws/install/ur5_controller/share/ur5_controller/package.ps1'
[0.507s] INFO:colcon.colcon_core.shell:Creating package descriptor '/home/abdulrahman/me5250/src/ur5_ws/install/ur5_controller/share/ur5_controller/package.dsv'
[0.507s] INFO:colcon.colcon_core.shell:Creating package script '/home/abdulrahman/me5250/src/ur5_ws/install/ur5_controller/share/ur5_controller/package.sh'
[0.508s] INFO:colcon.colcon_core.shell:Creating package script '/home/abdulrahman/me5250/src/ur5_ws/install/ur5_controller/share/ur5_controller/package.bash'
[0.508s] INFO:colcon.colcon_core.shell:Creating package script '/home/abdulrahman/me5250/src/ur5_ws/install/ur5_controller/share/ur5_controller/package.zsh'
[0.509s] Level 1:colcon.colcon_core.environment:create_file_with_runtime_dependencies(/home/abdulrahman/me5250/src/ur5_ws/install/ur5_controller/share/colcon-core/packages/ur5_controller)
[0.509s] Level 1:colcon.colcon_core.environment:create_environment_scripts_only(ur5_controller)
[0.509s] Level 1:colcon.colcon_core.environment:checking '/home/abdulrahman/me5250/src/ur5_ws/install/ur5_controller' for CMake module files
[0.509s] Level 1:colcon.colcon_core.environment:checking '/home/abdulrahman/me5250/src/ur5_ws/install/ur5_controller' for CMake config files
[0.509s] Level 1:colcon.colcon_core.shell:create_environment_hook('ur5_controller', 'cmake_prefix_path')
[0.509s] INFO:colcon.colcon_core.shell:Creating environment hook '/home/abdulrahman/me5250/src/ur5_ws/install/ur5_controller/share/ur5_controller/hook/cmake_prefix_path.ps1'
[0.510s] INFO:colcon.colcon_core.shell:Creating environment descriptor '/home/abdulrahman/me5250/src/ur5_ws/install/ur5_controller/share/ur5_controller/hook/cmake_prefix_path.dsv'
[0.510s] INFO:colcon.colcon_core.shell:Creating environment hook '/home/abdulrahman/me5250/src/ur5_ws/install/ur5_controller/share/ur5_controller/hook/cmake_prefix_path.sh'
[0.510s] Level 1:colcon.colcon_core.environment:checking '/home/abdulrahman/me5250/src/ur5_ws/install/ur5_controller/bin'
[0.510s] Level 1:colcon.colcon_core.environment:checking '/home/abdulrahman/me5250/src/ur5_ws/install/ur5_controller/lib/pkgconfig/ur5_controller.pc'
[0.510s] Level 1:colcon.colcon_core.environment:checking '/home/abdulrahman/me5250/src/ur5_ws/install/ur5_controller/lib/python3.12/site-packages'
[0.511s] Level 1:colcon.colcon_core.environment:checking '/home/abdulrahman/me5250/src/ur5_ws/install/ur5_controller/bin'
[0.511s] INFO:colcon.colcon_core.shell:Creating package script '/home/abdulrahman/me5250/src/ur5_ws/install/ur5_controller/share/ur5_controller/package.ps1'
[0.511s] INFO:colcon.colcon_core.shell:Creating package descriptor '/home/abdulrahman/me5250/src/ur5_ws/install/ur5_controller/share/ur5_controller/package.dsv'
[0.511s] INFO:colcon.colcon_core.shell:Creating package script '/home/abdulrahman/me5250/src/ur5_ws/install/ur5_controller/share/ur5_controller/package.sh'
[0.511s] INFO:colcon.colcon_core.shell:Creating package script '/home/abdulrahman/me5250/src/ur5_ws/install/ur5_controller/share/ur5_controller/package.bash'
[0.512s] INFO:colcon.colcon_core.shell:Creating package script '/home/abdulrahman/me5250/src/ur5_ws/install/ur5_controller/share/ur5_controller/package.zsh'
[0.512s] Level 1:colcon.colcon_core.environment:create_file_with_runtime_dependencies(/home/abdulrahman/me5250/src/ur5_ws/install/ur5_controller/share/colcon-core/packages/ur5_controller)
[0.512s] Level 1:colcon.colcon_core.environment:create_environment_scripts_only(ur5_description)
[0.512s] Level 1:colcon.colcon_core.environment:checking '/home/abdulrahman/me5250/src/ur5_ws/install/ur5_description' for CMake module files
[0.513s] Level 1:colcon.colcon_core.environment:checking '/home/abdulrahman/me5250/src/ur5_ws/install/ur5_description' for CMake config files
[0.513s] DEBUG:colcon.colcon_core.event_handler.log_command:Invoked command in '/home/abdulrahman/me5250/src/ur5_ws/build/ur5_description' returned '0': CMAKE_PREFIX_PATH=${CMAKE_PREFIX_PATH}:/home/abdulrahman/me5250_ws/install/ur_gazebo_demo:/home/abdulrahman/me5250/install/ur_gazebo_demo:/home/abdulrahman/me5250/install/reactive_replanning:/home/abdulrahman/me5250/install/mujoco_ur_bridge:/home/abdulrahman/me5250/install/bin_picking_demo:/opt/ros/jazzy DEBUGINFOD_URLS=https://debuginfod.ubuntu.com /usr/bin/cmake --install /home/abdulrahman/me5250/src/ur5_ws/build/ur5_description
[0.514s] Level 1:colcon.colcon_core.shell:create_environment_hook('ur5_description', 'cmake_prefix_path')
[0.514s] INFO:colcon.colcon_core.shell:Creating environment hook '/home/abdulrahman/me5250/src/ur5_ws/install/ur5_description/share/ur5_description/hook/cmake_prefix_path.ps1'
[0.514s] INFO:colcon.colcon_core.shell:Creating environment descriptor '/home/abdulrahman/me5250/src/ur5_ws/install/ur5_description/share/ur5_description/hook/cmake_prefix_path.dsv'
[0.514s] INFO:colcon.colcon_core.shell:Creating environment hook '/home/abdulrahman/me5250/src/ur5_ws/install/ur5_description/share/ur5_description/hook/cmake_prefix_path.sh'
[0.514s] Level 1:colcon.colcon_core.environment:checking '/home/abdulrahman/me5250/src/ur5_ws/install/ur5_description/bin'
[0.514s] Level 1:colcon.colcon_core.environment:checking '/home/abdulrahman/me5250/src/ur5_ws/install/ur5_description/lib/pkgconfig/ur5_description.pc'
[0.515s] Level 1:colcon.colcon_core.environment:checking '/home/abdulrahman/me5250/src/ur5_ws/install/ur5_description/lib/python3.12/site-packages'
[0.515s] Level 1:colcon.colcon_core.environment:checking '/home/abdulrahman/me5250/src/ur5_ws/install/ur5_description/bin'
[0.515s] INFO:colcon.colcon_core.shell:Creating package script '/home/abdulrahman/me5250/src/ur5_ws/install/ur5_description/share/ur5_description/package.ps1'
[0.515s] INFO:colcon.colcon_core.shell:Creating package descriptor '/home/abdulrahman/me5250/src/ur5_ws/install/ur5_description/share/ur5_description/package.dsv'
[0.515s] INFO:colcon.colcon_core.shell:Creating package script '/home/abdulrahman/me5250/src/ur5_ws/install/ur5_description/share/ur5_description/package.sh'
[0.516s] INFO:colcon.colcon_core.shell:Creating package script '/home/abdulrahman/me5250/src/ur5_ws/install/ur5_description/share/ur5_description/package.bash'
[0.516s] INFO:colcon.colcon_core.shell:Creating package script '/home/abdulrahman/me5250/src/ur5_ws/install/ur5_description/share/ur5_description/package.zsh'
[0.516s] Level 1:colcon.colcon_core.environment:create_file_with_runtime_dependencies(/home/abdulrahman/me5250/src/ur5_ws/install/ur5_description/share/colcon-core/packages/ur5_description)
[0.516s] Level 1:colcon.colcon_core.environment:create_environment_scripts_only(ur5_description)
[0.516s] Level 1:colcon.colcon_core.environment:checking '/home/abdulrahman/me5250/src/ur5_ws/install/ur5_description' for CMake module files
[0.517s] Level 1:colcon.colcon_core.environment:checking '/home/abdulrahman/me5250/src/ur5_ws/install/ur5_description' for CMake config files
[0.517s] Level 1:colcon.colcon_core.shell:create_environment_hook('ur5_description', 'cmake_prefix_path')
[0.517s] INFO:colcon.colcon_core.shell:Creating environment hook '/home/abdulrahman/me5250/src/ur5_ws/install/ur5_description/share/ur5_description/hook/cmake_prefix_path.ps1'
[0.517s] INFO:colcon.colcon_core.shell:Creating environment descriptor '/home/abdulrahman/me5250/src/ur5_ws/install/ur5_description/share/ur5_description/hook/cmake_prefix_path.dsv'
[0.517s] INFO:colcon.colcon_core.shell:Creating environment hook '/home/abdulrahman/me5250/src/ur5_ws/install/ur5_description/share/ur5_description/hook/cmake_prefix_path.sh'
[0.518s] Level 1:colcon.colcon_core.environment:checking '/home/abdulrahman/me5250/src/ur5_ws/install/ur5_description/bin'
[0.518s] Level 1:colcon.colcon_core.environment:checking '/home/abdulrahman/me5250/src/ur5_ws/install/ur5_description/lib/pkgconfig/ur5_description.pc'
[0.518s] Level 1:colcon.colcon_core.environment:checking '/home/abdulrahman/me5250/src/ur5_ws/install/ur5_description/lib/python3.12/site-packages'
[0.518s] Level 1:colcon.colcon_core.environment:checking '/home/abdulrahman/me5250/src/ur5_ws/install/ur5_description/bin'
[0.518s] INFO:colcon.colcon_core.shell:Creating package script '/home/abdulrahman/me5250/src/ur5_ws/install/ur5_description/share/ur5_description/package.ps1'
[0.518s] INFO:colcon.colcon_core.shell:Creating package descriptor '/home/abdulrahman/me5250/src/ur5_ws/install/ur5_description/share/ur5_description/package.dsv'
[0.519s] INFO:colcon.colcon_core.shell:Creating package script '/home/abdulrahman/me5250/src/ur5_ws/install/ur5_description/share/ur5_description/package.sh'
[0.519s] INFO:colcon.colcon_core.shell:Creating package script '/home/abdulrahman/me5250/src/ur5_ws/install/ur5_description/share/ur5_description/package.bash'
[0.519s] INFO:colcon.colcon_core.shell:Creating package script '/home/abdulrahman/me5250/src/ur5_ws/install/ur5_description/share/ur5_description/package.zsh'
[0.519s] Level 1:colcon.colcon_core.environment:create_file_with_runtime_dependencies(/home/abdulrahman/me5250/src/ur5_ws/install/ur5_description/share/colcon-core/packages/ur5_description)
[0.520s] INFO:colcon.colcon_ros.task.ament_cmake.build:Building ROS package in '/home/abdulrahman/me5250/src/ur5_ws/src/ur5_moveit_config' with build type 'ament_cmake'
[0.520s] INFO:colcon.colcon_cmake.task.cmake.build:Building CMake package in '/home/abdulrahman/me5250/src/ur5_ws/src/ur5_moveit_config'
[0.520s] INFO:colcon.colcon_core.shell:Skip shell extension 'powershell' for command environment: Not usable outside of PowerShell
[0.520s] DEBUG:colcon.colcon_core.shell:Skip shell extension 'dsv' for command environment
[0.526s] Level 1:colcon.colcon_core.environment:create_environment_scripts_only(hello_moveit)
[0.526s] Level 1:colcon.colcon_core.environment:checking '/home/abdulrahman/me5250/src/ur5_ws/install/hello_moveit' for CMake module files
[0.526s] DEBUG:colcon.colcon_core.event_handler.log_command:Invoked command in '/home/abdulrahman/me5250/src/ur5_ws/build/hello_moveit' returned '0': CMAKE_PREFIX_PATH=${CMAKE_PREFIX_PATH}:/home/abdulrahman/me5250_ws/install/ur_gazebo_demo:/home/abdulrahman/me5250/install/ur_gazebo_demo:/home/abdulrahman/me5250/install/reactive_replanning:/home/abdulrahman/me5250/install/mujoco_ur_bridge:/home/abdulrahman/me5250/install/bin_picking_demo:/opt/ros/jazzy DEBUGINFOD_URLS=https://debuginfod.ubuntu.com /usr/bin/cmake --install /home/abdulrahman/me5250/src/ur5_ws/build/hello_moveit
[0.527s] Level 1:colcon.colcon_core.environment:checking '/home/abdulrahman/me5250/src/ur5_ws/install/hello_moveit' for CMake config files
[0.527s] Level 1:colcon.colcon_core.shell:create_environment_hook('hello_moveit', 'cmake_prefix_path')
[0.527s] INFO:colcon.colcon_core.shell:Creating environment hook '/home/abdulrahman/me5250/src/ur5_ws/install/hello_moveit/share/hello_moveit/hook/cmake_prefix_path.ps1'
[0.527s] INFO:colcon.colcon_core.shell:Creating environment descriptor '/home/abdulrahman/me5250/src/ur5_ws/install/hello_moveit/share/hello_moveit/hook/cmake_prefix_path.dsv'
[0.527s] INFO:colcon.colcon_core.shell:Creating environment hook '/home/abdulrahman/me5250/src/ur5_ws/install/hello_moveit/share/hello_moveit/hook/cmake_prefix_path.sh'
[0.528s] Level 1:colcon.colcon_core.environment:checking '/home/abdulrahman/me5250/src/ur5_ws/install/hello_moveit/lib'
[0.528s] Level 1:colcon.colcon_core.environment:checking '/home/abdulrahman/me5250/src/ur5_ws/install/hello_moveit/bin'
[0.528s] Level 1:colcon.colcon_core.environment:checking '/home/abdulrahman/me5250/src/ur5_ws/install/hello_moveit/lib/pkgconfig/hello_moveit.pc'
[0.528s] Level 1:colcon.colcon_core.environment:checking '/home/abdulrahman/me5250/src/ur5_ws/install/hello_moveit/lib/python3.12/site-packages'
[0.528s] Level 1:colcon.colcon_core.environment:checking '/home/abdulrahman/me5250/src/ur5_ws/install/hello_moveit/bin'
[0.528s] INFO:colcon.colcon_core.shell:Creating package script '/home/abdulrahman/me5250/src/ur5_ws/install/hello_moveit/share/hello_moveit/package.ps1'
[0.529s] INFO:colcon.colcon_core.shell:Creating package descriptor '/home/abdulrahman/me5250/src/ur5_ws/install/hello_moveit/share/hello_moveit/package.dsv'
[0.529s] INFO:colcon.colcon_core.shell:Creating package script '/home/abdulrahman/me5250/src/ur5_ws/install/hello_moveit/share/hello_moveit/package.sh'
[0.529s] INFO:colcon.colcon_core.shell:Creating package script '/home/abdulrahman/me5250/src/ur5_ws/install/hello_moveit/share/hello_moveit/package.bash'
[0.529s] INFO:colcon.colcon_core.shell:Creating package script '/home/abdulrahman/me5250/src/ur5_ws/install/hello_moveit/share/hello_moveit/package.zsh'
[0.529s] Level 1:colcon.colcon_core.environment:create_file_with_runtime_dependencies(/home/abdulrahman/me5250/src/ur5_ws/install/hello_moveit/share/colcon-core/packages/hello_moveit)
[0.530s] Level 1:colcon.colcon_core.environment:create_environment_scripts_only(hello_moveit)
[0.530s] Level 1:colcon.colcon_core.environment:checking '/home/abdulrahman/me5250/src/ur5_ws/install/hello_moveit' for CMake module files
[0.530s] Level 1:colcon.colcon_core.environment:checking '/home/abdulrahman/me5250/src/ur5_ws/install/hello_moveit' for CMake config files
[0.530s] Level 1:colcon.colcon_core.shell:create_environment_hook('hello_moveit', 'cmake_prefix_path')
[0.530s] INFO:colcon.colcon_core.shell:Creating environment hook '/home/abdulrahman/me5250/src/ur5_ws/install/hello_moveit/share/hello_moveit/hook/cmake_prefix_path.ps1'
[0.530s] INFO:colcon.colcon_core.shell:Creating environment descriptor '/home/abdulrahman/me5250/src/ur5_ws/install/hello_moveit/share/hello_moveit/hook/cmake_prefix_path.dsv'
[0.531s] INFO:colcon.colcon_core.shell:Creating environment hook '/home/abdulrahman/me5250/src/ur5_ws/install/hello_moveit/share/hello_moveit/hook/cmake_prefix_path.sh'
[0.531s] Level 1:colcon.colcon_core.environment:checking '/home/abdulrahman/me5250/src/ur5_ws/install/hello_moveit/lib'
[0.531s] Level 1:colcon.colcon_core.environment:checking '/home/abdulrahman/me5250/src/ur5_ws/install/hello_moveit/bin'
[0.531s] Level 1:colcon.colcon_core.environment:checking '/home/abdulrahman/me5250/src/ur5_ws/install/hello_moveit/lib/pkgconfig/hello_moveit.pc'
[0.531s] Level 1:colcon.colcon_core.environment:checking '/home/abdulrahman/me5250/src/ur5_ws/install/hello_moveit/lib/python3.12/site-packages'
[0.531s] Level 1:colcon.colcon_core.environment:checking '/home/abdulrahman/me5250/src/ur5_ws/install/hello_moveit/bin'
[0.532s] INFO:colcon.colcon_core.shell:Creating package script '/home/abdulrahman/me5250/src/ur5_ws/install/hello_moveit/share/hello_moveit/package.ps1'
[0.532s] INFO:colcon.colcon_core.shell:Creating package descriptor '/home/abdulrahman/me5250/src/ur5_ws/install/hello_moveit/share/hello_moveit/package.dsv'
[0.532s] INFO:colcon.colcon_core.shell:Creating package script '/home/abdulrahman/me5250/src/ur5_ws/install/hello_moveit/share/hello_moveit/package.sh'
[0.532s] INFO:colcon.colcon_core.shell:Creating package script '/home/abdulrahman/me5250/src/ur5_ws/install/hello_moveit/share/hello_moveit/package.bash'
[0.533s] INFO:colcon.colcon_core.shell:Creating package script '/home/abdulrahman/me5250/src/ur5_ws/install/hello_moveit/share/hello_moveit/package.zsh'
[0.533s] Level 1:colcon.colcon_core.environment:create_file_with_runtime_dependencies(/home/abdulrahman/me5250/src/ur5_ws/install/hello_moveit/share/colcon-core/packages/hello_moveit)
[0.535s] DEBUG:colcon.colcon_core.event_handler.log_command:Invoking command in '/home/abdulrahman/me5250/src/ur5_ws/build/ur5_moveit_config': CMAKE_PREFIX_PATH=/home/abdulrahman/me5250/src/ur5_ws/install/ur5_description:/home/abdulrahman/me5250/src/ur5_ws/install/ur5_moveit_config:/home/abdulrahman/me5250/src/ur5_ws/install/ur5_moveit:/home/abdulrahman/me5250/src/ur5_ws/install/ur5_controller:/home/abdulrahman/me5250/src/ur5_ws/install/hello_moveit:/home/abdulrahman/ur5_ws/install/ur5_moveit_config:/home/abdulrahman/ur5_ws/install/ur5_moveit:/home/abdulrahman/ur5_ws/install/ur5_description:/home/abdulrahman/ur5_ws/install/ur5_controller:/home/abdulrahman/ur5_ws/install/hello_moveit:/home/abdulrahman/me5250_ws/install/ur_robotiq_moveit_config:/home/abdulrahman/me5250_ws/install/ur_robotiq_description:/home/abdulrahman/me5250_ws/install/ur_robotiq_bringup:/home/abdulrahman/me5250_ws/install/ur_interfaces:/home/abdulrahman/me5250_ws/install/ur_gazebo:/home/abdulrahman/me5250_ws/install/ur_description:/home/abdulrahman/me5250_ws/install/robotiq_2f_85_gripper_visualization:/home/abdulrahman/me5250_ws/install/ur10e_robotiq_moveit_config:/home/abdulrahman/me5250_ws/install/ur10e_robotiq_cell:/home/abdulrahman/me5250_ws/install/robotiq_hardware_tests:/home/abdulrahman/me5250_ws/install/robotiq_driver:/home/abdulrahman/me5250_ws/install/serial:/home/abdulrahman/me5250_ws/install/robotiq_description:/home/abdulrahman/me5250_ws/install/robotiq_controllers:/home/abdulrahman/me5250/install/robotiq_hardware_tests:/home/abdulrahman/me5250/install/robotiq_driver:/home/abdulrahman/me5250/install/serial:/home/abdulrahman/me5250/install/robotiq_description:/home/abdulrahman/me5250/install/robotiq_controllers:/home/abdulrahman/me5250/install/ur_robotiq_description:/home/abdulrahman/me5250/install/ur_robotiq_moveit_config:/home/abdulrahman/me5250/install/ur_interfaces:/home/abdulrahman/me5250/install/ur_gazebo:/home/abdulrahman/me5250/install/robotiq_2f_85_gripper_visualization:/home/abdulrahman/me5250/install/ur_description:/opt/ros/jazzy/opt/gz_sim_vendor:/opt/ros/jazzy/opt/gz_sensors_vendor:/opt/ros/jazzy/opt/gz_physics_vendor:/opt/ros/jazzy/opt/sdformat_vendor:/opt/ros/jazzy/opt/gz_gui_vendor:/opt/ros/jazzy/opt/gz_transport_vendor:/opt/ros/jazzy/opt/gz_rendering_vendor:/opt/ros/jazzy/opt/gz_plugin_vendor:/opt/ros/jazzy/opt/gz_fuel_tools_vendor:/opt/ros/jazzy/opt/gz_msgs_vendor:/opt/ros/jazzy/opt/gz_common_vendor:/opt/ros/jazzy/opt/gz_math_vendor:/opt/ros/jazzy/opt/gz_utils_vendor:/opt/ros/jazzy/opt/gz_tools_vendor:/opt/ros/jazzy/opt/gz_ogre_next_vendor:/opt/ros/jazzy/opt/gz_dartsim_vendor:/opt/ros/jazzy/opt/gz_cmake_vendor:/home/abdulrahman/me5250_ws/install/ur_gazebo_demo:/home/abdulrahman/me5250/install/ur_gazebo_demo:/home/abdulrahman/me5250/install/reactive_replanning:/home/abdulrahman/me5250/install/mujoco_ur_bridge:/home/abdulrahman/me5250/install/bin_picking_demo:/opt/ros/jazzy DEBUGINFOD_URLS=https://debuginfod.ubuntu.com /usr/bin/cmake --build /home/abdulrahman/me5250/src/ur5_ws/build/ur5_moveit_config -- -j16 -l16
[0.575s] DEBUG:colcon.colcon_core.event_handler.log_command:Invoked command in '/home/abdulrahman/me5250/src/ur5_ws/build/ur5_moveit_config' returned '0': CMAKE_PREFIX_PATH=/home/abdulrahman/me5250/src/ur5_ws/install/ur5_description:/home/abdulrahman/me5250/src/ur5_ws/install/ur5_moveit_config:/home/abdulrahman/me5250/src/ur5_ws/install/ur5_moveit:/home/abdulrahman/me5250/src/ur5_ws/install/ur5_controller:/home/abdulrahman/me5250/src/ur5_ws/install/hello_moveit:/home/abdulrahman/ur5_ws/install/ur5_moveit_config:/home/abdulrahman/ur5_ws/install/ur5_moveit:/home/abdulrahman/ur5_ws/install/ur5_description:/home/abdulrahman/ur5_ws/install/ur5_controller:/home/abdulrahman/ur5_ws/install/hello_moveit:/home/abdulrahman/me5250_ws/install/ur_robotiq_moveit_config:/home/abdulrahman/me5250_ws/install/ur_robotiq_description:/home/abdulrahman/me5250_ws/install/ur_robotiq_bringup:/home/abdulrahman/me5250_ws/install/ur_interfaces:/home/abdulrahman/me5250_ws/install/ur_gazebo:/home/abdulrahman/me5250_ws/install/ur_description:/home/abdulrahman/me5250_ws/install/robotiq_2f_85_gripper_visualization:/home/abdulrahman/me5250_ws/install/ur10e_robotiq_moveit_config:/home/abdulrahman/me5250_ws/install/ur10e_robotiq_cell:/home/abdulrahman/me5250_ws/install/robotiq_hardware_tests:/home/abdulrahman/me5250_ws/install/robotiq_driver:/home/abdulrahman/me5250_ws/install/serial:/home/abdulrahman/me5250_ws/install/robotiq_description:/home/abdulrahman/me5250_ws/install/robotiq_controllers:/home/abdulrahman/me5250/install/robotiq_hardware_tests:/home/abdulrahman/me5250/install/robotiq_driver:/home/abdulrahman/me5250/install/serial:/home/abdulrahman/me5250/install/robotiq_description:/home/abdulrahman/me5250/install/robotiq_controllers:/home/abdulrahman/me5250/install/ur_robotiq_description:/home/abdulrahman/me5250/install/ur_robotiq_moveit_config:/home/abdulrahman/me5250/install/ur_interfaces:/home/abdulrahman/me5250/install/ur_gazebo:/home/abdulrahman/me5250/install/robotiq_2f_85_gripper_visualization:/home/abdulrahman/me5250/install/ur_description:/opt/ros/jazzy/opt/gz_sim_vendor:/opt/ros/jazzy/opt/gz_sensors_vendor:/opt/ros/jazzy/opt/gz_physics_vendor:/opt/ros/jazzy/opt/sdformat_vendor:/opt/ros/jazzy/opt/gz_gui_vendor:/opt/ros/jazzy/opt/gz_transport_vendor:/opt/ros/jazzy/opt/gz_rendering_vendor:/opt/ros/jazzy/opt/gz_plugin_vendor:/opt/ros/jazzy/opt/gz_fuel_tools_vendor:/opt/ros/jazzy/opt/gz_msgs_vendor:/opt/ros/jazzy/opt/gz_common_vendor:/opt/ros/jazzy/opt/gz_math_vendor:/opt/ros/jazzy/opt/gz_utils_vendor:/opt/ros/jazzy/opt/gz_tools_vendor:/opt/ros/jazzy/opt/gz_ogre_next_vendor:/opt/ros/jazzy/opt/gz_dartsim_vendor:/opt/ros/jazzy/opt/gz_cmake_vendor:/home/abdulrahman/me5250_ws/install/ur_gazebo_demo:/home/abdulrahman/me5250/install/ur_gazebo_demo:/home/abdulrahman/me5250/install/reactive_replanning:/home/abdulrahman/me5250/install/mujoco_ur_bridge:/home/abdulrahman/me5250/install/bin_picking_demo:/opt/ros/jazzy DEBUGINFOD_URLS=https://debuginfod.ubuntu.com /usr/bin/cmake --build /home/abdulrahman/me5250/src/ur5_ws/build/ur5_moveit_config -- -j16 -l16
[0.576s] DEBUG:colcon.colcon_core.event_handler.log_command:Invoking command in '/home/abdulrahman/me5250/src/ur5_ws/build/ur5_moveit_config': CMAKE_PREFIX_PATH=/home/abdulrahman/me5250/src/ur5_ws/install/ur5_description:/home/abdulrahman/me5250/src/ur5_ws/install/ur5_moveit_config:/home/abdulrahman/me5250/src/ur5_ws/install/ur5_moveit:/home/abdulrahman/me5250/src/ur5_ws/install/ur5_controller:/home/abdulrahman/me5250/src/ur5_ws/install/hello_moveit:/home/abdulrahman/ur5_ws/install/ur5_moveit_config:/home/abdulrahman/ur5_ws/install/ur5_moveit:/home/abdulrahman/ur5_ws/install/ur5_description:/home/abdulrahman/ur5_ws/install/ur5_controller:/home/abdulrahman/ur5_ws/install/hello_moveit:/home/abdulrahman/me5250_ws/install/ur_robotiq_moveit_config:/home/abdulrahman/me5250_ws/install/ur_robotiq_description:/home/abdulrahman/me5250_ws/install/ur_robotiq_bringup:/home/abdulrahman/me5250_ws/install/ur_interfaces:/home/abdulrahman/me5250_ws/install/ur_gazebo:/home/abdulrahman/me5250_ws/install/ur_description:/home/abdulrahman/me5250_ws/install/robotiq_2f_85_gripper_visualization:/home/abdulrahman/me5250_ws/install/ur10e_robotiq_moveit_config:/home/abdulrahman/me5250_ws/install/ur10e_robotiq_cell:/home/abdulrahman/me5250_ws/install/robotiq_hardware_tests:/home/abdulrahman/me5250_ws/install/robotiq_driver:/home/abdulrahman/me5250_ws/install/serial:/home/abdulrahman/me5250_ws/install/robotiq_description:/home/abdulrahman/me5250_ws/install/robotiq_controllers:/home/abdulrahman/me5250/install/robotiq_hardware_tests:/home/abdulrahman/me5250/install/robotiq_driver:/home/abdulrahman/me5250/install/serial:/home/abdulrahman/me5250/install/robotiq_description:/home/abdulrahman/me5250/install/robotiq_controllers:/home/abdulrahman/me5250/install/ur_robotiq_description:/home/abdulrahman/me5250/install/ur_robotiq_moveit_config:/home/abdulrahman/me5250/install/ur_interfaces:/home/abdulrahman/me5250/install/ur_gazebo:/home/abdulrahman/me5250/install/robotiq_2f_85_gripper_visualization:/home/abdulrahman/me5250/install/ur_description:/opt/ros/jazzy/opt/gz_sim_vendor:/opt/ros/jazzy/opt/gz_sensors_vendor:/opt/ros/jazzy/opt/gz_physics_vendor:/opt/ros/jazzy/opt/sdformat_vendor:/opt/ros/jazzy/opt/gz_gui_vendor:/opt/ros/jazzy/opt/gz_transport_vendor:/opt/ros/jazzy/opt/gz_rendering_vendor:/opt/ros/jazzy/opt/gz_plugin_vendor:/opt/ros/jazzy/opt/gz_fuel_tools_vendor:/opt/ros/jazzy/opt/gz_msgs_vendor:/opt/ros/jazzy/opt/gz_common_vendor:/opt/ros/jazzy/opt/gz_math_vendor:/opt/ros/jazzy/opt/gz_utils_vendor:/opt/ros/jazzy/opt/gz_tools_vendor:/opt/ros/jazzy/opt/gz_ogre_next_vendor:/opt/ros/jazzy/opt/gz_dartsim_vendor:/opt/ros/jazzy/opt/gz_cmake_vendor:/home/abdulrahman/me5250_ws/install/ur_gazebo_demo:/home/abdulrahman/me5250/install/ur_gazebo_demo:/home/abdulrahman/me5250/install/reactive_replanning:/home/abdulrahman/me5250/install/mujoco_ur_bridge:/home/abdulrahman/me5250/install/bin_picking_demo:/opt/ros/jazzy DEBUGINFOD_URLS=https://debuginfod.ubuntu.com /usr/bin/cmake --install /home/abdulrahman/me5250/src/ur5_ws/build/ur5_moveit_config
[0.586s] Level 1:colcon.colcon_core.environment:create_environment_scripts_only(ur5_moveit_config)
[0.586s] Level 1:colcon.colcon_core.environment:checking '/home/abdulrahman/me5250/src/ur5_ws/install/ur5_moveit_config' for CMake module files
[0.588s] DEBUG:colcon.colcon_core.event_handler.log_command:Invoked command in '/home/abdulrahman/me5250/src/ur5_ws/build/ur5_moveit_config' returned '0': CMAKE_PREFIX_PATH=/home/abdulrahman/me5250/src/ur5_ws/install/ur5_description:/home/abdulrahman/me5250/src/ur5_ws/install/ur5_moveit_config:/home/abdulrahman/me5250/src/ur5_ws/install/ur5_moveit:/home/abdulrahman/me5250/src/ur5_ws/install/ur5_controller:/home/abdulrahman/me5250/src/ur5_ws/install/hello_moveit:/home/abdulrahman/ur5_ws/install/ur5_moveit_config:/home/abdulrahman/ur5_ws/install/ur5_moveit:/home/abdulrahman/ur5_ws/install/ur5_description:/home/abdulrahman/ur5_ws/install/ur5_controller:/home/abdulrahman/ur5_ws/install/hello_moveit:/home/abdulrahman/me5250_ws/install/ur_robotiq_moveit_config:/home/abdulrahman/me5250_ws/install/ur_robotiq_description:/home/abdulrahman/me5250_ws/install/ur_robotiq_bringup:/home/abdulrahman/me5250_ws/install/ur_interfaces:/home/abdulrahman/me5250_ws/install/ur_gazebo:/home/abdulrahman/me5250_ws/install/ur_description:/home/abdulrahman/me5250_ws/install/robotiq_2f_85_gripper_visualization:/home/abdulrahman/me5250_ws/install/ur10e_robotiq_moveit_config:/home/abdulrahman/me5250_ws/install/ur10e_robotiq_cell:/home/abdulrahman/me5250_ws/install/robotiq_hardware_tests:/home/abdulrahman/me5250_ws/install/robotiq_driver:/home/abdulrahman/me5250_ws/install/serial:/home/abdulrahman/me5250_ws/install/robotiq_description:/home/abdulrahman/me5250_ws/install/robotiq_controllers:/home/abdulrahman/me5250/install/robotiq_hardware_tests:/home/abdulrahman/me5250/install/robotiq_driver:/home/abdulrahman/me5250/install/serial:/home/abdulrahman/me5250/install/robotiq_description:/home/abdulrahman/me5250/install/robotiq_controllers:/home/abdulrahman/me5250/install/ur_robotiq_description:/home/abdulrahman/me5250/install/ur_robotiq_moveit_config:/home/abdulrahman/me5250/install/ur_interfaces:/home/abdulrahman/me5250/install/ur_gazebo:/home/abdulrahman/me5250/install/robotiq_2f_85_gripper_visualization:/home/abdulrahman/me5250/install/ur_description:/opt/ros/jazzy/opt/gz_sim_vendor:/opt/ros/jazzy/opt/gz_sensors_vendor:/opt/ros/jazzy/opt/gz_physics_vendor:/opt/ros/jazzy/opt/sdformat_vendor:/opt/ros/jazzy/opt/gz_gui_vendor:/opt/ros/jazzy/opt/gz_transport_vendor:/opt/ros/jazzy/opt/gz_rendering_vendor:/opt/ros/jazzy/opt/gz_plugin_vendor:/opt/ros/jazzy/opt/gz_fuel_tools_vendor:/opt/ros/jazzy/opt/gz_msgs_vendor:/opt/ros/jazzy/opt/gz_common_vendor:/opt/ros/jazzy/opt/gz_math_vendor:/opt/ros/jazzy/opt/gz_utils_vendor:/opt/ros/jazzy/opt/gz_tools_vendor:/opt/ros/jazzy/opt/gz_ogre_next_vendor:/opt/ros/jazzy/opt/gz_dartsim_vendor:/opt/ros/jazzy/opt/gz_cmake_vendor:/home/abdulrahman/me5250_ws/install/ur_gazebo_demo:/home/abdulrahman/me5250/install/ur_gazebo_demo:/home/abdulrahman/me5250/install/reactive_replanning:/home/abdulrahman/me5250/install/mujoco_ur_bridge:/home/abdulrahman/me5250/install/bin_picking_demo:/opt/ros/jazzy DEBUGINFOD_URLS=https://debuginfod.ubuntu.com /usr/bin/cmake --install /home/abdulrahman/me5250/src/ur5_ws/build/ur5_moveit_config
[0.588s] Level 1:colcon.colcon_core.environment:checking '/home/abdulrahman/me5250/src/ur5_ws/install/ur5_moveit_config' for CMake config files
[0.588s] Level 1:colcon.colcon_core.shell:create_environment_hook('ur5_moveit_config', 'cmake_prefix_path')
[0.588s] INFO:colcon.colcon_core.shell:Creating environment hook '/home/abdulrahman/me5250/src/ur5_ws/install/ur5_moveit_config/share/ur5_moveit_config/hook/cmake_prefix_path.ps1'
[0.589s] INFO:colcon.colcon_core.shell:Creating environment descriptor '/home/abdulrahman/me5250/src/ur5_ws/install/ur5_moveit_config/share/ur5_moveit_config/hook/cmake_prefix_path.dsv'
[0.589s] INFO:colcon.colcon_core.shell:Creating environment hook '/home/abdulrahman/me5250/src/ur5_ws/install/ur5_moveit_config/share/ur5_moveit_config/hook/cmake_prefix_path.sh'
[0.589s] Level 1:colcon.colcon_core.environment:checking '/home/abdulrahman/me5250/src/ur5_ws/install/ur5_moveit_config/bin'
[0.589s] Level 1:colcon.colcon_core.environment:checking '/home/abdulrahman/me5250/src/ur5_ws/install/ur5_moveit_config/lib/pkgconfig/ur5_moveit_config.pc'
[0.590s] Level 1:colcon.colcon_core.environment:checking '/home/abdulrahman/me5250/src/ur5_ws/install/ur5_moveit_config/lib/python3.12/site-packages'
[0.590s] Level 1:colcon.colcon_core.environment:checking '/home/abdulrahman/me5250/src/ur5_ws/install/ur5_moveit_config/bin'
[0.590s] INFO:colcon.colcon_core.shell:Creating package script '/home/abdulrahman/me5250/src/ur5_ws/install/ur5_moveit_config/share/ur5_moveit_config/package.ps1'
[0.590s] INFO:colcon.colcon_core.shell:Creating package descriptor '/home/abdulrahman/me5250/src/ur5_ws/install/ur5_moveit_config/share/ur5_moveit_config/package.dsv'
[0.591s] INFO:colcon.colcon_core.shell:Creating package script '/home/abdulrahman/me5250/src/ur5_ws/install/ur5_moveit_config/share/ur5_moveit_config/package.sh'
[0.591s] INFO:colcon.colcon_core.shell:Creating package script '/home/abdulrahman/me5250/src/ur5_ws/install/ur5_moveit_config/share/ur5_moveit_config/package.bash'
[0.591s] INFO:colcon.colcon_core.shell:Creating package script '/home/abdulrahman/me5250/src/ur5_ws/install/ur5_moveit_config/share/ur5_moveit_config/package.zsh'
[0.591s] Level 1:colcon.colcon_core.environment:create_file_with_runtime_dependencies(/home/abdulrahman/me5250/src/ur5_ws/install/ur5_moveit_config/share/colcon-core/packages/ur5_moveit_config)
[0.592s] Level 1:colcon.colcon_core.environment:create_environment_scripts_only(ur5_moveit_config)
[0.592s] Level 1:colcon.colcon_core.environment:checking '/home/abdulrahman/me5250/src/ur5_ws/install/ur5_moveit_config' for CMake module files
[0.592s] Level 1:colcon.colcon_core.environment:checking '/home/abdulrahman/me5250/src/ur5_ws/install/ur5_moveit_config' for CMake config files
[0.592s] Level 1:colcon.colcon_core.shell:create_environment_hook('ur5_moveit_config', 'cmake_prefix_path')
[0.592s] INFO:colcon.colcon_core.shell:Creating environment hook '/home/abdulrahman/me5250/src/ur5_ws/install/ur5_moveit_config/share/ur5_moveit_config/hook/cmake_prefix_path.ps1'
[0.593s] INFO:colcon.colcon_core.shell:Creating environment descriptor '/home/abdulrahman/me5250/src/ur5_ws/install/ur5_moveit_config/share/ur5_moveit_config/hook/cmake_prefix_path.dsv'
[0.593s] INFO:colcon.colcon_core.shell:Creating environment hook '/home/abdulrahman/me5250/src/ur5_ws/install/ur5_moveit_config/share/ur5_moveit_config/hook/cmake_prefix_path.sh'
[0.593s] Level 1:colcon.colcon_core.environment:checking '/home/abdulrahman/me5250/src/ur5_ws/install/ur5_moveit_config/bin'
[0.593s] Level 1:colcon.colcon_core.environment:checking '/home/abdulrahman/me5250/src/ur5_ws/install/ur5_moveit_config/lib/pkgconfig/ur5_moveit_config.pc'
[0.593s] Level 1:colcon.colcon_core.environment:checking '/home/abdulrahman/me5250/src/ur5_ws/install/ur5_moveit_config/lib/python3.12/site-packages'
[0.594s] Level 1:colcon.colcon_core.environment:checking '/home/abdulrahman/me5250/src/ur5_ws/install/ur5_moveit_config/bin'
[0.594s] INFO:colcon.colcon_core.shell:Creating package script '/home/abdulrahman/me5250/src/ur5_ws/install/ur5_moveit_config/share/ur5_moveit_config/package.ps1'
[0.594s] INFO:colcon.colcon_core.shell:Creating package descriptor '/home/abdulrahman/me5250/src/ur5_ws/install/ur5_moveit_config/share/ur5_moveit_config/package.dsv'
[0.595s] INFO:colcon.colcon_core.shell:Creating package script '/home/abdulrahman/me5250/src/ur5_ws/install/ur5_moveit_config/share/ur5_moveit_config/package.sh'
[0.595s] INFO:colcon.colcon_core.shell:Creating package script '/home/abdulrahman/me5250/src/ur5_ws/install/ur5_moveit_config/share/ur5_moveit_config/package.bash'
[0.595s] INFO:colcon.colcon_core.shell:Creating package script '/home/abdulrahman/me5250/src/ur5_ws/install/ur5_moveit_config/share/ur5_moveit_config/package.zsh'
[0.595s] Level 1:colcon.colcon_core.environment:create_file_with_runtime_dependencies(/home/abdulrahman/me5250/src/ur5_ws/install/ur5_moveit_config/share/colcon-core/packages/ur5_moveit_config)
[1.093s] DEBUG:colcon.colcon_core.event_handler.log_command:Invoking command in '/home/abdulrahman/me5250/src/ur5_ws/src/ur5_moveit': DEBUGINFOD_URLS=https://debuginfod.ubuntu.com PYTHONPATH=/home/abdulrahman/me5250/src/ur5_ws/build/ur5_moveit/prefix_override:/usr/lib/python3/dist-packages/colcon_core/task/python/colcon_distutils_commands:/home/abdulrahman/me5250/src/ur5_ws/install/ur5_moveit/lib/python3.12/site-packages:${PYTHONPATH} /usr/bin/python3 -W ignore:setup.py install is deprecated -W ignore:easy_install command is deprecated setup.py egg_info --egg-base ../../build/ur5_moveit build --build-base /home/abdulrahman/me5250/src/ur5_ws/build/ur5_moveit/build install --record /home/abdulrahman/me5250/src/ur5_ws/build/ur5_moveit/install.log --single-version-externally-managed install_data
[1.675s] Level 1:colcon.colcon_core.environment:checking '/home/abdulrahman/me5250/src/ur5_ws/install/ur5_moveit' for CMake module files
[1.676s] DEBUG:colcon.colcon_core.event_handler.log_command:Invoked command in '/home/abdulrahman/me5250/src/ur5_ws/src/ur5_moveit' returned '0': DEBUGINFOD_URLS=https://debuginfod.ubuntu.com PYTHONPATH=/home/abdulrahman/me5250/src/ur5_ws/build/ur5_moveit/prefix_override:/usr/lib/python3/dist-packages/colcon_core/task/python/colcon_distutils_commands:/home/abdulrahman/me5250/src/ur5_ws/install/ur5_moveit/lib/python3.12/site-packages:${PYTHONPATH} /usr/bin/python3 -W ignore:setup.py install is deprecated -W ignore:easy_install command is deprecated setup.py egg_info --egg-base ../../build/ur5_moveit build --build-base /home/abdulrahman/me5250/src/ur5_ws/build/ur5_moveit/build install --record /home/abdulrahman/me5250/src/ur5_ws/build/ur5_moveit/install.log --single-version-externally-managed install_data
[1.676s] Level 1:colcon.colcon_core.environment:checking '/home/abdulrahman/me5250/src/ur5_ws/install/ur5_moveit' for CMake config files
[1.677s] Level 1:colcon.colcon_core.environment:checking '/home/abdulrahman/me5250/src/ur5_ws/install/ur5_moveit/lib'
[1.677s] Level 1:colcon.colcon_core.environment:checking '/home/abdulrahman/me5250/src/ur5_ws/install/ur5_moveit/bin'
[1.677s] Level 1:colcon.colcon_core.environment:checking '/home/abdulrahman/me5250/src/ur5_ws/install/ur5_moveit/lib/pkgconfig/ur5_moveit.pc'
[1.677s] Level 1:colcon.colcon_core.environment:checking '/home/abdulrahman/me5250/src/ur5_ws/install/ur5_moveit/lib/python3.12/site-packages'
[1.677s] Level 1:colcon.colcon_core.shell:create_environment_hook('ur5_moveit', 'pythonpath')
[1.677s] INFO:colcon.colcon_core.shell:Creating environment hook '/home/abdulrahman/me5250/src/ur5_ws/install/ur5_moveit/share/ur5_moveit/hook/pythonpath.ps1'
[1.678s] INFO:colcon.colcon_core.shell:Creating environment descriptor '/home/abdulrahman/me5250/src/ur5_ws/install/ur5_moveit/share/ur5_moveit/hook/pythonpath.dsv'
[1.678s] INFO:colcon.colcon_core.shell:Creating environment hook '/home/abdulrahman/me5250/src/ur5_ws/install/ur5_moveit/share/ur5_moveit/hook/pythonpath.sh'
[1.679s] Level 1:colcon.colcon_core.environment:checking '/home/abdulrahman/me5250/src/ur5_ws/install/ur5_moveit/bin'
[1.679s] Level 1:colcon.colcon_core.environment:create_environment_scripts_only(ur5_moveit)
[1.679s] INFO:colcon.colcon_core.shell:Creating package script '/home/abdulrahman/me5250/src/ur5_ws/install/ur5_moveit/share/ur5_moveit/package.ps1'
[1.679s] INFO:colcon.colcon_core.shell:Creating package descriptor '/home/abdulrahman/me5250/src/ur5_ws/install/ur5_moveit/share/ur5_moveit/package.dsv'
[1.679s] INFO:colcon.colcon_core.shell:Creating package script '/home/abdulrahman/me5250/src/ur5_ws/install/ur5_moveit/share/ur5_moveit/package.sh'
[1.680s] INFO:colcon.colcon_core.shell:Creating package script '/home/abdulrahman/me5250/src/ur5_ws/install/ur5_moveit/share/ur5_moveit/package.bash'
[1.680s] INFO:colcon.colcon_core.shell:Creating package script '/home/abdulrahman/me5250/src/ur5_ws/install/ur5_moveit/share/ur5_moveit/package.zsh'
[1.680s] Level 1:colcon.colcon_core.environment:create_file_with_runtime_dependencies(/home/abdulrahman/me5250/src/ur5_ws/install/ur5_moveit/share/colcon-core/packages/ur5_moveit)
[1.680s] DEBUG:colcon.colcon_parallel_executor.executor.parallel:closing loop
[1.680s] DEBUG:colcon.colcon_parallel_executor.executor.parallel:loop closed
[1.681s] DEBUG:colcon.colcon_parallel_executor.executor.parallel:run_until_complete finished with '0'
[1.681s] DEBUG:colcon.colcon_core.event_reactor:joining thread
[1.693s] INFO:colcon.colcon_core.plugin_system:Skipping extension 'colcon_notification.desktop_notification.terminal_notifier': Not used on non-Darwin systems
[1.694s] INFO:colcon.colcon_core.plugin_system:Skipping extension 'colcon_notification.desktop_notification.win32': Not used on non-Windows systems
[1.694s] INFO:colcon.colcon_notification.desktop_notification:Sending desktop notification using 'notify2'
[1.719s] DEBUG:colcon.colcon_core.event_reactor:joined thread
[1.719s] INFO:colcon.colcon_core.shell:Creating prefix script '/home/abdulrahman/me5250/src/ur5_ws/install/local_setup.ps1'
[1.720s] INFO:colcon.colcon_core.shell:Creating prefix util module '/home/abdulrahman/me5250/src/ur5_ws/install/_local_setup_util_ps1.py'
[1.721s] INFO:colcon.colcon_core.shell:Creating prefix chain script '/home/abdulrahman/me5250/src/ur5_ws/install/setup.ps1'
[1.722s] INFO:colcon.colcon_core.shell:Creating prefix script '/home/abdulrahman/me5250/src/ur5_ws/install/local_setup.sh'
[1.723s] INFO:colcon.colcon_core.shell:Creating prefix util module '/home/abdulrahman/me5250/src/ur5_ws/install/_local_setup_util_sh.py'
[1.723s] INFO:colcon.colcon_core.shell:Creating prefix chain script '/home/abdulrahman/me5250/src/ur5_ws/install/setup.sh'
[1.724s] INFO:colcon.colcon_core.shell:Creating prefix script '/home/abdulrahman/me5250/src/ur5_ws/install/local_setup.bash'
[1.725s] INFO:colcon.colcon_core.shell:Creating prefix chain script '/home/abdulrahman/me5250/src/ur5_ws/install/setup.bash'
[1.726s] INFO:colcon.colcon_core.shell:Creating prefix script '/home/abdulrahman/me5250/src/ur5_ws/install/local_setup.zsh'
[1.726s] INFO:colcon.colcon_core.shell:Creating prefix chain script '/home/abdulrahman/me5250/src/ur5_ws/install/setup.zsh'
