[0.052s] Invoking command in '/home/abdulrahman/me5250/src/ur5_ws/build/ur5_description': CMAKE_PREFIX_PATH=${CMAKE_PREFIX_PATH}:/home/abdulrahman/me5250_ws/install/ur_gazebo_demo:/home/abdulrahman/me5250/install/ur_gazebo_demo:/home/abdulrahman/me5250/install/reactive_replanning:/home/abdulrahman/me5250/install/mujoco_ur_bridge:/home/abdulrahman/me5250/install/bin_picking_demo:/opt/ros/jazzy DEBUGINFOD_URLS=https://debuginfod.ubuntu.com /usr/bin/cmake --build /home/abdulrahman/me5250/src/ur5_ws/build/ur5_description -- -j16 -l16
[0.275s] Invoked command in '/home/abdulrahman/me5250/src/ur5_ws/build/ur5_description' returned '0': CMAKE_PREFIX_PATH=${CMAKE_PREFIX_PATH}:/home/abdulrahman/me5250_ws/install/ur_gazebo_demo:/home/abdulrahman/me5250/install/ur_gazebo_demo:/home/abdulrahman/me5250/install/reactive_replanning:/home/abdulrahman/me5250/install/mujoco_ur_bridge:/home/abdulrahman/me5250/install/bin_picking_demo:/opt/ros/jazzy DEBUGINFOD_URLS=https://debuginfod.ubuntu.com /usr/bin/cmake --build /home/abdulrahman/me5250/src/ur5_ws/build/ur5_description -- -j16 -l16
[0.276s] Invoking command in '/home/abdulrahman/me5250/src/ur5_ws/build/ur5_description': CMAKE_PREFIX_PATH=${CMAKE_PREFIX_PATH}:/home/abdulrahman/me5250_ws/install/ur_gazebo_demo:/home/abdulrahman/me5250/install/ur_gazebo_demo:/home/abdulrahman/me5250/install/reactive_replanning:/home/abdulrahman/me5250/install/mujoco_ur_bridge:/home/abdulrahman/me5250/install/bin_picking_demo:/opt/ros/jazzy DEBUGINFOD_URLS=https://debuginfod.ubuntu.com /usr/bin/cmake --install /home/abdulrahman/me5250/src/ur5_ws/build/ur5_description
[0.282s] -- Install configuration: ""
[0.283s] -- Up-to-date: /home/abdulrahman/me5250/src/ur5_ws/install/ur5_description/share/ur5_description/launch
[0.283s] -- Up-to-date: /home/abdulrahman/me5250/src/ur5_ws/install/ur5_description/share/ur5_description/launch/rviz.launch.py
[0.283s] -- Installing: /home/abdulrahman/me5250/src/ur5_ws/install/ur5_description/share/ur5_description/launch/gazebo.launch.py
[0.283s] -- Up-to-date: /home/abdulrahman/me5250/src/ur5_ws/install/ur5_description/share/ur5_description/urdf
[0.283s] -- Up-to-date: /home/abdulrahman/me5250/src/ur5_ws/install/ur5_description/share/ur5_description/urdf/initial_positions.yaml
[0.283s] -- Up-to-date: /home/abdulrahman/me5250/src/ur5_ws/install/ur5_description/share/ur5_description/urdf/ur5_robot.gazebo.xacro
[0.283s] -- Up-to-date: /home/abdulrahman/me5250/src/ur5_ws/install/ur5_description/share/ur5_description/urdf/ur5_robot.ros2_control.xacro
[0.284s] -- Up-to-date: /home/abdulrahman/me5250/src/ur5_ws/install/ur5_description/share/ur5_description/urdf/ur5_robot.urdf.xacro
[0.284s] -- Up-to-date: /home/abdulrahman/me5250/src/ur5_ws/install/ur5_description/share/ur5_description/config
[0.284s] -- Up-to-date: /home/abdulrahman/me5250/src/ur5_ws/install/ur5_description/share/ur5_description/config/view_config.rviz
[0.284s] -- Installing: /home/abdulrahman/me5250/src/ur5_ws/install/ur5_description/share/ur5_description/config/ros2_gz_bridge.yaml
[0.284s] -- Up-to-date: /home/abdulrahman/me5250/src/ur5_ws/install/ur5_description/share/ur5_description/worlds
[0.284s] -- Up-to-date: /home/abdulrahman/me5250/src/ur5_ws/install/ur5_description/share/ur5_description/worlds/gazebo_world.sdf
[0.284s] -- Up-to-date: /home/abdulrahman/me5250/src/ur5_ws/install/ur5_description/share/ur5_description/meshes
[0.284s] -- Up-to-date: /home/abdulrahman/me5250/src/ur5_ws/install/ur5_description/share/ur5_description/meshes/visual
[0.285s] -- Up-to-date: /home/abdulrahman/me5250/src/ur5_ws/install/ur5_description/share/ur5_description/meshes/visual/rg2
[0.285s] -- Up-to-date: /home/abdulrahman/me5250/src/ur5_ws/install/ur5_description/share/ur5_description/meshes/visual/rg2/finger.dae
[0.285s] -- Up-to-date: /home/abdulrahman/me5250/src/ur5_ws/install/ur5_description/share/ur5_description/meshes/visual/rg2/finger_neutral.dae
[0.285s] -- Up-to-date: /home/abdulrahman/me5250/src/ur5_ws/install/ur5_description/share/ur5_description/meshes/visual/rg2/hand.dae
[0.285s] -- Up-to-date: /home/abdulrahman/me5250/src/ur5_ws/install/ur5_description/share/ur5_description/meshes/visual/ur5
[0.285s] -- Up-to-date: /home/abdulrahman/me5250/src/ur5_ws/install/ur5_description/share/ur5_description/meshes/visual/ur5/robotiq_85_finger_tip_link.dae
[0.286s] -- Up-to-date: /home/abdulrahman/me5250/src/ur5_ws/install/ur5_description/share/ur5_description/meshes/visual/ur5/robotiq_85_knuckle_link.dae
[0.286s] -- Up-to-date: /home/abdulrahman/me5250/src/ur5_ws/install/ur5_description/share/ur5_description/meshes/visual/ur5/robotiq_85_finger_link.dae
[0.286s] -- Up-to-date: /home/abdulrahman/me5250/src/ur5_ws/install/ur5_description/share/ur5_description/meshes/visual/ur5/base.dae
[0.286s] -- Up-to-date: /home/abdulrahman/me5250/src/ur5_ws/install/ur5_description/share/ur5_description/meshes/visual/ur5/forearm.dae
[0.286s] -- Up-to-date: /home/abdulrahman/me5250/src/ur5_ws/install/ur5_description/share/ur5_description/meshes/visual/ur5/robotiq_85_inner_knuckle_link.dae
[0.286s] -- Up-to-date: /home/abdulrahman/me5250/src/ur5_ws/install/ur5_description/share/ur5_description/meshes/visual/ur5/wrist3.dae
[0.286s] -- Up-to-date: /home/abdulrahman/me5250/src/ur5_ws/install/ur5_description/share/ur5_description/meshes/visual/ur5/shoulder.dae
[0.286s] -- Up-to-date: /home/abdulrahman/me5250/src/ur5_ws/install/ur5_description/share/ur5_description/meshes/visual/ur5/SuctionCup.stl
[0.286s] -- Up-to-date: /home/abdulrahman/me5250/src/ur5_ws/install/ur5_description/share/ur5_description/meshes/visual/ur5/robotiq_85_base_link.dae
[0.287s] -- Up-to-date: /home/abdulrahman/me5250/src/ur5_ws/install/ur5_description/share/ur5_description/meshes/visual/ur5/wrist1.dae
[0.287s] -- Up-to-date: /home/abdulrahman/me5250/src/ur5_ws/install/ur5_description/share/ur5_description/meshes/visual/ur5/wrist2.dae
[0.287s] -- Up-to-date: /home/abdulrahman/me5250/src/ur5_ws/install/ur5_description/share/ur5_description/meshes/visual/ur5/upperarm.dae
[0.287s] -- Up-to-date: /home/abdulrahman/me5250/src/ur5_ws/install/ur5_description/share/ur5_description/meshes/collision
[0.287s] -- Up-to-date: /home/abdulrahman/me5250/src/ur5_ws/install/ur5_description/share/ur5_description/meshes/collision/rg2
[0.287s] -- Up-to-date: /home/abdulrahman/me5250/src/ur5_ws/install/ur5_description/share/ur5_description/meshes/collision/rg2/finger.stl
[0.287s] -- Up-to-date: /home/abdulrahman/me5250/src/ur5_ws/install/ur5_description/share/ur5_description/meshes/collision/rg2/finger_neutral.stl
[0.287s] -- Up-to-date: /home/abdulrahman/me5250/src/ur5_ws/install/ur5_description/share/ur5_description/meshes/collision/rg2/hand.stl
[0.287s] -- Up-to-date: /home/abdulrahman/me5250/src/ur5_ws/install/ur5_description/share/ur5_description/meshes/collision/ur5
[0.288s] -- Up-to-date: /home/abdulrahman/me5250/src/ur5_ws/install/ur5_description/share/ur5_description/meshes/collision/ur5/shoulder.stl
[0.288s] -- Up-to-date: /home/abdulrahman/me5250/src/ur5_ws/install/ur5_description/share/ur5_description/meshes/collision/ur5/robotiq_85_finger_tip_link.stl
[0.288s] -- Up-to-date: /home/abdulrahman/me5250/src/ur5_ws/install/ur5_description/share/ur5_description/meshes/collision/ur5/wrist3.stl
[0.288s] -- Up-to-date: /home/abdulrahman/me5250/src/ur5_ws/install/ur5_description/share/ur5_description/meshes/collision/ur5/robotiq_85_knuckle_link.stl
[0.288s] -- Up-to-date: /home/abdulrahman/me5250/src/ur5_ws/install/ur5_description/share/ur5_description/meshes/collision/ur5/robotiq_85_finger_link.stl
[0.288s] -- Up-to-date: /home/abdulrahman/me5250/src/ur5_ws/install/ur5_description/share/ur5_description/meshes/collision/ur5/upperarm.stl
[0.288s] -- Up-to-date: /home/abdulrahman/me5250/src/ur5_ws/install/ur5_description/share/ur5_description/meshes/collision/ur5/robotiq_85_base_link.stl
[0.288s] -- Up-to-date: /home/abdulrahman/me5250/src/ur5_ws/install/ur5_description/share/ur5_description/meshes/collision/ur5/forearm.stl
[0.288s] -- Up-to-date: /home/abdulrahman/me5250/src/ur5_ws/install/ur5_description/share/ur5_description/meshes/collision/ur5/robotiq_85_inner_knuckle_link.stl
[0.288s] -- Up-to-date: /home/abdulrahman/me5250/src/ur5_ws/install/ur5_description/share/ur5_description/meshes/collision/ur5/wrist1.stl
[0.289s] -- Up-to-date: /home/abdulrahman/me5250/src/ur5_ws/install/ur5_description/share/ur5_description/meshes/collision/ur5/SuctionCup.stl
[0.289s] -- Up-to-date: /home/abdulrahman/me5250/src/ur5_ws/install/ur5_description/share/ur5_description/meshes/collision/ur5/wrist2.stl
[0.289s] -- Up-to-date: /home/abdulrahman/me5250/src/ur5_ws/install/ur5_description/share/ur5_description/meshes/collision/ur5/base.stl
[0.289s] -- Up-to-date: /home/abdulrahman/me5250/src/ur5_ws/install/ur5_description/share/ament_index/resource_index/package_run_dependencies/ur5_description
[0.289s] -- Up-to-date: /home/abdulrahman/me5250/src/ur5_ws/install/ur5_description/share/ament_index/resource_index/parent_prefix_path/ur5_description
[0.289s] -- Up-to-date: /home/abdulrahman/me5250/src/ur5_ws/install/ur5_description/share/ur5_description/environment/ament_prefix_path.sh
[0.289s] -- Up-to-date: /home/abdulrahman/me5250/src/ur5_ws/install/ur5_description/share/ur5_description/environment/ament_prefix_path.dsv
[0.289s] -- Up-to-date: /home/abdulrahman/me5250/src/ur5_ws/install/ur5_description/share/ur5_description/environment/path.sh
[0.290s] -- Up-to-date: /home/abdulrahman/me5250/src/ur5_ws/install/ur5_description/share/ur5_description/environment/path.dsv
[0.290s] -- Up-to-date: /home/abdulrahman/me5250/src/ur5_ws/install/ur5_description/share/ur5_description/local_setup.bash
[0.290s] -- Up-to-date: /home/abdulrahman/me5250/src/ur5_ws/install/ur5_description/share/ur5_description/local_setup.sh
[0.290s] -- Up-to-date: /home/abdulrahman/me5250/src/ur5_ws/install/ur5_description/share/ur5_description/local_setup.zsh
[0.290s] -- Up-to-date: /home/abdulrahman/me5250/src/ur5_ws/install/ur5_description/share/ur5_description/local_setup.dsv
[0.290s] -- Installing: /home/abdulrahman/me5250/src/ur5_ws/install/ur5_description/share/ur5_description/package.dsv
[0.290s] -- Up-to-date: /home/abdulrahman/me5250/src/ur5_ws/install/ur5_description/share/ament_index/resource_index/packages/ur5_description
[0.291s] -- Up-to-date: /home/abdulrahman/me5250/src/ur5_ws/install/ur5_description/share/ur5_description/cmake/ur5_descriptionConfig.cmake
[0.291s] -- Up-to-date: /home/abdulrahman/me5250/src/ur5_ws/install/ur5_description/share/ur5_description/cmake/ur5_descriptionConfig-version.cmake
[0.291s] -- Up-to-date: /home/abdulrahman/me5250/src/ur5_ws/install/ur5_description/share/ur5_description/package.xml
[0.319s] Invoked command in '/home/abdulrahman/me5250/src/ur5_ws/build/ur5_description' returned '0': CMAKE_PREFIX_PATH=${CMAKE_PREFIX_PATH}:/home/abdulrahman/me5250_ws/install/ur_gazebo_demo:/home/abdulrahman/me5250/install/ur_gazebo_demo:/home/abdulrahman/me5250/install/reactive_replanning:/home/abdulrahman/me5250/install/mujoco_ur_bridge:/home/abdulrahman/me5250/install/bin_picking_demo:/opt/ros/jazzy DEBUGINFOD_URLS=https://debuginfod.ubuntu.com /usr/bin/cmake --install /home/abdulrahman/me5250/src/ur5_ws/build/ur5_description
