[0.015s] Invoking command in '/home/abdulrahman/me5250/src/ur5_ws/build/ur5_moveit': CMAKE_PREFIX_PATH=${CMAKE_PREFIX_PATH}:/home/abdulrahman/me5250_ws/install/ur_gazebo_demo:/home/abdulrahman/me5250/install/ur_gazebo_demo:/home/abdulrahman/me5250/install/reactive_replanning:/home/abdulrahman/me5250/install/mujoco_ur_bridge:/home/abdulrahman/me5250/install/bin_picking_demo:/opt/ros/jazzy DEBUGINFOD_URLS=https://debuginfod.ubuntu.com /usr/bin/cmake /home/abdulrahman/me5250/src/ur5_ws/src/ur5_moveit -DCMAKE_INSTALL_PREFIX=/home/abdulrahman/me5250/src/ur5_ws/install/ur5_moveit
[0.056s] -- The C compiler identification is GNU 11.5.0
[0.105s] -- The CXX compiler identification is GNU 11.5.0
[0.120s] -- Detecting C compiler ABI info
[0.198s] -- Detecting C compiler ABI info - done
[0.208s] -- Check for working C compiler: /usr/bin/cc - skipped
[0.208s] -- Detecting C compile features
[0.209s] -- Detecting C compile features - done
[0.219s] -- Detecting CXX compiler ABI info
[0.314s] -- Detecting CXX compiler ABI info - done
[0.325s] -- Check for working CXX compiler: /usr/bin/c++ - skipped
[0.325s] -- Detecting CXX compile features
[0.325s] -- Detecting CXX compile features - done
[0.332s] -- Found ament_cmake: 2.5.4 (/opt/ros/jazzy/share/ament_cmake/cmake)
[0.538s] -- Found Python3: /usr/bin/python3 (found version "3.12.3") found components: Interpreter 
[0.738s] -- Found ament_lint_auto: 0.17.3 (/opt/ros/jazzy/share/ament_lint_auto/cmake)
[0.901s] -- Added test 'flake8' to check Python code syntax and style conventions
[0.901s] -- Configured 'flake8' exclude dirs and/or files: 
[0.902s] -- Added test 'lint_cmake' to check CMake code style
[0.903s] -- Added test 'pep257' to check Python code against some of the docstring style conventions in PEP 257
[0.905s] -- Added test 'xmllint' to check XML markup files
[0.907s] -- Configuring done (0.9s)
[0.909s] -- Generating done (0.0s)
[0.911s] -- Build files have been written to: /home/abdulrahman/me5250/src/ur5_ws/build/ur5_moveit
[0.917s] Invoked command in '/home/abdulrahman/me5250/src/ur5_ws/build/ur5_moveit' returned '0': CMAKE_PREFIX_PATH=${CMAKE_PREFIX_PATH}:/home/abdulrahman/me5250_ws/install/ur_gazebo_demo:/home/abdulrahman/me5250/install/ur_gazebo_demo:/home/abdulrahman/me5250/install/reactive_replanning:/home/abdulrahman/me5250/install/mujoco_ur_bridge:/home/abdulrahman/me5250/install/bin_picking_demo:/opt/ros/jazzy DEBUGINFOD_URLS=https://debuginfod.ubuntu.com /usr/bin/cmake /home/abdulrahman/me5250/src/ur5_ws/src/ur5_moveit -DCMAKE_INSTALL_PREFIX=/home/abdulrahman/me5250/src/ur5_ws/install/ur5_moveit
[0.918s] Invoking command in '/home/abdulrahman/me5250/src/ur5_ws/build/ur5_moveit': CMAKE_PREFIX_PATH=${CMAKE_PREFIX_PATH}:/home/abdulrahman/me5250_ws/install/ur_gazebo_demo:/home/abdulrahman/me5250/install/ur_gazebo_demo:/home/abdulrahman/me5250/install/reactive_replanning:/home/abdulrahman/me5250/install/mujoco_ur_bridge:/home/abdulrahman/me5250/install/bin_picking_demo:/opt/ros/jazzy DEBUGINFOD_URLS=https://debuginfod.ubuntu.com /usr/bin/cmake --build /home/abdulrahman/me5250/src/ur5_ws/build/ur5_moveit -- -j16 -l16
[0.968s] Invoked command in '/home/abdulrahman/me5250/src/ur5_ws/build/ur5_moveit' returned '0': CMAKE_PREFIX_PATH=${CMAKE_PREFIX_PATH}:/home/abdulrahman/me5250_ws/install/ur_gazebo_demo:/home/abdulrahman/me5250/install/ur_gazebo_demo:/home/abdulrahman/me5250/install/reactive_replanning:/home/abdulrahman/me5250/install/mujoco_ur_bridge:/home/abdulrahman/me5250/install/bin_picking_demo:/opt/ros/jazzy DEBUGINFOD_URLS=https://debuginfod.ubuntu.com /usr/bin/cmake --build /home/abdulrahman/me5250/src/ur5_ws/build/ur5_moveit -- -j16 -l16
[0.969s] Invoking command in '/home/abdulrahman/me5250/src/ur5_ws/build/ur5_moveit': CMAKE_PREFIX_PATH=${CMAKE_PREFIX_PATH}:/home/abdulrahman/me5250_ws/install/ur_gazebo_demo:/home/abdulrahman/me5250/install/ur_gazebo_demo:/home/abdulrahman/me5250/install/reactive_replanning:/home/abdulrahman/me5250/install/mujoco_ur_bridge:/home/abdulrahman/me5250/install/bin_picking_demo:/opt/ros/jazzy DEBUGINFOD_URLS=https://debuginfod.ubuntu.com /usr/bin/cmake --install /home/abdulrahman/me5250/src/ur5_ws/build/ur5_moveit
[0.977s] -- Install configuration: ""
[0.977s] -- Installing: /home/abdulrahman/me5250/src/ur5_ws/install/ur5_moveit/share/ur5_moveit/launch
[0.977s] -- Installing: /home/abdulrahman/me5250/src/ur5_ws/install/ur5_moveit/share/ur5_moveit/launch/simulated_robot.launch.py
[0.977s] -- Installing: /home/abdulrahman/me5250/src/ur5_ws/install/ur5_moveit/share/ur5_moveit/launch/moveit.launch.py
[0.978s] -- Installing: /home/abdulrahman/me5250/src/ur5_ws/install/ur5_moveit/share/ur5_moveit/config
[0.978s] -- Installing: /home/abdulrahman/me5250/src/ur5_ws/install/ur5_moveit/share/ur5_moveit/config/moveit.rviz
[0.978s] -- Installing: /home/abdulrahman/me5250/src/ur5_ws/install/ur5_moveit/share/ur5_moveit/config/pilz_cartesian_limits.yaml
[0.978s] -- Installing: /home/abdulrahman/me5250/src/ur5_ws/install/ur5_moveit/share/ur5_moveit/config/initial_positions.yaml
[0.978s] -- Installing: /home/abdulrahman/me5250/src/ur5_ws/install/ur5_moveit/share/ur5_moveit/config/joint_limits.yaml
[0.978s] -- Installing: /home/abdulrahman/me5250/src/ur5_ws/install/ur5_moveit/share/ur5_moveit/config/moveit_controllers.yaml
[0.978s] -- Installing: /home/abdulrahman/me5250/src/ur5_ws/install/ur5_moveit/share/ur5_moveit/config/kinematics.yaml
[0.978s] -- Installing: /home/abdulrahman/me5250/src/ur5_ws/install/ur5_moveit/share/ur5_moveit/config/ur5_robot.srdf
[0.978s] -- Installing: /home/abdulrahman/me5250/src/ur5_ws/install/ur5_moveit/share/ur5_moveit/config/ros2_controllers.yaml
[0.978s] -- Installing: /home/abdulrahman/me5250/src/ur5_ws/install/ur5_moveit/share/ur5_moveit/config/controller_setting.yaml
[0.978s] -- Installing: /home/abdulrahman/me5250/src/ur5_ws/install/ur5_moveit/share/ament_index/resource_index/package_run_dependencies/ur5_moveit
[0.978s] -- Installing: /home/abdulrahman/me5250/src/ur5_ws/install/ur5_moveit/share/ament_index/resource_index/parent_prefix_path/ur5_moveit
[0.978s] -- Installing: /home/abdulrahman/me5250/src/ur5_ws/install/ur5_moveit/share/ur5_moveit/environment/ament_prefix_path.sh
[0.979s] -- Installing: /home/abdulrahman/me5250/src/ur5_ws/install/ur5_moveit/share/ur5_moveit/environment/ament_prefix_path.dsv
[0.979s] -- Installing: /home/abdulrahman/me5250/src/ur5_ws/install/ur5_moveit/share/ur5_moveit/environment/path.sh
[0.979s] -- Installing: /home/abdulrahman/me5250/src/ur5_ws/install/ur5_moveit/share/ur5_moveit/environment/path.dsv
[0.979s] -- Installing: /home/abdulrahman/me5250/src/ur5_ws/install/ur5_moveit/share/ur5_moveit/local_setup.bash
[0.979s] -- Installing: /home/abdulrahman/me5250/src/ur5_ws/install/ur5_moveit/share/ur5_moveit/local_setup.sh
[0.979s] -- Installing: /home/abdulrahman/me5250/src/ur5_ws/install/ur5_moveit/share/ur5_moveit/local_setup.zsh
[0.979s] -- Installing: /home/abdulrahman/me5250/src/ur5_ws/install/ur5_moveit/share/ur5_moveit/local_setup.dsv
[0.979s] -- Installing: /home/abdulrahman/me5250/src/ur5_ws/install/ur5_moveit/share/ur5_moveit/package.dsv
[0.979s] -- Installing: /home/abdulrahman/me5250/src/ur5_ws/install/ur5_moveit/share/ament_index/resource_index/packages/ur5_moveit
[0.980s] -- Installing: /home/abdulrahman/me5250/src/ur5_ws/install/ur5_moveit/share/ur5_moveit/cmake/ur5_moveitConfig.cmake
[0.980s] -- Installing: /home/abdulrahman/me5250/src/ur5_ws/install/ur5_moveit/share/ur5_moveit/cmake/ur5_moveitConfig-version.cmake
[0.980s] -- Installing: /home/abdulrahman/me5250/src/ur5_ws/install/ur5_moveit/share/ur5_moveit/package.xml
[1.019s] Invoked command in '/home/abdulrahman/me5250/src/ur5_ws/build/ur5_moveit' returned '0': CMAKE_PREFIX_PATH=${CMAKE_PREFIX_PATH}:/home/abdulrahman/me5250_ws/install/ur_gazebo_demo:/home/abdulrahman/me5250/install/ur_gazebo_demo:/home/abdulrahman/me5250/install/reactive_replanning:/home/abdulrahman/me5250/install/mujoco_ur_bridge:/home/abdulrahman/me5250/install/bin_picking_demo:/opt/ros/jazzy DEBUGINFOD_URLS=https://debuginfod.ubuntu.com /usr/bin/cmake --install /home/abdulrahman/me5250/src/ur5_ws/build/ur5_moveit
