[2.000s] Invoking command in '/home/abdulrahman/me5250/src/ur5_ws/build/ur5_moveit': DEBUGINFOD_URLS=https://debuginfod.ubuntu.com PYTHONPATH=/home/abdulrahman/me5250/src/ur5_ws/build/ur5_moveit/prefix_override:/usr/lib/python3/dist-packages/colcon_core/task/python/colcon_distutils_commands:/home/abdulrahman/me5250/src/ur5_ws/install/ur5_moveit/lib/python3.12/site-packages:${PYTHONPATH} /usr/bin/python3 -W ignore:setup.py install is deprecated -W ignore:easy_install command is deprecated setup.py develop --editable --build-directory /home/abdulrahman/me5250/src/ur5_ws/build/ur5_moveit/build --no-deps symlink_data --force
[2.789s] running develop
[3.229s] /usr/lib/python3/dist-packages/setuptools/command/easy_install.py:363: UserWarning: Unbuilt egg for pytest-repeat [unknown version] (/usr/lib/python3/dist-packages)
[3.229s]   self.local_index = Environment(self.shadow_path + sys.path)
[3.318s] running egg_info
[3.373s] writing ur5_moveit.egg-info/PKG-INFO
[3.373s] writing dependency_links to ur5_moveit.egg-info/dependency_links.txt
[3.373s] writing entry points to ur5_moveit.egg-info/entry_points.txt
[3.374s] writing requirements to ur5_moveit.egg-info/requires.txt
[3.374s] writing top-level names to ur5_moveit.egg-info/top_level.txt
[3.474s] reading manifest file 'ur5_moveit.egg-info/SOURCES.txt'
[3.475s] writing manifest file 'ur5_moveit.egg-info/SOURCES.txt'
[3.535s] running build_ext
[3.535s] Creating /home/abdulrahman/me5250/src/ur5_ws/install/ur5_moveit/lib/python3.12/site-packages/ur5-moveit.egg-link (link to .)
[3.536s] Installing insert_obstacle script to /home/abdulrahman/me5250/src/ur5_ws/install/ur5_moveit/lib/ur5_moveit
[3.536s] Installing reactive_replanning script to /home/abdulrahman/me5250/src/ur5_ws/install/ur5_moveit/lib/ur5_moveit
[3.536s] 
[3.537s] Installed /home/abdulrahman/me5250/src/ur5_ws/build/ur5_moveit
[3.537s] running symlink_data
[3.538s] symbolically linking /home/abdulrahman/me5250/src/ur5_ws/build/ur5_moveit/resource/ur5_moveit -> /home/abdulrahman/me5250/src/ur5_ws/install/ur5_moveit/share/ament_index/resource_index/packages
[3.538s] symbolically linking /home/abdulrahman/me5250/src/ur5_ws/build/ur5_moveit/package.xml -> /home/abdulrahman/me5250/src/ur5_ws/install/ur5_moveit/share/ur5_moveit
[3.538s] symbolically linking /home/abdulrahman/me5250/src/ur5_ws/build/ur5_moveit/launch/simulated_robot.launch.py -> /home/abdulrahman/me5250/src/ur5_ws/install/ur5_moveit/share/ur5_moveit/launch
[3.538s] symbolically linking /home/abdulrahman/me5250/src/ur5_ws/build/ur5_moveit/launch/moveit.launch.py -> /home/abdulrahman/me5250/src/ur5_ws/install/ur5_moveit/share/ur5_moveit/launch
[3.538s] symbolically linking /home/abdulrahman/me5250/src/ur5_ws/build/ur5_moveit/config/moveit.rviz -> /home/abdulrahman/me5250/src/ur5_ws/install/ur5_moveit/share/ur5_moveit/config
[3.538s] symbolically linking /home/abdulrahman/me5250/src/ur5_ws/build/ur5_moveit/config/pilz_cartesian_limits.yaml -> /home/abdulrahman/me5250/src/ur5_ws/install/ur5_moveit/share/ur5_moveit/config
[3.538s] symbolically linking /home/abdulrahman/me5250/src/ur5_ws/build/ur5_moveit/config/initial_positions.yaml -> /home/abdulrahman/me5250/src/ur5_ws/install/ur5_moveit/share/ur5_moveit/config
[3.539s] symbolically linking /home/abdulrahman/me5250/src/ur5_ws/build/ur5_moveit/config/joint_limits.yaml -> /home/abdulrahman/me5250/src/ur5_ws/install/ur5_moveit/share/ur5_moveit/config
[3.539s] symbolically linking /home/abdulrahman/me5250/src/ur5_ws/build/ur5_moveit/config/moveit_controllers.yaml -> /home/abdulrahman/me5250/src/ur5_ws/install/ur5_moveit/share/ur5_moveit/config
[3.539s] symbolically linking /home/abdulrahman/me5250/src/ur5_ws/build/ur5_moveit/config/kinematics.yaml -> /home/abdulrahman/me5250/src/ur5_ws/install/ur5_moveit/share/ur5_moveit/config
[3.539s] symbolically linking /home/abdulrahman/me5250/src/ur5_ws/build/ur5_moveit/config/ur5_robot.srdf -> /home/abdulrahman/me5250/src/ur5_ws/install/ur5_moveit/share/ur5_moveit/config
[3.539s] symbolically linking /home/abdulrahman/me5250/src/ur5_ws/build/ur5_moveit/config/ros2_controllers.yaml -> /home/abdulrahman/me5250/src/ur5_ws/install/ur5_moveit/share/ur5_moveit/config
[3.540s] symbolically linking /home/abdulrahman/me5250/src/ur5_ws/build/ur5_moveit/config/controller_setting.yaml -> /home/abdulrahman/me5250/src/ur5_ws/install/ur5_moveit/share/ur5_moveit/config
[3.598s] Invoked command in '/home/abdulrahman/me5250/src/ur5_ws/build/ur5_moveit' returned '0': DEBUGINFOD_URLS=https://debuginfod.ubuntu.com PYTHONPATH=/home/abdulrahman/me5250/src/ur5_ws/build/ur5_moveit/prefix_override:/usr/lib/python3/dist-packages/colcon_core/task/python/colcon_distutils_commands:/home/abdulrahman/me5250/src/ur5_ws/install/ur5_moveit/lib/python3.12/site-packages:${PYTHONPATH} /usr/bin/python3 -W ignore:setup.py install is deprecated -W ignore:easy_install command is deprecated setup.py develop --editable --build-directory /home/abdulrahman/me5250/src/ur5_ws/build/ur5_moveit/build --no-deps symlink_data --force
