[0.137s] DEBUG:colcon:Command line arguments: ['/usr/bin/colcon', 'build']
[0.137s] DEBUG:colcon:Parsed command line arguments: Namespace(log_base=None, log_level=None, verb_name='build', build_base='build', install_base='install', merge_install=False, symlink_install=False, test_result_base=None, continue_on_error=False, executor='parallel', parallel_workers=16, event_handlers=None, ignore_user_meta=False, metas=['./colcon.meta'], base_paths=['.'], packages_ignore=None, packages_ignore_regex=None, paths=None, packages_up_to=None, packages_up_to_regex=None, packages_above=None, packages_above_and_dependencies=None, packages_above_depth=None, packages_select_by_dep=None, packages_skip_by_dep=None, packages_skip_up_to=None, packages_select_build_failed=False, packages_skip_build_finished=False, packages_select_test_failures=False, packages_skip_test_passed=False, packages_select=None, packages_skip=None, packages_select_regex=None, packages_skip_regex=None, packages_start=None, packages_end=None, allow_overriding=[], cmake_args=None, cmake_target=None, cmake_target_skip_unavailable=False, cmake_clean_cache=False, cmake_clean_first=False, cmake_force_configure=False, ament_cmake_args=None, catkin_cmake_args=None, catkin_skip_building_tests=False, mixin_files=None, mixin=None, verb_parser=<colcon_mixin.mixin.mixin_argument.MixinArgumentDecorator object at 0x731e0fbcaf60>, verb_extension=<colcon_core.verb.build.BuildVerb object at 0x731e0fbca9c0>, main=<bound method BuildVerb.main of <colcon_core.verb.build.BuildVerb object at 0x731e0fbca9c0>>, mixin_verb=('build',))
[0.183s] Level 1:colcon.colcon_core.package_discovery:discover_packages(colcon_meta) check parameters
[0.183s] Level 1:colcon.colcon_core.package_discovery:discover_packages(recursive) check parameters
[0.183s] Level 1:colcon.colcon_core.package_discovery:discover_packages(ignore) check parameters
[0.183s] Level 1:colcon.colcon_core.package_discovery:discover_packages(path) check parameters
[0.183s] Level 1:colcon.colcon_core.package_discovery:discover_packages(colcon_meta) discover
[0.184s] Level 1:colcon.colcon_core.package_discovery:discover_packages(recursive) discover
[0.184s] INFO:colcon.colcon_core.package_discovery:Crawling recursively for packages in '/home/abdulrahman/me5250/src/ur5_ws'
[0.184s] Level 1:colcon.colcon_core.package_identification:_identify(.) by extensions ['ignore', 'ignore_ament_install']
[0.184s] Level 1:colcon.colcon_core.package_identification:_identify(.) by extension 'ignore'
[0.184s] Level 1:colcon.colcon_core.package_identification:_identify(.) by extension 'ignore_ament_install'
[0.185s] Level 1:colcon.colcon_core.package_identification:_identify(.) by extensions ['colcon_pkg']
[0.185s] Level 1:colcon.colcon_core.package_identification:_identify(.) by extension 'colcon_pkg'
[0.185s] Level 1:colcon.colcon_core.package_identification:_identify(.) by extensions ['colcon_meta']
[0.185s] Level 1:colcon.colcon_core.package_identification:_identify(.) by extension 'colcon_meta'
[0.185s] Level 1:colcon.colcon_core.package_identification:_identify(.) by extensions ['ros']
[0.185s] Level 1:colcon.colcon_core.package_identification:_identify(.) by extension 'ros'
[0.214s] Level 1:colcon.colcon_core.package_identification:_identify(.) by extensions ['cmake', 'python']
[0.214s] Level 1:colcon.colcon_core.package_identification:_identify(.) by extension 'cmake'
[0.214s] Level 1:colcon.colcon_core.package_identification:_identify(.) by extension 'python'
[0.215s] Level 1:colcon.colcon_core.package_identification:_identify(.) by extensions ['python_setup_py']
[0.215s] Level 1:colcon.colcon_core.package_identification:_identify(.) by extension 'python_setup_py'
[0.215s] Level 1:colcon.colcon_core.package_identification:_identify(build) by extensions ['ignore', 'ignore_ament_install']
[0.215s] Level 1:colcon.colcon_core.package_identification:_identify(build) by extension 'ignore'
[0.215s] Level 1:colcon.colcon_core.package_identification:_identify(build) ignored
[0.215s] Level 1:colcon.colcon_core.package_identification:_identify(install) by extensions ['ignore', 'ignore_ament_install']
[0.215s] Level 1:colcon.colcon_core.package_identification:_identify(install) by extension 'ignore'
[0.215s] Level 1:colcon.colcon_core.package_identification:_identify(install) ignored
[0.215s] Level 1:colcon.colcon_core.package_identification:_identify(log) by extensions ['ignore', 'ignore_ament_install']
[0.215s] Level 1:colcon.colcon_core.package_identification:_identify(log) by extension 'ignore'
[0.215s] Level 1:colcon.colcon_core.package_identification:_identify(log) ignored
[0.215s] Level 1:colcon.colcon_core.package_identification:_identify(src) by extensions ['ignore', 'ignore_ament_install']
[0.216s] Level 1:colcon.colcon_core.package_identification:_identify(src) by extension 'ignore'
[0.216s] Level 1:colcon.colcon_core.package_identification:_identify(src) by extension 'ignore_ament_install'
[0.216s] Level 1:colcon.colcon_core.package_identification:_identify(src) by extensions ['colcon_pkg']
[0.216s] Level 1:colcon.colcon_core.package_identification:_identify(src) by extension 'colcon_pkg'
[0.216s] Level 1:colcon.colcon_core.package_identification:_identify(src) by extensions ['colcon_meta']
[0.216s] Level 1:colcon.colcon_core.package_identification:_identify(src) by extension 'colcon_meta'
[0.216s] Level 1:colcon.colcon_core.package_identification:_identify(src) by extensions ['ros']
[0.216s] Level 1:colcon.colcon_core.package_identification:_identify(src) by extension 'ros'
[0.216s] Level 1:colcon.colcon_core.package_identification:_identify(src) by extensions ['cmake', 'python']
[0.216s] Level 1:colcon.colcon_core.package_identification:_identify(src) by extension 'cmake'
[0.216s] Level 1:colcon.colcon_core.package_identification:_identify(src) by extension 'python'
[0.216s] Level 1:colcon.colcon_core.package_identification:_identify(src) by extensions ['python_setup_py']
[0.216s] Level 1:colcon.colcon_core.package_identification:_identify(src) by extension 'python_setup_py'
[0.216s] Level 1:colcon.colcon_core.package_identification:_identify(src/hello_moveit) by extensions ['ignore', 'ignore_ament_install']
[0.216s] Level 1:colcon.colcon_core.package_identification:_identify(src/hello_moveit) by extension 'ignore'
[0.216s] Level 1:colcon.colcon_core.package_identification:_identify(src/hello_moveit) by extension 'ignore_ament_install'
[0.216s] Level 1:colcon.colcon_core.package_identification:_identify(src/hello_moveit) by extensions ['colcon_pkg']
[0.216s] Level 1:colcon.colcon_core.package_identification:_identify(src/hello_moveit) by extension 'colcon_pkg'
[0.216s] Level 1:colcon.colcon_core.package_identification:_identify(src/hello_moveit) by extensions ['colcon_meta']
[0.216s] Level 1:colcon.colcon_core.package_identification:_identify(src/hello_moveit) by extension 'colcon_meta'
[0.216s] Level 1:colcon.colcon_core.package_identification:_identify(src/hello_moveit) by extensions ['ros']
[0.216s] Level 1:colcon.colcon_core.package_identification:_identify(src/hello_moveit) by extension 'ros'
[0.219s] DEBUG:colcon.colcon_core.package_identification:Package 'src/hello_moveit' with type 'ros.ament_cmake' and name 'hello_moveit'
[0.219s] Level 1:colcon.colcon_core.package_identification:_identify(src/ur5_controller) by extensions ['ignore', 'ignore_ament_install']
[0.219s] Level 1:colcon.colcon_core.package_identification:_identify(src/ur5_controller) by extension 'ignore'
[0.219s] Level 1:colcon.colcon_core.package_identification:_identify(src/ur5_controller) by extension 'ignore_ament_install'
[0.220s] Level 1:colcon.colcon_core.package_identification:_identify(src/ur5_controller) by extensions ['colcon_pkg']
[0.220s] Level 1:colcon.colcon_core.package_identification:_identify(src/ur5_controller) by extension 'colcon_pkg'
[0.220s] Level 1:colcon.colcon_core.package_identification:_identify(src/ur5_controller) by extensions ['colcon_meta']
[0.220s] Level 1:colcon.colcon_core.package_identification:_identify(src/ur5_controller) by extension 'colcon_meta'
[0.220s] Level 1:colcon.colcon_core.package_identification:_identify(src/ur5_controller) by extensions ['ros']
[0.220s] Level 1:colcon.colcon_core.package_identification:_identify(src/ur5_controller) by extension 'ros'
[0.220s] DEBUG:colcon.colcon_core.package_identification:Package 'src/ur5_controller' with type 'ros.ament_cmake' and name 'ur5_controller'
[0.220s] Level 1:colcon.colcon_core.package_identification:_identify(src/ur5_description) by extensions ['ignore', 'ignore_ament_install']
[0.220s] Level 1:colcon.colcon_core.package_identification:_identify(src/ur5_description) by extension 'ignore'
[0.220s] Level 1:colcon.colcon_core.package_identification:_identify(src/ur5_description) by extension 'ignore_ament_install'
[0.220s] Level 1:colcon.colcon_core.package_identification:_identify(src/ur5_description) by extensions ['colcon_pkg']
[0.221s] Level 1:colcon.colcon_core.package_identification:_identify(src/ur5_description) by extension 'colcon_pkg'
[0.221s] Level 1:colcon.colcon_core.package_identification:_identify(src/ur5_description) by extensions ['colcon_meta']
[0.221s] Level 1:colcon.colcon_core.package_identification:_identify(src/ur5_description) by extension 'colcon_meta'
[0.221s] Level 1:colcon.colcon_core.package_identification:_identify(src/ur5_description) by extensions ['ros']
[0.221s] Level 1:colcon.colcon_core.package_identification:_identify(src/ur5_description) by extension 'ros'
[0.221s] DEBUG:colcon.colcon_core.package_identification:Package 'src/ur5_description' with type 'ros.ament_cmake' and name 'ur5_description'
[0.221s] Level 1:colcon.colcon_core.package_identification:_identify(src/ur5_moveit) by extensions ['ignore', 'ignore_ament_install']
[0.221s] Level 1:colcon.colcon_core.package_identification:_identify(src/ur5_moveit) by extension 'ignore'
[0.221s] Level 1:colcon.colcon_core.package_identification:_identify(src/ur5_moveit) by extension 'ignore_ament_install'
[0.221s] Level 1:colcon.colcon_core.package_identification:_identify(src/ur5_moveit) by extensions ['colcon_pkg']
[0.221s] Level 1:colcon.colcon_core.package_identification:_identify(src/ur5_moveit) by extension 'colcon_pkg'
[0.221s] Level 1:colcon.colcon_core.package_identification:_identify(src/ur5_moveit) by extensions ['colcon_meta']
[0.221s] Level 1:colcon.colcon_core.package_identification:_identify(src/ur5_moveit) by extension 'colcon_meta'
[0.221s] Level 1:colcon.colcon_core.package_identification:_identify(src/ur5_moveit) by extensions ['ros']
[0.222s] Level 1:colcon.colcon_core.package_identification:_identify(src/ur5_moveit) by extension 'ros'
[0.222s] DEBUG:colcon.colcon_core.package_identification:Package 'src/ur5_moveit' with type 'ros.ament_python' and name 'ur5_moveit'
[0.222s] Level 1:colcon.colcon_core.package_identification:_identify(src/ur5_moveit_config) by extensions ['ignore', 'ignore_ament_install']
[0.223s] Level 1:colcon.colcon_core.package_identification:_identify(src/ur5_moveit_config) by extension 'ignore'
[0.223s] Level 1:colcon.colcon_core.package_identification:_identify(src/ur5_moveit_config) by extension 'ignore_ament_install'
[0.223s] Level 1:colcon.colcon_core.package_identification:_identify(src/ur5_moveit_config) by extensions ['colcon_pkg']
[0.223s] Level 1:colcon.colcon_core.package_identification:_identify(src/ur5_moveit_config) by extension 'colcon_pkg'
[0.223s] Level 1:colcon.colcon_core.package_identification:_identify(src/ur5_moveit_config) by extensions ['colcon_meta']
[0.223s] Level 1:colcon.colcon_core.package_identification:_identify(src/ur5_moveit_config) by extension 'colcon_meta'
[0.223s] Level 1:colcon.colcon_core.package_identification:_identify(src/ur5_moveit_config) by extensions ['ros']
[0.223s] Level 1:colcon.colcon_core.package_identification:_identify(src/ur5_moveit_config) by extension 'ros'
[0.224s] DEBUG:colcon.colcon_core.package_identification:Package 'src/ur5_moveit_config' with type 'ros.ament_cmake' and name 'ur5_moveit_config'
[0.224s] Level 1:colcon.colcon_core.package_discovery:discover_packages(recursive) using defaults
[0.224s] Level 1:colcon.colcon_core.package_discovery:discover_packages(ignore) discover
[0.224s] Level 1:colcon.colcon_core.package_discovery:discover_packages(ignore) using defaults
[0.224s] Level 1:colcon.colcon_core.package_discovery:discover_packages(path) discover
[0.224s] Level 1:colcon.colcon_core.package_discovery:discover_packages(path) using defaults
[0.246s] Level 1:colcon.colcon_core.package_discovery:discover_packages(prefix_path) check parameters
[0.246s] Level 1:colcon.colcon_core.package_discovery:discover_packages(prefix_path) discover
[0.249s] DEBUG:colcon.colcon_installed_package_information.package_discovery:Found 5 installed packages in /home/abdulrahman/me5250/src/ur5_ws/install
[0.250s] DEBUG:colcon.colcon_installed_package_information.package_discovery:Found 5 installed packages in /home/abdulrahman/ur5_ws/install
[0.251s] DEBUG:colcon.colcon_installed_package_information.package_discovery:Found 15 installed packages in /home/abdulrahman/me5250_ws/install
[0.251s] DEBUG:colcon.colcon_installed_package_information.package_discovery:Found 13 installed packages in /home/abdulrahman/me5250/install
[0.255s] DEBUG:colcon.colcon_installed_package_information.package_discovery:Found 653 installed packages in /opt/ros/jazzy
[0.257s] Level 1:colcon.colcon_core.package_discovery:discover_packages(prefix_path) using defaults
[0.377s] Level 5:colcon.colcon_core.verb:set package 'hello_moveit' build argument 'cmake_args' from command line to 'None'
[0.378s] Level 5:colcon.colcon_core.verb:set package 'hello_moveit' build argument 'cmake_target' from command line to 'None'
[0.378s] Level 5:colcon.colcon_core.verb:set package 'hello_moveit' build argument 'cmake_target_skip_unavailable' from command line to 'False'
[0.378s] Level 5:colcon.colcon_core.verb:set package 'hello_moveit' build argument 'cmake_clean_cache' from command line to 'False'
[0.378s] Level 5:colcon.colcon_core.verb:set package 'hello_moveit' build argument 'cmake_clean_first' from command line to 'False'
[0.378s] Level 5:colcon.colcon_core.verb:set package 'hello_moveit' build argument 'cmake_force_configure' from command line to 'False'
[0.378s] Level 5:colcon.colcon_core.verb:set package 'hello_moveit' build argument 'ament_cmake_args' from command line to 'None'
[0.378s] Level 5:colcon.colcon_core.verb:set package 'hello_moveit' build argument 'catkin_cmake_args' from command line to 'None'
[0.378s] Level 5:colcon.colcon_core.verb:set package 'hello_moveit' build argument 'catkin_skip_building_tests' from command line to 'False'
[0.378s] DEBUG:colcon.colcon_core.verb:Building package 'hello_moveit' with the following arguments: {'ament_cmake_args': None, 'build_base': '/home/abdulrahman/me5250/src/ur5_ws/build/hello_moveit', 'catkin_cmake_args': None, 'catkin_skip_building_tests': False, 'cmake_args': None, 'cmake_clean_cache': False, 'cmake_clean_first': False, 'cmake_force_configure': False, 'cmake_target': None, 'cmake_target_skip_unavailable': False, 'install_base': '/home/abdulrahman/me5250/src/ur5_ws/install/hello_moveit', 'merge_install': False, 'path': '/home/abdulrahman/me5250/src/ur5_ws/src/hello_moveit', 'symlink_install': False, 'test_result_base': None}
[0.378s] Level 5:colcon.colcon_core.verb:set package 'ur5_controller' build argument 'cmake_args' from command line to 'None'
[0.378s] Level 5:colcon.colcon_core.verb:set package 'ur5_controller' build argument 'cmake_target' from command line to 'None'
[0.378s] Level 5:colcon.colcon_core.verb:set package 'ur5_controller' build argument 'cmake_target_skip_unavailable' from command line to 'False'
[0.378s] Level 5:colcon.colcon_core.verb:set package 'ur5_controller' build argument 'cmake_clean_cache' from command line to 'False'
[0.378s] Level 5:colcon.colcon_core.verb:set package 'ur5_controller' build argument 'cmake_clean_first' from command line to 'False'
[0.378s] Level 5:colcon.colcon_core.verb:set package 'ur5_controller' build argument 'cmake_force_configure' from command line to 'False'
[0.378s] Level 5:colcon.colcon_core.verb:set package 'ur5_controller' build argument 'ament_cmake_args' from command line to 'None'
[0.378s] Level 5:colcon.colcon_core.verb:set package 'ur5_controller' build argument 'catkin_cmake_args' from command line to 'None'
[0.378s] Level 5:colcon.colcon_core.verb:set package 'ur5_controller' build argument 'catkin_skip_building_tests' from command line to 'False'
[0.378s] DEBUG:colcon.colcon_core.verb:Building package 'ur5_controller' with the following arguments: {'ament_cmake_args': None, 'build_base': '/home/abdulrahman/me5250/src/ur5_ws/build/ur5_controller', 'catkin_cmake_args': None, 'catkin_skip_building_tests': False, 'cmake_args': None, 'cmake_clean_cache': False, 'cmake_clean_first': False, 'cmake_force_configure': False, 'cmake_target': None, 'cmake_target_skip_unavailable': False, 'install_base': '/home/abdulrahman/me5250/src/ur5_ws/install/ur5_controller', 'merge_install': False, 'path': '/home/abdulrahman/me5250/src/ur5_ws/src/ur5_controller', 'symlink_install': False, 'test_result_base': None}
[0.379s] Level 5:colcon.colcon_core.verb:set package 'ur5_description' build argument 'cmake_args' from command line to 'None'
[0.379s] Level 5:colcon.colcon_core.verb:set package 'ur5_description' build argument 'cmake_target' from command line to 'None'
[0.379s] Level 5:colcon.colcon_core.verb:set package 'ur5_description' build argument 'cmake_target_skip_unavailable' from command line to 'False'
[0.379s] Level 5:colcon.colcon_core.verb:set package 'ur5_description' build argument 'cmake_clean_cache' from command line to 'False'
[0.379s] Level 5:colcon.colcon_core.verb:set package 'ur5_description' build argument 'cmake_clean_first' from command line to 'False'
[0.379s] Level 5:colcon.colcon_core.verb:set package 'ur5_description' build argument 'cmake_force_configure' from command line to 'False'
[0.379s] Level 5:colcon.colcon_core.verb:set package 'ur5_description' build argument 'ament_cmake_args' from command line to 'None'
[0.379s] Level 5:colcon.colcon_core.verb:set package 'ur5_description' build argument 'catkin_cmake_args' from command line to 'None'
[0.379s] Level 5:colcon.colcon_core.verb:set package 'ur5_description' build argument 'catkin_skip_building_tests' from command line to 'False'
[0.379s] DEBUG:colcon.colcon_core.verb:Building package 'ur5_description' with the following arguments: {'ament_cmake_args': None, 'build_base': '/home/abdulrahman/me5250/src/ur5_ws/build/ur5_description', 'catkin_cmake_args': None, 'catkin_skip_building_tests': False, 'cmake_args': None, 'cmake_clean_cache': False, 'cmake_clean_first': False, 'cmake_force_configure': False, 'cmake_target': None, 'cmake_target_skip_unavailable': False, 'install_base': '/home/abdulrahman/me5250/src/ur5_ws/install/ur5_description', 'merge_install': False, 'path': '/home/abdulrahman/me5250/src/ur5_ws/src/ur5_description', 'symlink_install': False, 'test_result_base': None}
[0.379s] Level 5:colcon.colcon_core.verb:set package 'ur5_moveit' build argument 'cmake_args' from command line to 'None'
[0.379s] Level 5:colcon.colcon_core.verb:set package 'ur5_moveit' build argument 'cmake_target' from command line to 'None'
[0.379s] Level 5:colcon.colcon_core.verb:set package 'ur5_moveit' build argument 'cmake_target_skip_unavailable' from command line to 'False'
[0.379s] Level 5:colcon.colcon_core.verb:set package 'ur5_moveit' build argument 'cmake_clean_cache' from command line to 'False'
[0.379s] Level 5:colcon.colcon_core.verb:set package 'ur5_moveit' build argument 'cmake_clean_first' from command line to 'False'
[0.379s] Level 5:colcon.colcon_core.verb:set package 'ur5_moveit' build argument 'cmake_force_configure' from command line to 'False'
[0.379s] Level 5:colcon.colcon_core.verb:set package 'ur5_moveit' build argument 'ament_cmake_args' from command line to 'None'
[0.379s] Level 5:colcon.colcon_core.verb:set package 'ur5_moveit' build argument 'catkin_cmake_args' from command line to 'None'
[0.379s] Level 5:colcon.colcon_core.verb:set package 'ur5_moveit' build argument 'catkin_skip_building_tests' from command line to 'False'
[0.379s] DEBUG:colcon.colcon_core.verb:Building package 'ur5_moveit' with the following arguments: {'ament_cmake_args': None, 'build_base': '/home/abdulrahman/me5250/src/ur5_ws/build/ur5_moveit', 'catkin_cmake_args': None, 'catkin_skip_building_tests': False, 'cmake_args': None, 'cmake_clean_cache': False, 'cmake_clean_first': False, 'cmake_force_configure': False, 'cmake_target': None, 'cmake_target_skip_unavailable': False, 'install_base': '/home/abdulrahman/me5250/src/ur5_ws/install/ur5_moveit', 'merge_install': False, 'path': '/home/abdulrahman/me5250/src/ur5_ws/src/ur5_moveit', 'symlink_install': False, 'test_result_base': None}
[0.380s] Level 5:colcon.colcon_core.verb:set package 'ur5_moveit_config' build argument 'cmake_args' from command line to 'None'
[0.380s] Level 5:colcon.colcon_core.verb:set package 'ur5_moveit_config' build argument 'cmake_target' from command line to 'None'
[0.380s] Level 5:colcon.colcon_core.verb:set package 'ur5_moveit_config' build argument 'cmake_target_skip_unavailable' from command line to 'False'
[0.380s] Level 5:colcon.colcon_core.verb:set package 'ur5_moveit_config' build argument 'cmake_clean_cache' from command line to 'False'
[0.380s] Level 5:colcon.colcon_core.verb:set package 'ur5_moveit_config' build argument 'cmake_clean_first' from command line to 'False'
[0.380s] Level 5:colcon.colcon_core.verb:set package 'ur5_moveit_config' build argument 'cmake_force_configure' from command line to 'False'
[0.380s] Level 5:colcon.colcon_core.verb:set package 'ur5_moveit_config' build argument 'ament_cmake_args' from command line to 'None'
[0.380s] Level 5:colcon.colcon_core.verb:set package 'ur5_moveit_config' build argument 'catkin_cmake_args' from command line to 'None'
[0.380s] Level 5:colcon.colcon_core.verb:set package 'ur5_moveit_config' build argument 'catkin_skip_building_tests' from command line to 'False'
[0.380s] DEBUG:colcon.colcon_core.verb:Building package 'ur5_moveit_config' with the following arguments: {'ament_cmake_args': None, 'build_base': '/home/abdulrahman/me5250/src/ur5_ws/build/ur5_moveit_config', 'catkin_cmake_args': None, 'catkin_skip_building_tests': False, 'cmake_args': None, 'cmake_clean_cache': False, 'cmake_clean_first': False, 'cmake_force_configure': False, 'cmake_target': None, 'cmake_target_skip_unavailable': False, 'install_base': '/home/abdulrahman/me5250/src/ur5_ws/install/ur5_moveit_config', 'merge_install': False, 'path': '/home/abdulrahman/me5250/src/ur5_ws/src/ur5_moveit_config', 'symlink_install': False, 'test_result_base': None}
[0.380s] INFO:colcon.colcon_core.executor:Executing jobs using 'parallel' executor
[0.381s] DEBUG:colcon.colcon_parallel_executor.executor.parallel:run_until_complete
[0.381s] INFO:colcon.colcon_ros.task.ament_cmake.build:Building ROS package in '/home/abdulrahman/me5250/src/ur5_ws/src/ur5_description' with build type 'ament_cmake'
[0.382s] INFO:colcon.colcon_cmake.task.cmake.build:Building CMake package in '/home/abdulrahman/me5250/src/ur5_ws/src/ur5_description'
[0.384s] INFO:colcon.colcon_core.plugin_system:Skipping extension 'colcon_core.shell.bat': Not used on non-Windows systems
[0.384s] INFO:colcon.colcon_core.shell:Skip shell extension 'powershell' for command environment: Not usable outside of PowerShell
[0.385s] DEBUG:colcon.colcon_core.shell:Skip shell extension 'dsv' for command environment
[0.393s] INFO:colcon.colcon_ros.task.ament_cmake.build:Building ROS package in '/home/abdulrahman/me5250/src/ur5_ws/src/hello_moveit' with build type 'ament_cmake'
[0.393s] INFO:colcon.colcon_cmake.task.cmake.build:Building CMake package in '/home/abdulrahman/me5250/src/ur5_ws/src/hello_moveit'
[0.394s] INFO:colcon.colcon_core.shell:Skip shell extension 'powershell' for command environment: Not usable outside of PowerShell
[0.394s] DEBUG:colcon.colcon_core.shell:Skip shell extension 'dsv' for command environment
[0.402s] INFO:colcon.colcon_ros.task.ament_cmake.build:Building ROS package in '/home/abdulrahman/me5250/src/ur5_ws/src/ur5_controller' with build type 'ament_cmake'
[0.402s] INFO:colcon.colcon_cmake.task.cmake.build:Building CMake package in '/home/abdulrahman/me5250/src/ur5_ws/src/ur5_controller'
[0.402s] INFO:colcon.colcon_core.shell:Skip shell extension 'powershell' for command environment: Not usable outside of PowerShell
[0.403s] DEBUG:colcon.colcon_core.shell:Skip shell extension 'dsv' for command environment
[0.411s] INFO:colcon.colcon_ros.task.ament_python.build:Building ROS package in '/home/abdulrahman/me5250/src/ur5_ws/src/ur5_moveit' with build type 'ament_python'
[0.412s] Level 1:colcon.colcon_core.shell:create_environment_hook('ur5_moveit', 'ament_prefix_path')
[0.412s] INFO:colcon.colcon_core.shell:Creating environment hook '/home/abdulrahman/me5250/src/ur5_ws/install/ur5_moveit/share/ur5_moveit/hook/ament_prefix_path.ps1'
[0.413s] INFO:colcon.colcon_core.shell:Creating environment descriptor '/home/abdulrahman/me5250/src/ur5_ws/install/ur5_moveit/share/ur5_moveit/hook/ament_prefix_path.dsv'
[0.413s] INFO:colcon.colcon_core.shell:Creating environment hook '/home/abdulrahman/me5250/src/ur5_ws/install/ur5_moveit/share/ur5_moveit/hook/ament_prefix_path.sh'
[0.414s] INFO:colcon.colcon_core.shell:Skip shell extension 'powershell' for command environment: Not usable outside of PowerShell
[0.414s] DEBUG:colcon.colcon_core.shell:Skip shell extension 'dsv' for command environment
[0.438s] DEBUG:colcon.colcon_core.event_handler.log_command:Invoking command in '/home/abdulrahman/me5250/src/ur5_ws/build/ur5_description': CMAKE_PREFIX_PATH=${CMAKE_PREFIX_PATH}:/home/abdulrahman/me5250/src/ur5_ws/install/ur5_moveit:/home/abdulrahman/me5250_ws/install/ur_gazebo_demo:/home/abdulrahman/me5250/install/ur_gazebo_demo:/home/abdulrahman/me5250/install/reactive_replanning:/opt/ros/jazzy DEBUGINFOD_URLS=https://debuginfod.ubuntu.com /usr/bin/cmake --build /home/abdulrahman/me5250/src/ur5_ws/build/ur5_description -- -j16 -l16
[0.441s] DEBUG:colcon.colcon_core.event_handler.log_command:Invoking command in '/home/abdulrahman/me5250/src/ur5_ws/build/hello_moveit': CMAKE_PREFIX_PATH=${CMAKE_PREFIX_PATH}:/home/abdulrahman/me5250/src/ur5_ws/install/ur5_moveit:/home/abdulrahman/me5250_ws/install/ur_gazebo_demo:/home/abdulrahman/me5250/install/ur_gazebo_demo:/home/abdulrahman/me5250/install/reactive_replanning:/opt/ros/jazzy DEBUGINFOD_URLS=https://debuginfod.ubuntu.com /usr/bin/cmake --build /home/abdulrahman/me5250/src/ur5_ws/build/hello_moveit -- -j16 -l16
[0.443s] DEBUG:colcon.colcon_core.event_handler.log_command:Invoking command in '/home/abdulrahman/me5250/src/ur5_ws/build/ur5_controller': CMAKE_PREFIX_PATH=${CMAKE_PREFIX_PATH}:/home/abdulrahman/me5250/src/ur5_ws/install/ur5_moveit:/home/abdulrahman/me5250_ws/install/ur_gazebo_demo:/home/abdulrahman/me5250/install/ur_gazebo_demo:/home/abdulrahman/me5250/install/reactive_replanning:/opt/ros/jazzy DEBUGINFOD_URLS=https://debuginfod.ubuntu.com /usr/bin/cmake --build /home/abdulrahman/me5250/src/ur5_ws/build/ur5_controller -- -j16 -l16
[0.726s] INFO:colcon.colcon_core.task.python.build:Building Python package in '/home/abdulrahman/me5250/src/ur5_ws/src/ur5_moveit'
[0.727s] INFO:colcon.colcon_core.shell:Skip shell extension 'powershell' for command environment: Not usable outside of PowerShell
[0.727s] DEBUG:colcon.colcon_core.shell:Skip shell extension 'dsv' for command environment
[0.736s] DEBUG:colcon.colcon_core.event_handler.log_command:Invoked command in '/home/abdulrahman/me5250/src/ur5_ws/build/ur5_description' returned '0': CMAKE_PREFIX_PATH=${CMAKE_PREFIX_PATH}:/home/abdulrahman/me5250/src/ur5_ws/install/ur5_moveit:/home/abdulrahman/me5250_ws/install/ur_gazebo_demo:/home/abdulrahman/me5250/install/ur_gazebo_demo:/home/abdulrahman/me5250/install/reactive_replanning:/opt/ros/jazzy DEBUGINFOD_URLS=https://debuginfod.ubuntu.com /usr/bin/cmake --build /home/abdulrahman/me5250/src/ur5_ws/build/ur5_description -- -j16 -l16
[0.747s] DEBUG:colcon.colcon_core.event_handler.log_command:Invoking command in '/home/abdulrahman/me5250/src/ur5_ws/build/ur5_description': CMAKE_PREFIX_PATH=${CMAKE_PREFIX_PATH}:/home/abdulrahman/me5250/src/ur5_ws/install/ur5_moveit:/home/abdulrahman/me5250_ws/install/ur_gazebo_demo:/home/abdulrahman/me5250/install/ur_gazebo_demo:/home/abdulrahman/me5250/install/reactive_replanning:/opt/ros/jazzy DEBUGINFOD_URLS=https://debuginfod.ubuntu.com /usr/bin/cmake --install /home/abdulrahman/me5250/src/ur5_ws/build/ur5_description
[0.748s] DEBUG:colcon.colcon_core.event_handler.log_command:Invoked command in '/home/abdulrahman/me5250/src/ur5_ws/build/ur5_controller' returned '0': CMAKE_PREFIX_PATH=${CMAKE_PREFIX_PATH}:/home/abdulrahman/me5250/src/ur5_ws/install/ur5_moveit:/home/abdulrahman/me5250_ws/install/ur_gazebo_demo:/home/abdulrahman/me5250/install/ur_gazebo_demo:/home/abdulrahman/me5250/install/reactive_replanning:/opt/ros/jazzy DEBUGINFOD_URLS=https://debuginfod.ubuntu.com /usr/bin/cmake --build /home/abdulrahman/me5250/src/ur5_ws/build/ur5_controller -- -j16 -l16
[0.749s] DEBUG:colcon.colcon_core.event_handler.log_command:Invoking command in '/home/abdulrahman/me5250/src/ur5_ws/build/ur5_controller': CMAKE_PREFIX_PATH=${CMAKE_PREFIX_PATH}:/home/abdulrahman/me5250/src/ur5_ws/install/ur5_moveit:/home/abdulrahman/me5250_ws/install/ur_gazebo_demo:/home/abdulrahman/me5250/install/ur_gazebo_demo:/home/abdulrahman/me5250/install/reactive_replanning:/opt/ros/jazzy DEBUGINFOD_URLS=https://debuginfod.ubuntu.com /usr/bin/cmake --install /home/abdulrahman/me5250/src/ur5_ws/build/ur5_controller
[0.750s] DEBUG:colcon.colcon_core.event_handler.log_command:Invoked command in '/home/abdulrahman/me5250/src/ur5_ws/build/hello_moveit' returned '0': CMAKE_PREFIX_PATH=${CMAKE_PREFIX_PATH}:/home/abdulrahman/me5250/src/ur5_ws/install/ur5_moveit:/home/abdulrahman/me5250_ws/install/ur_gazebo_demo:/home/abdulrahman/me5250/install/ur_gazebo_demo:/home/abdulrahman/me5250/install/reactive_replanning:/opt/ros/jazzy DEBUGINFOD_URLS=https://debuginfod.ubuntu.com /usr/bin/cmake --build /home/abdulrahman/me5250/src/ur5_ws/build/hello_moveit -- -j16 -l16
[0.751s] DEBUG:colcon.colcon_core.event_handler.log_command:Invoking command in '/home/abdulrahman/me5250/src/ur5_ws/build/hello_moveit': CMAKE_PREFIX_PATH=${CMAKE_PREFIX_PATH}:/home/abdulrahman/me5250/src/ur5_ws/install/ur5_moveit:/home/abdulrahman/me5250_ws/install/ur_gazebo_demo:/home/abdulrahman/me5250/install/ur_gazebo_demo:/home/abdulrahman/me5250/install/reactive_replanning:/opt/ros/jazzy DEBUGINFOD_URLS=https://debuginfod.ubuntu.com /usr/bin/cmake --install /home/abdulrahman/me5250/src/ur5_ws/build/hello_moveit
[0.761s] Level 1:colcon.colcon_core.environment:create_environment_scripts_only(ur5_description)
[0.772s] DEBUG:colcon.colcon_core.event_handler.log_command:Invoked command in '/home/abdulrahman/me5250/src/ur5_ws/build/ur5_description' returned '0': CMAKE_PREFIX_PATH=${CMAKE_PREFIX_PATH}:/home/abdulrahman/me5250/src/ur5_ws/install/ur5_moveit:/home/abdulrahman/me5250_ws/install/ur_gazebo_demo:/home/abdulrahman/me5250/install/ur_gazebo_demo:/home/abdulrahman/me5250/install/reactive_replanning:/opt/ros/jazzy DEBUGINFOD_URLS=https://debuginfod.ubuntu.com /usr/bin/cmake --install /home/abdulrahman/me5250/src/ur5_ws/build/ur5_description
[0.773s] Level 1:colcon.colcon_core.environment:checking '/home/abdulrahman/me5250/src/ur5_ws/install/ur5_description' for CMake module files
[0.773s] Level 1:colcon.colcon_core.environment:checking '/home/abdulrahman/me5250/src/ur5_ws/install/ur5_description' for CMake config files
[0.774s] Level 1:colcon.colcon_core.shell:create_environment_hook('ur5_description', 'cmake_prefix_path')
[0.774s] INFO:colcon.colcon_core.shell:Creating environment hook '/home/abdulrahman/me5250/src/ur5_ws/install/ur5_description/share/ur5_description/hook/cmake_prefix_path.ps1'
[0.774s] INFO:colcon.colcon_core.shell:Creating environment descriptor '/home/abdulrahman/me5250/src/ur5_ws/install/ur5_description/share/ur5_description/hook/cmake_prefix_path.dsv'
[0.774s] INFO:colcon.colcon_core.shell:Creating environment hook '/home/abdulrahman/me5250/src/ur5_ws/install/ur5_description/share/ur5_description/hook/cmake_prefix_path.sh'
[0.775s] Level 1:colcon.colcon_core.environment:checking '/home/abdulrahman/me5250/src/ur5_ws/install/ur5_description/bin'
[0.775s] Level 1:colcon.colcon_core.environment:checking '/home/abdulrahman/me5250/src/ur5_ws/install/ur5_description/lib/pkgconfig/ur5_description.pc'
[0.775s] Level 1:colcon.colcon_core.environment:checking '/home/abdulrahman/me5250/src/ur5_ws/install/ur5_description/lib/python3.12/site-packages'
[0.776s] Level 1:colcon.colcon_core.environment:checking '/home/abdulrahman/me5250/src/ur5_ws/install/ur5_description/bin'
[0.776s] INFO:colcon.colcon_core.shell:Creating package script '/home/abdulrahman/me5250/src/ur5_ws/install/ur5_description/share/ur5_description/package.ps1'
[0.776s] INFO:colcon.colcon_core.shell:Creating package descriptor '/home/abdulrahman/me5250/src/ur5_ws/install/ur5_description/share/ur5_description/package.dsv'
[0.777s] INFO:colcon.colcon_core.shell:Creating package script '/home/abdulrahman/me5250/src/ur5_ws/install/ur5_description/share/ur5_description/package.sh'
[0.777s] INFO:colcon.colcon_core.shell:Creating package script '/home/abdulrahman/me5250/src/ur5_ws/install/ur5_description/share/ur5_description/package.bash'
[0.778s] INFO:colcon.colcon_core.shell:Creating package script '/home/abdulrahman/me5250/src/ur5_ws/install/ur5_description/share/ur5_description/package.zsh'
[0.779s] Level 1:colcon.colcon_core.environment:create_file_with_runtime_dependencies(/home/abdulrahman/me5250/src/ur5_ws/install/ur5_description/share/colcon-core/packages/ur5_description)
[0.779s] Level 1:colcon.colcon_core.environment:create_environment_scripts_only(ur5_description)
[0.779s] Level 1:colcon.colcon_core.environment:checking '/home/abdulrahman/me5250/src/ur5_ws/install/ur5_description' for CMake module files
[0.780s] Level 1:colcon.colcon_core.environment:checking '/home/abdulrahman/me5250/src/ur5_ws/install/ur5_description' for CMake config files
[0.780s] Level 1:colcon.colcon_core.shell:create_environment_hook('ur5_description', 'cmake_prefix_path')
[0.780s] INFO:colcon.colcon_core.shell:Creating environment hook '/home/abdulrahman/me5250/src/ur5_ws/install/ur5_description/share/ur5_description/hook/cmake_prefix_path.ps1'
[0.780s] INFO:colcon.colcon_core.shell:Creating environment descriptor '/home/abdulrahman/me5250/src/ur5_ws/install/ur5_description/share/ur5_description/hook/cmake_prefix_path.dsv'
[0.781s] INFO:colcon.colcon_core.shell:Creating environment hook '/home/abdulrahman/me5250/src/ur5_ws/install/ur5_description/share/ur5_description/hook/cmake_prefix_path.sh'
[0.781s] Level 1:colcon.colcon_core.environment:checking '/home/abdulrahman/me5250/src/ur5_ws/install/ur5_description/bin'
[0.781s] Level 1:colcon.colcon_core.environment:checking '/home/abdulrahman/me5250/src/ur5_ws/install/ur5_description/lib/pkgconfig/ur5_description.pc'
[0.781s] Level 1:colcon.colcon_core.environment:checking '/home/abdulrahman/me5250/src/ur5_ws/install/ur5_description/lib/python3.12/site-packages'
[0.782s] Level 1:colcon.colcon_core.environment:checking '/home/abdulrahman/me5250/src/ur5_ws/install/ur5_description/bin'
[0.782s] INFO:colcon.colcon_core.shell:Creating package script '/home/abdulrahman/me5250/src/ur5_ws/install/ur5_description/share/ur5_description/package.ps1'
[0.783s] INFO:colcon.colcon_core.shell:Creating package descriptor '/home/abdulrahman/me5250/src/ur5_ws/install/ur5_description/share/ur5_description/package.dsv'
[0.783s] INFO:colcon.colcon_core.shell:Creating package script '/home/abdulrahman/me5250/src/ur5_ws/install/ur5_description/share/ur5_description/package.sh'
[0.783s] INFO:colcon.colcon_core.shell:Creating package script '/home/abdulrahman/me5250/src/ur5_ws/install/ur5_description/share/ur5_description/package.bash'
[0.784s] INFO:colcon.colcon_core.shell:Creating package script '/home/abdulrahman/me5250/src/ur5_ws/install/ur5_description/share/ur5_description/package.zsh'
[0.784s] Level 1:colcon.colcon_core.environment:create_file_with_runtime_dependencies(/home/abdulrahman/me5250/src/ur5_ws/install/ur5_description/share/colcon-core/packages/ur5_description)
[0.784s] Level 1:colcon.colcon_core.environment:create_environment_scripts_only(hello_moveit)
[0.785s] Level 1:colcon.colcon_core.environment:checking '/home/abdulrahman/me5250/src/ur5_ws/install/hello_moveit' for CMake module files
[0.786s] Level 1:colcon.colcon_core.environment:checking '/home/abdulrahman/me5250/src/ur5_ws/install/hello_moveit' for CMake config files
[0.787s] DEBUG:colcon.colcon_core.event_handler.log_command:Invoked command in '/home/abdulrahman/me5250/src/ur5_ws/build/hello_moveit' returned '0': CMAKE_PREFIX_PATH=${CMAKE_PREFIX_PATH}:/home/abdulrahman/me5250/src/ur5_ws/install/ur5_moveit:/home/abdulrahman/me5250_ws/install/ur_gazebo_demo:/home/abdulrahman/me5250/install/ur_gazebo_demo:/home/abdulrahman/me5250/install/reactive_replanning:/opt/ros/jazzy DEBUGINFOD_URLS=https://debuginfod.ubuntu.com /usr/bin/cmake --install /home/abdulrahman/me5250/src/ur5_ws/build/hello_moveit
[0.787s] Level 1:colcon.colcon_core.shell:create_environment_hook('hello_moveit', 'cmake_prefix_path')
[0.788s] INFO:colcon.colcon_core.shell:Creating environment hook '/home/abdulrahman/me5250/src/ur5_ws/install/hello_moveit/share/hello_moveit/hook/cmake_prefix_path.ps1'
[0.788s] INFO:colcon.colcon_core.shell:Creating environment descriptor '/home/abdulrahman/me5250/src/ur5_ws/install/hello_moveit/share/hello_moveit/hook/cmake_prefix_path.dsv'
[0.789s] INFO:colcon.colcon_core.shell:Creating environment hook '/home/abdulrahman/me5250/src/ur5_ws/install/hello_moveit/share/hello_moveit/hook/cmake_prefix_path.sh'
[0.789s] Level 1:colcon.colcon_core.environment:checking '/home/abdulrahman/me5250/src/ur5_ws/install/hello_moveit/lib'
[0.790s] Level 1:colcon.colcon_core.environment:checking '/home/abdulrahman/me5250/src/ur5_ws/install/hello_moveit/bin'
[0.790s] Level 1:colcon.colcon_core.environment:checking '/home/abdulrahman/me5250/src/ur5_ws/install/hello_moveit/lib/pkgconfig/hello_moveit.pc'
[0.790s] Level 1:colcon.colcon_core.environment:checking '/home/abdulrahman/me5250/src/ur5_ws/install/hello_moveit/lib/python3.12/site-packages'
[0.791s] Level 1:colcon.colcon_core.environment:checking '/home/abdulrahman/me5250/src/ur5_ws/install/hello_moveit/bin'
[0.791s] INFO:colcon.colcon_core.shell:Creating package script '/home/abdulrahman/me5250/src/ur5_ws/install/hello_moveit/share/hello_moveit/package.ps1'
[0.791s] INFO:colcon.colcon_core.shell:Creating package descriptor '/home/abdulrahman/me5250/src/ur5_ws/install/hello_moveit/share/hello_moveit/package.dsv'
[0.792s] INFO:colcon.colcon_core.shell:Creating package script '/home/abdulrahman/me5250/src/ur5_ws/install/hello_moveit/share/hello_moveit/package.sh'
[0.793s] INFO:colcon.colcon_core.shell:Creating package script '/home/abdulrahman/me5250/src/ur5_ws/install/hello_moveit/share/hello_moveit/package.bash'
[0.793s] INFO:colcon.colcon_core.shell:Creating package script '/home/abdulrahman/me5250/src/ur5_ws/install/hello_moveit/share/hello_moveit/package.zsh'
[0.793s] Level 1:colcon.colcon_core.environment:create_file_with_runtime_dependencies(/home/abdulrahman/me5250/src/ur5_ws/install/hello_moveit/share/colcon-core/packages/hello_moveit)
[0.794s] Level 1:colcon.colcon_core.environment:create_environment_scripts_only(hello_moveit)
[0.794s] Level 1:colcon.colcon_core.environment:checking '/home/abdulrahman/me5250/src/ur5_ws/install/hello_moveit' for CMake module files
[0.795s] Level 1:colcon.colcon_core.environment:checking '/home/abdulrahman/me5250/src/ur5_ws/install/hello_moveit' for CMake config files
[0.796s] Level 1:colcon.colcon_core.shell:create_environment_hook('hello_moveit', 'cmake_prefix_path')
[0.796s] INFO:colcon.colcon_core.shell:Creating environment hook '/home/abdulrahman/me5250/src/ur5_ws/install/hello_moveit/share/hello_moveit/hook/cmake_prefix_path.ps1'
[0.796s] INFO:colcon.colcon_core.shell:Creating environment descriptor '/home/abdulrahman/me5250/src/ur5_ws/install/hello_moveit/share/hello_moveit/hook/cmake_prefix_path.dsv'
[0.797s] INFO:colcon.colcon_core.shell:Creating environment hook '/home/abdulrahman/me5250/src/ur5_ws/install/hello_moveit/share/hello_moveit/hook/cmake_prefix_path.sh'
[0.798s] Level 1:colcon.colcon_core.environment:checking '/home/abdulrahman/me5250/src/ur5_ws/install/hello_moveit/lib'
[0.798s] Level 1:colcon.colcon_core.environment:checking '/home/abdulrahman/me5250/src/ur5_ws/install/hello_moveit/bin'
[0.798s] Level 1:colcon.colcon_core.environment:checking '/home/abdulrahman/me5250/src/ur5_ws/install/hello_moveit/lib/pkgconfig/hello_moveit.pc'
[0.798s] Level 1:colcon.colcon_core.environment:checking '/home/abdulrahman/me5250/src/ur5_ws/install/hello_moveit/lib/python3.12/site-packages'
[0.799s] Level 1:colcon.colcon_core.environment:checking '/home/abdulrahman/me5250/src/ur5_ws/install/hello_moveit/bin'
[0.799s] INFO:colcon.colcon_core.shell:Creating package script '/home/abdulrahman/me5250/src/ur5_ws/install/hello_moveit/share/hello_moveit/package.ps1'
[0.800s] INFO:colcon.colcon_core.shell:Creating package descriptor '/home/abdulrahman/me5250/src/ur5_ws/install/hello_moveit/share/hello_moveit/package.dsv'
[0.800s] INFO:colcon.colcon_core.shell:Creating package script '/home/abdulrahman/me5250/src/ur5_ws/install/hello_moveit/share/hello_moveit/package.sh'
[0.801s] INFO:colcon.colcon_core.shell:Creating package script '/home/abdulrahman/me5250/src/ur5_ws/install/hello_moveit/share/hello_moveit/package.bash'
[0.801s] INFO:colcon.colcon_core.shell:Creating package script '/home/abdulrahman/me5250/src/ur5_ws/install/hello_moveit/share/hello_moveit/package.zsh'
[0.802s] Level 1:colcon.colcon_core.environment:create_file_with_runtime_dependencies(/home/abdulrahman/me5250/src/ur5_ws/install/hello_moveit/share/colcon-core/packages/hello_moveit)
[0.803s] INFO:colcon.colcon_ros.task.ament_cmake.build:Building ROS package in '/home/abdulrahman/me5250/src/ur5_ws/src/ur5_moveit_config' with build type 'ament_cmake'
[0.803s] INFO:colcon.colcon_cmake.task.cmake.build:Building CMake package in '/home/abdulrahman/me5250/src/ur5_ws/src/ur5_moveit_config'
[0.803s] INFO:colcon.colcon_core.shell:Skip shell extension 'powershell' for command environment: Not usable outside of PowerShell
[0.803s] DEBUG:colcon.colcon_core.shell:Skip shell extension 'dsv' for command environment
[0.813s] Level 1:colcon.colcon_core.environment:create_environment_scripts_only(ur5_controller)
[0.813s] Level 1:colcon.colcon_core.environment:checking '/home/abdulrahman/me5250/src/ur5_ws/install/ur5_controller' for CMake module files
[0.814s] DEBUG:colcon.colcon_core.event_handler.log_command:Invoked command in '/home/abdulrahman/me5250/src/ur5_ws/build/ur5_controller' returned '0': CMAKE_PREFIX_PATH=${CMAKE_PREFIX_PATH}:/home/abdulrahman/me5250/src/ur5_ws/install/ur5_moveit:/home/abdulrahman/me5250_ws/install/ur_gazebo_demo:/home/abdulrahman/me5250/install/ur_gazebo_demo:/home/abdulrahman/me5250/install/reactive_replanning:/opt/ros/jazzy DEBUGINFOD_URLS=https://debuginfod.ubuntu.com /usr/bin/cmake --install /home/abdulrahman/me5250/src/ur5_ws/build/ur5_controller
[0.814s] Level 1:colcon.colcon_core.environment:checking '/home/abdulrahman/me5250/src/ur5_ws/install/ur5_controller' for CMake config files
[0.814s] Level 1:colcon.colcon_core.shell:create_environment_hook('ur5_controller', 'cmake_prefix_path')
[0.814s] INFO:colcon.colcon_core.shell:Creating environment hook '/home/abdulrahman/me5250/src/ur5_ws/install/ur5_controller/share/ur5_controller/hook/cmake_prefix_path.ps1'
[0.815s] INFO:colcon.colcon_core.shell:Creating environment descriptor '/home/abdulrahman/me5250/src/ur5_ws/install/ur5_controller/share/ur5_controller/hook/cmake_prefix_path.dsv'
[0.815s] INFO:colcon.colcon_core.shell:Creating environment hook '/home/abdulrahman/me5250/src/ur5_ws/install/ur5_controller/share/ur5_controller/hook/cmake_prefix_path.sh'
[0.816s] Level 1:colcon.colcon_core.environment:checking '/home/abdulrahman/me5250/src/ur5_ws/install/ur5_controller/bin'
[0.816s] Level 1:colcon.colcon_core.environment:checking '/home/abdulrahman/me5250/src/ur5_ws/install/ur5_controller/lib/pkgconfig/ur5_controller.pc'
[0.816s] Level 1:colcon.colcon_core.environment:checking '/home/abdulrahman/me5250/src/ur5_ws/install/ur5_controller/lib/python3.12/site-packages'
[0.816s] Level 1:colcon.colcon_core.environment:checking '/home/abdulrahman/me5250/src/ur5_ws/install/ur5_controller/bin'
[0.817s] INFO:colcon.colcon_core.shell:Creating package script '/home/abdulrahman/me5250/src/ur5_ws/install/ur5_controller/share/ur5_controller/package.ps1'
[0.817s] INFO:colcon.colcon_core.shell:Creating package descriptor '/home/abdulrahman/me5250/src/ur5_ws/install/ur5_controller/share/ur5_controller/package.dsv'
[0.818s] INFO:colcon.colcon_core.shell:Creating package script '/home/abdulrahman/me5250/src/ur5_ws/install/ur5_controller/share/ur5_controller/package.sh'
[0.818s] INFO:colcon.colcon_core.shell:Creating package script '/home/abdulrahman/me5250/src/ur5_ws/install/ur5_controller/share/ur5_controller/package.bash'
[0.818s] INFO:colcon.colcon_core.shell:Creating package script '/home/abdulrahman/me5250/src/ur5_ws/install/ur5_controller/share/ur5_controller/package.zsh'
[0.819s] Level 1:colcon.colcon_core.environment:create_file_with_runtime_dependencies(/home/abdulrahman/me5250/src/ur5_ws/install/ur5_controller/share/colcon-core/packages/ur5_controller)
[0.819s] Level 1:colcon.colcon_core.environment:create_environment_scripts_only(ur5_controller)
[0.819s] Level 1:colcon.colcon_core.environment:checking '/home/abdulrahman/me5250/src/ur5_ws/install/ur5_controller' for CMake module files
[0.820s] Level 1:colcon.colcon_core.environment:checking '/home/abdulrahman/me5250/src/ur5_ws/install/ur5_controller' for CMake config files
[0.820s] Level 1:colcon.colcon_core.shell:create_environment_hook('ur5_controller', 'cmake_prefix_path')
[0.820s] INFO:colcon.colcon_core.shell:Creating environment hook '/home/abdulrahman/me5250/src/ur5_ws/install/ur5_controller/share/ur5_controller/hook/cmake_prefix_path.ps1'
[0.821s] INFO:colcon.colcon_core.shell:Creating environment descriptor '/home/abdulrahman/me5250/src/ur5_ws/install/ur5_controller/share/ur5_controller/hook/cmake_prefix_path.dsv'
[0.821s] INFO:colcon.colcon_core.shell:Creating environment hook '/home/abdulrahman/me5250/src/ur5_ws/install/ur5_controller/share/ur5_controller/hook/cmake_prefix_path.sh'
[0.822s] Level 1:colcon.colcon_core.environment:checking '/home/abdulrahman/me5250/src/ur5_ws/install/ur5_controller/bin'
[0.822s] Level 1:colcon.colcon_core.environment:checking '/home/abdulrahman/me5250/src/ur5_ws/install/ur5_controller/lib/pkgconfig/ur5_controller.pc'
[0.822s] Level 1:colcon.colcon_core.environment:checking '/home/abdulrahman/me5250/src/ur5_ws/install/ur5_controller/lib/python3.12/site-packages'
[0.823s] Level 1:colcon.colcon_core.environment:checking '/home/abdulrahman/me5250/src/ur5_ws/install/ur5_controller/bin'
[0.823s] INFO:colcon.colcon_core.shell:Creating package script '/home/abdulrahman/me5250/src/ur5_ws/install/ur5_controller/share/ur5_controller/package.ps1'
[0.823s] INFO:colcon.colcon_core.shell:Creating package descriptor '/home/abdulrahman/me5250/src/ur5_ws/install/ur5_controller/share/ur5_controller/package.dsv'
[0.824s] INFO:colcon.colcon_core.shell:Creating package script '/home/abdulrahman/me5250/src/ur5_ws/install/ur5_controller/share/ur5_controller/package.sh'
[0.824s] INFO:colcon.colcon_core.shell:Creating package script '/home/abdulrahman/me5250/src/ur5_ws/install/ur5_controller/share/ur5_controller/package.bash'
[0.825s] INFO:colcon.colcon_core.shell:Creating package script '/home/abdulrahman/me5250/src/ur5_ws/install/ur5_controller/share/ur5_controller/package.zsh'
[0.825s] Level 1:colcon.colcon_core.environment:create_file_with_runtime_dependencies(/home/abdulrahman/me5250/src/ur5_ws/install/ur5_controller/share/colcon-core/packages/ur5_controller)
[0.830s] DEBUG:colcon.colcon_core.event_handler.log_command:Invoking command in '/home/abdulrahman/me5250/src/ur5_ws/build/ur5_moveit_config': CMAKE_PREFIX_PATH=/home/abdulrahman/me5250/src/ur5_ws/install/ur5_description:/home/abdulrahman/me5250/src/ur5_ws/install/ur5_moveit_config:/home/abdulrahman/me5250/src/ur5_ws/install/ur5_controller:/home/abdulrahman/me5250/src/ur5_ws/install/hello_moveit:/home/abdulrahman/ur5_ws/install/ur5_moveit_config:/home/abdulrahman/ur5_ws/install/ur5_moveit:/home/abdulrahman/ur5_ws/install/ur5_description:/home/abdulrahman/ur5_ws/install/ur5_controller:/home/abdulrahman/ur5_ws/install/hello_moveit:/home/abdulrahman/me5250_ws/install/ur_robotiq_moveit_config:/home/abdulrahman/me5250_ws/install/ur_robotiq_description:/home/abdulrahman/me5250_ws/install/ur_robotiq_bringup:/home/abdulrahman/me5250_ws/install/ur_interfaces:/home/abdulrahman/me5250_ws/install/ur_gazebo:/home/abdulrahman/me5250_ws/install/ur10e_robotiq_moveit_config:/home/abdulrahman/me5250_ws/install/ur10e_robotiq_cell:/home/abdulrahman/me5250_ws/install/ur_description:/home/abdulrahman/me5250_ws/install/robotiq_hardware_tests:/home/abdulrahman/me5250_ws/install/robotiq_driver:/home/abdulrahman/me5250_ws/install/serial:/home/abdulrahman/me5250_ws/install/robotiq_description:/home/abdulrahman/me5250_ws/install/robotiq_controllers:/home/abdulrahman/me5250_ws/install/robotiq_2f_85_gripper_visualization:/home/abdulrahman/me5250/install/ur_robotiq_moveit_config:/home/abdulrahman/me5250/install/ur_robotiq_description:/home/abdulrahman/me5250/install/ur_interfaces:/home/abdulrahman/me5250/install/ur_gazebo:/home/abdulrahman/me5250/install/ur_description:/home/abdulrahman/me5250/install/robotiq_hardware_tests:/home/abdulrahman/me5250/install/robotiq_driver:/home/abdulrahman/me5250/install/serial:/home/abdulrahman/me5250/install/robotiq_description:/home/abdulrahman/me5250/install/robotiq_controllers:/home/abdulrahman/me5250/install/robotiq_2f_85_gripper_visualization:/opt/ros/jazzy/opt/gz_sim_vendor:/opt/ros/jazzy/opt/gz_sensors_vendor:/opt/ros/jazzy/opt/gz_physics_vendor:/opt/ros/jazzy/opt/sdformat_vendor:/opt/ros/jazzy/opt/gz_gui_vendor:/opt/ros/jazzy/opt/gz_transport_vendor:/opt/ros/jazzy/opt/gz_rendering_vendor:/opt/ros/jazzy/opt/gz_plugin_vendor:/opt/ros/jazzy/opt/gz_fuel_tools_vendor:/opt/ros/jazzy/opt/gz_msgs_vendor:/opt/ros/jazzy/opt/gz_common_vendor:/opt/ros/jazzy/opt/gz_math_vendor:/opt/ros/jazzy/opt/gz_utils_vendor:/opt/ros/jazzy/opt/gz_tools_vendor:/opt/ros/jazzy/opt/gz_ogre_next_vendor:/opt/ros/jazzy/opt/gz_dartsim_vendor:/opt/ros/jazzy/opt/gz_cmake_vendor:/home/abdulrahman/me5250/src/ur5_ws/install/ur5_moveit:/home/abdulrahman/me5250_ws/install/ur_gazebo_demo:/home/abdulrahman/me5250/install/ur_gazebo_demo:/home/abdulrahman/me5250/install/reactive_replanning:/opt/ros/jazzy DEBUGINFOD_URLS=https://debuginfod.ubuntu.com /usr/bin/cmake --build /home/abdulrahman/me5250/src/ur5_ws/build/ur5_moveit_config -- -j16 -l16
[0.878s] DEBUG:colcon.colcon_core.event_handler.log_command:Invoked command in '/home/abdulrahman/me5250/src/ur5_ws/build/ur5_moveit_config' returned '0': CMAKE_PREFIX_PATH=/home/abdulrahman/me5250/src/ur5_ws/install/ur5_description:/home/abdulrahman/me5250/src/ur5_ws/install/ur5_moveit_config:/home/abdulrahman/me5250/src/ur5_ws/install/ur5_controller:/home/abdulrahman/me5250/src/ur5_ws/install/hello_moveit:/home/abdulrahman/ur5_ws/install/ur5_moveit_config:/home/abdulrahman/ur5_ws/install/ur5_moveit:/home/abdulrahman/ur5_ws/install/ur5_description:/home/abdulrahman/ur5_ws/install/ur5_controller:/home/abdulrahman/ur5_ws/install/hello_moveit:/home/abdulrahman/me5250_ws/install/ur_robotiq_moveit_config:/home/abdulrahman/me5250_ws/install/ur_robotiq_description:/home/abdulrahman/me5250_ws/install/ur_robotiq_bringup:/home/abdulrahman/me5250_ws/install/ur_interfaces:/home/abdulrahman/me5250_ws/install/ur_gazebo:/home/abdulrahman/me5250_ws/install/ur10e_robotiq_moveit_config:/home/abdulrahman/me5250_ws/install/ur10e_robotiq_cell:/home/abdulrahman/me5250_ws/install/ur_description:/home/abdulrahman/me5250_ws/install/robotiq_hardware_tests:/home/abdulrahman/me5250_ws/install/robotiq_driver:/home/abdulrahman/me5250_ws/install/serial:/home/abdulrahman/me5250_ws/install/robotiq_description:/home/abdulrahman/me5250_ws/install/robotiq_controllers:/home/abdulrahman/me5250_ws/install/robotiq_2f_85_gripper_visualization:/home/abdulrahman/me5250/install/ur_robotiq_moveit_config:/home/abdulrahman/me5250/install/ur_robotiq_description:/home/abdulrahman/me5250/install/ur_interfaces:/home/abdulrahman/me5250/install/ur_gazebo:/home/abdulrahman/me5250/install/ur_description:/home/abdulrahman/me5250/install/robotiq_hardware_tests:/home/abdulrahman/me5250/install/robotiq_driver:/home/abdulrahman/me5250/install/serial:/home/abdulrahman/me5250/install/robotiq_description:/home/abdulrahman/me5250/install/robotiq_controllers:/home/abdulrahman/me5250/install/robotiq_2f_85_gripper_visualization:/opt/ros/jazzy/opt/gz_sim_vendor:/opt/ros/jazzy/opt/gz_sensors_vendor:/opt/ros/jazzy/opt/gz_physics_vendor:/opt/ros/jazzy/opt/sdformat_vendor:/opt/ros/jazzy/opt/gz_gui_vendor:/opt/ros/jazzy/opt/gz_transport_vendor:/opt/ros/jazzy/opt/gz_rendering_vendor:/opt/ros/jazzy/opt/gz_plugin_vendor:/opt/ros/jazzy/opt/gz_fuel_tools_vendor:/opt/ros/jazzy/opt/gz_msgs_vendor:/opt/ros/jazzy/opt/gz_common_vendor:/opt/ros/jazzy/opt/gz_math_vendor:/opt/ros/jazzy/opt/gz_utils_vendor:/opt/ros/jazzy/opt/gz_tools_vendor:/opt/ros/jazzy/opt/gz_ogre_next_vendor:/opt/ros/jazzy/opt/gz_dartsim_vendor:/opt/ros/jazzy/opt/gz_cmake_vendor:/home/abdulrahman/me5250/src/ur5_ws/install/ur5_moveit:/home/abdulrahman/me5250_ws/install/ur_gazebo_demo:/home/abdulrahman/me5250/install/ur_gazebo_demo:/home/abdulrahman/me5250/install/reactive_replanning:/opt/ros/jazzy DEBUGINFOD_URLS=https://debuginfod.ubuntu.com /usr/bin/cmake --build /home/abdulrahman/me5250/src/ur5_ws/build/ur5_moveit_config -- -j16 -l16
[0.880s] DEBUG:colcon.colcon_core.event_handler.log_command:Invoking command in '/home/abdulrahman/me5250/src/ur5_ws/build/ur5_moveit_config': CMAKE_PREFIX_PATH=/home/abdulrahman/me5250/src/ur5_ws/install/ur5_description:/home/abdulrahman/me5250/src/ur5_ws/install/ur5_moveit_config:/home/abdulrahman/me5250/src/ur5_ws/install/ur5_controller:/home/abdulrahman/me5250/src/ur5_ws/install/hello_moveit:/home/abdulrahman/ur5_ws/install/ur5_moveit_config:/home/abdulrahman/ur5_ws/install/ur5_moveit:/home/abdulrahman/ur5_ws/install/ur5_description:/home/abdulrahman/ur5_ws/install/ur5_controller:/home/abdulrahman/ur5_ws/install/hello_moveit:/home/abdulrahman/me5250_ws/install/ur_robotiq_moveit_config:/home/abdulrahman/me5250_ws/install/ur_robotiq_description:/home/abdulrahman/me5250_ws/install/ur_robotiq_bringup:/home/abdulrahman/me5250_ws/install/ur_interfaces:/home/abdulrahman/me5250_ws/install/ur_gazebo:/home/abdulrahman/me5250_ws/install/ur10e_robotiq_moveit_config:/home/abdulrahman/me5250_ws/install/ur10e_robotiq_cell:/home/abdulrahman/me5250_ws/install/ur_description:/home/abdulrahman/me5250_ws/install/robotiq_hardware_tests:/home/abdulrahman/me5250_ws/install/robotiq_driver:/home/abdulrahman/me5250_ws/install/serial:/home/abdulrahman/me5250_ws/install/robotiq_description:/home/abdulrahman/me5250_ws/install/robotiq_controllers:/home/abdulrahman/me5250_ws/install/robotiq_2f_85_gripper_visualization:/home/abdulrahman/me5250/install/ur_robotiq_moveit_config:/home/abdulrahman/me5250/install/ur_robotiq_description:/home/abdulrahman/me5250/install/ur_interfaces:/home/abdulrahman/me5250/install/ur_gazebo:/home/abdulrahman/me5250/install/ur_description:/home/abdulrahman/me5250/install/robotiq_hardware_tests:/home/abdulrahman/me5250/install/robotiq_driver:/home/abdulrahman/me5250/install/serial:/home/abdulrahman/me5250/install/robotiq_description:/home/abdulrahman/me5250/install/robotiq_controllers:/home/abdulrahman/me5250/install/robotiq_2f_85_gripper_visualization:/opt/ros/jazzy/opt/gz_sim_vendor:/opt/ros/jazzy/opt/gz_sensors_vendor:/opt/ros/jazzy/opt/gz_physics_vendor:/opt/ros/jazzy/opt/sdformat_vendor:/opt/ros/jazzy/opt/gz_gui_vendor:/opt/ros/jazzy/opt/gz_transport_vendor:/opt/ros/jazzy/opt/gz_rendering_vendor:/opt/ros/jazzy/opt/gz_plugin_vendor:/opt/ros/jazzy/opt/gz_fuel_tools_vendor:/opt/ros/jazzy/opt/gz_msgs_vendor:/opt/ros/jazzy/opt/gz_common_vendor:/opt/ros/jazzy/opt/gz_math_vendor:/opt/ros/jazzy/opt/gz_utils_vendor:/opt/ros/jazzy/opt/gz_tools_vendor:/opt/ros/jazzy/opt/gz_ogre_next_vendor:/opt/ros/jazzy/opt/gz_dartsim_vendor:/opt/ros/jazzy/opt/gz_cmake_vendor:/home/abdulrahman/me5250/src/ur5_ws/install/ur5_moveit:/home/abdulrahman/me5250_ws/install/ur_gazebo_demo:/home/abdulrahman/me5250/install/ur_gazebo_demo:/home/abdulrahman/me5250/install/reactive_replanning:/opt/ros/jazzy DEBUGINFOD_URLS=https://debuginfod.ubuntu.com /usr/bin/cmake --install /home/abdulrahman/me5250/src/ur5_ws/build/ur5_moveit_config
[0.894s] Level 1:colcon.colcon_core.environment:create_environment_scripts_only(ur5_moveit_config)
[0.894s] Level 1:colcon.colcon_core.environment:checking '/home/abdulrahman/me5250/src/ur5_ws/install/ur5_moveit_config' for CMake module files
[0.896s] Level 1:colcon.colcon_core.environment:checking '/home/abdulrahman/me5250/src/ur5_ws/install/ur5_moveit_config' for CMake config files
[0.897s] DEBUG:colcon.colcon_core.event_handler.log_command:Invoked command in '/home/abdulrahman/me5250/src/ur5_ws/build/ur5_moveit_config' returned '0': CMAKE_PREFIX_PATH=/home/abdulrahman/me5250/src/ur5_ws/install/ur5_description:/home/abdulrahman/me5250/src/ur5_ws/install/ur5_moveit_config:/home/abdulrahman/me5250/src/ur5_ws/install/ur5_controller:/home/abdulrahman/me5250/src/ur5_ws/install/hello_moveit:/home/abdulrahman/ur5_ws/install/ur5_moveit_config:/home/abdulrahman/ur5_ws/install/ur5_moveit:/home/abdulrahman/ur5_ws/install/ur5_description:/home/abdulrahman/ur5_ws/install/ur5_controller:/home/abdulrahman/ur5_ws/install/hello_moveit:/home/abdulrahman/me5250_ws/install/ur_robotiq_moveit_config:/home/abdulrahman/me5250_ws/install/ur_robotiq_description:/home/abdulrahman/me5250_ws/install/ur_robotiq_bringup:/home/abdulrahman/me5250_ws/install/ur_interfaces:/home/abdulrahman/me5250_ws/install/ur_gazebo:/home/abdulrahman/me5250_ws/install/ur10e_robotiq_moveit_config:/home/abdulrahman/me5250_ws/install/ur10e_robotiq_cell:/home/abdulrahman/me5250_ws/install/ur_description:/home/abdulrahman/me5250_ws/install/robotiq_hardware_tests:/home/abdulrahman/me5250_ws/install/robotiq_driver:/home/abdulrahman/me5250_ws/install/serial:/home/abdulrahman/me5250_ws/install/robotiq_description:/home/abdulrahman/me5250_ws/install/robotiq_controllers:/home/abdulrahman/me5250_ws/install/robotiq_2f_85_gripper_visualization:/home/abdulrahman/me5250/install/ur_robotiq_moveit_config:/home/abdulrahman/me5250/install/ur_robotiq_description:/home/abdulrahman/me5250/install/ur_interfaces:/home/abdulrahman/me5250/install/ur_gazebo:/home/abdulrahman/me5250/install/ur_description:/home/abdulrahman/me5250/install/robotiq_hardware_tests:/home/abdulrahman/me5250/install/robotiq_driver:/home/abdulrahman/me5250/install/serial:/home/abdulrahman/me5250/install/robotiq_description:/home/abdulrahman/me5250/install/robotiq_controllers:/home/abdulrahman/me5250/install/robotiq_2f_85_gripper_visualization:/opt/ros/jazzy/opt/gz_sim_vendor:/opt/ros/jazzy/opt/gz_sensors_vendor:/opt/ros/jazzy/opt/gz_physics_vendor:/opt/ros/jazzy/opt/sdformat_vendor:/opt/ros/jazzy/opt/gz_gui_vendor:/opt/ros/jazzy/opt/gz_transport_vendor:/opt/ros/jazzy/opt/gz_rendering_vendor:/opt/ros/jazzy/opt/gz_plugin_vendor:/opt/ros/jazzy/opt/gz_fuel_tools_vendor:/opt/ros/jazzy/opt/gz_msgs_vendor:/opt/ros/jazzy/opt/gz_common_vendor:/opt/ros/jazzy/opt/gz_math_vendor:/opt/ros/jazzy/opt/gz_utils_vendor:/opt/ros/jazzy/opt/gz_tools_vendor:/opt/ros/jazzy/opt/gz_ogre_next_vendor:/opt/ros/jazzy/opt/gz_dartsim_vendor:/opt/ros/jazzy/opt/gz_cmake_vendor:/home/abdulrahman/me5250/src/ur5_ws/install/ur5_moveit:/home/abdulrahman/me5250_ws/install/ur_gazebo_demo:/home/abdulrahman/me5250/install/ur_gazebo_demo:/home/abdulrahman/me5250/install/reactive_replanning:/opt/ros/jazzy DEBUGINFOD_URLS=https://debuginfod.ubuntu.com /usr/bin/cmake --install /home/abdulrahman/me5250/src/ur5_ws/build/ur5_moveit_config
[0.898s] Level 1:colcon.colcon_core.shell:create_environment_hook('ur5_moveit_config', 'cmake_prefix_path')
[0.898s] INFO:colcon.colcon_core.shell:Creating environment hook '/home/abdulrahman/me5250/src/ur5_ws/install/ur5_moveit_config/share/ur5_moveit_config/hook/cmake_prefix_path.ps1'
[0.899s] INFO:colcon.colcon_core.shell:Creating environment descriptor '/home/abdulrahman/me5250/src/ur5_ws/install/ur5_moveit_config/share/ur5_moveit_config/hook/cmake_prefix_path.dsv'
[0.899s] INFO:colcon.colcon_core.shell:Creating environment hook '/home/abdulrahman/me5250/src/ur5_ws/install/ur5_moveit_config/share/ur5_moveit_config/hook/cmake_prefix_path.sh'
[0.900s] Level 1:colcon.colcon_core.environment:checking '/home/abdulrahman/me5250/src/ur5_ws/install/ur5_moveit_config/bin'
[0.900s] Level 1:colcon.colcon_core.environment:checking '/home/abdulrahman/me5250/src/ur5_ws/install/ur5_moveit_config/lib/pkgconfig/ur5_moveit_config.pc'
[0.900s] Level 1:colcon.colcon_core.environment:checking '/home/abdulrahman/me5250/src/ur5_ws/install/ur5_moveit_config/lib/python3.12/site-packages'
[0.900s] Level 1:colcon.colcon_core.environment:checking '/home/abdulrahman/me5250/src/ur5_ws/install/ur5_moveit_config/bin'
[0.901s] INFO:colcon.colcon_core.shell:Creating package script '/home/abdulrahman/me5250/src/ur5_ws/install/ur5_moveit_config/share/ur5_moveit_config/package.ps1'
[0.901s] INFO:colcon.colcon_core.shell:Creating package descriptor '/home/abdulrahman/me5250/src/ur5_ws/install/ur5_moveit_config/share/ur5_moveit_config/package.dsv'
[0.902s] INFO:colcon.colcon_core.shell:Creating package script '/home/abdulrahman/me5250/src/ur5_ws/install/ur5_moveit_config/share/ur5_moveit_config/package.sh'
[0.902s] INFO:colcon.colcon_core.shell:Creating package script '/home/abdulrahman/me5250/src/ur5_ws/install/ur5_moveit_config/share/ur5_moveit_config/package.bash'
[0.902s] INFO:colcon.colcon_core.shell:Creating package script '/home/abdulrahman/me5250/src/ur5_ws/install/ur5_moveit_config/share/ur5_moveit_config/package.zsh'
[0.903s] Level 1:colcon.colcon_core.environment:create_file_with_runtime_dependencies(/home/abdulrahman/me5250/src/ur5_ws/install/ur5_moveit_config/share/colcon-core/packages/ur5_moveit_config)
[0.903s] Level 1:colcon.colcon_core.environment:create_environment_scripts_only(ur5_moveit_config)
[0.903s] Level 1:colcon.colcon_core.environment:checking '/home/abdulrahman/me5250/src/ur5_ws/install/ur5_moveit_config' for CMake module files
[0.904s] Level 1:colcon.colcon_core.environment:checking '/home/abdulrahman/me5250/src/ur5_ws/install/ur5_moveit_config' for CMake config files
[0.904s] Level 1:colcon.colcon_core.shell:create_environment_hook('ur5_moveit_config', 'cmake_prefix_path')
[0.904s] INFO:colcon.colcon_core.shell:Creating environment hook '/home/abdulrahman/me5250/src/ur5_ws/install/ur5_moveit_config/share/ur5_moveit_config/hook/cmake_prefix_path.ps1'
[0.905s] INFO:colcon.colcon_core.shell:Creating environment descriptor '/home/abdulrahman/me5250/src/ur5_ws/install/ur5_moveit_config/share/ur5_moveit_config/hook/cmake_prefix_path.dsv'
[0.905s] INFO:colcon.colcon_core.shell:Creating environment hook '/home/abdulrahman/me5250/src/ur5_ws/install/ur5_moveit_config/share/ur5_moveit_config/hook/cmake_prefix_path.sh'
[0.906s] Level 1:colcon.colcon_core.environment:checking '/home/abdulrahman/me5250/src/ur5_ws/install/ur5_moveit_config/bin'
[0.906s] Level 1:colcon.colcon_core.environment:checking '/home/abdulrahman/me5250/src/ur5_ws/install/ur5_moveit_config/lib/pkgconfig/ur5_moveit_config.pc'
[0.906s] Level 1:colcon.colcon_core.environment:checking '/home/abdulrahman/me5250/src/ur5_ws/install/ur5_moveit_config/lib/python3.12/site-packages'
[0.907s] Level 1:colcon.colcon_core.environment:checking '/home/abdulrahman/me5250/src/ur5_ws/install/ur5_moveit_config/bin'
[0.907s] INFO:colcon.colcon_core.shell:Creating package script '/home/abdulrahman/me5250/src/ur5_ws/install/ur5_moveit_config/share/ur5_moveit_config/package.ps1'
[0.908s] INFO:colcon.colcon_core.shell:Creating package descriptor '/home/abdulrahman/me5250/src/ur5_ws/install/ur5_moveit_config/share/ur5_moveit_config/package.dsv'
[0.908s] INFO:colcon.colcon_core.shell:Creating package script '/home/abdulrahman/me5250/src/ur5_ws/install/ur5_moveit_config/share/ur5_moveit_config/package.sh'
[0.909s] INFO:colcon.colcon_core.shell:Creating package script '/home/abdulrahman/me5250/src/ur5_ws/install/ur5_moveit_config/share/ur5_moveit_config/package.bash'
[0.909s] INFO:colcon.colcon_core.shell:Creating package script '/home/abdulrahman/me5250/src/ur5_ws/install/ur5_moveit_config/share/ur5_moveit_config/package.zsh'
[0.910s] Level 1:colcon.colcon_core.environment:create_file_with_runtime_dependencies(/home/abdulrahman/me5250/src/ur5_ws/install/ur5_moveit_config/share/colcon-core/packages/ur5_moveit_config)
[1.678s] DEBUG:colcon.colcon_core.event_handler.log_command:Invoking command in '/home/abdulrahman/me5250/src/ur5_ws/src/ur5_moveit': DEBUGINFOD_URLS=https://debuginfod.ubuntu.com PYTHONPATH=/home/abdulrahman/me5250/src/ur5_ws/build/ur5_moveit/prefix_override:/usr/lib/python3/dist-packages/colcon_core/task/python/colcon_distutils_commands:/home/abdulrahman/me5250/src/ur5_ws/install/ur5_moveit/lib/python3.12/site-packages:${PYTHONPATH} /usr/bin/python3 -W ignore:setup.py install is deprecated -W ignore:easy_install command is deprecated setup.py egg_info --egg-base ../../build/ur5_moveit build --build-base /home/abdulrahman/me5250/src/ur5_ws/build/ur5_moveit/build install --record /home/abdulrahman/me5250/src/ur5_ws/build/ur5_moveit/install.log --single-version-externally-managed install_data
[2.530s] Level 1:colcon.colcon_core.environment:checking '/home/abdulrahman/me5250/src/ur5_ws/install/ur5_moveit' for CMake module files
[2.532s] DEBUG:colcon.colcon_core.event_handler.log_command:Invoked command in '/home/abdulrahman/me5250/src/ur5_ws/src/ur5_moveit' returned '0': DEBUGINFOD_URLS=https://debuginfod.ubuntu.com PYTHONPATH=/home/abdulrahman/me5250/src/ur5_ws/build/ur5_moveit/prefix_override:/usr/lib/python3/dist-packages/colcon_core/task/python/colcon_distutils_commands:/home/abdulrahman/me5250/src/ur5_ws/install/ur5_moveit/lib/python3.12/site-packages:${PYTHONPATH} /usr/bin/python3 -W ignore:setup.py install is deprecated -W ignore:easy_install command is deprecated setup.py egg_info --egg-base ../../build/ur5_moveit build --build-base /home/abdulrahman/me5250/src/ur5_ws/build/ur5_moveit/build install --record /home/abdulrahman/me5250/src/ur5_ws/build/ur5_moveit/install.log --single-version-externally-managed install_data
[2.532s] Level 1:colcon.colcon_core.environment:checking '/home/abdulrahman/me5250/src/ur5_ws/install/ur5_moveit' for CMake config files
[2.533s] Level 1:colcon.colcon_core.environment:checking '/home/abdulrahman/me5250/src/ur5_ws/install/ur5_moveit/lib'
[2.533s] Level 1:colcon.colcon_core.environment:checking '/home/abdulrahman/me5250/src/ur5_ws/install/ur5_moveit/bin'
[2.534s] Level 1:colcon.colcon_core.environment:checking '/home/abdulrahman/me5250/src/ur5_ws/install/ur5_moveit/lib/pkgconfig/ur5_moveit.pc'
[2.534s] Level 1:colcon.colcon_core.environment:checking '/home/abdulrahman/me5250/src/ur5_ws/install/ur5_moveit/lib/python3.12/site-packages'
[2.534s] Level 1:colcon.colcon_core.shell:create_environment_hook('ur5_moveit', 'pythonpath')
[2.535s] INFO:colcon.colcon_core.shell:Creating environment hook '/home/abdulrahman/me5250/src/ur5_ws/install/ur5_moveit/share/ur5_moveit/hook/pythonpath.ps1'
[2.535s] INFO:colcon.colcon_core.shell:Creating environment descriptor '/home/abdulrahman/me5250/src/ur5_ws/install/ur5_moveit/share/ur5_moveit/hook/pythonpath.dsv'
[2.536s] INFO:colcon.colcon_core.shell:Creating environment hook '/home/abdulrahman/me5250/src/ur5_ws/install/ur5_moveit/share/ur5_moveit/hook/pythonpath.sh'
[2.537s] Level 1:colcon.colcon_core.environment:checking '/home/abdulrahman/me5250/src/ur5_ws/install/ur5_moveit/bin'
[2.538s] Level 1:colcon.colcon_core.environment:create_environment_scripts_only(ur5_moveit)
[2.538s] INFO:colcon.colcon_core.shell:Creating package script '/home/abdulrahman/me5250/src/ur5_ws/install/ur5_moveit/share/ur5_moveit/package.ps1'
[2.539s] INFO:colcon.colcon_core.shell:Creating package descriptor '/home/abdulrahman/me5250/src/ur5_ws/install/ur5_moveit/share/ur5_moveit/package.dsv'
[2.540s] INFO:colcon.colcon_core.shell:Creating package script '/home/abdulrahman/me5250/src/ur5_ws/install/ur5_moveit/share/ur5_moveit/package.sh'
[2.540s] INFO:colcon.colcon_core.shell:Creating package script '/home/abdulrahman/me5250/src/ur5_ws/install/ur5_moveit/share/ur5_moveit/package.bash'
[2.541s] INFO:colcon.colcon_core.shell:Creating package script '/home/abdulrahman/me5250/src/ur5_ws/install/ur5_moveit/share/ur5_moveit/package.zsh'
[2.542s] Level 1:colcon.colcon_core.environment:create_file_with_runtime_dependencies(/home/abdulrahman/me5250/src/ur5_ws/install/ur5_moveit/share/colcon-core/packages/ur5_moveit)
[2.542s] DEBUG:colcon.colcon_parallel_executor.executor.parallel:closing loop
[2.543s] DEBUG:colcon.colcon_parallel_executor.executor.parallel:loop closed
[2.543s] DEBUG:colcon.colcon_parallel_executor.executor.parallel:run_until_complete finished with '0'
[2.543s] DEBUG:colcon.colcon_core.event_reactor:joining thread
[2.556s] INFO:colcon.colcon_core.plugin_system:Skipping extension 'colcon_notification.desktop_notification.terminal_notifier': Not used on non-Darwin systems
[2.556s] INFO:colcon.colcon_core.plugin_system:Skipping extension 'colcon_notification.desktop_notification.win32': Not used on non-Windows systems
[2.556s] INFO:colcon.colcon_notification.desktop_notification:Sending desktop notification using 'notify2'
[2.583s] DEBUG:colcon.colcon_core.event_reactor:joined thread
[2.584s] INFO:colcon.colcon_core.shell:Creating prefix script '/home/abdulrahman/me5250/src/ur5_ws/install/local_setup.ps1'
[2.585s] INFO:colcon.colcon_core.shell:Creating prefix util module '/home/abdulrahman/me5250/src/ur5_ws/install/_local_setup_util_ps1.py'
[2.587s] INFO:colcon.colcon_core.shell:Creating prefix chain script '/home/abdulrahman/me5250/src/ur5_ws/install/setup.ps1'
[2.591s] INFO:colcon.colcon_core.shell:Creating prefix script '/home/abdulrahman/me5250/src/ur5_ws/install/local_setup.sh'
[2.592s] INFO:colcon.colcon_core.shell:Creating prefix util module '/home/abdulrahman/me5250/src/ur5_ws/install/_local_setup_util_sh.py'
[2.593s] INFO:colcon.colcon_core.shell:Creating prefix chain script '/home/abdulrahman/me5250/src/ur5_ws/install/setup.sh'
[2.598s] INFO:colcon.colcon_core.shell:Creating prefix script '/home/abdulrahman/me5250/src/ur5_ws/install/local_setup.bash'
[2.599s] INFO:colcon.colcon_core.shell:Creating prefix chain script '/home/abdulrahman/me5250/src/ur5_ws/install/setup.bash'
[2.603s] INFO:colcon.colcon_core.shell:Creating prefix script '/home/abdulrahman/me5250/src/ur5_ws/install/local_setup.zsh'
[2.604s] INFO:colcon.colcon_core.shell:Creating prefix chain script '/home/abdulrahman/me5250/src/ur5_ws/install/setup.zsh'
