running develop
/usr/lib/python3/dist-packages/setuptools/command/easy_install.py:363: UserWarning: Unbuilt egg for pytest-repeat [unknown version] (/usr/lib/python3/dist-packages)
  self.local_index = Environment(self.shadow_path + sys.path)
Removing /home/abdulrahman/me5250/src/ur5_ws/install/ur5_moveit/lib/python3.12/site-packages/ur5-moveit.egg-link (link to .)
running egg_info
writing ../../build/ur5_moveit/ur5_moveit.egg-info/PKG-INFO
writing dependency_links to ../../build/ur5_moveit/ur5_moveit.egg-info/dependency_links.txt
writing entry points to ../../build/ur5_moveit/ur5_moveit.egg-info/entry_points.txt
writing requirements to ../../build/ur5_moveit/ur5_moveit.egg-info/requires.txt
writing top-level names to ../../build/ur5_moveit/ur5_moveit.egg-info/top_level.txt
reading manifest file '../../build/ur5_moveit/ur5_moveit.egg-info/SOURCES.txt'
writing manifest file '../../build/ur5_moveit/ur5_moveit.egg-info/SOURCES.txt'
running build
running build_py
copying ur5_moveit/reactive_replanning.py -> /home/abdulrahman/me5250/src/ur5_ws/build/ur5_moveit/build/lib/ur5_moveit
running install
running install_lib
creating /home/abdulrahman/me5250/src/ur5_ws/install/ur5_moveit/lib/python3.12/site-packages/ur5_moveit
copying /home/abdulrahman/me5250/src/ur5_ws/build/ur5_moveit/build/lib/ur5_moveit/insert_obstacle.py -> /home/abdulrahman/me5250/src/ur5_ws/install/ur5_moveit/lib/python3.12/site-packages/ur5_moveit
copying /home/abdulrahman/me5250/src/ur5_ws/build/ur5_moveit/build/lib/ur5_moveit/reactive_replanning.py -> /home/abdulrahman/me5250/src/ur5_ws/install/ur5_moveit/lib/python3.12/site-packages/ur5_moveit
copying /home/abdulrahman/me5250/src/ur5_ws/build/ur5_moveit/build/lib/ur5_moveit/__init__.py -> /home/abdulrahman/me5250/src/ur5_ws/install/ur5_moveit/lib/python3.12/site-packages/ur5_moveit
byte-compiling /home/abdulrahman/me5250/src/ur5_ws/install/ur5_moveit/lib/python3.12/site-packages/ur5_moveit/insert_obstacle.py to insert_obstacle.cpython-312.pyc
byte-compiling /home/abdulrahman/me5250/src/ur5_ws/install/ur5_moveit/lib/python3.12/site-packages/ur5_moveit/reactive_replanning.py to reactive_replanning.cpython-312.pyc
byte-compiling /home/abdulrahman/me5250/src/ur5_ws/install/ur5_moveit/lib/python3.12/site-packages/ur5_moveit/__init__.py to __init__.cpython-312.pyc
running install_data
copying resource/ur5_moveit -> /home/abdulrahman/me5250/src/ur5_ws/install/ur5_moveit/share/ament_index/resource_index/packages
copying package.xml -> /home/abdulrahman/me5250/src/ur5_ws/install/ur5_moveit/share/ur5_moveit
copying launch/simulated_robot.launch.py -> /home/abdulrahman/me5250/src/ur5_ws/install/ur5_moveit/share/ur5_moveit/launch
copying launch/moveit.launch.py -> /home/abdulrahman/me5250/src/ur5_ws/install/ur5_moveit/share/ur5_moveit/launch
copying config/moveit.rviz -> /home/abdulrahman/me5250/src/ur5_ws/install/ur5_moveit/share/ur5_moveit/config
copying config/pilz_cartesian_limits.yaml -> /home/abdulrahman/me5250/src/ur5_ws/install/ur5_moveit/share/ur5_moveit/config
copying config/initial_positions.yaml -> /home/abdulrahman/me5250/src/ur5_ws/install/ur5_moveit/share/ur5_moveit/config
copying config/joint_limits.yaml -> /home/abdulrahman/me5250/src/ur5_ws/install/ur5_moveit/share/ur5_moveit/config
copying config/moveit_controllers.yaml -> /home/abdulrahman/me5250/src/ur5_ws/install/ur5_moveit/share/ur5_moveit/config
copying config/kinematics.yaml -> /home/abdulrahman/me5250/src/ur5_ws/install/ur5_moveit/share/ur5_moveit/config
copying config/ur5_robot.srdf -> /home/abdulrahman/me5250/src/ur5_ws/install/ur5_moveit/share/ur5_moveit/config
copying config/ros2_controllers.yaml -> /home/abdulrahman/me5250/src/ur5_ws/install/ur5_moveit/share/ur5_moveit/config
copying config/controller_setting.yaml -> /home/abdulrahman/me5250/src/ur5_ws/install/ur5_moveit/share/ur5_moveit/config
running install_egg_info
Copying ../../build/ur5_moveit/ur5_moveit.egg-info to /home/abdulrahman/me5250/src/ur5_ws/install/ur5_moveit/lib/python3.12/site-packages/ur5_moveit-0.0.0-py3.12.egg-info
running install_scripts
Installing insert_obstacle script to /home/abdulrahman/me5250/src/ur5_ws/install/ur5_moveit/lib/ur5_moveit
Installing reactive_replanning script to /home/abdulrahman/me5250/src/ur5_ws/install/ur5_moveit/lib/ur5_moveit
writing list of installed files to '/home/abdulrahman/me5250/src/ur5_ws/build/ur5_moveit/install.log'
