[0.031s] Invoking command in '/home/abdulrahman/me5250/src/ur5_ws/build/hello_moveit': CMAKE_PREFIX_PATH=${CMAKE_PREFIX_PATH}:/home/abdulrahman/me5250_ws/install/ur_gazebo_demo:/home/abdulrahman/me5250/install/ur_gazebo_demo:/home/abdulrahman/me5250/install/reactive_replanning:/opt/ros/jazzy DEBUGINFOD_URLS=https://debuginfod.ubuntu.com /usr/bin/cmake /home/abdulrahman/me5250/src/ur5_ws/src/hello_moveit -DCMAKE_INSTALL_PREFIX=/home/abdulrahman/me5250/src/ur5_ws/install/hello_moveit
[0.117s] -- The C compiler identification is GNU 11.5.0
[0.216s] -- The CXX compiler identification is GNU 11.5.0
[0.247s] -- Detecting C compiler ABI info
[0.434s] -- Detecting C compiler ABI info - done
[0.462s] -- Check for working C compiler: /usr/bin/cc - skipped
[0.463s] -- Detecting C compile features
[0.465s] -- Detecting C compile features - done
[0.485s] -- Detecting CXX compiler ABI info
[0.677s] -- Detecting CXX compiler ABI info - done
[0.698s] -- Check for working CXX compiler: /usr/bin/c++ - skipped
[0.698s] -- Detecting CXX compile features
[0.699s] -- Detecting CXX compile features - done
[0.714s] -- Found ament_cmake: 2.5.4 (/opt/ros/jazzy/share/ament_cmake/cmake)
[1.151s] -- Found Python3: /usr/bin/python3 (found version "3.12.3") found components: Interpreter 
[1.542s] -- Found moveit_ros_planning_interface: 2.12.3 (/opt/ros/jazzy/share/moveit_ros_planning_interface/cmake)
[1.836s] -- Found Boost: /usr/lib/x86_64-linux-gnu/cmake/Boost-1.83.0/BoostConfig.cmake (found version "1.83.0") found components: date_time filesystem program_options system thread 
[2.000s] -- Found rosidl_generator_c: 4.6.6 (/opt/ros/jazzy/share/rosidl_generator_c/cmake)
[2.044s] -- Found rosidl_generator_cpp: 4.6.6 (/opt/ros/jazzy/share/rosidl_generator_cpp/cmake)
[2.093s] -- Using all available rosidl_typesupport_c: rosidl_typesupport_fastrtps_c;rosidl_typesupport_introspection_c
[2.146s] -- Using all available rosidl_typesupport_cpp: rosidl_typesupport_fastrtps_cpp;rosidl_typesupport_introspection_cpp
[2.859s] -- Found Boost: /usr/lib/x86_64-linux-gnu/cmake/Boost-1.83.0/BoostConfig.cmake (found version "1.83.0") found components: chrono date_time filesystem iostreams program_options regex serialization system thread 
[3.087s] -- Found parameter_traits: 0.5.0 (/opt/ros/jazzy/share/parameter_traits/cmake)
[3.253s] -- Found rmw_implementation_cmake: 7.3.2 (/opt/ros/jazzy/share/rmw_implementation_cmake/cmake)
[3.266s] -- Found rmw_fastrtps_cpp: 8.4.3 (/opt/ros/jazzy/share/rmw_fastrtps_cpp/cmake)
[3.452s] -- Found OpenSSL: /usr/lib/x86_64-linux-gnu/libcrypto.so (found version "3.0.13")  
[3.504s] -- Found FastRTPS: /opt/ros/jazzy/include (Required is at least version "2.13") 
[3.556s] -- Using RMW implementation 'rmw_fastrtps_cpp' as default
[3.718s] -- Found rclcpp_lifecycle: 28.1.13 (/opt/ros/jazzy/share/rclcpp_lifecycle/cmake)
[3.785s] -- Found Boost: /usr/lib/x86_64-linux-gnu/cmake/Boost-1.83.0/BoostConfig.cmake (found version "1.83.0") found components: filesystem 
[3.914s] -- Found Eigen3: TRUE (found version "3.4.0") 
[3.915s] -- Ensuring Eigen3 include directory is part of orocos-kdl CMake target
[4.242s] -- Found Boost: /usr/lib/x86_64-linux-gnu/cmake/Boost-1.83.0/BoostConfig.cmake (found version "1.83.0") found components: system filesystem date_time program_options thread chrono 
[4.324s] -- Found Boost: /usr/lib/x86_64-linux-gnu/cmake/Boost-1.83.0/BoostConfig.cmake (found version "1.83.0") found components: thread system filesystem regex date_time program_options 
[4.373s] -- Found Boost: /usr/lib/x86_64-linux-gnu/cmake/Boost-1.83.0/BoostConfig.cmake (found version "1.83.0") found components: system filesystem date_time program_options thread 
[4.447s] -- Found ament_lint_auto: 0.17.3 (/opt/ros/jazzy/share/ament_lint_auto/cmake)
[4.632s] -- Added test 'cppcheck' to perform static code analysis on C / C++ code
[4.632s] -- Configured cppcheck include dirs: $<BUILD_INTERFACE:/home/abdulrahman/me5250/src/ur5_ws/src/hello_moveit/include>
[4.632s] -- Configured cppcheck exclude dirs and/or files: 
[4.634s] -- Added test 'lint_cmake' to check CMake code style
[4.635s] -- Added test 'uncrustify' to check C / C++ code style
[4.635s] -- Configured uncrustify additional arguments: 
[4.637s] -- Added test 'xmllint' to check XML markup files
[4.640s] -- Configuring done (4.6s)
[4.673s] -- Generating done (0.0s)
[4.682s] -- Build files have been written to: /home/abdulrahman/me5250/src/ur5_ws/build/hello_moveit
[4.700s] Invoked command in '/home/abdulrahman/me5250/src/ur5_ws/build/hello_moveit' returned '0': CMAKE_PREFIX_PATH=${CMAKE_PREFIX_PATH}:/home/abdulrahman/me5250_ws/install/ur_gazebo_demo:/home/abdulrahman/me5250/install/ur_gazebo_demo:/home/abdulrahman/me5250/install/reactive_replanning:/opt/ros/jazzy DEBUGINFOD_URLS=https://debuginfod.ubuntu.com /usr/bin/cmake /home/abdulrahman/me5250/src/ur5_ws/src/hello_moveit -DCMAKE_INSTALL_PREFIX=/home/abdulrahman/me5250/src/ur5_ws/install/hello_moveit
[4.702s] Invoking command in '/home/abdulrahman/me5250/src/ur5_ws/build/hello_moveit': CMAKE_PREFIX_PATH=${CMAKE_PREFIX_PATH}:/home/abdulrahman/me5250_ws/install/ur_gazebo_demo:/home/abdulrahman/me5250/install/ur_gazebo_demo:/home/abdulrahman/me5250/install/reactive_replanning:/opt/ros/jazzy DEBUGINFOD_URLS=https://debuginfod.ubuntu.com /usr/bin/cmake --build /home/abdulrahman/me5250/src/ur5_ws/build/hello_moveit -- -j16 -l16
[4.770s] [ 50%] [32mBuilding CXX object CMakeFiles/hello_moveit.dir/src/hello_moveit.cpp.o[0m
[16.435s] [100%] [32m[1mLinking CXX executable hello_moveit[0m
[16.931s] [100%] Built target hello_moveit
[16.949s] Invoked command in '/home/abdulrahman/me5250/src/ur5_ws/build/hello_moveit' returned '0': CMAKE_PREFIX_PATH=${CMAKE_PREFIX_PATH}:/home/abdulrahman/me5250_ws/install/ur_gazebo_demo:/home/abdulrahman/me5250/install/ur_gazebo_demo:/home/abdulrahman/me5250/install/reactive_replanning:/opt/ros/jazzy DEBUGINFOD_URLS=https://debuginfod.ubuntu.com /usr/bin/cmake --build /home/abdulrahman/me5250/src/ur5_ws/build/hello_moveit -- -j16 -l16
[16.950s] Invoking command in '/home/abdulrahman/me5250/src/ur5_ws/build/hello_moveit': CMAKE_PREFIX_PATH=${CMAKE_PREFIX_PATH}:/home/abdulrahman/me5250_ws/install/ur_gazebo_demo:/home/abdulrahman/me5250/install/ur_gazebo_demo:/home/abdulrahman/me5250/install/reactive_replanning:/opt/ros/jazzy DEBUGINFOD_URLS=https://debuginfod.ubuntu.com /usr/bin/cmake --install /home/abdulrahman/me5250/src/ur5_ws/build/hello_moveit
[16.965s] -- Install configuration: ""
[16.965s] -- Installing: /home/abdulrahman/me5250/src/ur5_ws/install/hello_moveit/lib/hello_moveit/hello_moveit
[16.966s] -- Set non-toolchain portion of runtime path of "/home/abdulrahman/me5250/src/ur5_ws/install/hello_moveit/lib/hello_moveit/hello_moveit" to ""
[16.966s] -- Installing: /home/abdulrahman/me5250/src/ur5_ws/install/hello_moveit/share/ament_index/resource_index/package_run_dependencies/hello_moveit
[16.966s] -- Installing: /home/abdulrahman/me5250/src/ur5_ws/install/hello_moveit/share/ament_index/resource_index/parent_prefix_path/hello_moveit
[16.967s] -- Installing: /home/abdulrahman/me5250/src/ur5_ws/install/hello_moveit/share/hello_moveit/environment/ament_prefix_path.sh
[16.967s] -- Installing: /home/abdulrahman/me5250/src/ur5_ws/install/hello_moveit/share/hello_moveit/environment/ament_prefix_path.dsv
[16.967s] -- Installing: /home/abdulrahman/me5250/src/ur5_ws/install/hello_moveit/share/hello_moveit/environment/path.sh
[16.967s] -- Installing: /home/abdulrahman/me5250/src/ur5_ws/install/hello_moveit/share/hello_moveit/environment/path.dsv
[16.967s] -- Installing: /home/abdulrahman/me5250/src/ur5_ws/install/hello_moveit/share/hello_moveit/local_setup.bash
[16.967s] -- Installing: /home/abdulrahman/me5250/src/ur5_ws/install/hello_moveit/share/hello_moveit/local_setup.sh
[16.968s] -- Installing: /home/abdulrahman/me5250/src/ur5_ws/install/hello_moveit/share/hello_moveit/local_setup.zsh
[16.968s] -- Installing: /home/abdulrahman/me5250/src/ur5_ws/install/hello_moveit/share/hello_moveit/local_setup.dsv
[16.968s] -- Installing: /home/abdulrahman/me5250/src/ur5_ws/install/hello_moveit/share/hello_moveit/package.dsv
[16.968s] -- Installing: /home/abdulrahman/me5250/src/ur5_ws/install/hello_moveit/share/ament_index/resource_index/packages/hello_moveit
[16.968s] -- Installing: /home/abdulrahman/me5250/src/ur5_ws/install/hello_moveit/share/hello_moveit/cmake/hello_moveitConfig.cmake
[16.969s] -- Installing: /home/abdulrahman/me5250/src/ur5_ws/install/hello_moveit/share/hello_moveit/cmake/hello_moveitConfig-version.cmake
[16.969s] -- Installing: /home/abdulrahman/me5250/src/ur5_ws/install/hello_moveit/share/hello_moveit/package.xml
[16.972s] Invoked command in '/home/abdulrahman/me5250/src/ur5_ws/build/hello_moveit' returned '0': CMAKE_PREFIX_PATH=${CMAKE_PREFIX_PATH}:/home/abdulrahman/me5250_ws/install/ur_gazebo_demo:/home/abdulrahman/me5250/install/ur_gazebo_demo:/home/abdulrahman/me5250/install/reactive_replanning:/opt/ros/jazzy DEBUGINFOD_URLS=https://debuginfod.ubuntu.com /usr/bin/cmake --install /home/abdulrahman/me5250/src/ur5_ws/build/hello_moveit
