/home/abdulrahman/me5250/src/ur5_ws/install/ur5_moveit/lib/python3.12/site-packages/ur5_moveit/insert_obstacle.py
/home/abdulrahman/me5250/src/ur5_ws/install/ur5_moveit/lib/python3.12/site-packages/ur5_moveit/reactive_replanning.py
/home/abdulrahman/me5250/src/ur5_ws/install/ur5_moveit/lib/python3.12/site-packages/ur5_moveit/__init__.py
/home/abdulrahman/me5250/src/ur5_ws/install/ur5_moveit/lib/python3.12/site-packages/ur5_moveit/pick_and_place.py
/home/abdulrahman/me5250/src/ur5_ws/install/ur5_moveit/lib/python3.12/site-packages/ur5_moveit/pointcloud_to_planning_scene.py
/home/abdulrahman/me5250/src/ur5_ws/install/ur5_moveit/lib/python3.12/site-packages/ur5_moveit/add_scene_objects.py
/home/abdulrahman/me5250/src/ur5_ws/install/ur5_moveit/lib/python3.12/site-packages/ur5_moveit/__pycache__/insert_obstacle.cpython-312.pyc
/home/abdulrahman/me5250/src/ur5_ws/install/ur5_moveit/lib/python3.12/site-packages/ur5_moveit/__pycache__/reactive_replanning.cpython-312.pyc
/home/abdulrahman/me5250/src/ur5_ws/install/ur5_moveit/lib/python3.12/site-packages/ur5_moveit/__pycache__/__init__.cpython-312.pyc
/home/abdulrahman/me5250/src/ur5_ws/install/ur5_moveit/lib/python3.12/site-packages/ur5_moveit/__pycache__/pick_and_place.cpython-312.pyc
/home/abdulrahman/me5250/src/ur5_ws/install/ur5_moveit/lib/python3.12/site-packages/ur5_moveit/__pycache__/pointcloud_to_planning_scene.cpython-312.pyc
/home/abdulrahman/me5250/src/ur5_ws/install/ur5_moveit/lib/python3.12/site-packages/ur5_moveit/__pycache__/add_scene_objects.cpython-312.pyc
/home/abdulrahman/me5250/src/ur5_ws/install/ur5_moveit/share/ament_index/resource_index/packages/ur5_moveit
/home/abdulrahman/me5250/src/ur5_ws/install/ur5_moveit/share/ur5_moveit/package.xml
/home/abdulrahman/me5250/src/ur5_ws/install/ur5_moveit/share/ur5_moveit/launch/simulated_robot.launch.py
/home/abdulrahman/me5250/src/ur5_ws/install/ur5_moveit/share/ur5_moveit/launch/moveit.launch.py
/home/abdulrahman/me5250/src/ur5_ws/install/ur5_moveit/share/ur5_moveit/config/moveit.rviz
/home/abdulrahman/me5250/src/ur5_ws/install/ur5_moveit/share/ur5_moveit/config/pilz_cartesian_limits.yaml
/home/abdulrahman/me5250/src/ur5_ws/install/ur5_moveit/share/ur5_moveit/config/initial_positions.yaml
/home/abdulrahman/me5250/src/ur5_ws/install/ur5_moveit/share/ur5_moveit/config/joint_limits.yaml
/home/abdulrahman/me5250/src/ur5_ws/install/ur5_moveit/share/ur5_moveit/config/moveit_controllers.yaml
/home/abdulrahman/me5250/src/ur5_ws/install/ur5_moveit/share/ur5_moveit/config/kinematics.yaml
/home/abdulrahman/me5250/src/ur5_ws/install/ur5_moveit/share/ur5_moveit/config/ur5_robot.srdf
/home/abdulrahman/me5250/src/ur5_ws/install/ur5_moveit/share/ur5_moveit/config/ros2_controllers.yaml
/home/abdulrahman/me5250/src/ur5_ws/install/ur5_moveit/share/ur5_moveit/config/controller_setting.yaml
/home/abdulrahman/me5250/src/ur5_ws/install/ur5_moveit/lib/python3.12/site-packages/ur5_moveit-0.0.0-py3.12.egg-info/dependency_links.txt
/home/abdulrahman/me5250/src/ur5_ws/install/ur5_moveit/lib/python3.12/site-packages/ur5_moveit-0.0.0-py3.12.egg-info/requires.txt
/home/abdulrahman/me5250/src/ur5_ws/install/ur5_moveit/lib/python3.12/site-packages/ur5_moveit-0.0.0-py3.12.egg-info/PKG-INFO
/home/abdulrahman/me5250/src/ur5_ws/install/ur5_moveit/lib/python3.12/site-packages/ur5_moveit-0.0.0-py3.12.egg-info/zip-safe
/home/abdulrahman/me5250/src/ur5_ws/install/ur5_moveit/lib/python3.12/site-packages/ur5_moveit-0.0.0-py3.12.egg-info/entry_points.txt
/home/abdulrahman/me5250/src/ur5_ws/install/ur5_moveit/lib/python3.12/site-packages/ur5_moveit-0.0.0-py3.12.egg-info/SOURCES.txt
/home/abdulrahman/me5250/src/ur5_ws/install/ur5_moveit/lib/python3.12/site-packages/ur5_moveit-0.0.0-py3.12.egg-info/top_level.txt
/home/abdulrahman/me5250/src/ur5_ws/install/ur5_moveit/lib/ur5_moveit/insert_obstacle
/home/abdulrahman/me5250/src/ur5_ws/install/ur5_moveit/lib/ur5_moveit/reactive_replanning
