[0.036s] Invoking command in '/home/abdulrahman/me5250/src/ur5_ws/build/ur5_moveit': CMAKE_PREFIX_PATH=${CMAKE_PREFIX_PATH}:/home/abdulrahman/me5250_ws/install/ur_gazebo_demo:/home/abdulrahman/me5250/install/ur_gazebo_demo:/home/abdulrahman/me5250/install/reactive_replanning:/home/abdulrahman/me5250/install/mujoco_ur_bridge:/home/abdulrahman/me5250/install/bin_picking_demo:/opt/ros/jazzy DEBUGINFOD_URLS=https://debuginfod.ubuntu.com /usr/bin/cmake --build /home/abdulrahman/me5250/src/ur5_ws/build/ur5_moveit -- -j16 -l16
[0.070s] Invoked command in '/home/abdulrahman/me5250/src/ur5_ws/build/ur5_moveit' returned '0': CMAKE_PREFIX_PATH=${CMAKE_PREFIX_PATH}:/home/abdulrahman/me5250_ws/install/ur_gazebo_demo:/home/abdulrahman/me5250/install/ur_gazebo_demo:/home/abdulrahman/me5250/install/reactive_replanning:/home/abdulrahman/me5250/install/mujoco_ur_bridge:/home/abdulrahman/me5250/install/bin_picking_demo:/opt/ros/jazzy DEBUGINFOD_URLS=https://debuginfod.ubuntu.com /usr/bin/cmake --build /home/abdulrahman/me5250/src/ur5_ws/build/ur5_moveit -- -j16 -l16
[0.071s] Invoking command in '/home/abdulrahman/me5250/src/ur5_ws/build/ur5_moveit': CMAKE_PREFIX_PATH=${CMAKE_PREFIX_PATH}:/home/abdulrahman/me5250_ws/install/ur_gazebo_demo:/home/abdulrahman/me5250/install/ur_gazebo_demo:/home/abdulrahman/me5250/install/reactive_replanning:/home/abdulrahman/me5250/install/mujoco_ur_bridge:/home/abdulrahman/me5250/install/bin_picking_demo:/opt/ros/jazzy DEBUGINFOD_URLS=https://debuginfod.ubuntu.com /usr/bin/cmake --install /home/abdulrahman/me5250/src/ur5_ws/build/ur5_moveit
[0.077s] -- Install configuration: ""
[0.077s] -- Up-to-date: /home/abdulrahman/me5250/src/ur5_ws/install/ur5_moveit/share/ur5_moveit/launch
[0.077s] -- Up-to-date: /home/abdulrahman/me5250/src/ur5_ws/install/ur5_moveit/share/ur5_moveit/launch/simulated_robot.launch.py
[0.077s] -- Up-to-date: /home/abdulrahman/me5250/src/ur5_ws/install/ur5_moveit/share/ur5_moveit/launch/moveit.launch.py
[0.077s] -- Up-to-date: /home/abdulrahman/me5250/src/ur5_ws/install/ur5_moveit/share/ur5_moveit/config
[0.077s] -- Up-to-date: /home/abdulrahman/me5250/src/ur5_ws/install/ur5_moveit/share/ur5_moveit/config/moveit.rviz
[0.077s] -- Up-to-date: /home/abdulrahman/me5250/src/ur5_ws/install/ur5_moveit/share/ur5_moveit/config/pilz_cartesian_limits.yaml
[0.077s] -- Up-to-date: /home/abdulrahman/me5250/src/ur5_ws/install/ur5_moveit/share/ur5_moveit/config/initial_positions.yaml
[0.077s] -- Up-to-date: /home/abdulrahman/me5250/src/ur5_ws/install/ur5_moveit/share/ur5_moveit/config/joint_limits.yaml
[0.077s] -- Up-to-date: /home/abdulrahman/me5250/src/ur5_ws/install/ur5_moveit/share/ur5_moveit/config/moveit_controllers.yaml
[0.077s] -- Up-to-date: /home/abdulrahman/me5250/src/ur5_ws/install/ur5_moveit/share/ur5_moveit/config/kinematics.yaml
[0.077s] -- Up-to-date: /home/abdulrahman/me5250/src/ur5_ws/install/ur5_moveit/share/ur5_moveit/config/ur5_robot.srdf
[0.077s] -- Up-to-date: /home/abdulrahman/me5250/src/ur5_ws/install/ur5_moveit/share/ur5_moveit/config/ros2_controllers.yaml
[0.077s] -- Up-to-date: /home/abdulrahman/me5250/src/ur5_ws/install/ur5_moveit/share/ur5_moveit/config/controller_setting.yaml
[0.078s] -- Up-to-date: /home/abdulrahman/me5250/src/ur5_ws/install/ur5_moveit/share/ament_index/resource_index/package_run_dependencies/ur5_moveit
[0.078s] -- Up-to-date: /home/abdulrahman/me5250/src/ur5_ws/install/ur5_moveit/share/ament_index/resource_index/parent_prefix_path/ur5_moveit
[0.079s] -- Up-to-date: /home/abdulrahman/me5250/src/ur5_ws/install/ur5_moveit/share/ur5_moveit/environment/ament_prefix_path.sh
[0.079s] -- Up-to-date: /home/abdulrahman/me5250/src/ur5_ws/install/ur5_moveit/share/ur5_moveit/environment/ament_prefix_path.dsv
[0.079s] -- Up-to-date: /home/abdulrahman/me5250/src/ur5_ws/install/ur5_moveit/share/ur5_moveit/environment/path.sh
[0.079s] -- Up-to-date: /home/abdulrahman/me5250/src/ur5_ws/install/ur5_moveit/share/ur5_moveit/environment/path.dsv
[0.079s] -- Up-to-date: /home/abdulrahman/me5250/src/ur5_ws/install/ur5_moveit/share/ur5_moveit/local_setup.bash
[0.079s] -- Up-to-date: /home/abdulrahman/me5250/src/ur5_ws/install/ur5_moveit/share/ur5_moveit/local_setup.sh
[0.079s] -- Up-to-date: /home/abdulrahman/me5250/src/ur5_ws/install/ur5_moveit/share/ur5_moveit/local_setup.zsh
[0.079s] -- Up-to-date: /home/abdulrahman/me5250/src/ur5_ws/install/ur5_moveit/share/ur5_moveit/local_setup.dsv
[0.079s] -- Up-to-date: /home/abdulrahman/me5250/src/ur5_ws/install/ur5_moveit/share/ur5_moveit/package.dsv
[0.079s] -- Up-to-date: /home/abdulrahman/me5250/src/ur5_ws/install/ur5_moveit/share/ament_index/resource_index/packages/ur5_moveit
[0.079s] -- Up-to-date: /home/abdulrahman/me5250/src/ur5_ws/install/ur5_moveit/share/ur5_moveit/cmake/ur5_moveitConfig.cmake
[0.079s] -- Up-to-date: /home/abdulrahman/me5250/src/ur5_ws/install/ur5_moveit/share/ur5_moveit/cmake/ur5_moveitConfig-version.cmake
[0.079s] -- Up-to-date: /home/abdulrahman/me5250/src/ur5_ws/install/ur5_moveit/share/ur5_moveit/package.xml
[0.089s] Invoked command in '/home/abdulrahman/me5250/src/ur5_ws/build/ur5_moveit' returned '0': CMAKE_PREFIX_PATH=${CMAKE_PREFIX_PATH}:/home/abdulrahman/me5250_ws/install/ur_gazebo_demo:/home/abdulrahman/me5250/install/ur_gazebo_demo:/home/abdulrahman/me5250/install/reactive_replanning:/home/abdulrahman/me5250/install/mujoco_ur_bridge:/home/abdulrahman/me5250/install/bin_picking_demo:/opt/ros/jazzy DEBUGINFOD_URLS=https://debuginfod.ubuntu.com /usr/bin/cmake --install /home/abdulrahman/me5250/src/ur5_ws/build/ur5_moveit
