running egg_info
writing ../../build/ur5_moveit/ur5_moveit.egg-info/PKG-INFO
writing dependency_links to ../../build/ur5_moveit/ur5_moveit.egg-info/dependency_links.txt
writing entry points to ../../build/ur5_moveit/ur5_moveit.egg-info/entry_points.txt
writing requirements to ../../build/ur5_moveit/ur5_moveit.egg-info/requires.txt
writing top-level names to ../../build/ur5_moveit/ur5_moveit.egg-info/top_level.txt
reading manifest file '../../build/ur5_moveit/ur5_moveit.egg-info/SOURCES.txt'
writing manifest file '../../build/ur5_moveit/ur5_moveit.egg-info/SOURCES.txt'
running build
running build_py
copying ur5_moveit/pick_and_place.py -> /home/abdulrahman/me5250/src/ur5_ws/build/ur5_moveit/build/lib/ur5_moveit
running install
running install_lib
copying /home/abdulrahman/me5250/src/ur5_ws/build/ur5_moveit/build/lib/ur5_moveit/pick_and_place.py -> /home/abdulrahman/me5250/src/ur5_ws/install/ur5_moveit/lib/python3.12/site-packages/ur5_moveit
byte-compiling /home/abdulrahman/me5250/src/ur5_ws/install/ur5_moveit/lib/python3.12/site-packages/ur5_moveit/pick_and_place.py to pick_and_place.cpython-312.pyc
running install_data
running install_egg_info
removing '/home/abdulrahman/me5250/src/ur5_ws/install/ur5_moveit/lib/python3.12/site-packages/ur5_moveit-0.0.0-py3.12.egg-info' (and everything under it)
Copying ../../build/ur5_moveit/ur5_moveit.egg-info to /home/abdulrahman/me5250/src/ur5_ws/install/ur5_moveit/lib/python3.12/site-packages/ur5_moveit-0.0.0-py3.12.egg-info
running install_scripts
Installing insert_obstacle script to /home/abdulrahman/me5250/src/ur5_ws/install/ur5_moveit/lib/ur5_moveit
Installing reactive_replanning script to /home/abdulrahman/me5250/src/ur5_ws/install/ur5_moveit/lib/ur5_moveit
writing list of installed files to '/home/abdulrahman/me5250/src/ur5_ws/build/ur5_moveit/install.log'
